39253895817
21931440776
29972392649
341588384124
43403192664
83521590016
130838320
98457535
18162952399
70385953578
118524232561
187877547149
174058897
218255109321
180475667063
38023226114
129281761
29914028407
27997642
359856533
336444624477
3456363677
114469895585
25597971
325799092564
836345658
6720527162
173013646267
2664647
26032515437
1218328169
621342744
66888601571
2075897947
220529364715
25641805712
29503085008
39390947949
237001908574
11973941780
6279370001
10731287708
137921227724
13480729960
53233025884
956197519
18737635814
90467979384
201138868754
809333230
106609210
158964183420
52190306305
5231765072
2295133401
32711142
479052204
354356820
218853597093
7573043877
16702532868
120852007227
79515018598
373540174284
14301207340
73349073
44440305769
204195809523
46069498544
17453129
50360480090
522938887
40417647600
289789814647
72874263864
530863466
41336453544
306226731485
15170360383
32694079014
79480055659
8588141399
30646336592
130747299408
7614710203
835000564
73496619857
7585270577
66396932993
276064885239
15108226624
511557353229
7264480481
123253708
227800320395
4032115045
234838541102
41064536
2922984491
229760102936
3685477666
1700782258
99173460764
13026690320
17846207
71221
20925158816
11705850946
9946571
36002968033
1091754996
6742288955
1226998064
4518241881
315697788934
259034326
20129565073
3135361010
2558651221
4237928256
5951642589
343827594907
93418
203322385
39053646
6439678917
82632704
52371528289
110675082234
175658207457
219530505
20798145298
3043172831
7742326122
354656110
208260377
194724472175
37656456650
308654471782
43642934
1628013088
2374484524
3781186356
60699914288
276206958
20727948
5199471754
25638291358
6163355578
180157117382
36877936655
14497797091
2860863956
560886228
10119839283
139315964
2058046510
163936275886
30090292201
11206915236
62646180448
196193667721
13751197158
49347596636
123651793752
130652564639
10191407025
130674783
143370813
368708957424
11696129
24075605
2228770625
337641894750
2778238705
10468772769
145036874922
332770759809
9575783785
56649320045
3333838
151995175886
63628601601
5698685
145370098511
11868097412
7821748626
60919079711
8726142245
4334518114
26667809168
151742814996
271221317811
7872037589
635610420
2190934151
511295292606
946286451
7604527627
7444017
31661663
660842507
1095808415
21590379487
158981721390
117520670985
228187310604
96596080
276893928135
5216555633
192959544220
62000153551
13250865781
21665442240
7721344159
4633826547
25500547860
8109118564
378282165
15336311533
1866654869
91170166
632855998
158284734668
284712260209
11288623509
38140487158
207048369
305594424
11810468843
111705012
110565281
191800490419
14493712358
316470726322
230440131493
40695088891
4008887821
43235032525
18857763152
35605378846
240219284514
36222921824
25688627520
1417386877
264354626835
8202864762
5484898789
169849116797
25902799
260283032
58234272660
90373572306
59411026999
16366126383
20973434
87249810333
2531066563
8306154885
55452689731
267053079
86720315087
512303266
2539815789
294956
46003452738
1315741
36585242742
12488931276
141259845544
3630287640
8584954610
259840956481
10944278486
1741312504
641939116
2903074
33388372372
39668459732
142663851590
1598648556
4375104976
99976998807
311836414064
136032158071
89953069678
2436577128
85100087063
255633443851
123511785
16280984470
196614956460
436064770768
19979913000
8573358573
77749443952
113775849210
131418055590
341488296099
8846045309
42902560611
3060410803
104387426901
169221157933
94404494087
18919818516
18792405580
2034220
51506289217
148171534452
44802715179
2571057676
108453103
116703050284
19625987583
168423308179
768932054
436598891
17694188471
428638454472
65550224386
1004984918
66039397899
18690438383
30637786730
35439783422
52035661403
134851380163
7400030069
35615841186
42023492919
2864033993
6641236711
227080046
17786517230
39640918325
2183842442
232948129357
19619175893
6923579303
300193441
225199451968
23296393
58917666029
14662368556
1233791101
15210183257
204310276
45715952358
64641203997
240749722299
1085282097
96443444897
244882699981
45777335083
354129165
121113289
49284166310
18684453329
143065643703
60668250767
18005606279
44574216768
4790234885
103542583269
36382414272
290900646663
7372611250
117205271296
60631199067
50925605384
71101127086
1522057901
296923666435
14781628617
5446816984
156095036617
60376254971
258068902170
37244463358
142444350815
1146406696
243420920
258124041
140918443808
1327608809
82336640485
23191291230
5322498656
236428362903
16275092909
252268201227
157203675
401001147491
5947451955
807122381
10465830332
4301701461
484834045
8680046546
148241314183
307220848654
1609450442
67809935365
9589944555
139098938239
179740344
163935521429
7401694946
8300200333
10575040489
232309293418
56524015595
1040175443
14938147667
247144716726
1723077
254744184990
325622148
14861235602
816329605
19039136020
478938965388
10405196928
375858130897
28209354082
46973718802
146577166535
36244097336
261279611435
26294706265
321629
6653356612
2689405937
32042113
74170971585
298732759045
151645849902
3280570099
121480479582
14977407
49569494791
244921091778
93951830012
261253340579
1698646295
64414143833
71735574275
26564351831
4203568831
95565728
54350756460
127068891
108508227835
81859263903
848738029
287269480
123780156980
146416506
157721141666
2564884423
3021571418
3623703449
14855386576
55184623033
32402761337
29907780717
2836363698
86790125
22274376977
241123758559
257693415798
1076753653
442905779872
238430001736
131393102481
36737912360
674812155
10734796163
9503385839
16224760055
7694963613
853667512
34408151836
40031587
10037202391
256786678162
139873421153
950072031
349374025219
61263454318
163999153014
43497250352
19599839647
66986653423
451099810
294587496113
4779924690
376337720
62492761242
50207109631
76205577785
18470298516
732471673
73255367347
37555957
20145490166
4720591236
4497587233
3164041164
63727785959
88823506
622178533
38070147863
128597887785
4280647610
3085707057
6840296754
343886070
34722037219
22877307173
27766800
2317664840
1462585488
96822488791
7716196017
47080014238
3895634061
97254656279
17930398878
96941626621
24090490
83522184691
19589963
43700552048
179732487963
103897376545
339517552
12233917
39919179251
390624424549
9644200827
6203578851
235763716
10418859173
398235236682
43967966
111076794079
43669294
33112519056
5716320645
19855907970
17060598981
376929849522
16921552
112257736741
35969377808
2568487426
38786450136
24540512050
93357061139
194924640714
57283845491
75776813529
2229765342
8070389882
20932421184
19392851776
39243998009
110438299446
86471467
23652520469
2317171192
2003174769
16286559303
41968381102
7751305230
7846864386
10180638878
339014395182
8103403947
348254598281
138507042946
127245629392
55512426099
25706698646
10873758414
231852373013
266865468961
1082439367
24826506609
45315707307
83531995319
32032142946
122683479668
798853132
123620804
103809901118
61724544778
104887145615
75215476416
1584007196
160972550631
8535152792
12271077
34489298009
3326373938
25455422374
283819486958
1671504311
407423220
23884375476
3382139499
48236206702
11791910827
212590582
9376757735
124119520921
58406304310
6549848932
1800720099
1123268816
707664723
145186177432
13278293461
588268305
92487110
45795157981
71555475083
252627834649
69374615164
1032019154
17720726328
2360850693
450478368
16976790443
432928486
549597297
570672349174
8711381246
3503086826
118575036322
158839776830
601643320
19142958210
5165827101
141472707082
46206915882
418457663307
319447281714
10300338025
2418509940
47841729607
27542591819
63302569991
49241408275
994017822
727517432
13982771153
2068415720
13866211223
3339397209
212211379
9592425222
142120485944
3335919530
17633203900
169986176814
491310972220
7707754745
98765051421
367396934391
166190395202
7663491108
2345169924
24154318131
56635713486
43517020949
3712484258
818370113
116164071516
84204587881
64158265
7590736021
4743027079
19355232646
79885316610
120555421937
893556
367021063989
255038604832
29007954370
3659802281
239714007
256519649224
13851157839
2233603457
338251212446
20016629787
50394610843
137122982016
145086120
206810309295
9516000357
49761997518
46875240
10999695878
149093324547
368437452719
39659061671
170849258714
155
59605308512
100399002480
5521738648
198638330584
364976835735
212533707046
8232525496
16229458034
71876562327
214827826076
67662084
76598520776
22291525194
303155602491
110469706311
46040421699
263929491235
9437754253
166717904
217841468
5886592514
1370577
189307206246
26230737
1541810654
59152178971
94922064741
40105860239
109758745094
4269984155
306343130395
19982250760
62477820061
84939930445
26546822606
2181673057
199646080664
66056301647
113589788
41185826714
64742630545
18408180228
297287736
66821868741
8885400435
102601400876
42821602901
385887858295
735890353
53718557554
43157631644
40010940787
1522702404
51942659184
17157159
527964760417
10418437797
225099527575
11196296904
7689874974
2542579178
164262892266
224748120685
6548649778
2794703549
3203646309
2328332474
18545554202
15361538820
416755719
36351861004
20264514597
306360
373109083
29129604603
3879762551
45583317
96779426698
19050550056
10707127057
23880639639
748352689
278105463504
191615499
867675
7977454450
1822261885
21868906661
19177765819
19444402134
93183
89094802497
119990987752
92090251881
22226420879
16582074376
614932928
720442615
155525753
472019557
4401920392
485252461
295819
70898054499
22350089983
23558027044
596186973
25276956272
16234094298
294482862458
7376547425
8483066382
208383137
691906421
3016724175
25461874996
60168810874
436395808970
9264752644
389569412241
2526749870
387961585513
6065466061
25135548172
2417580526
34930166802
15054788
11375958285
113473831
720716076
10314
153186140383
105094607278
326885905658
374918040158
12451870954
107338835184
6043430341
65186147
343732227594
8644638717
49329584307
144871790652
99719885
300218108
1350650273
9679127538
34554661478
15028156268
519932456827
5521624057
1166507133
128882935019
205314180965
356494067197
805771967
658320444
1134455203
51355928409
153399531799
54197519
34131124613
1623969335
111044070606
3103365076
228680269
8632633364
267307696545
99208516
9232297550
6260529785
9991059022
4617249511
50964921577
7220547362
646254535
2043401425
46198246
12764454382
41291177541
70116588
287627485
21973919
381743743461
381121190704
14617924
29302912749
68224016489
8342555297
44801645311
149946305580
20326457817
1198978636
6655674352
6816924018
2725944909
80596082089
533418347171
17123131
1614548195
216945487759
60312595119
93260005
9392125690
90330090
107479487515
16473409471
321973563930
394790838417
1219951771
2429936540
152654285678
198737777
282621423
5201334873
18013526350
115283960107
297012061
127332702429
139968508
450866819722
26510836954
44102687814
124489381224
8585448237
92861664397
768098556
189525370850
167731212825
333868170172
64533062
361924532733
272647190
96362387
572837358
2667712
5867093963
43711190753
385178153
32318187770
43063114627
10602349927
369498041115
1119662246
22872702099
14943271245
136089732952
4928639160
90176108873
739415899
15504185291
567455228996
9431638562
177342915825
50902394314
5316206502
41030059930
278111814579
371752447694
38139715389
25856815399
56165206891
40398070819
8534606450
4119705693
45809933122
44811261420
91610311
8398830624
4517236805
115259451965
297988781476
89265867826
5116883911
12061615361
227658704119
161550192966
8102757835
2221218
320907762042
13608257804
105160731955
474506465
9521891645
3672338665
7082688827
12192
1348667
