68521825977
46686231183
20154286693
154596054511
40335797481
697785824
717595629
8780693211
25668240965
48697452523
22349104313
91091607
141863325
5566070845
270831951449
3253717435
61948096543
149513446513
26456102686
53604206233
413101285
10353425871
5372168
5746984602
21151141973
942298851
456002402013
591083093
159158971186
3357992629
12613571162
14790511332
23112892602
27072523
6027337000
42476540831
37450543879
218401345451
15508171115
123893560477
245454229814
3362117415
69043258567
335281958734
2087014152
6171301674
777265
71336094754
264620211147
15437603
1000613314
6614684139
13314883670
3588439280
479308048365
155177712357
409371909
1332620162
652343777
17893613050
64180288227
58116643725
2562407551
2154520819
822582016
915019575
21740894913
37665738828
145308550463
382301846
241394147954
55116237472
11648377
104583564939
2301265170
91597143648
238315074099
148099642684
9061215464
49692064573
409917149444
43649463025
1019140343
48809127139
9777558
45816732221
61417135262
96944175409
37284446
141513273
63056933878
1699700171
148637879451
17432432810
39034172850
39349191724
22009303762
502247569
84707898706
187212749314
1728035420
67040805184
42112179
809875006
11178891674
8714353467
8941178754
53979552214
20572650390
61692144693
5569643165
176355652568
357069973
8534085150
189599076949
1058393180
45797671805
31926605708
4009387588
47800905113
23098998497
8840830299
235710953
182985122830
401647418494
286947493270
30728150433
5397884
179999250277
28244211048
3151097047
725352457
6475578745
7883981922
1434449005
13385737032
2584613
157763
8047274762
80887675
24685085350
172345645420
65251056790
93088821447
111762657128
80056176
123198177848
396709203614
1043925911
13576221964
96082179381
404938684811
3155435489
154259217633
13343114
32192461969
115690936690
336094802085
43020381581
339637113456
105467200
87360292279
169044668028
100574572762
24273142505
522348128
29444555057
1764875242
21903860167
307249462982
8034298238
292935866496
3080844952
10518313258
194015926741
133891262368
104786568961
4763484775
10149949322
1229052279
59292226815
410678602958
79439150569
12292805633
14067387000
231697213
208919981850
128699015
5722497
136434488
8595
261528773047
821894842
87875329740
80505985
1859216911
664844321
9333947
541668074
9118040537
35353735310
917501584
18294158960
4284603478
3143919461
242562895194
269532777
32902269630
5561502553
50601426715
48398
70392535210
3204218758
3391574108
5993607060
318606929
16094891996
210836911264
1468396905
72644683047
9620468
172363209009
167334387096
139878417742
115399580927
116663423123
3227965618
126002563
245172749337
391000010184
1406257509
10036243677
28390108351
63007131
33013121747
511336495
105561109447
41445115538
35543302276
138174297508
966346174
55730301424
424298246
164567189974
321805596
17165465299
1725082510
248574397886
5503067029
22268251931
101018836658
99185035
19388522902
125643703
26321634
7332994368
118607500430
29842494533
247916303
11823047738
1119440500
34299601
38731634319
112979297
189900404046
234158534679
186237164526
305225849086
356096760493
160726258
438977512346
21079734641
242472637550
259303008883
1761488958
6595617598
7812200474
276881194272
14867450314
2150
215784433325
100130435
119700052573
4760162208
102544713016
23844902637
230466997809
162106722969
135281712190
541665085839
350861122
268936851287
20809794841
32355665477
44735343832
11977921391
479556238152
109767130178
199533305742
19491322386
103272953912
28376537066
7010705759
6934732
133041322850
93969331256
1916832080
1574018896
384311622613
7103374918
5423521367
6369094992
12215648
1983957866
63442469311
337057339097
158357498
24815609838
92138508247
2373765353
730490983
52837671823
139123957239
18217746630
134302207078
4846504462
16704274918
37499299248
39929599109
6472918199
12348604519
6271689313
10559279240
3761570085
129183673954
150563699
11168689363
215621717820
681219648
895370176
27248864344
1013333237
88103008
27216844303
128579128
561876050
28436858919
8272694306
13258513467
199313810660
398223100
466536519276
1646031909
168046711040
328977475
89205415981
100179767804
1965730464
15350490017
24349655
32546498371
108655016857
35995814072
24617587033
2054064226
122906743
4578470340
5664392570
216038045522
12428892980
44029753
2591665787
7277570
244501166085
328103
38634538892
134722247317
1650295189
5260869904
4025230933
324010509
17313613
85455909180
12561114541
81937195330
252575038108
82266720139
4069515324
5349482716
76125351746
28129226362
4606574599
67352762261
39437889441
985553816
6891245468
623347115
179589719626
78571501243
143878201963
57109808
2860008873
7762777840
113631248
2190989566
143903483265
100733526
76163582331
32100041598
3288767180
111004673727
12583499590
17515882388
28783721395
11437738208
88467464289
35926140305
111922264915
262592900268
201122423979
4770674
119683214623
6822003325
78462396325
123597103152
82138449348
670507831
70841747462
165657312962
4398275172
2886961514
215245809870
98026825086
17408441824
354271501949
65912736283
31632191991
11096500131
124614939731
367978974835
20172262510
59662058089
9487996502
44070499721
1042795618
99457151345
42954389465
230391502016
12786427217
427257341770
11593483087
113201416231
30157571119
5223888254
1970940812
17903847
347925552758
4048144436
8209600
11224151365
555638252421
317936823947
38969946506
11907459148
58733341846
755414762
9814609
212203128128
13143372963
54339062
2349647463
293365832
354066741
2231550886
7471073116
173933097272
43971768648
58806822569
179527771154
456955323745
552550406
79014223
107879903696
368187127
1893007504
2352486085
87819559
102187725931
37814611347
16513286637
20865126898
1375958662
33494002923
125726161272
210525645
6399487079
2553826651
260638344
9718753237
11359786558
106061002577
7605694941
8736166
2259283861
198176857304
167297863672
1207831103
23980065090
168779673042
4184448803
590321026
165231202174
272640424882
25649870916
49975063790
32131212466
88091556874
417026483
52314416695
43943924
20527253800
2555797713
1994783535
24543412594
64898934113
146344445
177284417
21468525657
7752788370
8288736797
11805267667
11268850455
101017550685
159091345194
26775738
436156985
49366306674
29308018076
56091689080
174952321243
745080635
459377383846
740873308
4443483841
7800770058
154619168170
732544937
1634626
17506066127
3832901925
13212405025
5189985599
40534191565
45959601054
56357371478
68342612365
77749101689
31053033144
25917374665
25756786
4039272954
207037542954
7025425476
5513317727
11388407476
1397778910
935625017
23073020233
33216357828
9034713784
15019842177
31078332097
152313259769
22045519268
57778568672
1974886276
1468328740
55755128739
228247633260
89454997
238505674182
11608123865
4064288279
69747125912
224967
32579137382
10897121508
25696778963
282366614767
157840190831
32231451068
38500709412
67211000108
308186055
40742832014
46307866
13226858898
3620329702
152653549060
238659337184
198953051966
48012541281
3046516548
68159753029
241033023678
13608515218
379763441
2785116562
21877264433
1987033292
12648941754
50207139434
292541728919
21725741636
6190530823
24243997
45395586
9595313034
1475518489
14306610654
1062378692
3952956119
502850471834
387079219
3393112549
572302307
93641784781
515681967
14786285743
1586541190
12894245
14546324945
13952443233
332026228342
276383478441
109103473397
3577026947
45316881253
51703271862
14037044
1905181797
11321686351
28049388841
51171935013
25023818664
33109695142
20954428398
1798501204
507314508
291582338746
146965622091
607868505
9756778697
66789509484
18245776869
10879456923
18629869152
4153520366
250649845913
55623457604
302079336695
123890386033
39613840828
9927961249
21323027942
31577181
69380370194
16482509932
2431177263
124090581
105068286
263917380181
39615728120
163839168583
323217568661
173795413136
2491960911
239189171609
21188649083
176629049764
76252872682
7987323899
5631194872
29367492
185152157
9458242369
19006868401
64469670
81444620
141265657
231350432894
557289493
63735824944
2900359239
40954445369
37996536672
4565709192
508024431
2629084216
476457812
2495012025
95995317091
744762055
8517684572
20249556356
375893396253
12056779773
238185824316
78799785862
82894648464
34487504
11515056235
86043762825
18762628558
71014573232
25832418333
5939446971
1595358636
345687762136
2036627
46247618252
216525353225
696275835
42493944466
105587655646
34640997927
43331109625
1213348294
30993071064
6859061823
137674306162
230293717503
1658383940
7688616569
58837531
67900497264
9511513629
93399942731
2818
14466162582
45054524954
74437325566
5002232349
111165485565
9917570186
2781586157
183464689
39075313210
25463629695
159389537360
4801227367
8142190
78743242665
25629501160
359035789
11018275647
598686317
76399661037
142907695308
119595255370
2193228335
7673010214
366814479249
5079750323
581326054
52699348643
227373364675
163524359363
5781776570
4874364063
439723296564
5749321603
11844277107
7126816108
8775694039
71561491122
20996264514
410212652186
5098277
12605083038
45587147474
141118192172
176182629
8705276
31000947096
39319249484
2695265522
715480035
28930262869
7928147528
252405107
1354467763
9589501428
26172155452
10523690
157442385473
73558189810
7503695727
9192790532
131873293014
16099765677
5531865212
43273284137
21263931026
5795531362
658298048
116597992496
412498076034
23898431436
313122630394
793769840
346118015
18582055504
111610072765
7968026864
154766256998
70850752834
53661886640
223038760308
41251844718
7212797434
1029268828
7946523
23018241487
8615763530
53735558044
10878699731
2910880044
166229236977
572639512
55080305179
219005
560525653239
164872171268
2770380153
6278845736
5605682430
462804675
675865046
105970681826
128542575
102795929
1296010122
31859111628
51982493064
3705109094
10963801235
30796011286
2155614335
233190472686
132814511821
131930491443
31749168839
2974494863
10199774805
12820365464
130939085847
115516496703
337815875683
86139449681
11370769702
160592942277
22890
87710098
51203519177
94885568892
551833478
34604340547
88790081836
36800635
104934044
896503382
1320774046
902580291
228514358928
10981113962
28387262121
94066093
28541419521
4230624940
782193453
28829468789
892734649
88056596072
129228713219
483479
416309644773
11598265365
68230507016
309468532
11989619550
141223671247
2832743927
106035607
3131167332
52977478082
18496874441
45408174798
837211843
12565841871
21159708212
2143493979
123776815628
517861362
11379537696
3004285834
5708806325
462293883
288890878
6029270586
218933774
444788252312
86157407
101588771
6023687036
8065335
78333688
1562538445
6430595983
7529161
697792574
205226050715
67366194461
133969802578
6993448823
14014707468
31415750775
4866585502
1882021936
4173584148
39558453864
1354285993
10925021030
76671621017
609305181
284416030
31308248019
8234614
1175527336
102977712980
14002407030
17886034
8506812485
13441528079
31646671
758175196
66783497699
13957364836
1138130
37623567791
70608959577
48217021940
47926484143
558002501
805366939
256406179080
11193121128
1531443331
56723051967
77060827459
67153163595
4290174640
17012937400
17805116100
13648843173
222198882
19777757306
5006378561
17986622044
31312125918
129007874045
3410158960
181391186
60068695596
107610070778
963469623
69222489980
102224434
32964584456
5714978238
62010832948
31520739505
105838574198
48136734501
7415597938
502974800547
11246750282
205165655654
44652595
177841448024
301822528546
31476045246
25813934190
9346634799
24478427299
70802380470
183691732
33895313146
161744578976
1302629694
