5887992233
41447830022
5524940177
7105538653
720019813
30886379718
177765469802
80386203112
90639492835
17207591075
4532503827
2806286250
1082443398
210769935156
113171824
7015177653
27652791798
33650848633
114724633633
409759426923
9044213810
199296941389
58129271392
276971501116
18620688685
17161649259
4960187390
17321503367
28880020279
6586700869
31269866
56232572874
1768129098
82401624
94942812050
4921101538
49388235926
288653153
67220380572
4655364318
128908653180
7954991245
1584434248
605117131
84439481691
14491089460
209064079
46859073759
19609151518
70024126377
376041619394
3346937340
136019410223
61799629
94951926162
360386523052
3196038011
3861148365
2972908154
463397715341
115027638966
154355202694
280417369214
36472883668
32352941601
2796597940
5170442381
983496046
27517791393
7766637940
5368869712
68590603485
601040
7008777
258333087
5392867777
22942948327
7433587421
93519361981
578882265
15859605224
1198327934
1195316864
8568006
52177281623
27465520080
19558915295
8755379146
227991788101
1166445846
13556448614
1653615044
116176664251
10599902534
121247983090
210568467502
345592786
22886346822
24520577
21995649993
16084
17974354686
50484339869
199547965484
78826718629
172663338411
141996516306
386347356410
71612476438
41328905010
29625407
10049249226
31297702546
350202563
64053060388
2567820164
7779090515
176308087158
43407640009
24950010082
15394681036
12086713558
5984486249
174023641355
3881677783
2571001455
1376202557
6761953540
20867341532
186293936907
4941322884
106430977
88624168608
158891615796
4158140848
28075353309
26705410313
134865943979
6838157916
111715112033
23256880
23894866112
155717141600
45206589
24737888
234507200
12448610058
91871038503
872659959
222702028
177772687249
16941011751
1938788877
92255603171
96538020046
54360499857
21792012417
76077736
1240681
3548343501
330474875
170670722556
3392
108191103558
14712418275
2121587
10558516319
81475651896
24125877745
66724596173
25788190844
235311534
99487467
24573547509
50402735560
14186253
19477287909
347714688
19672730
1194358808
13065439292
23045772
59022061011
271233452
13627539284
281694267617
96848444286
2004793643
178655194647
35715989
45213229
200201299893
175233206153
124335574658
27940665
209494727034
3074865635
226019749
1415303867
28937235230
113735302062
403364
4281263992
19386041148
456656201893
253215075965
567167092716
6690212668
53031040752
3673630807
254549727106
148067350218
19585496351
155489332095
1650635638
37891570028
33657064114
110702488716
398543793
1199321085
15411713010
284702000485
255825212912
4403608817
437462576266
22571600258
7090346299
6637849000
17161166911
232472856
10709120614
9410250391
441552593574
352207981593
121106053369
49831054
40011830931
71395368
2495342359
27725251981
242428491955
41396546656
22009166730
256419399
101898112770
413966370431
2432076634
10456919678
68323067492
17271002312
57491113308
4059234710
105527296314
1454197724
998532477
59966845015
206890608495
77077297
48740888787
32203153
109834674989
32789814689
600115867
6955937705
206980651105
31273198749
8847610
73922709570
240725297697
402367607195
1934110377
2682731
64624804378
68562691
13235743293
370206116322
6948588409
220817516256
295221014467
68262446541
3080324
6452068535
97756759323
273128279
3348289729
3912954
133413222
8431584711
29785803260
5870643745
388889883
168279678
3209247318
133102985984
59017742681
20936997909
8006065177
7603995
183635276680
493790838
323681667590
181627411443
330928547
79372660
390461157369
709453363
200804678552
4883868484
46153993042
153079868865
64465831375
91994088123
483563451
240186803281
10432625
55284091039
7336602942
116350877788
835617811
49403714963
12932645848
156018541074
80958563913
5588575311
38294825
373617530
120418538546
2199525
35663312496
10289667348
4113903349
431064830647
153216370288
20276479
19553961878
15684818748
2224859573
12851937757
207457690988
1658555588
223292294207
826966711
65115000364
2851633
87450727789
42264388813
199577408520
4406331829
2255801448
2307537614
11019284869
12454485273
2433598256
7034932864
281989751754
68252506479
569992845
271822
374034224
35377380246
1499707018
2840201919
117608318942
3567285224
12287330516
97280991950
149932929243
190065378415
240907952372
248098897636
7836967569
53080500329
202132760323
5757244760
64348748
270901307
59248848624
65330656975
59436747983
140777890088
12710072936
265923483922
50937791440
41919103433
2775441334
36177240928
5593840312
927424039
19393684349
651793713
1203001
35868787
1574036037
12153782
4293505382
4337051615
44109272084
18494138373
1365886783
91191006926
59938050413
34309425688
35169157
71311836
10064078354
8829388366
39104282704
302657351
162219594000
196304721633
983286183
695478496
6831916355
5135415870
41025186076
19016971303
17388700322
29378027964
47416911521
86160619321
104205353940
408110894
16995099
5570754498
4742323944
2230445271
14639810403
2853766916
1400693163
5607674602
51866256770
1584617649
7576987045
21877867416
70458526433
3518249401
1083391436
150277099277
45430411873
8247522
6090899697
6036589532
93058393338
276949466090
16356912196
39628310292
1626743687
393359054
42742942982
32158580086
24412827482
5775642
6117219657
615152803
116600684235
191456602094
30228856717
152527796312
23040326350
269806120
1006309507
3000903250
16570162387
138574930082
114372349
212443608
4254769911
87630505875
31279238565
36206550728
666092743
52083300759
13222534893
15065022598
46415731957
100370011170
332287830366
29742394790
143853977
31402718187
107540056443
1275161835
11553916965
215390869493
6820170896
9890044086
1676226
15266489181
157631309351
80881139070
37260260128
40119317926
750199978
120603709
269346705949
10473555519
3184299755
45959296789
304870173013
5435543277
346854474146
2023902479
196052081661
1672121311
26581335235
10569728324
119331386682
2981468895
43791135001
113267418351
79161322821
87203331367
172409234
51833418
4071082154
13417592697
7029613124
25249912472
7483305275
15009433443
139220948267
142876501116
446258769566
404638355
86532871154
36507896529
10008757154
9661884670
4027921446
697122581
207548025315
5586827437
402782070276
5309261
181315173
5958874819
22414413350
131516319705
76091417844
286789916062
5322803109
58615346362
261861780049
119771837320
33665778699
6678517923
289110
63234646035
12930265668
89630898
12930570476
32073837155
987574215
1673098046
71712725018
179004781486
13410828737
112174006916
92986339532
147336285939
1314267849
29714847539
3373162255
96846264437
5854515040
160502150997
16678402717
166132381870
121120878953
107102549147
5059849
1453923
20479233283
9571504
11568277662
16529759789
75342014759
1240321352
3279220336
314834594
34358662946
31781607768
127164138955
117832793519
757454400
7112785817
359803439
16915657851
147929031390
416822410
134636339950
45731239236
3901267781
2200295197
40838966004
2682820398
146698853953
52143772925
27076453271
295812047478
225262570816
231276844
169650979
2045979215
101056746100
4004073268
93685218136
2546769915
145258389593
509005286
6813560961
13860676776
22952316480
411019891533
28630807818
234639661111
7619657064
30716524461
4590702737
182406428902
5222239480
31075046472
22569636726
8180500888
39703313291
222250621428
969851341
2645110471
88512310844
149795738867
3775355617
5736138221
242198842202
502036287807
20953758490
19901905750
342875867652
91952489306
1026586161
82763298820
128267484578
375252470373
8632395287
26941218489
1958599888
8782401393
52057959562
1700492836
89251022
13358489420
3847566225
16208410
19417980418
43927647093
10482277929
19073986925
269145471831
17879709204
9380464891
17434236025
219705628933
106407074598
19748123217
194537351611
12061378399
33940834
226738403754
21435840264
45601333613
169369560152
31724674347
25555973740
186949362
6795024
10134984788
72398546771
3088781926
130704624777
110532641779
5080713380
33228512734
27568164845
124517330349
240480618976
16731422813
5295915073
75214352434
5657061768
228459845
11090790649
251641034308
629842707
4170634715
975666402
62001396
65804077514
17390823943
407131935465
36973617351
74018554656
382761957
293859391
86909050998
4605993818
14416822910
343212177
19101591336
4021882882
307228456
4510958901
58240869
26367363332
2440533629
416574430100
25348203995
10072556670
3358532580
3858977998
7700646320
305032470561
94223019752
6816640202
168121618
3822965277
189072190519
45261153818
6854886857
28007279881
230352612
40430876
59414157
2508211533
10145675414
300388469770
60217420498
145931012746
5973592097
781511770
81534907628
154131062535
318777034604
112587327399
10371617
142885552183
102311553730
21520368744
6372912689
5405198463
187054674
44650167129
3228791686
122745964
164762784634
16709948566
334235399988
224710432059
3336292
4757768139
216234649038
174049746691
61421842307
193901732735
1860388602
19549557579
8773945639
8717151
13474808524
9613506854
8502653172
32111219956
758320408
11931397882
71376229655
46097919505
6975524400
3809171798
174161584979
1381402086
139950059710
59817101804
396080323
2653623704
120980245440
37052837652
72975840894
14478533
535718638
191785721001
3134293158
1229327357
1453571380
15175313930
40167341
51284784
7345159694
122283533894
237073173933
27492226804
619949441
74910911886
2660782374
303986001614
264928648419
4893550550
38498805882
69899216141
9721026940
152882131541
188086812
114980756746
19378347759
44443273976
1177771182
322606635486
83715061045
72278127259
323458658
209498070971
10096004209
81467780014
9664572844
3023039641
241574847854
88084443834
5275246305
7604697
159695707475
181397519564
246659424841
301323142215
107176498698
7201467393
87336206814
12284435263
3549612040
220283
140750555994
10121158957
78313359776
1572832947
511152683568
97523395678
35217672975
18610234702
601946884
4462800565
48960382761
10668404172
126329696683
2400075794
3072718295
100424256
7244133974
19235975052
14472790903
24616718513
12752381847
37899770149
400540434703
5680187022
560862903
331892373058
98844835401
265747056873
20207351035
13378068354
77568461372
268809145278
6273022835
279133484
22579350623
65254692
12095234868
148193047891
190172613
3212357152
652977
162236654354
585523355
52961876286
21606534727
15869385326
3587415073
216625984172
19905799696
4973564118
284003767150
14592613844
1481313913
1710692337
118016901309
442707756887
8936232035
468521486770
562122798
246752666169
40114386673
9571072
292485802601
33983891
3921315933
176424622
19269334045
346261482
82093564871
29142981084
195347033
24546629
437759470
131436869499
115494363296
175200960398
336578207
47197315698
464905354456
211461009653
22874520683
127980911853
37498512106
175904875651
3102800279
48532504377
73966038671
314471307682
49439376498
82752445665
23020647348
29550382727
1724087688
822679941
33200647364
5320975
4905360579
106789406755
4608165132
371426003385
483901293
2428383611
224919497734
2649258432
571819853455
23863868875
48181118544
426598862897
5630680229
140699688400
7607448440
76879894320
4254915797
215495323833
216840047
3531469271
193002132471
885427896
153429675
352374084950
30054472088
8496428332
46535503
87689896919
65267200934
188883015
74958957167
1198341906
23145352569
8637889472
111073939321
35232656932
5644304593
49019983738
17553426263
4739090672
196052467728
269563526945
588196607
23373475138
115734236985
493422756
17221505765
15280116761
919493
9658948507
27277500151
87137076556
6085082
18950825580
17156070
118599767083
55041239461
31131703678
219599585806
1235440027
111289892248
12655875107
25861529412
312087916528
38856
45909447
44264058506
1100742244
