92910643080
11552014567
14542871078
6980086023
7263371226
4512701264
46981611973
577330080
397070881
144857078173
37207464207
103641607801
80849000350
872195136
351681700604
148832708805
174684618880
1093930534
3211270692
3317724190
35896127704
48559415984
13165119475
4068411308
199469440313
5457014681
70970904234
57262766892
21340028868
28446537747
53136196038
16680320501
119547584
62336724071
1713049811
24807388996
1386167
1306699824
7026448238
190423121
15179803561
9904074135
103004452801
146956023560
466322341
163906252373
14285635
1981240642
1317970737
204500
1695777309
181418183
78867915653
1242342
2555333620
1610838219
150091270656
159961876856
10179856131
54309324555
10541175355
1873604067
291315171
237584995404
1823884330
21794763932
153494533681
6674488779
764828272
189604033
76549511085
306970478795
489778931
1588714
48693675371
246809904477
2343108949
88360799519
132798394897
433042655
14809816489
3595681801
150450782
30460335019
779517642
95091550318
1988783
9082640944
4698060137
349386518150
2225606061
12645447209
127148712892
6090056229
75634513033
43827222408
35721760833
143801832109
689825349
64307155662
34425180109
79443354967
14259766375
9770482268
8192072433
107290354228
34913904681
21040077920
148700799620
135479622352
183163464201
4973943870
670107379
61620013148
10371468698
1882116849
108116737936
78456373398
1068220666
18634489028
56088552837
1483902
19937302416
491151209
3233909166
239044549383
318412273907
7311332874
97596728
1736719104
245753214524
12708026
594517893
455603865526
473918316795
14144969466
46063743162
2462218336
25927546468
2809881
34505283956
136130275373
5436885745
1581505489
97171801402
2612797780
36966533817
400210183
51177251497
16191223934
142664095998
58454532688
116454949183
3396398310
1807110946
2184082701
6154907
352959280113
212130128831
20382615060
16412674212
24009488861
243321517552
298690830
37422571182
4738721213
35633073281
22442977521
19095672581
27851038879
529290414
969323587
18540271739
8436815405
62544693554
42914421357
108502884807
20172431299
115435649469
3300869076
13474902386
3625439330
4478223
103615491472
1470953627
20208876
8967231736
126576256
920037543
221149428077
1085197685
9654664773
208403185992
163913705
20862498255
24268304909
28630404202
51026548446
919716392
157993902983
96319173777
34681126626
8199359757
12602198335
138470480682
34993366399
229389691411
68409621579
40163625386
4024620720
130698682
55751492396
12145498942
4620621560
137713974
10987954310
97603056043
22839846389
40818436555
36898616927
806170338
14991192858
3704512077
1795201758
77030068
166577058902
5116128362
438356093363
33667287
54163555780
106520667001
17822004445
356865331417
11788848360
1771296529
50032054443
16679110914
151192611379
980610281
1487134119
32267565274
13393925635
11839862674
15143490
16923744324
3275914
222956870445
4834756935
232883721474
380530
35524173865
25805241925
44340113004
4316727521
222305916991
21749275673
2585133790
197951912
7025406586
76091308922
308623353708
3356668955
8146884020
21214385354
17563653717
4407332149
67648255731
50140482
2113306526
8280289072
95863540033
6772794844
13631698105
130445045502
297028469
360873140840
1501940215
38626
73105464635
1098179345
7238747846
13672549347
17878169385
110096509503
160441791497
1636613519
10453990
101223106351
214852042113
515135734
53320498705
188853234
541274177424
26703478112
12227760400
567640304
155428799454
3242695551
47961984601
20902927972
48621503792
157149391
212733835751
538215448301
175258273636
5961193216
28605291371
1229221698
96807811395
12779829729
301158997
319229872371
21564247864
162671811536
3698746790
18117451586
4475530683
223011290527
425526923685
212612566969
25040899755
14260899210
13732940657
28629021541
143466124984
2612995160
92088260235
253764352024
7769362678
4227353144
204546995
26342407657
53986129952
30644735303
67517427598
447216323068
267355506827
2789145852
294522926
421296885493
5639289
122241756708
163629067
3987704030
1093712665
255256073027
45535017053
95147151184
162509094932
8093529539
38595043870
502287549597
103833404439
10158124518
265535783855
264594074952
579069717757
3386354757
74199189594
26237762629
242580383253
163157530526
25045049659
171469425069
787968
63285021835
2962234443
1047482399
840441657
20684112384
53348082082
13375684221
186021525287
174357935
98286397059
409580336
8551889961
1523682068
259888644180
107392771364
16522609287
5010583120
11554829
541794398890
303301675736
2982838022
294864131
2601081181
2467740145
1371304265
35835868769
9067574278
5431252
266674423547
1313364721
103967507753
2909649548
10244519
6886959715
143042255553
23219670859
447978474808
1552635453
2986812780
324315958916
621679061
1950665396
18149436359
609430991
40660178
123728013720
147533764
517232164320
28142037308
111359491
10888623272
25675982310
4711901569
21067516721
43112549793
96729280672
81758665173
194297972
6758866424
34261190
121149796
43415742125
10230223933
456697319253
275722382503
12223663625
472803002152
9300055389
6205036659
3090662838
19433107819
3328687737
76877565155
52737084676
13491791994
911297822
14202525968
3225281340
15490664107
16267889676
101387
344551873427
121418414
236232870741
2572657636
2925370400
1391668910
13357173973
48718411966
24899432179
280707812
424399583
972254085
112470284016
162191000
22458649792
17731324
464097127
66351269
5914641228
1646775360
3715922422
6136492399
131714633314
67354576454
10538150818
18451708559
543807643479
226719435
57776482271
41197628843
309528791710
526706822
16580320371
22487704746
145388994160
48981847786
16787459
166319050222
101515963738
51208216290
16051187924
22350237037
91243764933
158646748298
80634428
20622176498
645166184
428592161144
27897996682
1127845409
2414946921
28596940144
49331499758
40993784907
8690115043
68626290970
9958747801
92171995109
51258909387
3601096267
385755194677
87952321049
25845724285
131357533592
19292398394
22479536792
48486019
3293728316
262970226342
6503036296
18337799979
60340147
222336501776
7377198304
106035758281
99176031492
10932323127
2857758726
26025656
3503204947
4009536541
25284213155
3178116528
57475230230
238128285126
12729724432
99113583649
28670768
8418395946
62947607150
23308352683
49864820295
73366559190
846529113
91960468821
400796313
435535612873
33618215715
27431338479
90789105566
48068801949
21827023906
264863566926
230658469325
77541827807
50494873385
3348832176
2817648473
2049801
115882388136
267249066
23187770160
68184899522
11918400847
697852971
410452909
6974005019
20868463776
131851018189
40527957936
103622672877
122771786785
219930683563
113991455
23698355696
1429547722
12570652500
1896496824
64365436968
1172948890
131247601978
585580856
215753847962
595111030
210134818
288416900595
64599299109
6614880581
6689336008
43061660
2360933922
339024790
10607791610
33864061443
168867006359
122778900341
10988102033
171589648215
63340484406
401854381526
66082834384
10328477407
351440474089
12575845614
7768861632
985027
32206048678
447498698
41626567127
235891931486
19372092667
4071449655
12369546989
474301955062
291236264
44079677658
303837069411
282361348799
24142257256
1180000767
418553361610
7695126406
18233129205
263508886181
19144538390
2282728676
18355013023
425511838
2293513147
16751420089
508426395773
10970077426
67909958978
165462952775
32441136939
559208914
60706301522
123571817724
1937167169
26861956803
16739723239
62850359072
138737501646
307162273
37242134
52732690892
23881616936
186730861001
617334081
1001231865
71494568
542767422
4345113222
10186041169
1412391900
57963590416
16289941861
363908844374
4028553433
45590597792
38865678701
102870620
9739995488
266195142
1732790958
53330482526
443152451909
218306396463
4710219869
52727644520
26933996530
100270697975
19524233007
345199501
24369834
433432553
2501768839
881048120
28638203206
503032
1870592961
6603986853
102963105780
400575175
7396017662
127839897088
2193048449
180023442064
43267989590
213855971210
346635923323
35731164
2164184789
146525656
619433981
668136003
333718752390
172699837087
1866235193
1515059862
85400754850
211973526008
28258822298
13759016407
143183522564
171491409
825744871
1950021819
174771935
44266610600
9856570549
19867307576
18247306038
25056284800
6610686570
30624662817
52053048
645328689
150793026032
279079348150
383787512
241324641105
10592808410
487849419172
184618649606
4890799151
9524616924
169332524494
5877136826
7469527843
27847115803
143778970843
85791599
484698621
5694959420
26212113935
25031903196
11159
3802
415975546147
44120097914
28074964869
75893476952
6841492004
1109911192
8994946168
817189436
528228029
56496254175
43492609023
52821893
1678574345
199284255306
2759632786
1255797487
130621737706
71253944
12935578460
405064260
63137037705
95291278310
128996748513
7288457186
129625065
103497805534
463040044
95146212988
188614554726
280513257723
3345743736
141890313617
89276039261
34829154003
198230832355
15941381154
101560045889
4004400000
86342444980
1831735307
3288413940
288799811503
3935555542
47371840516
386436501534
35523763980
55749720291
9436815341
24294317274
5710642041
311653475441
127298637416
320922381109
4710897955
126216192
4190050
37190917722
947300383
64772070
32842219611
57072119467
16479894092
12638023742
1474757945
6678878970
425365533
12631948147
169374883779
183100289
9780199428
30365673179
12611106
82633069199
208832461415
178161193252
76822987370
51631909274
1232712695
157280259683
78578548453
1051685094
359967022583
33387874883
279969814611
5337171492
272067009092
49624444
202844190
216174832239
35004738176
264882605415
88949864884
22373719976
28845679322
413305891071
59367576460
18284626299
93915591
211230662800
144678673451
57191942269
29416333956
31057382158
5522017105
55410093620
4278917833
79557781366
13261394955
58553637
313339414
1757077955
211300241780
459661575
254786
15542703689
1162845334
4407747525
91067149046
297543144719
3340031
63555051125
86019876816
75941091352
1602258389
745333718
445511598546
107341694842
27083341272
251263736090
98611643469
250783860128
9529604867
9785903369
192030367502
80034005717
407298867757
1419761609
146797638786
74493188053
20445502415
17392620457
441675411541
735561949
2403370584
87163157
1662160872
94121598543
3134306237
35187063006
4749766
7203006716
8737906668
859224777
504766613482
9404545871
11672367710
4593058668
8348684706
4299120675
272084023281
79462523754
250791032143
180361469383
248888310316
51343843732
392914888503
79893137469
773057941
40526519291
57789725357
995576097
222933006103
1359266822
62114316242
569977663
175480671544
22970108118
21590232
3640796216
253175271071
457722948
40587085053
32431808495
214051645
187687446256
192904300641
64179094665
339622095213
340918181
393938890
21180930
80438859972
447270906
1347266753
164648187754
11787130
4063160861
441017816864
9866913105
5083015719
8118394645
130265424757
6238600736
68302814326
383842284223
256044532253
8770504243
36422524685
819146662
53923890
196227549508
2135885293
8723462158
12357101065
1424027944
52121094634
33893836148
420023402341
2339197460
24524837878
260202118354
19702415807
365510759822
13254800199
12879648563
2892882367
112145213659
11625036298
479182456
63337967465
641612047
453338115
177065705396
25856773512
406198422276
43863453117
15011229869
1461768917
19087458459
47840464148
12914072237
1858754753
15576977077
48079996918
327294449
81880827
72469938422
4362146110
169895302261
29329196607
111546822279
4600264565
164612549548
113080015509
1996459836
7206731758
825364342
18494653
1133417487
53926271375
1815313261
7212672497
89925708285
1893495519
359110620998
