101694243517
180714433268
14621685
2536275119
2076854
1935750902
1469816764
72653280423
111427665145
1929281390
93863637658
135609130075
104785631857
4932803438
805430073
2371689577
3606571390
17243426456
2612817601
9534060745
65925498864
7198265665
11119608795
95474156944
2833294
2638969014
149063200084
3307022342
115171729
20258013401
196678330
143902377009
53817957009
149903236871
209266581987
253410757314
247481835130
3440143874
1611839286
2455636383
19869311420
105561284177
1236323771
153330592164
11373606120
1933977660
1390948884
19062869168
18157565413
1367537475
175907184
12433405737
1553131042
29696691891
34055498054
39976371258
231817640861
5928588340
22174069858
142063351240
23053262
84340094
53340166457
8157635153
27608340667
87390870
12005419298
42762839559
1557518
4209832
187035137447
3438757378
48692872392
102253252995
1391301975
1661159849
371060346
45497257463
101823145674
42328117173
276285361552
11719245172
13609613439
176168270208
101311889028
60767825170
82111737102
78170670013
136956023243
13348022140
2028471350
2409653409
4447763039
103333808079
183574666625
1564372
7332549243
204883704845
15153819360
101909003195
129005159075
5319633877
143556184770
71175477
77229723602
5624568291
433588423
25088768220
205774153335
116508396242
205477519851
88363943543
55739138264
7632468117
14927382139
3906429184
331947223560
2915212187
42993326568
8772315290
65946029570
40625261068
19962090665
41516275372
162849267845
41726107587
266928787419
723267375
695606733
160809581870
5939286123
15368106122
36931010440
340612617604
12047347627
195743079441
56579222256
14761694155
39624395817
36883212736
1416242451
70679391867
55957340
40421820709
1225910414
113426480
38165012776
51449369873
196514631
16323372845
63252425662
10499990489
16714542509
246663706995
6886427420
8150286862
1720640276
16705377256
86466945473
331164834
9083629
14973401895
187015314102
3029827266
66482532468
84452418789
1068125855
175538109306
83194447113
56799133
5635212552
134960594
169947605308
436959400
29353521621
7893712926
182596213
1239607004
8852393671
59580061
17771856776
1150391958
41509130993
5703388124
5696347444
474537644586
73909428644
20503878336
60238470826
42999700261
24631975685
14180559629
817885035
313736790305
1222081742
3489575471
16366263330
11373605405
19659316666
33201940986
273854060
2566445378
93791769753
149544615664
8921077727
46328678426
2476444915
6540701417
30569217049
162411284910
1806820
423803
28500088531
12394672182
7631265277
52524580
447244091619
991264254
202774726142
51639276976
14893792009
22441608371
3599556923
24317167625
241862048698
1084733364
1202454690
32538890602
117181201321
3352174852
7970663537
76608207701
33007969391
10205461054
45629186187
34261657679
61786071772
427973869908
5953580449
281645097
11878190147
42170338
1238532
26108871073
51964683193
13032076702
48604272
58739562331
14278970495
18634010361
502949856753
328547180
493941274818
15430401386
87052060698
3662767146
33841220304
10558743498
216782459267
1524644695
83459620
321012
394344168
5844711802
408355983
65344840317
2206418495
136446419
36249923796
176612424289
2799704205
3549817984
260110885892
44213399794
116904269
221463716847
146140399323
200336275039
413197326837
58604290254
378776240
1705328674
3153820432
146798731
2930783471
108541587247
40865207604
1274623810
41755930405
169326462345
152695095530
476080329102
327041752270
11275019598
19380785446
197206559425
148369804
7476409835
20376966696
562532293111
8444370301
25173296970
356692122
14075982890
544094321067
28596843
161510767
175495854
14458196066
873360086
221619618000
94080939273
16136125611
70569533556
18133813539
7406663851
7661041224
19464674079
2192198
16947511434
2575
27215025751
123764373534
372326189221
17122120317
181198700653
427887
551212
99723962181
7967608123
6525357
134103921110
3566391124
24524020
3981119
323181590
2305434342
21449086921
4501088310
440660194123
125363179850
314442574044
116847170349
36588546122
364070594740
303199137189
99968198094
709526242
118390219420
88718589595
343944459702
156308187353
35721758447
83501089
22452029235
12925721403
3895845175
106592736
172478475926
442501251620
51756430741
56087986198
3106140
18727861467
70404390624
3052535311
10919178871
64902584298
1402525587
43609029
96084875391
15246713039
2229410583
82704128344
52113674
6813603249
7521180794
208805069
265261585239
43236905
52598339686
39861151915
359819848
322079292315
319291211248
609221820
3057827181
18962881214
211561772311
34877953222
22467441477
111502676
9532234384
158225065383
4983082093
36182764425
14196191207
155689839195
12212659425
65067240667
11131984580
3969741589
18257956428
165410547777
3126734900
32443261454
16490295367
56916136484
44878124743
29287902531
193918883186
66747826555
109512955943
31204154190
164631208004
6665870366
1180892139
33243674619
1036951055
115641315398
13290157155
232507676
125344002620
20624499727
56052234550
1036667487
51526448864
561619116
39105856443
179908598704
130396647132
45330303
1425138202
1674356104
20183890907
6754462878
5128769660
62894898266
142908262995
60566150292
10158046398
109354573
44472662514
168753245070
23415448625
127323072
3841869
192021927
22460548999
15748693311
47968604619
76706143706
214396482730
45462451
235009595750
46216395
7656831039
19556077399
74718244459
55533632256
2279168
148740939029
11779426102
102841911403
58057971547
22586413436
7433074536
221161698125
179076691
166206518343
523695585775
25555256633
81361984159
475450657329
8218188700
11116185034
17374291650
950034756
2439942234
77579809783
264123784575
260016285276
79523398597
23064854687
68117949881
143310980
218157382355
1020658992
280819810327
34876545154
4378341416
44798163242
33477123009
7009462101
349336343983
95705350442
6576269957
202116810
2077231
13768482877
40194739940
5231532240
201757441572
148240056841
33325803321
137892560179
201546423698
150477005662
8070154764
214933054
5759464611
30385472
48694953
6198200528
923667285
3163651526
453631937
590101092
20672040260
70950362721
26179870314
825112
432094883373
245601010302
9844456977
84935513000
1512091083
481874
201818999289
17535626
23081187796
1184987382
3169175443
6937140842
10911158095
65468153610
18164072708
307501
67167611437
3269601560
28569483458
78275970
53838665624
9096759992
183515629462
7649652692
148476190223
3427708124
99352712842
7031221223
27591246851
107678976032
6132903334
31554304808
136092386026
29382969483
6683383034
140011742362
199702572202
895009564
93645304
423582613378
108657600
16970271434
19479095433
14198496051
51155574192
190098965480
11586078814
1144603257
11726128692
534313102389
5596088672
76928151101
82152814556
31090281065
98477084053
1931660268
54910576959
20211418416
562311220
104081299027
15015061942
13647572785
171091146767
6172283574
382105441057
35126521272
77109519650
6610213424
73766956334
206124790375
5794241462
1369151079
5542772052
10801521087
1937015457
5513305100
257376469
310343913528
41552696471
508696979
393516149699
72154131676
11014204226
1466344657
4452080268
10405211209
188316224422
13442141037
943740095
33299153
575604032
411135295645
45323130629
12319984953
72149115515
22535567
862468627
24985600153
12997899213
9319719661
5385019916
211550811806
26880566855
94414821215
1285751422
237099623805
247425227676
38461967082
2960465711
112152783340
1167356229
19063933111
60018029809
3229091365
32420640083
81207822332
5515543134
247538635715
415341683170
3737211128
13379404
307407963029
181966936073
126734207712
315890515694
171449625279
14683612945
124134633
3223769010
434996443
1583693649
9458939185
5453582684
122398706345
3785932216
201771211204
3668582338
1786240044
240059662
19007006
11054586060
102735073741
30938612719
18313950848
57384080239
7736368954
214448316
37624332266
9703679786
230516635638
13347761453
34152195216
544559650939
1282270685
96071904494
416531773075
3218484452
5761403424
37451115081
263878545944
10018574209
4180324
23053821638
219549845
20976462087
15427633428
4332259780
521436169920
253877227726
360857216
411568776876
44971462141
4847039405
5406217127
76238596616
3803385649
2000923331
91182261733
284548756510
22236357697
1138106326
47466507005
904793988
26744520310
32803592
10715805890
332691995
70142466754
13013174448
71753475285
102331334870
2468734639
83315254766
417630596
66543288870
2481640847
5426185
64557678
6634944698
360823760421
188768113638
5903939676
307680189399
12072631459
1290182880
69116936084
27808878666
13964489541
31516370370
286584889832
21534144
1435305612
31754769264
239175136955
8238451485
224354376685
27351445067
826097944
163473381931
281895667486
46211085
20997240984
667378924
6723176466
1313607382
102514238620
60865509694
153214545712
437024502
222345534202
142355950
23150376969
41631148823
16598311720
49838877
30138942942
1343556001
25120001168
43248206613
27547139004
31762143026
171129610628
209138356831
2345501749
875612014
18865991301
2054429668
244448867239
166197303261
27147202595
80995291605
24525158871
6608566313
11491749684
116855420254
10371235254
168722112589
10868420906
338709723988
2984250272
731742830
1711809845
16162603
463990470
61497813
22946116695
23220455506
2812464682
86626396475
148242533502
9502205615
67007110
96084317081
446469589
122032622499
38792203993
27401616065
389311455272
364859168
65696713691
6387598293
340151469989
38266141047
60654399
95098678886
21905016906
54702679
3689613878
169612152803
90936454492
42618194312
47569826275
32046827156
269339123
7195090081
8971804416
290726722487
30625638673
4060645148
382980708
759600
20977803308
25029806930
35828538983
14437571921
44540584211
13699344159
4510340961
205984771005
15785822173
82667495
135183895869
1145610083
392429903536
135903223577
480951656089
31840970019
101714044798
128942863436
819333493
270691618983
317154496695
79240630744
226024073971
46591452093
71950447322
39478481540
14692698738
145309387589
7272801906
198712339120
68916489605
3247366
47178524688
74117257151
5038743151
425084342963
358201323013
9304119277
4548872644
22662238833
141833845474
191764370582
109048561630
208754092654
737471831
36502682450
44183248
27390962505
64419204470
24891783768
3089927442
189021348173
30560904434
15903270198
2921447410
153443214112
14822195482
7942841595
268349229246
17187534934
82089515237
2204335728
56562314833
676438248
104062089993
120375043253
63204963
174247969
7687343998
391907898406
271190709957
4091651302
16347629663
790354379
436768772245
3404291427
3600076029
14037841
73658408061
86840750276
20204146143
8823589015
89178470164
63316967
240860543335
390993436741
1191119748
195274451643
3156744420
266361850
11151367231
18731334673
16448286762
136359452290
68123245572
24421149544
404866692967
4017033284
458898278218
213310177
640084156
209047814954
4629728761
14454174622
315492653743
182448704935
72693031270
61381160417
1378380979
21128343848
265513180570
13401332572
57284336878
409028686679
24356176
49439534056
32161877060
26110511928
20659775972
208583128746
5598405079
235222449210
13504013
76906223
95350460210
173105574
475204647
14970381955
6588039681
7377613720
48442541569
5626991597
11665717943
8721651323
944021069
8318308324
48580424096
416440241
269882085
3742898077
140918505857
194042144
122414567858
121934100835
1185930938
95957281933
62951908376
61565701515
10092796112
44230771904
46346795030
81605753119
226692089426
1368691173
9903416787
119912183300
10255709699
264161521914
176008528684
4032580450
230041127719
64223753788
40771210659
92194955527
154822532648
4709702719
56050029928
1110412579
354889491568
10218822236
2391708066
207995644
2880665
1483829627
2140511
23430179462
245610257307
