126324907500
29122968337
8596454004
197170035482
222275810368
104306991
661813494
215646066711
86941690125
9685029
378766627741
18275392523
25901347315
5102521630
99936863270
230
178061738
3673258308
81641744
14211934
13960480769
56548573
3916254879
19516253355
181847548396
4905963337
9677826679
26067335678
226724670287
214200899978
329350176144
805385513
824900696
48978070
13588454512
6539690337
81303554881
3123403005
11063722304
32153159536
11888688398
1011747505
18183614271
174802643628
140316070163
403394687355
25848414898
13525671699
7561086
58693480
21924133984
136290229303
1685186860
99884870740
8979698635
6770050618
129118395158
156735139455
7992324306
94773313315
900495363
410562303763
141460729485
22548777648
23877124
16345810425
1993449525
4741090553
1878063726
2581653
2250542202
8729001421
25279665534
158533847307
40984233820
2498227655
185485942413
316569929
125076466679
33158685150
16777127585
353856
2545611210
67560567
217442037254
21658353899
32484497
2112419
74505692607
485292793707
67712628444
6231406082
58839153195
11900274883
422690007245
4445016810
21835435328
5402055
1893051440
54764270050
202004348591
10380867601
35200469715
4006310384
112938150100
84561611953
2783731
115764102738
15245055738
332249773454
936784588
4771057
699686739
4191682408
5383805826
984263295
246818761825
271659701912
292255328520
531261473840
32863645070
3571606
31115865750
81636784844
118041529444
41866047052
17172193578
12467935339
283369175
94817451614
8856275868
110464579
16220885176
266738908374
74812743
6547035580
160597802
27233294
10932813023
41593120
37989992631
6348278558
6139020850
266989519804
6121964402
22884130101
107929901362
7580305211
48354390
79441165
47593473590
1552665604
802390526
27586941
580700022
136876959665
139097443216
19215005
7847264102
25569791545
227326526223
77600027969
9696714285
195070561139
170801829531
97459751696
5376713037
1042265710
164523320450
45552750
35980759626
833287576
2157567804
366643764216
1843428547
13552936382
118510884421
66265673801
66550413025
58473454434
7246843427
6234665486
886387687
142043454144
7087946594
2080156135
18451617
1180140
970729612
380164817914
133210000485
6930351545
77795196457
404402449496
180260496771
16202502711
3819015
255683344461
8469149063
7006570
34273389869
131510333029
22249297273
130459841436
22075050848
5579128383
482132175
37925510033
86332927420
35089161979
23651827651
240532928468
112705991087
519198823869
36394145888
626766222
271815856991
7524045606
2247694670
404942703
4236875261
2344272694
163594038531
1869514
940009704
75975429665
71746471233
155366268647
109649029
69824919
173731298213
609936251
17989235089
13742893300
6903191322
72837572
1597401
83001823708
60457262124
45614669488
132613856108
78394328901
8279862140
277633806
4746181370
51805964280
6326191068
83009541750
3654047450
92439666021
3163596374
2817234570
438129266
6052666487
604645789
54731653
95122776
110512450666
894243252
23038341268
124054811451
727524034
8332016027
340358826338
57114235719
6999299980
156194881
51344935353
115924887959
4412179817
23844944441
1229887559
3080481
374988252774
8754323169
29762874
29788656240
69976132
252704237139
2331845372
362065376523
3996998169
59147727826
129867593715
328407911
272274425
297554905
195838232370
68395556
4011580180
3888334846
1664053825
11464072016
832275551
528507
117862435789
21011001001
291461284503
6633206
562872985766
19907362
445840527403
5333327819
1222363111
10884762383
12843651325
9324574747
290814827058
24118921
18416770047
221874216677
5236723847
1336072761
77614678
299603176121
4557066427
4260842241
18653319937
468505211097
18729477193
4155194681
12937124967
8062817047
733284332
31506825392
14468470086
7426955906
4901486661
3161653962
335903173232
10687469278
16919827549
139540060
8435691922
19912600303
58550062453
1975059118
39835742514
16276058
676072754
2416834909
1006751718
15084455290
1790037863
259023581007
5389099379
44028153650
23045184
106531874226
12009901720
82394939
189151634401
79298290
113334675381
60243613662
6963202987
267292279
189408637267
7354089791
24808511986
561602306
5856137455
433154955437
29387260076
133393958
165940999733
62974516224
2505673009
61616714574
26264222370
14380376982
2769574127
616278060
1006249599
13737622314
227936943871
12067604800
1618042644
9293783338
667504528
32146512342
772023
395104486
4032756222
17634068390
369179122260
13505229225
11629106819
55342191949
694523247
123845360288
372016906914
19134547488
23679158137
136547435
53176952
2003338056
161500603504
174322396924
19944915
601308842
508959251465
7687189838
337309215427
46600158758
237931097
45273268746
49657335350
462346051
230157013
238498827772
220320909150
2879132729
2868902474
51503458814
221570352010
158813648468
299037526847
2709000905
36706050391
354460106
83536449862
21304821797
255682378643
37113943244
303368307617
28747030406
12365010682
104101672
296570742008
320971964611
154039026108
306369316
21582370470
1930995317
133786972493
135589925622
45203218092
28323258881
186087837
13248771939
1079482958
44324601091
417015480
221138885686
452948921852
268251816001
6733188951
79152676803
16060301524
140183480682
298125375532
222669491
2444477152
23550143498
83749330446
518673571
400594489454
524667357282
211359618
530164882283
4399867953
246619176649
5936670372
897454600
3842408668
560295224
207010392
60431209544
52531964655
17150026814
115358715
9608045543
29196984849
3770328578
8594593357
11249488681
17477014053
683419038
41932832798
25214809801
37070137639
3313582125
10470636640
113504104141
337457788
4595446455
57703557579
48363950
13039208193
199205634702
31108742057
17607801627
96026857536
97715142645
100518569761
30422447143
86189710
87773831229
82002410504
1180079924
172612684138
5090074681
6599015
58741388553
266767573907
388330663840
137673213812
323668228289
857646545
247083226
87560995759
5243183726
16937922
213781027
2087893493
1008609243
37360481760
1860909777
83484887715
13332333337
14109695672
11499429235
43998596325
1152716057
3584350146
51243793463
38666145389
4256320631
195168178740
841931509
716850974
41474808786
35593927208
94154656
81252870863
78550148394
31861170000
1236685728
61942504
34446365067
44805880639
1169591
22720300630
30450480033
8184789368
59626005115
26286535
47547611380
193845811716
222415769760
73601298217
533790723376
36293682760
17941979216
37185552389
35227593351
265025249947
3210122449
2938721279
50571214454
886004
934326928
36206927180
75891143476
35794732509
92494271869
267684986886
2984537686
29562729410
91896742100
123540689695
9523899392
4679074991
87646964632
3063591228
17525651523
162574114257
58151553691
9699237252
26753522075
5348055575
67255023736
23773821742
68107244265
41949316
6121507964
225648816
316051791795
9279644851
197948275
9481943038
87141547264
2541498964
6370903473
321483871150
53853760785
193682837010
148058939924
2701919760
192642904758
11715403267
279954495
9959470638
1860450166
49465679870
2964987
6776962745
56243326131
4329270591
13572246517
140705634487
47649680473
32092797200
401508954318
95811893124
33942081
136110224251
9553496047
18318647726
197056841041
35472372
102207006751
463028763
1795718426
9601346517
203258220
8966920346
362111459974
275558640785
899267631
30562051454
4116737798
297394526
6611282002
18485110350
4016863728
111723955452
119873113272
53019463614
21147986507
58922610314
1127834528
12520043685
6615568006
463590932
1818315683
474598321639
41997882541
40983425847
29743295098
16898322175
5086165193
20434398119
63056495789
311114541
10582774480
408194039926
20400814433
4074305722
3893318517
328732016427
1911753278
153742036759
1332551093
107162765495
3741984987
16792172
87401061942
3165780
381662606705
155722341
70801751450
67225009755
85387589898
19209339472
13054861349
16710779530
630563350
20536718159
78630446
22650449853
304728053239
28702756510
297601290
80324464238
151791335216
9923395027
10951520138
268759029894
415187532145
30221715290
13091100774
618524284
3188230149
116584813012
4628494376
142951384829
53224162439
33442849
20856999140
2771007598
6996692120
68433097251
49994222038
58448407227
106513308512
18474945161
215036164
24441804686
100044797383
81940050893
556574392
9587130088
3461987802
108082545457
18791286094
62184420218
250416025137
43893239176
630074935
25687229332
41407420
49445108724
46872441104
6379996050
11352192797
5270964
18097311441
7185892926
299852098
13780569475
33496640485
404596214714
5713625067
71455983432
23033293930
35829733
561234718063
12947287210
134402311329
5711464713
163625379277
960037986
15187879976
42466961378
2175863736
57047121437
566025900
176009986225
2744163638
15357638535
267040894013
119042072379
15508636392
208592450
114590442450
2633450867
24364125405
1067212
261954
107806178
323797908
2396110042
1711110965
65737385
257815554
9366563409
115866632350
5846084370
46620928807
23030860599
64862953048
13185311371
309375644678
84641787708
6650721735
1638748893
35148520123
2989984276
36292363916
66925642352
3684200447
5416094709
8913440052
12643528287
307073789
34079957233
145828944243
290470777112
40886682122
142817866374
392683448
3106981951
18974530749
49337885435
65463908944
3622829315
2463484440
13391539154
824054043
112101262000
8705037221
62323820607
400352017
2737406467
1903901
40471063914
804648380
57136419883
50478039962
204573808
50336206549
44696577870
337137016
76335348055
400627510621
53426477
29209387230
144387217
816080663
641204415
4244477417
93708364435
199187762027
437359821
29789026908
471253
25619219663
8278046664
15056081288
9215826442
27169024216
7194520807
29170083177
84343034863
89216236033
80097055011
40769151
11243170973
18695931333
61335868400
29003708875
64932423672
575838366
72257969499
16982052669
58235209936
887751033
24711508971
7316780880
26426828210
5983870
216702912390
3361152618
287799536379
1400681382
1340460313
74468215594
124366338171
3066253596
10874958664
60650326588
172623926899
50366252
43109764820
607733
3525610183
1522766158
10399088
18467913915
220191140249
37110822288
27333193486
67310926608
6718835
57864606853
6605902617
350442633
26999225125
36832872611
27200899891
11490987400
7674212387
8392454460
11426434608
7409052197
109686874
169365146981
35444299
14238158628
15425740454
261419031
242006297241
6366745652
42510712863
105212682514
21391874415
1175082482
1083642310
12799678337
523522221
52129427731
7884775518
137592415
2059258200
141546163615
38246015638
15313970405
29776156208
55820365274
1595000380
83143130022
31351929625
36708786179
29402422207
45866805442
115024966271
1102154627
240892211182
27477933571
263190097885
2696
2156406442
660802964
570991424028
20194497431
14833228
7892398429
6671811649
96771150482
174197219670
118056809628
41659924
102390031543
163498557291
468020073
1128653811
3037680019
12797463218
141769697876
15861516642
187484847524
54197872176
8330488
1953361
86560649
16656290655
106394989196
300877872038
1778051660
7333693830
4771582594
64563562120
1076768027
207818584
56511648326
177177975
38743861697
6403525134
579746267
15256715701
4219179990
5150896633
5557582368
50404067987
216853336130
45310557683
103487562590
164925899395
33192909796
7052710
157051197772
27025913680
4979419308
1099705
12237930066
70904873915
13779631918
14093427075
1298999065
7613642078
780469827
251037504
19038817223
5468584718
339795872
173378242
53017359990
28821497
37593246260
3660069595
38664756877
294319307
97091318492
514606918212
16257304592
17492855385
832234169
479616944619
