7121547881
19125116540
234739272541
14437405
1203170596
82389830056
30159698654
7525085
18178133866
44487351315
13525357019
101303071118
107607230253
196527431121
113874800356
15443812677
6465030693
30288569208
1454765498
33175943
708445626
3745496124
2888039741
1220884011
122013890663
7502388128
102638982525
34897625952
30170212216
677384146
72559843064
408669699
115454669
100884388965
12910540539
5938471172
9331768608
4599377082
321949235
383621266140
233274175103
25140331
194307798222
6913654178
32728451818
8590026618
3559192342
41390719
11435358844
959325
26299812924
223317412
43758185650
58211395389
50040368797
114993201
61596399
3181755157
26209555418
49456301
380562173
81258413335
317034168
43342299
74720089266
186188805909
7732545386
8175862
30007657
70191940040
34441706038
17630629736
537283452960
18140394396
10084742
127082515385
102482619224
49625237734
16721354294
277678185029
31960575317
45900378843
38536186920
41059822451
2341726865
137203158256
27278508220
23186770650
14252866744
318722067
239395
7341856225
75028511244
268741755831
7650068614
84567626
6773539282
10653903192
6027382170
58206865839
190837728542
514686601
264330307
109480481417
84038611404
47439108313
74783048937
149563913631
75186625207
8199732131
175679926
1270603747
246782773259
410388522396
111511143
271734153670
101792624541
469816841
5645088325
46800804868
286687292817
5971188277
199073059369
108811342655
1114147055
35500042568
30823167546
9132610058
564199281
1888846993
54253939
10279133811
6089937328
28686701728
84861837048
895876590
6318493640
8922930035
47409906694
16791011387
7392882538
291011470123
422367984
14827266285
33238670824
95158509940
3370341424
73176581090
46093681
1262128416
96969580800
96265929791
42197169928
17126142372
191532221467
8217799047
197481606779
48637707782
469205290095
6439283805
11498651486
374051461378
131202659
43890171804
4427759696
26852981737
109458953849
244443549
31636028957
50701134
184286160093
64892260371
30091722781
18201088862
10794739063
103918409023
16752482401
311581380753
5463830
73983782587
54652644090
726395496
6654627759
605768847
2836559688
384186248
2534828717
797625546
1664546513
263766178981
220261964014
647409125
65467116191
3946481905
2959225071
233483816066
126781059489
145296214147
233254553904
20257280245
2406916630
6677245274
244346460
907200219
725408352
77626247751
20531402925
5325883625
6637861167
2085941589
19856612670
671057740
56901420215
1672285417
33635209297
13889735802
5822833417
1501750365
290842628
29839776890
25117956967
28880444539
530084765
7984115536
84903636364
67122826308
65745918
246622567066
110696683344
100456275583
13257810498
557277482
1385636
1295
30015946085
118467677803
3920178686
10052961370
25384947819
17177527
5372318268
1550021895
197737660614
44156756
7374373446
38173030855
912076360
4757687721
67113525
362530316
14272664020
62695189799
8141136857
33182663718
3942639205
67226191630
1681484554
63486693011
177999478112
44935948002
548936684
208058776609
18364597983
4556289397
5560103723
13221162261
279350471
242774426526
22583053067
136223195072
564178070
1142654147
59765151139
1104760936
3761829240
90204710923
7576905320
15603074159
8337269170
115209751484
478435785237
25394665302
7154999680
1622352680
50056767825
10975316369
6904616497
75597361583
1048679028
389437822566
207974210
4150529502
17246466270
308973001995
3649003672
10201279543
395077913585
47242049991
1786542498
358644846
6692978862
15743458704
23743509280
124542957218
854901103
1673074405
48691694647
37750010680
5844353
13257686127
61529233
11868533557
8596707584
62549403029
20111225514
422399146914
204570511
42066130
28736380
4072387365
287198108762
48157960995
237165198991
3429495353
196775564227
23002988701
13775659034
40094082096
2124781054
168305841479
8434517227
1862984889
6113802376
48886082799
148851622698
11724472041
47543826368
78566356115
804147703
404005779570
117548446720
649122
258606288422
82246497
3087111849
12993692503
4375777258
16141085797
7178835953
434097362
71038400119
14739849066
3609131218
31996170041
832123
2061029591
2067739183
16984556
1182996965
17545674905
390016919924
67097129554
7517284181
4166955142
1252976239
268452129454
849305819
310693759210
343873554
875658208
6330538125
3510710646
26035487802
31849174285
352697283
475361430
58292281938
6539123085
55854116686
9345578564
214874121482
162648318
2741904407
6735633463
407963494318
54899433258
192388844
8298108
4208736
17846825291
13338462008
30456325248
457708252
1501530323
26784128240
40097144888
2173204003
80321979228
5053675
2017646755
304715
14135370734
4363981107
4975298906
25752900673
346548001180
2806596832
304763858497
11465772103
327592486052
35474588527
26271226
25401612331
96104009370
13936762491
12122611918
26398016725
83453786021
3297575694
2808550486
4863769061
105554148677
30511417086
534557431
35254248189
297089416033
709981671
92318656389
34312785614
383089961
887353986
240589135
14284564611
16039103823
340263344971
36547690059
33916789529
16275385865
2940881
16437516931
78610051454
582390810416
148508619
47971267806
2033468972
16545591585
359409670
536179786
22873568340
46704428139
283680198895
704509564
17098484
2187490755
2271527284
147572721870
43466132
98954877410
29929287606
25212506870
134392287274
6731390393
3661004535
14502065338
120325575624
4671386008
2072906218
55579883212
1280728901
31001418481
13340710313
78830555386
99326846028
673054064
6425435921
152268122147
139445205466
15916707574
156002376497
2842542337
543252784
37654588
2311825945
56973588029
434545967551
28690989740
102130862277
35041301500
316118476909
112842931732
12358237976
191553010916
152710605253
190326922767
4569741083
43614112096
35478791
87884823
594784705
16943622
16239420164
51648624118
8262103025
90580176412
5289463138
19566981823
16501389634
188198442625
6576664443
2083848801
5143109286
126097603776
307667427163
220808525076
24512486902
5898055218
136934064952
4140266817
3109173838
59437736590
19160370107
2905213012
514350555858
165505968311
28913591964
26306194584
157688000027
326864566891
3245010692
61342040520
71136304308
155923053207
32120620178
5865760507
241511897
112450099924
12156295463
8096341299
4478363700
17933560137
66407455316
27273946087
16469650
116756619594
1579119695
75167112867
35273883562
218726099884
17995801087
76007392958
119007081995
2909131
257462925
88967066852
8678299366
61394999758
11222932838
92209290
126732384605
27252
269488819449
1300028017
273319250
79038771
43746706132
14172730379
1754454682
9797
189234283893
3128474446
64425646801
264788077
39504417196
54599269495
15430108586
233243480668
128085367729
214258676
240037522346
1707391508
11628610596
3443049918
3492677692
9058646995
49158194166
356847941
859343398
575043541
17654649299
22837641052
6813228846
1819794997
134095703730
8678429014
1328078135
20160462
249795411727
148529960013
1626486
15147555847
45173025512
13498122924
247662875038
52894883254
459919621488
17290205871
515100281203
4988401492
124905242572
18788931351
23650398
14330714800
11056064937
1233200
5718312918
117812352091
7209240
97997382194
114227084
279659225856
125143066
5176300244
165924184
179167865922
28980449819
2518768986
184430972284
366658342
6591633159
23010661016
142178213788
15400629045
3310142944
347364855753
60396852904
106240910354
350723529081
59442099849
56371772157
336106563818
3262873402
189930258
14730972780
13530663632
5275784890
15912861665
221071226955
7334372490
288240010
59076495
109113144849
1916697845
162415811383
3171007483
95676677
120994540
345774661052
86503219343
235407107572
2196378784
107259253875
586302562
6576527030
22353710334
14903560794
30090190065
13231904868
8804582502
182807011445
345194786511
346200121648
976971471
85443090504
466363020076
2005383946
455423993203
92410796154
239204149750
47210990218
736001791
1189786330
29541123448
4997584289
77149130591
51233285896
27606134007
2398550515
318182074401
14153901513
1076928478
11353765
99191971
19058756
9486580729
77763339398
50353293719
168582229501
320163891915
79883798
228305734736
96104642446
2754741899
41218040718
51564198
563288239
4928152239
86709385775
6479356179
2736070527
3362819762
136125268739
132389363390
10114592096
29035626161
317937705
17559790742
27017477816
10077538118
36711998177
12702012675
64725204021
358379327307
475669788293
15204144
338576603953
85402927972
2308464190
27195970387
3
25561045513
92770599748
8538682841
29536533132
312157541952
4322214658
2136949713
1519389153
17137875739
4550629146
8992747380
9803991026
3712469745
3939795725
60205345775
185843671
62103077100
19804485223
141617986014
443060799
248330978181
122250938779
2752037476
27693531724
12428655248
16474107135
78303457
339
11682849165
2827913253
3392741336
550944017
17422751601
3554692496
11596979411
53732751415
16520271763
103899007200
107099421
655050350
85047947140
13371601940
69046424008
1294986528
75781277642
7686209097
485989518381
146446474795
278016529965
13925989459
176546011450
13904520
1043652659
4987444526
9181029895
5333562
14186789209
145398618
103987462626
25852821469
3743944434
20267858154
4404409007
2240157924
14511260129
20370399312
51283274689
507783224
14138324637
2041076062
3008322593
91850609172
53899902374
53451220
316237588222
158641298534
133137057293
954754711
106723865152
5575177
921942069
32352438609
6577808818
22968454297
86338457024
43089516334
55084713211
174808467
19073668015
1951131815
43873228129
4764876468
157137120
145570005
5771471577
4382927671
13760359
52981741218
32625643341
22599942715
1350723
86227646529
711886474
87063966670
178996783487
49126868969
1457756758
15286420163
1069866
29554311053
71730528752
677338924
8782943461
182696853457
209181014360
369583261215
11526977
3866461311
3146540788
563493436
37656050524
226285374
4130567318
4559547051
7683564374
10175168622
27982735865
10700983991
39533383026
1021592492
30788693716
4170632091
89922039520
36079441966
32228064069
36473290310
5708407662
11650537187
4684646256
125602800283
7463827954
65467738710
3317015846
387038183271
2959746665
51270538509
176732660410
128240352166
30105330937
35721936681
11054665297
12039881
2278499434
326482140
213458114532
8153241209
1599416590
311414174916
187476503469
480740320
3692224574
2979207474
37151656858
98539226862
327187022
63821884233
31238623721
3527103117
364893606118
1432487124
167818982159
203709706178
633265789
57442310812
634158978
2311574452
5835092086
65980217
58433407791
50612082628
988987804
37592333
55213898635
61801390643
76988363
5665423984
26357700691
44906928522
82429928347
8776909132
375733546413
196040759378
343440426
83963521584
30632649
125253065389
1570516766
6547901912
26580811
3666019356
1062943334
41163619679
4064759169
51139562576
37133299471
16999489126
5706756365
28919295572
889407955
321214402
365234882
8012178172
29459629525
263760991911
2340642909
28478253133
2368834471
28515239984
303433251931
300802405281
7881436826
88742235968
544928
56667512594
3047384262
832165961
20346741703
118236387
5193637043
56951657147
135019186690
10127554298
11284892783
149769009380
307214398
1763780412
31261288
107034944702
118412553
251309890787
7426797343
9372527263
945118716
16982565247
13162517172
169806256100
4704814041
72402404894
5744655072
326576539549
273950937
16823544
68352426127
255591190
67285645717
5487071670
4153969218
11199046084
3446115515
420947023582
6563388600
20605191082
6667119514
174296148122
7400374826
277545484046
14387488573
48047690136
38381130998
7377038589
1583935230
