139548097137
2546942455
126832507291
2930700783
10618645
54563198
9356467400
73445468079
11233270494
18832059131
490843808055
52857145624
594405187
44795478935
4850054115
135336017
108004247821
8455612094
724206127
6437361915
41797146895
97148967420
185993921128
149174888004
1633383959
39599099898
299539056532
52383235
213742786521
3185401
137271706692
273258850054
44660729917
323247100
80676398
91065075112
97888699918
98550432298
1476217720
182037768358
2626680005
360624845718
103550876976
2866256418
3353253426
19401389651
153459260427
408443996
156633732
5755622476
25321107613
34697826148
25684916031
28456620270
186683780
52092391086
137917895322
13116699922
101292813493
8888352027
132199233842
171981074325
149671410
128046421
358414073
22421937787
32918350676
1494641338
12341994571
58371931080
38878319459
241840538578
424417573
35181044
18255765494
48124573766
5159591788
109275687472
558313795066
14609686003
27305482541
90923439385
2093562240
59903383594
2208315371
946401515
485578584
140642436951
6977127542
3846700210
10493855106
34296963
309465013946
4033223862
80734670110
34460771483
316851191853
229546124642
45594611332
3330388587
201988289304
33995747108
143007912492
63826698701
5838596946
11056366314
1093004558
203082355335
3620342658
188485635590
59434464931
1827213777
488598
6188218121
135798313393
50521303296
39775672868
99592262768
147936675274
4339336068
77077612310
22582644853
6591308
541379187336
170537071062
814591781
36635958276
220351241964
30535054470
20603826493
13409901815
17191502561
33782822013
572938672
82963951245
7470762788
342877929
14455112119
111678665780
31164066244
25762546317
4813565799
9263969778
2164305812
246664193703
867800636
2523728883
79320255679
208796103
1350620
16592654932
3117969398
99872287178
1536860657
539155564
135787389258
15479062391
78913878107
19713256291
63103221751
6455810853
207761002324
3907834187
152075885841
42705725
87866949582
39833203960
51268624437
25330813951
217355280
1079035229
508161489
1803991572
140210721
12602337444
220873972471
9673327256
26758814240
134516652
169375472
3141920143
21245545136
19425979407
58208169929
189895804024
235482263779
127517007033
19167335714
211856428136
86160788
63133434915
12075007954
185776103307
388248930336
223531884
396763215
40368316109
4938511
455730673599
1860888592
15862385003
82438285
477066
19925133
25677931114
18386038757
102312032432
70360937707
117478105264
198827941700
4400826091
25860147
2002699692
11110417576
12399243631
2132591455
191921620507
226873723540
2785499672
122759324252
23029127244
16157880560
256555263528
73145069932
132229719008
181831038536
8382564529
7980116196
140638639
5966801230
252592
474913335
5337782285
15496134082
80360273317
378043904831
359284096125
23767862780
215834579
111570682
51949872798
854567823
31799212041
1087112296
4556212414
63470744816
584465381
4454661563
74532499
3021482259
11286773017
1012628208
8433719
84731175884
2271903128
31993001416
2470448031
9696483918
9544967509
8131718881
15758052835
9170881382
12440388883
86076518750
22239809481
389806873333
38239020955
36965
514986949
1829003197
277952580789
9594086239
980753225
9210360237
5769175769
77419730223
68981636015
130288757
310483560
19990880985
39438809606
40698102967
24265448626
3118032417
83018916075
12931244970
450207504
314283813750
38167940381
84465289555
4010286356
157857391
11416866538
79570926004
34196129
46585272844
14477497632
30382725
172534511
32522939
37067584163
132888940402
1099400756
47183147171
178398007896
172193882564
3006708064
326853860480
237492946
198080940
3674199023
134478627
10240516471
38218523388
266669502398
3740157090
114356168012
8150860444
213638613731
398832
150468620102
4454476385
69265114661
207122308122
202508310398
14715528481
101077512590
12369498967
17511786399
95369243
520292624
183945590
325097753
43043767011
717552598
999016641
1948129832
90799665933
523677508
144357286842
23690936202
5251171761
115966855
53934792615
31626200161
75437237762
590495587
4144026798
95275401614
1445192123
1339446411
886142568
29380975069
78337203336
11862200180
286306368
29228648489
87924569693
121614047477
17983618710
576134370
438566351
3601915130
20211144
5266179548
1399451419
87332405666
19419913385
10927738978
76113774989
737344172
23903914583
242367810617
1326693101
1673333
64238204258
4472949303
73380517465
3660420352
161458124844
385524758770
236972117332
12238721868
45652161531
24254971380
31891813833
23950651482
6233348354
110485164092
53171874239
197776184908
13716985095
31630054964
212853451679
35048923618
41783024384
22479991834
17446533690
1749275383
119292991687
13389701675
154951624613
196576896
10902680628
694737290
6953332330
7347612765
874895144
6810413580
84508551322
16996424724
1135475204
180862059
13356361436
1291951027
45366979890
124787763921
287666256382
10231672714
9491872846
106586486487
163770414788
7608949683
120774896457
97240630875
39393963729
43093888
94736786480
2918971038
344777189960
7955591066
41141137
1357735313
31318340078
492454170
155343208165
8332499028
263593412923
528185331
164885074211
58319723542
26369984816
191151489311
46905329561
26373618
4199226266
285193607776
216682044
3747074726
2379955820
80224798604
35657757853
69463319321
3189852708
46848843261
11509014006
8637761723
29781161021
41271823705
219688884421
12249479448
12937274
277947
5764658431
2216609795
226567924519
3138566963
4441103374
9359375351
3959001724
1280325115
587279149
780946314
77237609686
85423651405
162759264
85817912881
82767470695
53263834
785171643
21215403126
36738052418
4656779239
305373265235
82343506489
7883353817
11798610060
15688644212
129470760030
1044656
32408144658
1557741304
153339293559
677654373
5701320495
27258349560
251368665156
1464084662
38588568331
425863386675
151175541888
80650725779
67422340652
46216431845
6261515279
9646021409
4057220584
2746107211
2023336860
13944868989
234552736274
922862591
21320393222
212287407731
1998684611
4088860959
52221340620
444056985
129462283959
7608126693
10041035962
275562415580
19523483878
43238003199
209298079490
46821927627
76850376453
1839352146
101816526100
166079700343
312501037182
98312078452
78373227
1708900781
1438003510
6158666
464553002138
1882602971
1599311594
233223207406
21741456829
9356278425
168506211719
252606337
4430874716
598715557
326044669218
2812453225
144406407511
17892259578
620145464
163448468057
189986685187
244551183652
185543831279
7006877002
5000969115
8256551170
57590824644
26564500597
1981081040
9891726076
3230536856
377611558197
17383612817
226368541
208911158
116399795630
2457069978
5525020243
156081407935
15986686884
156561587426
149862104
3117499731
261095481133
1304071
29656077943
3027736728
303253925
78361721230
83823425244
2318893929
63056772342
380259981478
292354524141
7136480432
218803910255
99440505
46011938028
926304256
29088641192
2293079818
10051093085
26168453732
481151553075
19735354
6368650202
9466091530
280512345581
48091222739
43888168688
3043335456
6671897828
177798947233
38348059250
258451942341
248616673157
20994483022
1243594003
25467125459
723650285
3847673983
363838363014
244119225981
4023613882
9785087520
10989262887
321174017921
34677827957
1041879847
504053318448
59407271
578124328
867832008
48466625885
57514376
1562699864
136734969
411111495
157886886055
172706580007
128391705509
101891804317
32487176
13233198
25890327892
472342170840
252025842195
191100168678
2934253722
189942519358
26314174493
316346034772
115220373715
146849566
91789411083
12226573583
22588166294
136385889934
175589562
123650067109
6610784415
43039728077
12456322277
50341496255
6421510609
22548779496
13881478
1577215410
459625609013
10214590411
9313607854
138801037803
189409029340
2478166463
180778051912
325483218
76048980244
915051814
24482487662
1299288016
185075454812
4133052
53958420490
230662633043
31640868
448300635
120406680
34659875372
931317277
271491527560
272251874
508340391
187738882313
15353627173
62839204474
350730417
144218402927
551886498
203603823821
3108068020
215758061640
18895116329
1218992342
35167089104
131469244989
20510667451
19070894005
11235410626
149501313482
189369890872
114329101428
144848063215
36113329643
4196319410
4173776701
62105144
662751672
74127108
10445620443
4795248898
59763948314
72303726434
119348245868
32712458775
24647924211
124154182399
540843275
74042448430
2448667938
5041600582
19946926822
50934778942
23351710766
106254583612
18072582707
265789626442
23272592557
196121896353
11039020763
20272753
7919244119
19948173453
16282950819
5116911325
180265868977
154865818125
10407894228
20210
25671598823
78731487865
272569917971
5795337260
181711514946
45508003947
1102804897
49988462970
98265166190
14428738759
2469313243
199634996062
4869352531
10591742803
229526203100
57306969891
12015008
373986403492
3597843369
79623534622
21810041268
6647618170
16880921382
12731399140
81539273526
4713603049
4808990671
139491029200
112247878558
24855407856
31485270817
27335957664
6537128660
73662242435
111734632033
177181018004
1265086078
888407411
46832193600
21433465948
84628645755
196277251506
36101462
148589778376
18548916973
3799887723
141813298089
247623147205
51250419
191746819264
2998822881
415783873
111454598848
134209073214
1904226645
44994333930
50033795406
101792464816
6472994089
24418987067
377638763
3316247220
1838855
144356740245
1796587257
361085278590
40151202457
12652338668
189860888842
282023994072
12311418738
26958031344
14702683686
258820671
108346427697
26381728472
5746980426
17062895482
338719984
131872324
5561665928
13942712
2589642321
17717527082
679665481
1437825319
18616771626
3421374405
2799221240
23296783045
2016881167
26824490979
36078760687
65493313535
122060742
1129911891
103639150078
11210825484
359094176600
121890664269
145093771462
367668737411
109149454562
782377378
1098515318
3267780879
1510909565
395766072239
22105109372
141432881
81262981815
4492051758
157120294
112043806260
123863199196
35577444728
95135638003
260115689469
73391545958
18471495021
24536234513
69741874125
3924806360
16691311139
6463550757
34418164225
145186705856
52998774095
3805479684
37785006767
110194093993
294721368709
21612878655
16821531
54698141061
442831954866
234022792
22087220005
25030792
4079828814
55736303156
211681960052
162697499605
181100795
450278775
240250093767
4900459244
195351484916
87023564
90881174701
421962897
7906326467
57307116707
11230363725
156873456531
838068856
64591986
15878321472
98402650399
227366647
364357161829
27970291375
33015169013
232926142194
32760640262
18788792117
82763779355
11320878301
140122402831
154473963081
858689683
5977845864
566224355
148538399190
289760848244
1082049
15717342
115872066090
3733391428
13294590693
8663942979
56597465652
90800503426
231819978
29011962053
2397030490
6293712339
4178695004
21071778
150432656
229091616485
907598998
379329415068
210541504448
405730331262
47906157843
28223071572
39837377982
5298311531
9422749947
2516743033
42819592435
4708470
723129479
10783891228
338979826
15128673019
43257995479
436014118
4211832903
35395609999
335430040149
48482793282
92452217175
136483197700
12356229365
24521356383
3600166800
235974526878
2077815621
154970148
81570762523
9914794016
1793978868
95714138283
7910458315
287549743816
73343506668
63834856
52620788809
407228744
2324127985
517519250
151541287
90347807904
268586876301
8426177895
50312972775
171912685352
6036357466
31294256227
29926599274
101726092793
2298169570
16709405709
12377454388
40807241
506839869
5009621500
257737089573
19011531
7484571
38461318425
833308758
3142586861
7262809927
1243025047
32399351812
8934789835
234684643607
