27789257290
128870104743
461269283
1090030500
111006226
1624749962
58416370059
4620164109
107235647899
15039878
7505210646
116441319317
88744138761
10458838248
33004053925
18606
48975533256
17616626247
13659813509
239630055727
25803651418
78247792418
4598394095
140113736
1085177494
70217525324
6876522403
440507235806
250362209
536120925992
105785980
21013554458
66709457352
52557636913
378932600697
14075912770
839444263
6734488949
41897165
122582449522
37016989149
147836032157
175934043810
89949706642
129283175
102035287882
446206042564
112331870
1623321205
311146766650
117898914768
4749652341
95743867038
255915681491
68200925772
64517450610
224126663
143508724274
51651345
50914447840
20685786913
1063477489
20011918439
52310693521
246589479
103202580237
1246238770
29867246114
446427083609
14227277753
187938066461
583837299
13213409442
901237044
50901126371
897018163
2992750756
317889211120
121999482321
330087095
311045676981
15377778912
8830918314
146109345723
14323863010
14575035754
17630019881
199636569717
20067110445
62841345611
329750472388
60715024
17119331802
506867468496
236067081180
27716336454
47780358224
213828925
100174638836
30395916008
20207281646
312404323
24452873471
1472903568
8443913079
2531201578
4301280265
217535169845
108499465676
13960618501
45759470085
1435113
48437069537
10736139796
140422549
637884344
3569479
10466224150
5044894563
14283419105
153482910667
80989474695
188833137373
24765501566
180702134
73735373858
77716815216
13720552157
73599171905
172696317845
109632833203
4765152203
70395900305
12749204870
14433661033
2325678419
254385430
46862761526
3309805946
375843133
27629195496
28640705
434083326564
40297435401
3551316062
1239555
269434139746
129196231793
11161654
231398557
20843396721
1531279120
28529509328
205035002024
30925660518
20622086016
2446066263
383506388
65656353
873789788
7883029834
14076446219
232165662265
4239472022
1736063418
123280465558
154382463520
181593684795
33276748550
475359367
457541744001
144326806503
1575099070
7704148524
159203
320978662351
22681523725
27056189156
81530486
53814964137
4223358112
5506704860
7468169823
215010760635
40744444
28307823213
987555156
59618881328
123570651757
4543159837
265654998
25692364108
2106645380
351197865
26311697318
8610525789
19917827333
8870669012
1669954033
20243245322
20963860182
130937861107
4321975778
38706043371
79644263056
228633810
57976283236
366349604621
22892342721
2125478984
50702726567
6703228282
12608147559
227751235
12999737210
148325070046
224818435152
41379715672
68601033863
238118851941
1556390312
1230213833
578024423834
152216675
78984069903
134111284648
47960934452
1120842441
49576508465
66181883195
227695768
484617762
108515679122
244202420840
2481447253
239351891665
10903732
67066959669
4807405475
143279032634
3943565632
140454189
1085287871
96359734598
602430936
963597
36571959192
49636645762
28745450057
750169098
366722841101
98351818815
342184053
23846319055
21884237465
18494677344
172629107
209309338
1325050252
21594909
294091784
27063857025
2709178506
424696401
260570003889
16153821691
294309565241
537606021
8840690797
1210770139
1934791044
8898271589
13244568227
83798611235
4919946422
221406111
44326685210
85244389861
3321196
153329496251
70003832662
1241980338
385356848999
14957684530
6210831435
55479074372
77319076851
99885492950
10861660548
92405019222
1235950442
255628314063
35461072715
560003188
12462551324
26264744229
26235581411
8748865574
18695763525
5655241900
11666486870
140383851763
1820042864
2068623891
175538415
28877905970
1849454409
339072824
9220921491
10485064956
60181543
27970464047
95663546734
12001642897
160598225848
15863608291
12369880959
347499945269
307103867320
14538437050
77284416628
2349543917
12063989065
20593973542
8966560534
898925737
37163686562
38060549
37480987486
3418368830
246705755852
64035
46890674230
5077986
20244443738
23253963
131129692414
52683981179
1247721836
223421294
109617135751
30799012299
102100045073
26673886852
55281267077
9148950
13161537038
29987662249
6369293114
83819997266
69235337351
86944160809
17213808314
308049378172
26181804
49452416334
10345924461
11875040
29214125674
4632578781
4054388776
3394303123
9311343465
97735398805
7576500320
93840193097
340914734804
5500164227
34821119807
2422412573
78530900
397558230
3748401209
40011727688
11094892341
40733236260
6263737515
13854088948
292160569
9543563660
33105053958
35812841
32185921506
7565558390
25684013417
5057204932
42723842466
12005584799
68515492490
1223117859
79425414288
36471757586
5172130455
47970079163
159677767979
433744539234
78668045
54678282910
281773329492
1609679398
3127857209
58636
380938825
47318829971
67001224339
122355718473
160898458347
53284756
194079069883
509485042
28332056286
22089159
63969105
5245243
4258820
15390944577
12978027438
5904400859
126209302182
11487343751
6763646355
9771747032
101932382173
19638545
35194537424
7318733782
52334711698
16012782616
426433240242
34028980145
56185080193
160007820
59829397001
290686858
139226395
16944033667
1124882087
2753171872
7545228816
80817996140
9989853368
3094070325
299237188
622857489
10174609471
37174425549
111762460741
227502247
877231881
289971641010
438185872
60652766448
6425790514
16610250060
74877611480
4743700064
309493074254
15965250
532997805
387436239147
634823235
119763666
156529827892
326508519163
302538105198
36590170064
49950384
16364029945
14751384683
314796639415
432843200269
4135191862
3394284
211718669
1657777742
3664455906
139401080966
22673859
51431046938
36751151741
35763207225
98447329
118651075940
80413780903
159648824091
19355714715
9770954389
36344579173
90046249440
13600126429
433951845968
394514801
28722252953
36377791114
543139552
820572061
177201444889
6031599317
348539702370
26039983
50505420448
295928669545
48986808871
147793464
199197244804
266534146542
11515303644
180745295390
378373309902
104321297161
156485146221
115281653601
2242175450
10236072997
225264154444
141235527207
18725200017
28630490840
15115550818
5111922384
181823897425
27997670869
84466283
4739431
5639732839
2189967674
25368859841
182457856178
60983225
15500469322
13306217685
532347485
28364210
24686955474
1650985205
89869
18327758376
1811932803
173132602281
273225920747
3528865401
316008670516
415520266195
236315361
7427177481
46486153363
173470664270
63467745094
16448572983
74234160
7133339
56627499023
84484996428
232072627408
1789362498
15867860266
50197220
589735112
5342109471
37474592
90963338789
118517790629
9246676166
48779414974
82985101078
2465564427
206306633393
1320316113
138377832149
41518826582
154167653021
52491456
75786063730
130272911838
12263906856
6373829
21588991599
3154828258
8803620052
113228783496
15523310381
27722338873
16917158301
609505709
842982828
99769116703
4220750554
192387624019
101285749
21425169089
504942860
26203232671
278847512689
58097060715
713373081
21717338063
102490850258
5380264768
32094333518
437853874075
119604376224
119119030731
14720900252
10669694176
11489912170
2717517154
247262845138
135731986673
131228022724
407556483722
41306866111
8712695617
27538141010
31039480690
54608952329
475289653166
116979323513
33285985006
21655945838
220268957598
5404703079
38605942791
2119665847
108727318021
1509130328
5174620543
76586752873
22115454040
11628650748
46551938146
2612528916
96274724718
8095115909
588582964013
1127789987
82749921237
167270652710
61675084624
28554172707
133052055209
456885176
719280978
13956832119
1576676229
11568737607
77113654244
316910816081
51721667
2984770456
196019341111
61463526629
4530002927
171747882679
78728219324
346890946
14775053
1408477599
191207252616
358288409
18932710537
22803187570
3827793128
906115706
109354769898
6281494
13134663739
1143138555
26506929
14125459526
80460828738
98187184395
2536396583
10222261175
6781458980
395343706025
181355883964
85999483592
25093985008
1337285022
86832885226
85274370
22224674651
24518669551
156353765782
4006148708
81209867507
154951829998
2183012834
360727977
28435548047
37292752
81533234746
3085909890
8627515541
216537117007
3060393
904850280
211168993997
64324051546
288101674077
68555604975
19647300068
78575795680
25026950674
3869830096
21685565897
68324301981
10456344815
160912122820
141263122
105631981100
10003069209
57668793581
1018386299
2328514179
179160420116
9606533459
406914189444
64840427464
5079673081
2756588429
528988598
272088942857
10550978513
329773465059
258232839319
6513384209
1236591451
122270090329
171635258084
16843994
33102680555
566306998
5010051422
4762774791
152149540482
4942685387
261874408039
1087451963
14945557
64946712257
2754668291
61468282670
817067616
8165056302
64164150335
131271301808
12755612482
981238786
5922556636
56644325857
20472355905
98167286378
52946267955
178853660854
4566671094
64728721254
18285852703
51009086293
7124020590
142267054367
9420050691
32673538375
103289832
15585375355
1547144790
64536170
1429969119
356115185631
1749402643
2155001004
33477443709
981231486
9063266171
28115931721
3132239
78315695172
123726971206
13185115090
1858099923
4521006924
233117556
30293261395
224003643685
1019092423
4076868767
43935474314
54533398683
91979695
39402980893
552266314
52083048058
15019478
2477110494
32302645551
33593080995
3224828734
18602774481
71882097834
23245283538
129254119709
26875467071
515451687
12997491006
34786809
1142575542
46240550345
51333264592
80224573761
18077966434
12903701385
4129929
45504125915
45299844958
92857909424
179071740
22202073183
55095910780
2085820647
89860303534
5098186011
134748581
684047572
20338600055
7415313649
70712810
2693014419
805814264
15063300776
849107171
68684337378
13021027
95994911424
195240676
18789811844
337663840970
16251105
41345327197
602639879
159700206078
15338482410
329646862848
48568043901
790408565
11595658711
1462913583
1554795558
37036003814
8946861796
147556045385
393948287210
1893712
406217408777
2574450242
529150737006
18020599
11775552198
75580090104
7457986072
1519519257
68155531925
31218064360
23309843423
6405592857
3825079108
4139032482
92160524521
15586711028
75650296648
118810448809
2870058402
174749032303
21528820354
4688594626
372577458888
26322270
465804405221
214284019947
8620662756
38221124532
81654978886
3666684219
390040533535
222773599219
39820188554
198029535
42630209030
44908021805
144224861297
24494970303
5602786765
450669199470
16190501511
56722809516
416294950379
343492149942
2985146570
158576421625
71580716
624956912
32351504
198746092897
2551782936
1367523361
40581541159
132058755
6978298995
23758947389
601249678
143381903
77752622164
2201590394
24515953046
190867392166
301506923
74424066735
2365429
4073502367
464126931771
45851172968
26428607580
819959727
24976158970
3887332102
336426327
3305908165
7371971338
10364679114
43292486586
1807873693
18127936274
11755112156
81001900278
37583584894
37882353427
268265731109
15102448196
32674190913
509074649493
358255114519
3283877599
1071899446
59952550259
102800527072
2412161702
292123322223
376359608
197257319
44622417929
109396712
1147171809
7936100187
27635664644
12883108614
43009915112
133584727619
74915926292
340884974279
477846121
2605099939
68897185468
209758543690
178218990172
2452745384
56364612895
12391615688
281749278384
12219148110
14482015100
7844607334
63045725
802356106
122700045
2849523331
55991859965
146153459949
2039541
2051822463
132696046981
75570694166
25182141
59555556738
1003330720
39944529525
375126019955
573764325
33004232904
101235071672
3485282300
443
1829494251
138831742728
6054489745
142026040903
95187533740
18027766087
1598679663
14332460919
66610892
30503072000
