485705791979
3647194778
15754762301
123506289897
561886212
47363437465
1088837665
57449283019
47748625584
3524229414
240566486154
132981019886
370307271861
436424073
90094846
160601747729
75709482261
181367960725
115667038946
69648336375
80219485683
80558463
104725657416
7
96814534614
6320640500
66303770
86841331573
21639728412
522224100
48161140718
5357265492
15212693135
38054963353
292504383546
9020460171
183270218850
105275478945
40084560126
34314487343
7826892043
1386600941
45005794742
195749675541
3211520148
22120869221
17412310388
24269370204
314959085940
61751687198
21660648051
55639740876
240325740178
146697598
51833225490
18177878902
121599102520
27580493772
10768232146
357235577825
23652537630
178538339
186423993746
267597656857
160327661796
45506256524
189591606474
333395573
37270093635
18715934158
12298654843
195925204082
5201507893
1644013407
311944136218
114977383312
48497510822
286092227583
31405074685
6975340146
2384116
323260339
29751919822
15974710905
31104564980
502710585
7925500659
367353562447
44058557098
1202003885
33095696752
439384059346
142138822903
269299675
92675180358
1163685217
1274376098
21411707876
246000017
280818488
94838097386
466623155
54018071823
47429002606
10634698433
10939261277
438626445862
44267199037
3901673419
34973816228
23989944173
614190785
841240748
7080313235
40357771146
1125563720
1881657218
844572508
38527109
2617351895
45775561106
21550208154
16748013717
77740396431
58955654118
8864389
70996240787
22643611821
1231123967
526194886
115007982060
309591
5468800
180131444
131667549
2422071748
86639667619
32875171432
68382498840
44801067667
125702843128
1775166904
27872444447
2148500235
16374640079
24731542905
283074033382
85197833
329445441199
837296566
136606908055
236096927
933432249
385704946
216467250459
202205992035
133762366782
99261523
1924362196
10144214686
47184041066
5004632009
32451
10697953130
359520
9548544709
273574494402
43076
1528311288
48025606962
28457430250
1020699607
141541782904
11574863966
10785059035
45010903418
154785272752
451687050306
2949605160
13787854596
5097332847
348601524054
92387796727
5775979528
417565384716
47886828670
5225114532
86595989631
18694882266
30556837689
258253863894
8716632
466999919714
254174710804
44394441384
5796790173
36916881853
8316624908
12506627660
64357511749
22349061589
3744793933
297782145772
18148359458
175928636101
11842479103
5944941422
192045847290
3562094303
66615192597
3312650974
74482554843
237956
17180112595
182058556864
4546875395
86633939375
29571211621
1475909780
44383538843
1815651805
204276134105
62143633115
29474332185
12271184748
107470724423
20937729158
6263
1554843670
1146809
61812858383
124652294663
172043026307
7407698129
3103842237
24158194606
200394587
153917211
19075603532
13843505409
325813781541
19306674084
11781210550
12965839584
411483787248
644483098
515395368
128706078610
833843747
14688087125
72748709289
308772553772
11932277311
385525969
57163147637
40725051039
261316235
97563026232
144924112195
164595353
6585547309
215108972
10921753005
14853570
186172956893
213785336309
15218269307
450398918613
286074902644
2053618444
114499392240
9354881587
177084434977
326915
39901824181
1453513261
37341716340
444774619
41900389
1797056269
1929522959
21400078500
933453997
24491253261
12499132543
9601226016
35676264396
38124030265
1737772165
134215426674
248630867413
5079364375
18881920
298352931028
12756249121
42238300535
6990960132
53089727040
29887896007
3332747052
5400327372
217864716
1945411339
57218946567
6777174632
17575906751
214000968388
23355071134
4378682980
113073715736
6488943705
306347115370
70976666
37623695024
232688446313
9702659220
9734509872
56682827
76265089130
2374368313
68617128845
6029937796
2338355671
4872727168
6093205719
141720352743
137799913079
19441610801
8739792162
5268998963
36269130999
53952746502
112825313212
300905484327
8722030688
1421228826
17281432152
2985033438
577118505
266064174111
107834705424
146951594743
386291984682
14429214772
53361761728
82333006
151562051681
187113387
128162472732
1179894975
33182869824
3323867373
11389954535
355902290938
105420329418
172237328138
28966362502
5238060095
3998037113
10372041337
99940458334
719715952
1232328379
728460599
17523458725
570092568
7398019370
67774116384
38638565304
9643932019
23283958569
255215828018
221586279661
21853628602
58908762712
12694789278
372339537713
5511463988
197659693403
103190147314
3804651090
22323594801
4784740464
12228642
54457457286
1294515860
3657243264
94033411345
152760822889
11123874280
78672780
294030790577
343494225
9239476412
301601499958
7641400991
129082240966
272513561119
152432805
9726975581
29268143584
3341409758
45624648027
16292060720
3666012
102927555
3171847
149659467
101521962061
581988676
61531475094
68361306095
381849316
376046661493
120545009246
3231180629
23461377
14160477523
660960063
17954396306
3209903
31077140932
64737153549
20156741270
148726262050
20737517539
31324424771
49430838020
17343326880
17528137477
45446226411
7623407675
10549559183
125291708500
21869984303
102666913
267578598595
3664154466
48731341661
28142156475
98609011414
2967135250
69035856
99739880491
583605310
70501203309
56808124840
30752612867
2704126
8289417311
42469865125
79718712
1199804476
8147504999
8321142659
235143172777
402193368325
280526923255
167378447591
4426923
323122705889
172982462816
17962352564
87588893542
85558370240
75927370701
203054795306
111545206701
275372066661
1909418907
167718865565
65193226487
4977926248
1510062111
17598728984
157172230214
6862220553
330833267264
61140830216
1071029969
59264050714
1318206903
27646311883
10032577209
64756649970
311852241211
24984717146
11831342713
853169082
3029604757
35329222344
240112859989
114987265459
447266317
49278184001
1169522283
4468432
1017882095
102027338
9988743673
25650366419
8846745284
2572132993
265128864829
27113963158
21209521398
84500007484
373761382838
148101252227
35553140476
48269383699
52607242204
13716752348
99464424180
32501260242
245649836655
17813526972
434564289966
10930601567
8146278
238246450
256162291655
52408222694
77336081760
1230510557
115161690562
170722544161
395592432
179125593
75965916484
1694884743
84190885166
25539042401
15022037546
418485102030
34348698755
30231513189
1606373789
6601806197
111927315
302911730
29367747843
56364353322
91016246306
460917351520
93199148044
1896089890
20202536534
74281700
4638621040
59138711028
6353450799
60826884578
42959118322
3843590830
71152579387
11844518046
19500699230
23998197
192394278367
134782350
199869447284
65546868585
960619611
44716007615
317484385057
3338827
502699692331
3202476380
6966380375
195156854491
114195047240
2293751268
6441728868
5612882
148935953
95800063947
35366777978
75112879571
168271603336
41513289707
5666698933
82467653542
1631133
1656368697
327379592120
204258559623
104464872633
3197590
28407131502
124446011411
70065967536
61641304
158294678
344624247450
76626054533
208512755043
6107861046
342940144923
8236591526
71573650182
20137236861
56637582476
24983236261
3139322
388565871368
592794745692
40527831288
324028459881
5856148771
169334055
300254924333
130225987907
272266830845
72581116672
70956481821
22894853937
15628141301
96104442670
17851876942
22502966324
177979135284
345761290821
27426208087
15794412323
62691976554
152534112452
2395486233
128741842196
79338500
89604390740
6426814794
12041249611
1020074527
31233612274
271337904856
17913892388
5547055
27922062201
75911045289
22392229372
4011384511
724109959
365699623
6948978586
244056095284
98909610011
71710440113
3402435357
346698616
136074898393
50806653128
1807040369
12725715295
45347973950
369194357
20911679927
170171304
47112044
14434674377
114653487316
449116375
5420118255
22291068042
186567256501
13732630943
26943429
35878130845
7775803766
54259519753
214095641
156634
2390491717
213660029211
94482522265
12165095704
203080437609
414783160
5922952188
24962982704
18424994325
677857239
27863614541
25133206314
9874383
32449205363
14179742957
7208547748
35114563215
1438057306
5072670880
12642283513
196742941827
25177812527
32993419293
15764814640
351367961771
5999112
3674506453
134635089
1595720773
4515211268
19432367674
107617944084
43186767075
640137758
19406417412
75617033563
7702184775
37363370173
609399777
435722465377
9721815
65283510576
105834287672
495023231
5101390409
387277594279
146785089865
7518776399
7796363
67826018838
232993829570
730329487
44432414868
12170893815
208570272645
3817098522
32167899434
172868755655
128548489319
45073075319
181211581195
212026744434
160568257781
28362533874
4910842370
737171499
28468152887
7745049418
52726536940
202800995296
47944610
79214889
7492071396
23093642944
12030552887
811102399
680123183
24230016390
50243217414
92219716829
2768814650
92833717380
11413804208
20930258262
3188800633
100581463814
63271723757
28035817975
40272161
17609111038
27308953714
12900473710
543873125643
542830937081
46044852170
12916523269
769968309
4163362068
35334795236
5989071913
90781757675
44936189981
66040527
8992994986
36773734904
24239458536
20101858494
334773954
106310870500
72719515593
387129384367
144430573
24897919551
48343261069
269850938721
106091648195
523568080645
2103811739
891873191
54854026164
1648486547
884779101
27032692313
52353336232
4254974535
22730552
71448882121
19892297
65552485872
12164378690
48197525262
728158069
26219938044
158208896741
5116717690
25446768817
369536857284
12120359992
17693208679
391167266
300876702
8925525076
37829439093
271659296583
3239765408
147683955356
185229039
91425603735
151952511982
496899529
43575358916
363659731148
244730706150
925470772
353586913
26303984170
8903436297
185037180107
52176694112
1795398200
4141009
1850807308
4511326122
40922741
16032290568
348749709
88487205665
1252779232
8184097069
9499192244
19312519328
1163031528
2372240534
151487314837
252960130
78040220283
384542969
6303037033
131975486
2274576383
691808258
84043471983
127880428930
16963940813
15179151464
5297113
19095685225
20526542823
8676846784
9069299
4122386383
515343338
3073079292
66779121382
36189708
403398958
11590
14452919394
114075558520
73806611971
71048221019
2045739435
223332855673
27745845535
58280224109
5080825876
35491727170
2522191545
14244786060
1740598927
32401103806
43648816288
29232238633
6593335887
71552429925
101955918524
34285848664
13025153381
346499107057
231929574778
164101114652
94639298489
4475534766
145702876213
74586093410
256414275951
2558522486
38970781643
112908662639
1639904
93679801054
798076613
7751403950
25634386738
171141104441
761284274
178289658415
10953571307
46429348132
57276410166
788851733
372878554236
2850784203
35092836547
11760028795
70844233232
12769973436
8449421306
50379596
260358034905
43354089366
10113363157
6450234219
161468792437
165292874
15847524910
2323794443
100044212688
116784117
1178506302
26234632641
2053172603
7548204895
58602044929
134658129313
63003741335
114791308
68393526009
3433320116
114250256282
46288509053
96002777186
111937183627
269767934986
586463412
582160300
8044677686
9350413
108870332842
32035035389
31079293354
13611956056
264948191273
217254314000
12868062
4217316512
15863813855
610856167
7027535057
1137017061
1132074731
9127935
17322279058
125439759700
298172972290
79215762272
37593561565
22938869743
144337311
39918055191
71561
982565908
6827082227
49672772401
365252942
15457363401
821072508
11772347709
505775152
702295195
119270463459
236986321205
214580176
8439271541
823383821
1400069122
34256407039
1807327072
276653298300
41239849
132009076
73691934869
39243628188
449542297
230745903220
79627331899
290598607
27115805211
