4951834801
6493591574
122476399973
238391515189
1524950981
126854908957
71223906095
35192784488
255529796
18817374291
7987283384
115177994545
109070718049
9561483249
590611012
476804877721
354235412930
15071451897
4836445420
26919549833
36848619822
286298788257
337513454367
82359068503
7968324881
36344592722
119023465938
4130999958
173550
330724454663
16208336730
83693610268
341253326937
27270466826
78300367962
522489251658
112826977
108187795
97820613008
2899815283
13112273940
2404799282
2063315792
1739012531
40447426818
6243578334
8798179639
440438961121
81820672707
34882446069
1749616
438521
107335932561
94000429405
296767225
303397324141
1420394369
25894834576
542553415736
3484051551
9088782617
47237150111
115466
280160204818
170296909
770665219
1590576049
124826669476
2012815241
32134969753
2634129751
4269620406
2025534035
9650285683
14223070672
296666779
328887725
2448784920
465637722598
170470941
5741220231
1667872643
235989586
4589051548
45173094240
513869422
71669606617
9466863339
5411851084
409016996631
4514655342
77764801515
5369901602
10543980243
147999561156
1088959759
132875012016
30178128097
477267742
14564028995
7290182318
1636148196
8567969768
10463307960
8640661
443788696956
69038370768
6843129672
5496289044
609344
329858949646
68289171509
2838236532
482339684
300152201945
16866643714
150904244412
46862254635
54503389004
3533750268
237994013335
64415709919
109647144109
31486655545
28042145
88948979201
7856234818
59557247758
160637728039
282030821
1321492
489398205827
213782848633
78974940721
3750519953
61789400
230712137376
3089732736
14414311207
14806824
27526744165
195806026521
23723310208
3605671485
9041185855
172908281887
69407334525
133458182400
197222461589
138409914
15933103886
74483595528
504893219067
6254931525
21213796370
1380727108
871840499
58884281933
295588220957
58491687270
48089556196
1998871014
38572385977
3717430084
166251945
6752847756
20507278530
25792336117
1192568911
444514602534
36445009276
11075193212
466741134118
4689902998
192759140266
14284149722
2410187380
34098416630
483829175257
5179359669
333520195109
908688313
3242373694
1682658769
22954602
200726
13174765205
539854159
2245419369
9986321563
45214592143
11597774786
57636580
1196642804
178225259312
857080476
318301798
51762998833
480845520953
11616786675
13650983524
73760804570
29214471560
74680240970
32455129717
606909970
7323217283
156114745762
9862821006
65294123543
1088457268
1816531351
269178199450
112778175363
10047701
10506175022
12606098632
10873465777
33486481
9083998964
1201440335
76351244758
5798468299
142784101036
9929251289
13289606466
4678562324
9303177561
217657713065
116379617182
5638575588
107347169646
140468749
27512446411
89319303873
2692216561
450066996
1209894398
64518288791
3534854468
68633220721
11516093464
143910454393
7892531713
22464252460
18857958885
74590396609
43066461244
64323536217
1128970463
110206044815
185860195543
17365810891
2002420540
2823017927
29967788
48674962877
108152302103
1288953590
7258028419
955659452
170461320834
4383034
1897723669
2283659004
202765544806
73421328
39653056045
75223646594
38737547
5210338275
82176843232
3480347324
924277580
29153626953
9094567624
492982272
14375750953
2157493404
734030245
56673714578
189158909833
4017476984
87118788112
7736532967
34723779692
107216889464
213979446422
322592157139
58642748373
12224732446
2208959936
88648414852
36883189345
148023615
110965492048
14469178
73696649
7947155675
12969067527
195505614422
67971176936
19678902416
1656243959
96964902026
2405870962
289037270127
33113639751
23935745699
29054736490
3783809398
81788776413
718055903
590199139
41152675326
242769525672
9708363082
49380076141
348030
27833726809
1240208495
36326551029
53931440451
11800575135
4986715861
35005747023
1508922245
187353864
79408420529
14108959506
888528226
9729065972
617397932
99344226428
15578366521
276542059827
8453990459
73099194564
36304998895
3651063372
346320811678
52405341801
18181558947
26603568393
2761126326
301917143012
80989864673
3605886826
223600968067
5101298741
2873702441
20807195443
18849167518
479541587991
292307574684
194313977382
1822286269
19830962519
24891061311
551789991
57390447464
103818075994
129333557483
35060864513
21633374106
341601881297
6719129083
257895371807
134738958936
375130957
5648438877
517384
481337505
12074220253
613554
373805588
134295807182
2459158462
7411012878
81272695935
8227498937
79476961301
162602398657
453455697600
63581503972
6782552672
53346281522
21306084287
265707703262
92604169330
3227461774
35062102290
10644108888
1066947484
1162084368
566587037
31263638280
43101708103
155441293613
12549298243
3092107895
268428546
13082885850
132604693764
26909140889
81059687
116358621374
87465109535
59705340946
31599769104
75316828708
283550644000
915748743
24396131
34577882
20272039278
1587717931
1974473540
315000391
177437651862
188777461
48032872
860053369
101170598
151798932
127584754232
1107117625
213298836003
28207
31133850680
34235357741
2093754
75844074
69934425208
18078717169
55015555561
155946847772
677258403
17146082
2062145563
10331639305
260542113
24555160
106395
261378438468
12859354553
3888212648
28592336843
18715210339
16058675364
24992659092
307755751538
4621298092
118416524
128980867237
259940542078
147197457647
131233933806
27634295586
16482958725
2118260152
34672351119
1042274879
5519439447
592604217
96842679451
131362077891
8148351543
47651216
89068868
8760741171
132729454124
70064890
188388133186
3666757638
48250528336
6568995
77886609873
253814592480
73381729398
63645416073
69454965111
51742389
83082861538
18716832947
1530072617
352628753
258204870786
161333410223
131064264943
44644142571
13831512503
207055641
600276707
10808967171
28603659919
9590924838
4860236192
112651046525
35864405114
660078821
246225060595
199780647420
2225836912
18166583312
106383491464
54744813742
45167028030
13850540
153623036211
28871014211
33416231294
2341606172
3813922904
866920874
28047682885
5716531883
209593890568
13428601731
36720623913
205579197404
115706789448
307530314
100493864872
42302075870
6529663258
8293493931
213647071
156704054
26329840911
46604225466
1979321898
309011807707
1172227330
34421261703
25246276826
194100878522
10846525205
21830133593
145099384593
1934138049
76399882
207584251264
48908190001
1410340855
73411065828
110104879
24682611799
57329016540
62303710105
82331531349
516407400
30337358889
398968702
122704419597
10730401888
42448372357
144917577110
268255801170
1734022219
4298428388
66637817239
1873120344
255382074676
30079848402
950298903
158383541
47189832
77542754339
256664939202
2430357713
197731450845
2360327334
924083411
53347283179
1032245905
4373366743
259940792473
42157099896
1327924225
64285295575
471175520898
210200021152
189569218264
12274291121
115476665
10030222986
98880283558
8452315545
306116293712
10096196933
2164686841
1743218189
42092443919
6884276720
4423723820
162242098175
2748523182
345583704
28916255524
375545174865
28043606024
665260766
57012800
3153133524
48286944690
38439200993
30484893835
6283001293
1832433402
42144317942
32980508680
1822648491
2135700557
20674117647
184650410
312187380767
38982606000
75062585841
1491249694
28307609126
3580312448
10271696178
787136
314303665
772011818
51426193385
595540503
258574091037
2236667870
17316673526
6755238050
18749764
29741507498
8849286948
29164520492
20079029465
146149813592
655159529
143064104807
19595904
98088073357
33249908087
4623107204
163442724221
66911004266
2246586467
332640054
36903265987
122987358628
34621072204
62028391079
223617861
1677128068
6071164869
91850191328
18672638956
8157103032
107381119
452427448
249975908074
514253637
162786422033
98458902435
4244986348
182915721406
5478116727
169854293611
3306577483
3453357737
495339
124821170
698336733
19673067260
42553084909
91806794627
219934273065
8875844948
13716806639
19648195217
8496238731
30465235320
37049341277
24967521370
881158288
3423957075
164664905
4642997621
7883984629
2724260284
465703338260
375987306
122261743625
116466677331
8698159744
250428722588
192920454222
406163532809
1353992519
67936684396
42123470644
755418535
390219098980
291915896369
46551905
402986789702
72730451160
29432708932
23440694151
4502896619
1364986519
8749232733
67882969923
6003689686
22273221701
252725648958
10035783001
15542762420
236471792
151162
978469177
73802522869
50829662616
4552880077
807418674
22997942701
150108266727
9083405193
55837009
1341889871
32975828516
2351443099
2559696739
194523309490
11814557230
156830943533
31360190730
385293314
125859650
5747419010
19770258641
26338982509
97621024
16294028115
161522729829
29254275486
85841198876
306109
49519442228
40267206406
125184469573
89469791845
13910211719
21672025822
108383051336
47404209155
6361551555
4075444877
7373411908
4035997179
712351085
21632066
196358909958
199718468552
356100674618
8392693543
850123439
127939617
25682588951
285595184494
263374307105
2292300
98782404230
521314194
29419753290
425771991642
1309001569
7128075829
76191686258
340327310
223915030
81767671403
2368419082
116650826525
30739659107
13920831227
88656127368
14117208046
410409343288
1390401776
2678227827
1115513393
9303869707
7526396460
1236028063
1097492542
70784419593
13193193483
1934661702
54755588647
107274182129
25833905
415135216
2101331
347572338
1430313596
773905329
286879184
47427435
1080396498
8880774
668606206
26346020648
211011501
63098803964
703052
6931679271
4363197640
1213788808
1305547829
79389149818
18542141427
50513256813
9885268886
13613532239
26628406186
17169867614
4634716538
10311778639
378596140767
73396311375
39824042441
151365148951
57118083905
196784
81499094050
3420605331
14005315056
416161141162
23165020621
196362521819
293216742520
514196417924
17496421939
310043665390
10620704425
713472715
1765091420
1936421274
131023387221
227994361846
13796321405
230441844353
186915574905
1478465239
85330084954
86391992178
57700
33416501401
97881200078
220048825
31327981
6655642397
7941134321
46726803682
204902148
26225333520
30071160777
1236504759
444217583913
30342611368
11241050750
36953330
145158152309
124120008173
65344537
11343958324
448937525
4312545298
66472703
151259624658
10293090987
28269708047
1216674312
502661313577
9349904580
82370984102
1578625724
2036756597
5314708663
204073558
141923670465
4235615983
22255288275
84949794600
172859808542
31825374548
251901271841
278072723952
344794889
29473528494
329836038567
374627596499
30090008105
32702940670
42074976796
151736528504
6698684125
2894131957
278050104
4705826538
107209079854
576925363
326143132376
23961028479
55419186414
71741112928
76762397465
11480135907
20928623841
22198413518
35587030163
24889753944
135181819247
4221944815
10235545022
2393661659
838791449
20961239144
47080515711
273245100
46351078
1132292455
913288691
396783193883
4122070
150332375163
71632635238
27493475204
81870610981
12748470355
130979078393
90720983275
266186092
244248384933
139023020982
348488904534
33859640095
55135905961
4657857800
9853794722
50154364770
698308551
412188774
64122929067
11668988431
4751777496
455684450528
44224551249
503137217059
190201760
62229894292
314411228
1176580134
199282873568
71141663525
1948325
49192591324
318056247729
119997539395
2639347100
63883131160
4378112832
188868736909
351753372670
287502057891
117856967635
67908550596
4397211376
232508465357
67399035206
24831037651
19161841934
242921519374
16114822109
380276005
210024462864
23268669327
1476483343
2078247
12901812236
35709385945
840539846
124637719207
2061564184
117925454673
15197262195
127216244
139027802990
2168997650
