6013059256
439937968360
132859410
421511078
34439678811
166775671903
5335131581
5064502878
4343432077
17026815802
15148656315
13105035613
152762152269
8802926367
22854760129
542459583
82104173825
602416476
40147719746
72710942511
70968327541
150531205781
34626149999
5221035880
2774887564
12882098534
36736308001
218324957468
23295406190
121814518517
71350476967
602002936
88423
10532708841
937017872
1326140
2136442814
152862465336
40894292839
2805218732
27747846723
399780342970
92507088333
1021958101
5357639656
10638444577
140836590320
6515033643
44360776880
107160373823
121203461725
264167089
480659799664
398867728207
6562756398
6585004320
238742972
63265948394
59027099432
4268056754
49673428021
3136141
68010502548
15413472516
150255847694
15773797106
51464563
34627586573
12975535465
2159669964
7495996648
66025295
48027810803
60058339568
7946227
28987122395
57258642025
135888797500
414940122
20053583972
1721652394
93388470985
79802586949
15960574888
25951578346
19473499749
216270352453
19790250565
173023702231
14751377494
54222688162
80678687235
58123164309
1002670876
2679253334
126992034469
5371180661
19568092826
456871062
179827517051
755106547
382962976118
261651445542
3169922189
6368290286
10470624985
205568013185
1082677972
236554655656
162546884
33086652538
20917859932
58536910867
66252369011
111069690316
1929073977
296690477898
5151191616
63566748
131043769749
422592231
104689636658
75069678524
359440387
94904104791
6696343676
85926943375
138926917115
3002650469
20003006641
20137327878
114010793942
82453738995
60574436125
69637282478
765837180
81149268580
50183232218
16687178808
270803951855
22315684080
24353580365
239339243950
2061196379
306710156
28475316672
72626871903
410073494
5468292828
94370123545
13091650534
122899441615
116355929149
661055627
453313328066
26022681457
14856656684
151244622899
691222
439490345046
6948746871
24172241205
74274136183
265472642491
1228966752
107260852
278855679050
79159078234
6719
3025116923
137815321709
3135253
310795572
552390
158629097
46643013798
388781336682
42252469323
76722520944
245792188256
59160254133
17893114899
1137885950
57216866417
460516919757
18357395717
109467441705
316771641902
80260636
51181312183
34006338
4790087575
5189608480
2845289
121093905855
20018170457
32874895571
245493010
102536939655
1358926316
159363094408
7904395787
110909452147
2306530854
5488399391
10459647504
3483125382
37174217455
118006164789
7598058363
31168729441
61336408708
20817165528
26507131071
19770206667
347826681
43683794904
216251911964
363377595113
95171658571
2050289335
13318700704
16427631908
23521161136
34236797682
51011060
193222734794
36498025992
27211213035
596631724
3099069
25182068170
47060399717
392112050
107211605937
3552905851
19144375545
2115732111
213351189038
926235372
414151040
8838560133
403573048
22697217080
145991141523
50062140923
49908350624
3896088410
183904073
24464056763
4907999234
82496632709
94531435400
16479223688
186059751069
6414268582
354329025147
17709972
973762331
1672399144
88903388062
2539127986
5030115537
16733358889
209898201457
124043762380
97234739286
844548799
93881610160
21862605
690565928
351113030670
155986483056
14318805243
1704076544
6408047760
100968888412
1826045175
296152575727
458847153068
349655830804
26984647991
15032594444
19726850043
11153860
1226188980
18451959249
93019466192
340562369442
13532958590
5097710747
237360203
5143768949
22884036430
331237372255
31132331515
231525796
19527767172
172808618223
450249958347
56715028858
2291831952
86181614593
20172072792
9315070212
21545423504
191276086422
1266352580
293183995287
21134013752
39526848833
110290886939
17669623849
14566640996
37399632469
716611698
110319753471
1921090667
5209121436
276102703641
7789064610
57148055432
6934588334
987839035
12407038022
160554084780
201199274333
211015540506
38626970811
154558544957
1004518605
102877094307
2102178008
8199895117
3545871841
761925590
2360305543
2408311824
55444182245
69292394
22170664878
129389841390
85062991377
15196652768
219337208
20034304161
108040774900
12056431062
25449130100
1284444189
1924191734
9420781388
78977133965
134965232
21173900467
511346385
545167280
116873006190
13791827690
336484530271
20980900159
27722984290
6590603676
7240948141
93888792748
21960984092
13293953357
80627261138
80290856796
29025483579
5133663516
53429093941
514726587
106485085508
224234859
24008064515
22865611988
236310027768
154941154353
50005547504
11554666674
202242959029
1536996488
16314065
26868805053
11336270842
119231920300
2709800880
4884233863
4439300752
79208536686
102517303295
85754937733
129779347055
192347184003
43115407344
6568887846
96097575763
1632969251
1255130271
10999938593
15474992408
9828905891
3212992055
31524419206
48706646756
49585223047
60578726246
41076972039
230773373
123040531898
49343589
470933604
2342428
92825021570
52811638776
66079509427
4423648185
39404821
48515987980
297646189415
61353206419
43094394210
8169264767
84039700041
11424950935
106642082282
1683818371
5527942
273866566388
25184256445
17579988471
11464427382
7361200747
257780922736
7932120320
2709062114
15382018
48524617615
66250510487
35996505116
179832484847
2923065261
19856396137
223504413039
124305684
9962867058
105588464788
234637825455
88646829346
5246099863
647569522
37098443066
19524941141
837087344
6782346215
2242451593
1027105173
24941109487
16983824543
482340351
46118798978
121740329601
183533745417
496002735
293570549052
198541465315
40676013399
2846883802
15355550697
30958760069
161595553443
9333881
1223046100
25452628401
28252863483
1053413091
100340577350
1916009639
18035770886
11318716321
419275987
28453200708
4667578267
328505166974
1069646322
1287150
99738503831
10967383247
12223076011
36178838
7215566
23337411371
211122200249
120642805
6508895014
150011812332
22454636517
39308199775
359788654304
11011762961
40549283510
2491385088
46889124899
264109857003
384472790
57604878873
8308275
77994310454
11775201121
423482839
1780967900
61342682
1363404442
104280655121
2472091461
15117124346
305995891408
103865500530
87381665648
99110950460
49575099228
3129988034
411092925001
7840360
10914254939
5018777145
772794541
180472491
6167581468
99076984781
29875733377
47089642139
2784695685
474232882
12722829366
473614956168
22334269417
22216536903
50987302400
65124948146
563280081
7697193346
1343641264
38138645241
247047660540
828874
28752195511
12004998133
7361074297
173641732
419517216
337793862574
164089237069
25853747
18330214474
428330875
7798735
125236981284
3369265506
5822528834
87251239960
25413001795
161375765157
168347032367
26232032089
75936222451
3935194509
4172671
77695911
507436782
18846631373
467377856
189725330101
81647784662
3335772305
140539
108687867774
25142152607
2116172867
1694628519
10641043
150833918333
2458783815
721026108
148673349555
3105383406
140183676
3469783512
96636412265
68923657
63895198709
158152257254
86213560381
9870239972
160388408626
9066207502
13718766441
171772936974
145218604051
31023906
2210176599
530769285
305825842544
5761445024
77276568370
165850629470
67020243598
499037657
1996868280
3801549519
27161754617
22921130096
26726556076
4959236394
13652530722
134917011267
117349499140
153203664011
130209665639
810756121
6975228033
15378902484
48542889136
33688851815
58218549448
894882583
257839546
5950638
44353022392
30257295466
329560278128
1825740175
59630026908
20144980393
11412034025
184444022424
16877766811
702381
12649061790
125593078
23103903
244239173712
115166718715
370477268
11326002
661598658
235326843223
88760192
26164559616
10925756929
2044046
1510396753
5230646071
122186349528
2740851112
29927958731
366091464
244452765337
2786408384
102606715728
49363846
3647569507
2023138625
15376016839
1078097017
43729559322
9950862175
266063538745
6737517941
15673021
6655431329
316335900
57937962
8775005955
119385792244
148595612
30387990
37664957082
11595434267
233751515476
3766161144
400167112622
122474575273
1367160428
10787515584
6392411356
23178430694
3196161015
1672403660
2107190419
5407850135
18929009843
743634454
17323051207
13064888170
166048079103
84454110550
115934303
4826508473
472315289572
5263133537
465094054612
227876719456
153159341498
112428255416
98206016
1156076875
40764323048
1516455987
4218650
104326544551
494343204
1812379098
23459518019
195103504877
10097563651
14640422035
32352597
120115591568
273983295895
856102564
114162184217
36207380097
14542076466
8648524997
3713149770
69538987993
270469787
7682718126
295634655614
59191051964
46449972348
46260635877
417821895455
1007903671
131861314
351776918456
19921936582
49992492197
22721192348
601319528
39166207632
20343805959
447682482717
209613351597
303494697270
996353461
50032405249
12316821874
9954781356
1161750840
219253814807
1552592102
29673575419
34828358704
327232853280
13539776326
78351883902
50738615374
41081001951
430951882041
119115782
2065415708
44755326329
161502280360
33369103741
199704783995
6440835820
110593090955
192476366
9446
104966819660
68622867766
835497451
350854476443
36214280
55695553822
172069475813
175720234084
6211369754
122113305936
2458265427
1406427462
11458166
4820980188
176670607140
81387930745
44679256119
42662369854
260902535758
22274092746
15039067
51155283977
879242772
1311695901
9144407875
8470210302
899137929
308124073243
532697189174
3474491921
11948
205667540238
2284944716
57126931926
294678308253
74743739712
180000906251
857558
38003150040
11420327978
190805199
3264429853
2517776376
95497154602
660218122
15577458868
1781727921
22307195394
15721874032
124903624
19327161753
101576776457
97212588710
93300388526
23028693315
18876502946
16274698994
201451739
72467552782
262256741375
54588114611
1354852338
34622914292
65824272840
46479008456
151316676625
69214794123
8107224
26944765
161068271575
132968353963
179973951481
1073740502
39745379425
19275904886
13251851932
4463171142
15535398769
33452188015
251413377
9613916838
57724625627
38844467196
120590372161
307615048
89264119270
187883026643
11810493366
28668563
203280828080
18507450
7898887176
1124516891
14270037731
269670770196
449611254753
44595196937
48332373848
3481684595
100310623301
48346699262
58424104013
305908193254
103862915341
58569148753
422705782
2830980238
127703210787
2372580429
18152581436
252890894423
413263250527
53364961790
14229477406
19082673734
4442227301
199457849411
411025646967
6741958842
12332398225
2802501946
99324884
16629381215
212426092776
28965651362
112251871963
9663
21190735
8760203816
9440371866
482561447513
274516222644
5687230542
240575882884
175277219
267765358526
6993198762
193964327550
154963537946
32945176159
3952597495
1112363685
2324543335
25182770550
19845813365
27776590332
67397864630
44917308632
63932157
101240356277
1110890507
83249615422
86556173848
3085974382
63397967
36666778163
157474881
187779057929
31947979278
264762174
12760295817
17383919211
75424897807
6039
11096429881
10460582662
1619001637
926188062
57662406132
25195679301
437682026
5638781699
177571124449
55541164058
10725258915
250324762
23124128122
375708616993
1145663
50387599040
26794386549
176727694
12046376978
5351506444
103740842742
7823335592
6883087710
75755214
38068864
1281661639
2710079706
41566861881
10040458000
200253383008
444129723
501863655719
178865218778
13715550993
28806531514
9273280086
5905965281
80317947993
63054720
135155077057
347669696
6729460443
42616980
68552230162
1560753990
14426158964
350252570
288538064642
19257285060
471400647788
144075046546
407773174330
545347158
336557548799
5591605375
61022008278
32090445575
74211087909
87018718837
43488029376
422719157292
9378170401
3681009628
38838843897
