4384429147
7251426399
986298067
152253785235
15062628961
39611409047
21511324780
83579123829
6092926852
165791898304
287439652096
780239851
3701086
394361369747
829600581
12502852362
13164009239
824090746
37322793093
2300659
10999440151
240885761783
185817154231
37867183644
8158241883
82845488667
13655681
408402251626
23202789570
2823230879
336322174896
47714474
72519140302
19906349887
57330256809
291976112304
1495549660
392567306
31691599885
26398280425
10284173395
37914876010
4370905249
342013659
76598239919
18547475237
242693260694
852428679
3750128591
53681751242
18159163172
1229999471
3017530448
9409597652
104624423328
39415576638
45760240921
103106456524
8120781
13818877868
43854507456
33375797472
9216550570
35583615756
9714760352
26002640757
13577854961
3760378
3668789516
1026151026
61042768684
154466766314
89450908013
2983897189
1974747458
31538062312
243926933
49772153
11215904836
217559670
236181328831
2284389
12584539338
205596684
184925843862
4356526799
153125941868
56704517754
15480569068
40966484254
7915422
39170151601
401167405676
235226
386636114502
1066668198
175019682935
223150279094
304345275292
81552455620
431622084919
16045862991
3681880639
26944740
116383889564
5443941911
1573702425
119707015482
3
63291257956
5086141524
34453735782
124725509537
8633761825
6353100103
945294459
7626800616
222222254819
32916769220
15396346861
48174986198
1497981199
9775068524
574026531
271806155932
15461899134
162179127268
149463658
14849318461
97278670466
107105141718
71697058093
346694576
9209234378
9993640072
29503018272
180641138694
26691049195
10164042451
120909700899
24674489529
1050058036
183472410739
224194989784
562489903618
211936065955
487307918
42937489545
348665332086
102514103964
220897172
29702911771
211273679299
754008194
28934125609
14297077965
260791316
11607246322
298445588
29847392
4809887907
221775940665
65813223722
5010488929
1127462407
1835014185
146647105343
473597533660
27579346749
60515026727
13132566842
24341938929
52278102564
1915416933
12395742925
17704159
55648886457
5430221164
122573360976
130934863871
3516581801
239933873
64752466472
263616169341
196553993877
7673733077
1109808076
10769087615
197828751996
295376103084
437544068515
35941000695
24511283357
13351932707
58019082504
35041490448
42258883522
18931917786
13833267137
12709043817
293706876191
228246354514
30519080937
3627207570
13372874
399172983
369808178
92545390640
36202281322
21249489076
12537045531
555828523
12870014317
365439421910
18424143700
23655009960
34104982703
75495084167
21941680689
82048790249
6468863963
527430461
1808539568
251416070647
161099774464
40273619389
4069547206
73270824795
41495274
1415539065
458100068604
1015782168
38236428
9574695171
342208705
20465826884
2438099548
17522154569
245098411
179177696578
4689769032
341265002665
454968518
7629907346
12505734125
179659664254
21322091156
53429049122
17725737591
238437405615
314485850900
1727895897
1762246136
235009641
7348726466
2461983835
29111390440
28068071892
209302479
218649035
38349107
50360729873
11299923055
3567505937
51464104
256197507
482287661014
33978090013
40142285250
11541429219
780000
1015706431
87894879862
62354188576
2898721664
247174045
61477125865
2197844605
323041396342
3633942380
115829425
21393510837
10898545621
112786382198
65393482540
147616677724
72765135
165265067775
63163882
1925258446
23580735619
1296670659
30899941528
55005013067
19750360537
86798760784
252555217957
22541721
4840104177
874150604
17390482865
16072142779
65000789028
147784974
61815753767
1104296477
17835465216
26346252312
8156909680
23381059067
68482219
4976229
139153708620
102615790304
5986766338
17006118966
125915413397
24635536059
544629747998
7813565479
97226099460
26260002407
116539111084
553498109049
5728610395
163978832972
6238068717
7865864592
130060154875
3135897420
25058848599
1252383824
237250124963
56224217341
8898636024
128561527
126541931482
157511205786
5283243645
147316592595
281722232057
49971918145
39389726652
19476944714
1841892707
14722096925
63812352836
520046551
48565343146
1992443392
22512920871
186161080653
1646997557
25147493934
10367024639
14899607336
107546824405
166172593830
142936074
12924691651
261144121814
222474494388
96724118
147492133655
312816742927
5305609358
125299565608
22089165268
3180421257
9255568054
3892727600
34354484600
171699203275
111053520119
120594458791
368720896
213836077169
33235939
254554041298
2860936300
185812836762
340556839
9978919011
237323006622
50807051
249481719227
10399601387
66556772
2095576
686677102
4099892993
30043364656
186962590091
6532617968
188845931201
6347765194
16370035548
77593435
22512312790
100658724752
14606528011
82498326802
125065183365
9409413725
29555318254
27989677119
87562411839
93114320135
2494914323
2430940
122000439487
2964335
9186535303
62877564887
251682038037
40398042001
909867600
10999086126
177329889524
46232988
14324073381
383346274141
236742514775
67069679619
231969096591
1586205473
51369731811
23050985541
48460283
417046854103
1440641636
4633321964
1817546994
335111968158
85523872137
22954383111
46795962320
11050813484
7915923689
45760413072
66080304253
1388738497
100221742206
29755995686
68660285549
875648896
8578662273
88541955
326217049
211692955172
1774709715
66543925
19820909069
16492911502
40959959604
285429547936
449735654
43922224037
301429573478
253062450
1800848
149805438313
34730803571
4710712446
12542589217
198959987013
9218517627
43858497401
9406067221
463123765
14921209471
9507776766
124996417271
31544684516
107025883613
2981947704
88106651960
104663867186
946121331
106965310850
170130936
42916698
148351970
243960349568
398428428101
3709610
338047680
40465531125
48190620
2711057994
14491107850
57038357586
53830050923
9200173102
6999630539
2879032394
16288443322
5914450034
281440915283
39829943120
2066529920
3431541766
412251785405
287596625525
64523862
104724336
92716281403
1299599826
10227399192
57590836880
96493930250
193346808
1530796735
154890862
88994838787
2037853682
153912972478
35905114297
152306359333
1525612
78759717826
12558527142
416295804
2578079740
2418969688
25740850543
12264177185
279428643965
1461695532
255908698
6102401313
75128189
16765913402
136299148680
52269939052
244898089729
51791518670
552166146716
24096507934
969242
29957481471
28212556369
365532
1269146259
1939985445
14429017197
60756500590
53696127458
184760371694
61738964
263094611300
54085388063
72302745593
29142879
1278266389
215425645673
23450957790
275865665237
445467017070
9239780544
16367057815
16547227919
279149176895
90379245406
374560045696
598173564
8193840164
641825070
170276914718
11714925609
1239789801
28804112459
162511392267
1544230037
203526825609
6247578190
40913540751
4434747926
33380327281
2053344190
76765887419
452941413281
4550017454
151513609121
320198731260
7046252680
250113940275
128907840
149289420
116501008603
4028147361
276475039411
7812946919
11712029303
92539014074
149527656415
1165538890
43973692349
13324263456
42651526115
80299534606
178300442543
71639703
8151156913
139518811225
406194811750
198486603
63188372
582679960900
71311863707
2804143
53325093802
198243893576
24435555817
41670591329
18632660
13214249267
5982237127
160886587203
3497067191
138217152452
11925359503
865759888
23058991352
465027076707
3684058
28311914944
6363797130
50721090547
917141907
561116171309
4600751486
67373436304
21729241424
78950564071
9334615977
30687798274
5887617156
394865674458
48350884041
79615406236
36076426
11018323183
13994973364
29117711911
102319535756
168019688521
87848183536
31401217
185278829262
81781372930
2643260206
354061794783
3280554388
36817915137
11768448149
121887170100
64293599487
14532980569
14061138
5537456064
6591167
149923175888
8503734335
10331067625
24161584792
740043151
115572217425
6781637100
440456898
2770823423
6834507938
21192752812
2191734
11686160867
18310867975
4578387510
12452647
42791004924
44700341513
125148386220
206415
32028247298
15626356028
42597323309
84640313751
86716286090
14021792410
248753660156
105808842
17611193296
4263207234
1641294924
3066732767
4535436408
327412071
7950595050
58053971616
589033395
831507407
147013155
117630282169
59455686921
6389175922
52364375639
36976506042
3008280433
37845850
90508982237
251003640016
22350127541
49746785707
4080095681
4018086415
119780505848
246470378
36132676
29699511421
163879
70109551197
233927961080
9236289699
31656291173
211381668459
11590962189
7749199582
200509349161
307077280905
11133330687
38495495821
130127547584
5086288242
26941932
119928280
162705039526
3345873222
297637726721
89975
92709690298
130418696112
61923434245
2795534361
2507085855
3554253
13735517055
72935864843
66025618072
185189184
18053421514
261530411146
299404861
146034163019
1220598039
24013312567
47062421544
324075430243
23788748220
2009258941
49052796271
551622121178
248054463778
1748551250
47818742371
22861758096
1881109701
169568266977
32914932111
86519366541
28564929226
39792037438
1595029696
67404911882
305547650742
30373440264
59024348640
286108486042
193612177
152159033033
281217
271550634622
254623400644
99529372226
54319151879
511080948831
34989313
333990440990
68036659541
122221816132
455308045
151780960067
1294154
1549846617
91671741157
84013777326
140798111
379285903284
280132796
431191964583
7113006411
5654392
195321560026
3676914986
4582631956
5498300338
10112849246
79696472128
223623735205
96955710
164742048954
425986557090
151808047230
307687047705
5802854344
910732581
17074585425
133656724
38779338144
81438811146
54722327723
1990619129
1111789982
27470683340
137942702250
3689628234
11957705
29164886919
58445227496
81437736075
13421277024
1386767389
5440145269
739224136
2884376573
345873102956
1644838979
417447804428
26102514806
32404819841
47690429625
195282205938
12730095
9312939824
1481413104
10156364412
20671696627
25205477813
17068169682
16659866155
1226073370
1546105092
387437052
6325527228
2298889110
3480924495
863575894
11662318409
860523764
93132230626
96080451644
86260328568
7036752671
905816722
12306740664
1645121122
368871350097
149846115014
10405176179
92374126
1110823872
81681723053
23861413928
171912003563
86443709456
192394256711
40360153491
1611743638
86794557
507332912
59111584933
2233135853
2192527027
9402437960
14285996844
171231822431
24122098150
61367938
83839669373
281147459
17081215306
5233950822
123427925
15981338343
16440315844
1498125601
148280019564
14845364075
244234933388
56694058593
116148697
14199823207
66537911364
60815463
4613848883
273985188
151358514988
490249141
189889463
483560111
128185958118
17065311552
17685559880
128846665339
16796092602
6709444
6565745529
116206691388
469956204685
31248485229
12200233468
14248419897
19942
6386712725
72303332812
8584400151
85094424480
133316328
1333014427
1203782469
2323506655
26386776187
58050202004
220141386
187682362751
34045246
60604380374
42491640917
37857519101
389223206565
2225574848
51432310020
9474322718
2557159223
40951681292
46557295680
52761909554
41343620864
1590404544
21786891262
1904181013
57741832341
26746708800
8659958344
69759663316
17566604775
89221965907
215647572540
10937103323
427965166
3765349437
48516145911
102583682089
588954410
98506067834
8682008457
1473028389
8067049259
84762747635
33522482021
169833860
15987356680
7025563608
1792717516
5726774284
80578456945
2182810587
1053196
5816510763
18111218004
47378517
558787692371
57209661739
6222714038
233709429439
184597674063
25008615081
21237453099
147871804
787277418
82269215237
136760271810
1137764606
14174067487
3027425242
80392728
531188614
2416632607
17326979411
199695661
32261716643
19760259938
