17255026855
181582987966
192823202877
87971857935
258443324156
212494267
499494815
42385328818
12784500945
324199389559
13467148363
17929801565
38088385746
124334022
59878014784
40941439902
11201739895
29943587285
38122061353
10389539366
64993702776
26712072726
146470148
7152245937
32736724139
26194858816
2988379939
42969270070
140033062352
421589932973
10748098548
2308326450
2810640537
1290519884
1125018635
7948721484
41277070465
113023235294
89495348957
135469300869
2078397991
5158484218
8463528579
94837354
27193984
174735862541
1306367429
1760434484
116972785852
1031688056
214637766
7602105020
6356277738
26069494
271847813849
360475329214
5529683287
12553069782
27907309460
402700961
50583702729
2018201364
266548266168
3583772950
7746572161
94886345200
301682866524
31288549278
34933809380
44757710852
124343589677
120169853835
16132035403
335962998677
3866884310
2221583048
609791683
417872179831
17442173634
4934327821
1282736140
3316317509
219348733
1511862987
22226586344
47390174947
74023192988
3408030862
117079964
456028343
12526418316
96923900629
2361470947
57106669688
414494598193
23925418012
77205452113
7701071649
555047625
209397763401
7523135727
201574819968
15149168772
44003884782
21639830532
81543281003
13715424963
15381181211
1680658
25790948310
59517347535
23175161427
12027338617
182175256557
14644765497
155472603757
177885750275
4668462744
119268430825
20155647390
1343125724
76236406
43824009909
1756457404
9812352462
105431981778
4122439025
472747142
35210267
2816251487
62891602226
5785064521
25080769334
178914537866
73070393
21983
20401201878
38875969354
441685658224
271762470096
92173581834
10309390843
4571869
11659842360
61873057922
359738552402
21915406987
77868359922
3339645374
4466109846
1935118918
3264152123
361357478150
61438948363
3961040161
72730677833
178943303803
6789698
14586921
40733869787
61765166
35351483062
64720252
484070708748
6624735
151195782
88816340921
1926832702
46525776694
297754392015
9345085180
50035180367
7342223096
5182439397
61810059430
156954109349
2905208423
4412138768
55865855236
29089630472
7409274224
35052495887
127428836081
9581008581
13949237006
1180200462
556115
13383317539
7478294695
1811557917
41516326822
319851510196
25586807273
10577815505
26846945062
1134081092
29682096
39263046371
327113889263
172365783361
2257793955
10231802063
205417009746
60179535888
213854588086
321753955086
125512000746
15345208758
637558551
50882778
6941562489
76107829869
4450469798
3256672979
8653366819
334139025236
474324307
11208579791
44570319681
12310118514
161917258469
84521724882
8022918091
303458782
121765742803
164341921675
14903931025
10958174854
171089621792
64337339617
142363961945
369594739047
208450031501
475961536
1082564693
8585428115
41330496366
9938387320
237019414308
8261313170
1512439639
133099070063
1626589552
31596012439
65873867
2073912423
22497147692
50287796
3208033630
85420082380
2234280549
45577421080
19454727543
3581735630
3230996523
103596974771
186057946180
631890538
324265038
23111529
36533176049
17814952353
2855476462
113969688229
2500293168
15070141561
38739472532
4852881915
233235828487
300388154
108854449612
26868970
239573590655
12510666448
128089528099
22952186534
74278361757
8863110752
62103102125
993247072
165201857
1455543109
473550923
3791444539
19389788643
24889981681
13664364866
91240426371
258977617220
11473214577
152953667041
77976361311
1011754175
4165590594
12202660347
24797402541
3128036869
32261422
156471418109
293344507
2041950197
7202193927
178865608459
87993
7908024221
98930472311
65730052489
5710252632
1785785824
67306730880
32923060434
4887856981
209583275
14887083811
2766118799
287932361169
501750739
424502973
2625890718
25597131605
3617462317
18648976666
39509915752
4312842007
83310303077
10930091152
56231002
9088184650
65961119979
40204122201
239619829
4198326128
109775529307
3332930900
1911139
235029914
145891542281
364281806
5627228480
17939740546
33223149962
7194836
586024200
173189535767
19401385262
12828173766
139416803064
2612205341
3851457005
197927569508
3666150280
1406857001
37049769515
6265634427
174356246055
50384472383
76757627670
422131325184
201600799337
121074704466
32824009077
16636965546
3631092501
68957448114
3634759139
7384773036
359610667
34713028491
11743372
246219281
13873924307
59593630309
112329355785
432795484
451884764106
238535534
37810561958
4389631270
174722485741
139548202717
421523525788
80462105767
26044655347
17198125484
26409981326
10147830638
910046149
2907292190
11115995175
5879703598
2192632
2358145855
152417876940
4411389307
2008589333
96654294290
225371380987
1346977880
493489362335
123013935
241153670
380516512362
2566699735
27516422132
5431804772
75220258619
310166954
31621458712
349309816595
140454590953
8342112
20133496135
12765808417
440793945
1061894863
143729117300
39250968706
287782381350
109108423
261436818
391729296061
138607869583
5504209375
3395815452
244851973973
2398671898
3683713514
5932031826
71819896505
273984869904
568569882
229056692672
165513603758
146445704472
73815417
2032677564
7155994779
37724001563
128256598217
191143290318
138020622177
368612850
63364521296
70714541152
226510880528
70747624746
84470765061
19885663058
28136770966
9134729354
105345243385
12003704614
152171443168
139389007652
90892115
1067800879
67060520512
2430508575
49571668316
3596577738
4802660252
209955189
30438517
3558908023
86505139037
281607494230
30778790276
141945281737
284645233809
645247875
269366641265
8454808394
125740235182
1153207
1761922493
497284491985
84298049641
7159673270
78151602
34384018318
4370834753
902512041
289503653
3790880256
9701639974
12151861690
5072423675
65999744090
195072098
16442304550
3705991936
178772646723
5345975486
100610307721
87835222630
1540679790
202347139510
54877597786
55917681354
901228290
64901619907
44204408
992884989
3149439411
72422050836
42953222296
1587775131
2338527
10371
325464720916
8388174621
1486609310
297299583
8547372
504577893
5943469860
957968224
84600048342
29536650480
11243087116
907824034
3584374227
26520648007
73459217842
79267589609
274101761
977392129
33834743550
3764704697
144049356252
86608241533
133403673
22147560703
68575458973
371252268380
103348406914
2486634525
560625553701
186674410490
366291238640
35377581734
21247558347
82805771663
1332767978
5590704899
6365795140
15425702
13780632367
228447348
445740975875
58309779809
11384404543
42900263909
1750351471
75525086240
321076380640
29670038
447174565579
613572049
247782191565
20499005
1667958317
146366545379
146658880886
31092841306
284048537179
33435639938
41066203867
698165519
2543144216
466673066812
15096591
83650572987
21927024808
150402942171
237956031
122804889936
39792874654
69688556874
2909457000
27423322097
83140303
55637217276
30124326829
13922094260
1090070769
56412586827
20793776651
26653852205
258074574607
28932775456
27809506889
28316342920
6308728925
67176357147
299514287271
865816225
657062202
144479958
1426223472
7112045
1958229281
210630662732
22682006602
39234140059
5912092
34979158212
22108041338
85905572975
177683822671
259651341857
111526613911
109129265931
5991985499
41006945240
7104320141
325010746640
57694974875
167737559987
6566652634
252191338
131126207957
4641680804
14275793523
62921417890
275396624117
1029032633
3592638699
55846790224
23202490255
3576239544
13394851950
103054276951
136157669907
11920430214
12963350362
3097416485
66786274368
5333494413
92404736703
5926515960
72872400567
44980324970
63030984324
5057371542
274246
200577747384
36630134528
97553343839
56533753
294672142
655545458
977347730
34265814349
4536501616
172192159982
1041182747
29942349158
16490136422
1176457817
222089354100
85655639522
23692067995
16292199220
7534904771
750503916
373047234
18952884143
2310605110
304654571
14128866952
473867771670
10358255703
121544567224
77615987075
1603682962
50137269
241194345616
42487591825
5752257478
124103563059
6400128486
32378687181
26073989789
1869217814
6084527668
28917976
687465018
2151651269
31114310364
45858215226
3837476291
211989136438
198090721157
126603385354
122137881
457593112003
114425433800
10631171433
229781757161
82768282692
3273416158
29991907203
161178427168
166549282305
17809801340
240785552692
134399180135
722439065
1754818
677787845
35730188438
2263393691
2856328426
6095926395
999225156
3517259537
43408832662
19931
20528519
36639617844
722187
24689006
1923745515
3157051874
16449989
201671267742
407860922820
1937116843
39582849651
32215204701
2528200522
30542340830
1876639108
28058641786
810269869
6151043006
22525855489
167489312657
133943461264
12330929766
30824536117
70467
133180
10693102276
113598228797
28389567897
36227467730
38723772602
6385472448
4739699036
8363473
260583117270
212707024360
399820358158
1878849790
1962971402
192338509004
69644127262
25812403463
976432826
117675905
26353581557
9541190540
17173161610
130070366672
15978170575
135487111
3974154947
61155400467
106660780
93414063963
45621866174
3948723075
578316860494
8386092333
1534963500
48253982825
11208892539
83019191035
22194543378
9281494180
1249558647
3289853
84066482382
1664214746
41913463387
454751125821
52092011874
2626569725
312437855324
124578696027
112514183359
91028206607
748672593
3715447527
6180231916
52514237972
109329400200
482455494483
16731278190
103861477483
24329989334
77290730148
4100711782
108212500725
716129848
26900122894
8158922139
253732427
114104314938
7647843222
236336431
9787618634
261044993791
5033622276
1121739245
2205019175
71228897
326700456938
9429511358
6362400487
190894375381
94300638621
122871918487
58054593263
91520923835
89135040277
41955845681
23175051
19185030720
1683435463
5915213972
184171982295
34415507349
10379204030
3067441
6507348191
473008005
2451801001
40943918008
96648731
96368259
56185168001
5235016841
194379676
179761007612
332233546621
1923986687
299748342683
71811250227
408262319952
61951598440
96559778241
172436388313
253423379230
114008912801
401873391407
18761899733
220875112929
292316938319
28563446089
50831219787
4895760889
131080451710
167418686617
133938774768
253883056444
254660766833
2579672955
269785646537
674896726
169314890611
423304587579
83287966871
57789132173
11510201063
1667669153
34936441612
24518919957
175010223713
163350443933
8185119325
138648424245
90113473
205897612513
82428051638
28958594557
81619005592
8774724420
16870961
4378033081
137228223780
2370503599
47962700229
19048854669
491631589930
61969689499
277021843
98763255299
108164564010
57003513823
154352366355
29364544113
19561476338
28136124625
39701191578
11220708442
268780171675
413184361
116766883183
401734760543
22242951447
1296144534
61713013237
145860877524
18792706643
132739328313
22799195538
16783247661
152551232553
123139896596
37023000840
4715255873
1329858216
26818622033
9396709394
135157959956
140403771682
54374853312
7856255051
39337527359
5303445311
166114480114
290329631
22589684100
409407145003
1675754551
26670326809
79543687
162015548368
12846436931
213730439625
135354500615
931404920
19528521370
193912913301
9222479107
1773768499
40107723850
24774185657
126010157
105685425121
195286071188
341900322823
18057436665
44473655097
1711917492
13211271321
3030741831
137895674114
6942499728
152762077334
6832687358
104580146806
894983860
3089657061
139833979
65389537678
327867893323
15210012206
112038269615
49228514767
8131819487
4443189102
132579706760
364612788698
81444350984
87839408938
321423134728
107134802039
187816812847
279125867
48754990159
63811499
180721060
58430830040
1865873912
118310438244
5926603204
131640860293
19846013546
294967128853
90055120082
15800188952
53764851670
41602581838
49584301457
201306324396
456088348939
