33541079677
3797970
15862670921
99543750949
9262470908
152701521247
34725939260
11680077583
1488935713
2443
72379871
394835049794
7489963
60171950253
308968332
48283822317
86611128002
354997322195
26863112979
180623225125
18642268
344887037
1282488071
240836995
31831648586
11343625326
1566575
42806677989
101661492777
32370455525
81393072689
463095626
2767462794
1609327181
985236318
7789352
2941798441
181947128665
1302296121
299271689823
276728550757
2137704660
198997105
144389949557
5434127764
41836095
194152663795
31197572366
5527150186
209579848940
50051370956
9994438354
49084960
1306663870
697024654
378918428679
49264828454
354056217127
104272500535
4181491333
182969682801
4313935314
5108219848
35894449715
8143885096
104370862570
18948603501
169584704
397835917
5762269881
49041472416
402339254
66067857968
689656529
31565931810
144414510
8005466342
467949099910
5351544161
5646000458
296407276155
30732851
258850150143
36349650712
54969362783
28005089631
285169172503
4021970515
403480083802
4620446
141194222515
26991367671
1019523768
66547922610
54387773101
91466933036
141125219171
4354410793
86348815204
93593525788
371310303
8092614070
51124789420
14871222685
17635624168
452980195593
419502021677
802862809
40282516924
765825982
487747443
51578131423
87697751382
42894212698
525962465573
95147411934
2705226800
79390516377
25156757158
18949335212
17224696680
72836907
45250107300
236725171388
1029874240
68677095093
14194607966
3712846090
10892593854
4472884833
167502621395
35317473
285947824
77885386336
216826015
55057382290
2114910175
438448749
1250601667
826001526
20880430
68823137073
11581610290
16926706
234742716625
11052401630
14115315278
248730495
12213997405
48923289084
59048832430
39017892732
230350295
333006817429
366983914
393483579660
529817385
25135136616
6347444534
6452084320
5059750757
1417529015
1559983246
2439723669
148346147125
12939191302
309015954059
25073363583
187380402992
13316744805
20025161220
123852232219
75475373737
90505531641
68148663918
823902715
82289026517
57415105958
12459738766
36629568
5643843482
308975192581
1117141827
5070059987
25443658177
25912597727
9870352604
10567121464
294644009571
489218546
2318141630
758096175
2424261706
20479400626
837289455
170400991691
30263010749
136312422935
16363889776
4560119060
640263
274662209
212978886890
1532602512
286031900
17525856003
3671940221
4696043241
8985735300
70462861772
15969067
76626293767
324666334985
12120995442
1527152406
311832024854
11624618778
189982636889
3079924162
225624452838
121246082
4386985027
74169687
30153079
72607174078
16448843192
392969677852
509106539
191551623766
17451539655
2117288380
11400903115
373964426
3491516049
66899022152
1648700
255918011788
54354615081
1534165641
65013246516
2639081541
675302713
22494863838
3481383501
3132029
316750031357
362432058674
131486701506
156856516950
121264067496
186995677
2061268300
47985970602
140175158484
47659090302
4336214307
19689762416
24868591006
15077187718
623061826
665954333
9478812379
68476313107
895356838
134630857174
5910201472
17959705613
1539005475
59146006540
118018782661
27225689021
785931
25831662249
684358023
176270386
94331912314
42695240696
197855337323
4826948194
2340512935
47072487471
71731101742
360970493457
21281897303
35177399388
724416046
41531578178
85462988700
5653351
253940341567
69559085281
129964301
40610633140
4932960
471353577519
81152244889
51577075305
887999634
155100023700
52205307
214493491817
534800141335
4771070802
149554903816
2694808474
107896584607
29733446264
514850900
71241272205
11182291732
33871567011
656405386
20132615892
162827708900
3065628171
70868626880
1136008958
2657587076
36641317149
30712428292
23995455754
52402928105
28587929971
15521967
81235841156
4423198911
186664655947
20076498859
18761823435
1363651109
10402307
88657221943
2100657
11090299212
5865652874
15196092
62316923267
22242924633
3317891276
86225223155
213894106169
10541756733
48422519798
165762201
399592495224
28722018596
110311236959
42925549065
232873920338
184767122753
2157321154
22071639548
386405216108
314028243
123668539119
85918345606
344829798987
569564328
36688544525
233540727
296823328484
157119815679
1489148897
25758923418
1763145336
10848195288
390893179
13266468
64926026202
38820855215
5858094907
154854484925
110075564660
18259561864
16111699488
16193482866
35565470767
28189310762
3224796743
4244443009
44930902905
69336436021
3299012818
7980066203
133734676316
87823204947
24012716864
361888308
14220585904
9930169412
346747202540
9427030627
266757354588
25892077969
20049416798
93525822603
3368149714
19586574688
11294061124
9289482875
2433640553
194706383095
334016662
511795801
32208922021
1830205985
97594622023
1707969248
118565818557
72969632330
25644291
19617696199
190947767856
233912766
2730585255
449784265202
459963584546
3077069
8554245400
23197693808
12972269096
1829204193
2935036771
167286947476
324546494
31700607377
22240157770
513818151
5410249
118070590
3851613002
4493013664
8582272569
16406745468
8728474731
1167015292
22104203258
10415100551
218492875
1860538660
96848594719
27090692968
33715899707
104993064780
29355773541
123230963
19052525347
16096783987
204700749118
56170950236
14970870545
12809648560
398835736
374861269092
228264157138
39808666618
36150417
11143026830
8612610064
6364838
250256520634
804085690
4538042493
1642933192
8023911501
1391627268
244966
59543866
392099151
39351033112
507826723752
5012528735
2417408
90765046674
380545396
1418465
106194271267
31453798498
20921627759
19552496004
16551808515
3576280599
15179238882
30450660396
2146072489
37262309798
78339762206
10239973580
1848584608
14450352456
37206968018
22848001338
100811578725
24238532849
120158334161
36303017139
9173323699
2491991771
1954435110
10328936724
15099080072
177952826213
8429356047
5338624001
27822475560
8522623260
43504492850
454807600970
2546600
1808992475
20601236216
6066009231
184891345163
28120277665
2738974529
6368539179
25930751213
3614326
17188287056
30655173228
17108835023
2135518412
188627280794
328368636424
4369544068
335655302
25399076282
151068182982
320826868
577783279928
31517024910
189758361231
131216094463
609071376
27311830699
110743328231
398193173655
23131464501
5098439274
480342605
2542285208
17203526809
225408249147
15215380410
50440261
635940337
446671085020
2182721138
35548978648
134590278124
234571454400
22376477096
139717931150
10552476646
7006059529
204582
176977588047
9304588014
12618198484
182686289104
97760714250
544963582
44102987492
43432421
298800395718
82040245874
138874512204
7600759051
104535475944
32752872774
3105909755
25727917
137697466191
34941874996
14271914250
78026169071
11359400977
6268298069
19413293910
9180442633
12093864176
13370558196
869600599
72389960145
11057066267
63652062827
48747451563
29161180173
263493264675
173424138515
37565177
1653199130
246419204
91106499984
8886687595
17824752135
263833371
28565937208
216738845734
61433340170
71306172760
299422414
5551994586
124870148293
182921458750
293362758
38087840271
16362040305
1164717248
105459648967
31048520230
2694098514
1087378505
2293773181
94704081893
305118553729
27218217702
3561646851
2199152815
700044261
28878550385
17577367300
108474496081
5926447128
132664581
54612935144
15807847771
8484463638
38142364
136297833558
99557628663
73834019759
398120781147
20973495641
11424742004
197068046
5346127612
4031549751
2151598355
2128962308
180247128713
789702
30490274
1240324275
521389707596
109656342
344336181675
46111160109
4288239642
69276524451
199585197002
6927339716
44470284348
4034966439
6534187343
2621063944
11643844996
8105643403
13246939867
5740127
200341
1631461538
9061895899
83838236392
15147100742
229359547905
335138244857
766564906
95625206499
4324152434
938051844
89686456289
1036923971
5199606255
57216503571
1937726276
2772987962
37237612290
171245581222
210303441493
1800569812
109081183991
1782472021
264880207717
146945423366
66242096121
4674035
43344687421
213238380816
5126799700
136166435796
1222280023
27997589015
172854266147
9965110557
245988548573
238680599529
164415963625
43821026660
5392172195
218983878128
86618565459
80275488025
238554297436
63972456
159014324
17168888869
1691994723
75114774043
142201646132
8275382540
22863318869
1177086390
2348102737
33477674216
4238926500
2092935
37684616
143995332447
109498617274
14725014510
871537653
14600048318
474967636
22764806706
85512832809
633096555
261163388538
45096943308
243294721
5906034105
1553035493
121876519506
141899337341
53768633
36965595413
2128502
13384721189
249945215308
3044686641
24316886946
244238652048
30618310044
93043896783
1148335602
11820946464
181616834711
167830736466
1904274794
562319108
3814550083
211863536
158048134022
2120558100
68248605297
13014642011
21240011066
234366062113
21786123061
6913029339
26096038939
17288123253
55199013725
1448638548
264765828428
321190288856
78481125617
57678435401
14068467390
14735012196
61267643592
184524534559
74951539285
17150576708
1188520418
38833856992
6840707721
51030757
333896193
45158170330
318440021711
38985268583
248946
76153998696
54087373571
222987033310
9974890390
1183070207
66031009
6428389871
7341736940
8233532322
53987761723
182105447411
251679063232
30498927654
16965796349
13673013024
187297032584
1744485888
53496730
123056820285
49047
4964311893
564816856
48154249462
37425283
30649960549
641577685
227804287619
1248347
29901119964
1852932
136249359887
801522447
44268489801
238364832789
164542865010
1818032147
6064008308
36811918093
844047453
249597425017
544009272623
246005570819
1348680338
265679605635
2001825624
59353860554
41892186597
4093639595
8783003314
422884970224
4718810552
1233449591
15447301754
3547781436
5200670301
146528671279
501707985894
312658930
3705022420
32505990438
436718655284
16194073297
759892752
53896062863
15594891900
102141839471
8894973251
4580901871
485307101
955769
14191952838
11829626535
74070837
29713247148
145313145487
148041924
54029131679
103186272
23520266192
25807273852
269782502534
1065973462
93877092548
181998498666
75451018005
15356574044
122700763714
4296526967
127281518
37668355489
81974760
56767244036
70228328479
84009215307
11999948975
22360602557
126105554487
1278338180
147237230733
80175181002
23269017773
72584275434
35101565455
141509803
4379866199
23580701817
15404035899
4507206259
23008691922
1734879534
200647569659
28577125639
248792434939
102784751083
11142344386
198622574700
2878451223
84033075874
16053576022
30116856807
19983645280
59936667521
181198400233
214772646114
54359046881
11349848361
27951549254
28036365354
556066
65690732244
952900691
11900327
6566598643
110278970291
536653355
16404092680
6936169764
136313542761
83568142623
16242496750
135560340426
12936022803
4055235204
257097912
20913686349
413680182767
32532099355
2646834066
12956184004
105543669344
111428840886
244531873654
101140579752
504895192703
1304891038
116195527
271372348409
4858973964
13304261360
39203015368
440017727829
70849066585
192409251
270964060797
82927179108
66945138375
366125888127
3112437590
1398220044
992279339
809095575
18369505011
70745657472
73607305273
10383424621
449596049
42704535423
208117314482
32245713690
1277031536
41472514801
1601208109
300946222
409679502922
84602677605
1966852630
291465590911
27423839187
101606130377
4195313259
7777363560
121761562
19483273022
95695317
1395277042
31724553404
25256276309
233716879649
61741231507
344254759676
317956038
18343208763
5456399
10240906966
25308480866
84471634
373741406129
55441616547
1817714743
296002450103
218561203300
8249362239
9877633295
91423049103
21782785172
33863913669
31174637016
