9175736984
140497783723
234695137561
75826787795
49960730
22883021004
1309644356
18523274585
664721563
86388106047
21815225089
79530257078
77674964690
128587842888
1246391730
1076863557
17044436820
310834792
6237660438
22181989676
4255803
25822484513
31550918
17233653957
301811943944
20175397593
22762013060
1183744159
1027722276
1804422093
1818281468
124000475315
21725123525
393528056
325142357597
156264699902
29170388363
569567810252
498318997254
4454184853
147199850516
77206489142
37048874552
10144518881
109466713240
86829474933
19851744814
231652318298
10957499078
2756
37299247035
415928832762
9068826120
19009036834
85177130966
2191125323
1197286033
173141097534
31004794739
87598066540
335514677
62622158757
307787173
14741349145
41831523790
284891447859
119120147404
114492021
238558771740
61707672314
7776918570
211547552204
547443871
58601092965
561605940387
1644863429
154709648976
91023756
27905481790
215461415210
5147323891
14839617627
28850533
2170683773
480065565880
1493556965
60111013891
3783071255
52371222933
24381410112
8937629914
4792227759
23017906551
5430644804
12802980483
290264054188
2655508636
476820980
8126624237
26542477219
80979092461
4445429
7221387166
77151933193
30797375899
12709867377
48371465720
16841473023
270596302665
458071675
602160057
45418222259
470934248
470758126
6882609539
1028315152
317903243
3508561810
28693628589
8250424715
67156565345
112182888
2104924732
242689598
9650895651
1923181452
103447366984
2419042398
157566366452
318947411
163049327649
824695
20912898817
516169232
1598258028
341599047723
27816560
184672317024
33615046893
197022625120
887102400
29213984233
155589971687
130141230699
2243457303
209747007395
38783335022
63069424937
8734094
326425654445
191193853904
27675459667
117413572525
10890091873
11882375512
40700948
171704826809
4296250248
2435220839
35418841289
680329704
145946996147
1030265617
33026323244
87025629902
56927866647
474440646889
2638998080
201076559405
76652253173
57349284084
7534729179
40398170881
156078286185
5792445316
39572621850
160281946952
73979554
2116949986
9577661289
5402345547
386602262
2037888561
309268133955
25853975546
159321499
16455524
221847923850
310653118060
3584365892
77322730251
195800438624
171668963
9446133002
107195073808
341241200712
178148335597
230201798804
33584373485
146330242128
29620506564
3216222444
221219460914
213450360637
28285256044
43490281705
485850480201
63496570487
287304470224
58188201257
30601107688
11279336878
150145663
51896292783
8864804361
372120540797
120021067
1762079
2204836536
1858146277
166108084
7980246505
8048749062
1648927134
322128749488
12856653524
70558733861
12771653675
27268260
11443170660
3221496102
180601762659
324019369678
274885766
49348447411
59421478
44368503608
2584681340
179994350805
1813130315
367201546620
47588478148
72663843992
66365536
3795974805
80159718864
18437982733
246848923852
90323816810
2415086444
28788099182
1879006276
269116060583
19582404
6061728120
365144443741
14106811692
8387964823
132185934458
256615098
26567131226
803908890
158630334725
65000851026
135478188231
12097753444
37444815935
42055047242
399137611640
21899644861
245665626378
25529187270
14727954795
20686602926
2439597129
4798321816
375009094
13457179827
74797200189
1097152288
57857006
4417154721
78908
23863480
3742752716
1811030053
148909542647
6011011369
308564072086
30967375
326335366288
158969191
143785178809
486757123072
72415185723
28279519218
3773687
197998787
51401156481
5778289628
8908944731
54141822312
7270173840
1987567241
3867758458
277008552440
61456943403
160837403913
46953075
88178472598
52224451355
4392296883
23786065023
528401776208
15145249229
7712331338
63457892121
2156737050
50725824286
20363954920
1401000274
47533268289
103959939023
597757545
4348850611
186085842539
927462
10966104352
4001075770
170616353652
13374114955
111726040110
31967423725
21293944326
415149441636
15137
90199816633
4634594823
258581290882
615111
234437492
6740533
1693975022
76366068987
2115929212
6825780545
17227248581
144697719245
23117306524
186439898481
4394739
728539464
3511427852
57232906820
1312333122
2365653059
86346528763
23750818272
49915472941
462067993486
693952224
77014986787
29562076580
102834775641
14087489767
216247003049
4657418783
257378756293
59947108031
4771715453
53203065043
42658321392
26759678
530632863184
70712864473
7622070523
2190868624
18184856506
751295034
5212056
31306955308
76333908694
250053516698
246632454201
575351451
73411569751
22989570696
70917928142
4106915215
167826555341
153104767365
212520673545
14712928654
25052386554
44327604
5898965736
133018743204
3504094196
3329685869
269245700346
42958854747
4718562784
4572446137
5962970940
171645028728
764141745
799782456
228674560712
178959344319
84290387031
13120259307
315191798363
7551140468
340661144
3503755606
16243561528
12306025672
27567696812
277736949884
5003315634
525612537
109115366841
252535690328
48128813886
107428288
12604489363
109189872697
43893494121
145888983405
314791316693
15492503744
1908612275
22680147361
179542981
218557528802
1710708266
15904537307
19861540519
419209839713
2913116660
203728197709
6657108117
870758804
888437093
436513663
460946816922
4619235129
108248889
22869782790
60430558552
13419263198
27558483589
487674834
16198776866
66009955732
32055303918
2382677684
5143398998
66146597241
22423313798
117463672
280939582168
39831287146
129278391394
50281242042
460972883503
6881569
403437648
3131220933
453356173646
113745130106
23043566286
218319898312
1535250711
387597668890
10099868225
45003464139
358907237
34628375320
251066223641
838271112
26131656692
120155630451
26653349433
52914575358
190870411482
22405826045
130883741235
1127710068
218566374046
59763628116
21708804
13076207401
6526291080
3776228166
375230237254
824320482
3361622391
147569302890
2327960667
32321913048
10810901019
3149727795
3642039243
21574826079
99844142
27446263852
63242495037
288058555
81774361568
447870405047
1598980057
1106239834
1551868222
325370355251
7194539478
10739277237
1180311985
3051532559
11263149523
42888659395
52050042
39273709249
2154051151
64478116424
3552301055
10645320950
6341474187
137627451974
912189010
3606345417
219485728119
122002724884
1294309122
59537170669
1227820581
494928810
117340435
28695306691
31605335116
64236913813
1525948539
121569524387
3105940733
213729083559
66651825553
266639627653
7092629092
57412434967
75534859237
46979004222
4100705
8949546783
200579161
55698179877
2155288439
286223637871
1462999577
3370816585
2952945669
120627615983
28741717
2893116173
62319636155
169514710611
262296010604
1271265098
75829968538
233279850175
48070294660
2649010326
45382488
1195687776
462503702292
5326210310
49768812327
903751062
48771768951
12218272
14708155997
9578971114
57120233224
155392747347
589868251
1201060773
5670618257
55493707503
71659229620
18719547644
80143401976
8228163012
17204374104
20622433022
73364557596
27349111149
514812123520
24033143197
337243294
2974670380
95908350195
13138335013
82475393684
58887380666
104164184
1110691078
4881515687
76452480445
3390451421
70128034191
762328564
1548988420
72324207
21097624
5176504193
63656678979
112398
3128103875
283136598152
26684201832
16885943188
125465770047
1622745406
237252771085
84065794360
9524057982
1860072923
3372528
61829074803
51358105135
4892559021
53912726661
591019912998
65448396013
36292328826
2968657650
3646113622
15413355988
1857260327
92849450220
5197590051
347966027148
275097775632
47253297254
78046985
1103808639
2409962745
37121626384
9017136612
7308462334
1528315058
25862216247
1447300614
16923285472
1404605171
43567430341
187738927946
2058048499
2090708770
15413944980
71569123312
174848958724
442343880
161407180698
4423665371
1813900311
1389634712
15313677781
7246566699
64851006448
11912496
240738240340
52060044656
755009376
19134009477
48664529707
78430194267
3235185419
27078881888
11104925028
137953990206
111959394453
25974376257
2359882749
3060575690
341631533009
13999786
207516191714
4979810466
3848928450
556579698
34630621983
2298525607
406447875
166467247748
55828175004
3353105075
2652061961
20553848113
367342763
35629733556
4795747183
24529945909
105150185426
194255613441
239822572601
1244321032
1965264280
360760596850
20045418507
187596252443
26700921028
1285125061
8760175392
99165172133
17182579245
18490050243
9405424568
28682928480
250655045196
8527920
15859120300
73957062109
6697805511
139822323381
209207785221
36783572833
13525200094
706368133
143620831
6439321958
260573733
1487113884
277550144
166768366125
1993288785
372908620342
58051205142
43350729598
6830418391
7285037127
1452685499
344045343759
62706372992
74532
188095079
57498589083
45877076544
857941928
22300116
17874998425
2222894739
19120024442
410805542
73172263961
8077989306
4238919080
31656773683
218795114039
9429672
34005210
67491699645
6421602677
75802947019
471597642
48777086495
8330442669
148792680708
381504723724
63280964312
368276861
67441571726
27288361833
18861295899
122839177397
496557700874
543676204
18098888801
14904154
186541321098
150869342082
12120866361
3339868037
90209325
14545214
928696631
9491524953
340881333157
46674618649
10435325814
56782941825
318761864603
56635346
43566884058
1163526839
96436896450
19623866303
18662711419
7117128891
127924824
8745542837
21325148084
275781816882
9395767231
70024337653
10698906505
6594888745
70144790742
266611302528
145992523485
1955845294
223297413627
106228732834
14303231490
140705998147
33747767
423600052774
27104060471
9138533348
4251635343
973977436
636699
4676101452
2262543843
117713822061
107594960542
35183566565
56505458
159593115408
186261
11779830652
1713614326
11645057663
4958303268
48040648185
119788924148
46194359020
143832267432
44583207
5061743
169637322830
188682530141
3258317753
360077081702
592257886
436591366672
2630326117
3453223976
2497596073
19950545
47985530977
10373304
455429488
2119135190
8551254791
3141209142
18352221268
1050847942
405287
139632509
5561754000
15532954823
62600355703
224383051756
2438472773
37127730272
11821093863
13265800789
666904264
154541779688
89982
134820381106
21574427054
8548382512
53400648555
20358444190
21330307028
358086388929
61303013659
86425553059
38618651188
42706832288
4710628094
519044692436
25614145
260971577729
79832959584
74102198762
69604590383
7352285586
13972762024
475412777
260051732
754664290
10272517360
162258040483
3148823019
293894168
296000122
7477536802
22401201943
128021852665
9465270
2046082826
3470213912
91519400061
204660756138
1162706169
122333191
1544712049
2775865197
16370639160
319359582295
41207731872
50758021306
37559988445
13179728401
3574082089
11398434916
4453
348348204311
1099070552
472880654
64926290870
22929182271
613845281
135056232015
13679583696
170204282171
13782322922
3000319047
8212223325
212626957570
53189184866
203909079391
650329154
22654217527
11337978
84331391
3627586633
533433101
1193145919
53250848392
123149120947
388870396
10255194885
25407584
167578674790
331221149523
9095184043
6802386581
231926122233
266068374223
12395375998
80951984357
454885261935
24808468783
5114076831
7056868163
117058503296
354498081706
8687125820
364622208878
9251613652
28330718804
282908976036
27947944755
14761511
305045761
193988249983
219850243409
65006341625
8442130786
38750020348
94833799562
85726021083
37646483214
20309361286
419403154
14323666629
18027352057
12763333753
140899071419
42960081610
16710305776
21353634815
11114871963
62502931311
59416405647
7756482349
2760483684
535298592
337474941048
6793578641
17214411
194717883792
4571020151
34497519851
285599716795
8158161901
34725055064
