377092137475
1859040318
156637304340
14294945551
12772003731
62912711766
168040703589
1527025002
34552598190
772863218
24225135637
2521473278
349821823270
232312265636
33926041355
126309456515
33228045944
720142732
37850002261
17777732235
2483968294
43429643
15276832907
3106600799
38101329152
104427889862
437539244644
161512827
2539135480
210595451159
146219721357
44337535
71370
47718312
640165435
2647429037
191043630552
351535464
50119289206
196964464077
16661359446
180663000
445340312636
225407777
131840622813
194533978232
49721152121
2914744485
166415077895
25166715831
171375717
119822520
24336900724
22494093140
182171530074
2551646487
2250547316
28184650268
77823368977
3118689785
323021968393
81446999219
7143541047
11236624475
74809235987
40339697997
26583694690
4451846383
44055826752
70596512591
452778193706
908274824
69675231360
206230446620
62700433870
8885211036
227301740869
33544041165
43512974511
395776425487
2898211154
7556726
1588299230
69794982034
134210339
92365051
319929304870
9682117765
268128415943
800201867
416476148889
727925545
12382226105
246122740114
4333203834
92527404
5347981495
88540762919
76515245456
44190176882
1498056874
11240382680
122587029619
22685108204
33671012
18143187527
4754799730
14999883065
181605341870
8013014055
181227431517
191963669369
23970678154
177950185043
556544981810
309234875205
7163389510
552710129
52269368014
398738733822
465489184754
145790783621
191156632655
23912860554
281919484
149645464781
6167049643
217283296
413031106721
16774042265
24020120875
43197634935
42838743
18739018757
375585
16046779954
65282256577
69921796
17783523429
6379697667
8053814262
107262187889
5027796925
243189725570
373751612
17747235509
57908080841
20171615697
283827200713
79845147714
627528411
1796900992
13219584658
17624494
1378731342
138085787455
12139994806
72705147229
235182214341
183160955231
807054721
2082027878
49243066
58682543169
105153741504
30610111123
152657929428
344046698491
832889096
54527940887
95224000317
7054423746
13389619897
5822479564
1455143006
86761160408
875868335
24911266037
22562282228
146066396
38646675802
132953822167
3094548376
17090761424
635073057
8162057130
226459219437
22116862907
5398896777
9129124873
274958781488
3528428907
341190745284
218982856680
5141152017
66581051848
23062301285
36304919915
174620801747
245652521030
59514038805
89324376852
6371495779
28677542119
2808931934
125957638040
1402497237
1074693
9722092134
109701044887
256943733926
264764111809
56862743821
41551708586
64317573696
235089511
18902795704
40080919251
512239399
29364302923
77254186372
2959502499
6847577068
23901269804
264382517470
39033908580
116405400722
86784720
39831347333
547624786
87719195028
15712584218
87023975431
134502726405
154200781782
916830893
2420615316
38350363330
9846933556
6292214078
8744409715
71137329256
58105021868
22157635
18188653579
263816147592
8978326841
1507270
125720968346
15822656693
195202188815
134437994
26711938315
431676568
472391156464
29240255237
782481853
1371989952
174834105
120337609
8145676
47285569338
25635767621
316748244109
39859838727
10269150052
34851622469
557548769039
12567441777
1369906672
20506676718
2143524159
31836891616
37326312
1888130839
54301345405
20057905075
1036711945
33452978842
35142909684
35613813804
153486182194
8441959911
57299161705
197857951021
168702918160
538900142761
7831734382
7158423247
17178380168
4450621620
42062333731
26414364775
7968500630
17758742968
2025860200
148084511212
1130167537
79694796
120166424225
30139932533
8988143467
74673464200
267194765159
78898803363
7412723022
88511778420
34994530441
3025390139
33117060097
432174098630
238402768999
3461202
21760056373
244105437522
747422424
117891744248
10755258705
59430896771
26641899126
76031286541
250534888401
1233088525
150520681276
108456281438
286834883203
1509502947
29876995585
2461214749
143849154865
42227657619
193954571
5324592546
155116082530
6993086159
3559991530
2878065285
707273907
41798351036
5224972354
29879939
137572142652
201402555188
17489960479
39177691628
507455081775
10800995679
290903172443
63083564563
305360206738
74794900782
524953970
56340484233
2485599832
326028054150
50867962
66113235134
254054589851
55376418
46959369249
26178965870
46908419673
60768217
96107348018
165529044024
53415443877
3711444574
6918751125
350238887067
3832461683
11581161494
28410114358
121947754693
27016715639
3104052555
3185320738
33394334
738183144
2947272752
186640996188
311870324236
476675429308
107015893951
834640
64490460220
985442330
234938149103
30294022012
24651493
26004904224
333429496771
10638158284
146470000088
7850705694
201480599551
70192533400
4027851958
539142109
189865735242
45941766781
449671998487
4228415338
13331507189
393486693
302788422112
40851173665
180672313987
87252578
98078566700
205412214324
175272114
12349319454
262409836016
6746784868
41543360148
3144727042
3124514936
31924409870
178785956275
1181360188
48131499167
9463170525
696374988
56983940295
27429921295
3562766782
356068821
25331309857
2561495688
5611114
9705661784
538388973966
99451478456
6940010157
10820932172
6579466780
916108699
6660439283
6608858148
1867536395
526878624
18266695922
2579035352
35377145626
1078628406
41627444833
43847
5293235888
165039411525
259659073937
39795857627
110242375916
3230396261
212325407729
240459848666
12721603465
177470578003
146903723535
2843152309
26371934208
6886128852
100442249773
58741188288
10783515409
1369093982
8833044
15824029343
70841544621
342234483
153154292253
90949899554
27749867
195318062
35501961532
15326058267
2812165463
2200784310
42442622731
116696356
54932443642
57489551
1127689961
7917833010
17577664913
46367880569
540076064
476089451405
120484947037
65832637194
22921668212
2526359927
131986230648
71372017
77518634460
2101811413
182406829504
5339009375
9791190456
8919004710
177636317357
79687153
28813151665
2713015419
353013668
166782434109
96477091539
11695016903
20953162472
30527051176
2521051280
17552080641
1147910061
56808198378
17400938168
2198500653
177720580163
404144912254
126589977837
234149291983
61276221
72214992
133693135553
4225731741
8547090781
142910257268
59663451220
6511803606
1946236973
159557388
980238567
8155911781
94684288
268536442317
12753998592
398619953
13954461711
1978014025
360027149464
130166709
390598834782
2679867936
11460047195
384321224418
4871997610
75068203077
112859170359
9589146110
16181277631
69703262817
37932980911
36871775178
31707330616
271463987
58035229200
3665224442
108745351144
34804598014
8853402870
47717264010
25984873605
10480478538
97404369562
46704284798
32084148223
50128551031
42401634786
72515406256
6779601342
2284285913
534623216
4161215745
6390744
55152756715
30847336026
1281191662
13927827348
1664975686
59562256599
2601542455
48824061289
10585458274
5150681446
12906309484
191101591812
55150068581
19507752092
16192529959
58569095367
103147776481
1994769963
318228964560
34350634308
8047269476
5301727871
23057779178
253270881916
17386842574
85015406726
6334579193
84464736737
15601468
80550519798
3606422954
5139281947
8117787207
17292518750
213908516171
97294794657
35841280103
259426032626
7748995737
165885473695
7207037310
4529091046
16585385518
7810513588
431071462
1521270464
5013659177
1676655448
511604839
9373468490
39867038589
919812
34599717
99313481648
37254014807
88329200988
29781004198
130583175933
92909609317
3787099801
78050511269
254066156107
24419136731
440649735
154905349401
277119511546
87670347143
57926889833
754926635
3311709472
144263354321
6726400968
46858663155
131197788694
8472304957
114480927032
82270280613
17147516367
1398160573
90844463880
3659898106
2356746133
550401903
31728841
88922225916
405992845198
28150794178
169818379938
16522020665
104907350633
118579863490
1106433107
27874557539
75375824842
2557200988
209960816
222236844071
135684699
2175938
337413712
208080943991
291831546943
20653355720
134076453630
36827848925
208743419099
3997484854
480246055151
385956045340
96404564578
32482039674
20668598678
70054154
98441145047
249648732
114850001252
211145433200
38929265478
69708764804
2994301825
1240452048
3118410599
22832433916
87897880690
1816028538
2262728160
40236998793
3079268759
187302633993
67905259212
5590643
9504761686
30593312766
25208581824
11112127041
351523682337
385324403162
23762622458
9269633085
16829715155
218796062200
12777975110
1596398088
8793499622
18458422181
134247533
219886670805
35067890
2977065378
150184257807
30461030396
106694695563
171036395308
46849132590
246772112097
279865080170
82987761466
163618622051
360534810177
3199868199
201003231222
79129939826
123008091
4475359060
3744517
175515914
135573375241
128284602215
109322283688
363104836
109797863079
365621680
6389236057
19463548782
6014429052
132052112338
58800565012
12300323403
26159764097
192588068
251493732557
20381885089
3212986636
1476740651
40548630803
24764320011
212476228006
11241134334
4779338506
383336066648
22368987378
41582433447
136869458707
189631167141
1785371824
57362841237
61423104456
24935310140
4398623459
83156130
20924555354
28641196882
38873588944
7306900890
6003785512
9065330198
18945498850
2456842981
75317030068
58964502853
19446915264
1378653686
556912188
662530085
3341568497
14585651626
16124979295
180074180
155411585
3974380547
4130136692
6999665159
195279439894
122969437493
199680146405
3206726237
109809761813
13020394669
604857132
94804212990
320156279942
37663883530
36269784193
177630157218
12234132216
299686017445
325637651277
2532515063
36594552767
191838525387
83822257
20832858
584936561
77361324966
3182795991
104325374411
21633397436
110704772366
20006440516
1137519034
16641905672
4851813909
317529760669
2276023944
679959470
1766365952
202928463363
162753222966
3892949670
4724020964
112097069996
312225319817
323565022465
59995537814
91845838410
15831236590
7806190247
450492687047
12023512147
202983566240
50339693634
4476760961
32558845076
1507483881
95984468277
43501854343
68510288509
50685101
33538562029
15257022884
280312841307
3998903992
8928071712
161503695938
14686387309
241252814677
12528592443
35680903967
6257514033
23695982455
59384539742
2506264121
35913947484
21894714595
29011421127
45738471537
3300142145
9597597
55515854
18451585313
286092186
320490942
5875499275
167120047
13938566704
97398871447
51116566
20178234745
1335259108
1355260
6976859175
7208961
34630627323
60825496076
144561312682
30740005234
1723737734
2720834232
4063494400
126322407965
60796824757
81857139459
10179714331
2406861417
4517527468
1300117342
137051788
6343460909
52352819418
305913640074
185180782480
77987303129
109405550594
1629360482
410573799545
1869509716
14436918728
17988355604
5075178
95870527
31604573304
4777284186
3733140516
8193866368
116457532627
247481827738
11711726668
31436190636
3762002542
50742189451
4380514
379330088766
25398896861
71572363114
145462059
242675685772
11907482881
27108851
10773865044
1315273943
8558626822
10022654263
2225470196
5255638885
17027696198
16103144030
15064613770
4198191017
1502169799
2350231088
39029911983
15546496349
53699531264
7789095230
3721752855
11775554307
149654580131
17799245325
38804747993
1336599465
313679804562
144227360195
118462039164
662397853
33703818998
2219250498
46372912747
17712778468
155785622639
372212183238
8028195209
153819
282225030968
15437562829
140810874
17395089003
149994377
88255274836
25212151699
1810183689
494960651
10655192480
1343090872
50186412773
290984077200
178919606357
39583554761
168847307
56447908511
169347948
19815024
34001807031
7714089212
34767406707
93272645300
36585246198
627244772
10715631936
246283916190
609093374
197743436540
10895027789
124286436694
3873871795
650064002
97230367230
288549051233
1147809717
