3494240148
647462
32280048
187274823632
40361341719
4688040604
118358828894
1205622647
538552041
37804967588
2113085746
27412306674
90577478502
4107773470
31796147746
58691648673
5947337534
196681095
220559512238
51156464077
4301507290
12159939757
239034920742
20970288466
202682499355
9698007903
95232180953
200111152636
314172940892
55312849895
659693407
20818036514
42415386726
945138529
19570026224
39600846354
129194255929
3638181908
2382761154
204308338793
11979259502
9729194842
5736324295
131135864
28551809447
2214884785
36257230019
64917467668
275259202553
10901584834
3264571973
104714390721
129063183158
17984022709
1202012292
6027709
1680621408
12663115751
358627965055
2165137663
144121152184
2065909519
253912814
712161
756353541
43110731050
8086696692
62528012315
1225596641
20495259603
177924644722
2233754
198950620
120946268135
1430137054
243956222837
674897274
160672379968
8857968721
5211985566
374714829841
181663764294
576724043922
217585187050
287700473418
155125034365
86867911
206239487974
332938247492
85044811853
379087516
18012573400
482240119631
1122770
22734070166
94665148681
10620879585
820043396
138252076769
134821422
757895553
6579345560
74967857821
3154523029
208662558260
80164387865
54094808634
120284207479
101040702
278989880171
178269048442
165937630789
131621577626
310647000
5890319855
57086475143
40580751205
80373112118
326096842719
2914824208
12853266169
30824807769
8418301706
4294937977
30264845558
761207418
6643791767
94140019333
4083836572
5139661712
31574588501
65268032653
141368834965
344172976850
17541951577
17734183787
24903030090
354941947127
410599128
125904585
7806291448
4601029483
298100199329
4265312105
255519193
72726956424
1922851368
9651923198
425817310
3199224514
8730288820
175896480394
168681682311
6072692137
11729776217
7414085162
662834593
7245482528
10316237010
210005898
2108880982
304237189912
2130329131
28075010856
21677442734
40622442076
1422231145
555162294289
397384798188
248781093490
118320608
37332424851
281638550
297507815835
77148100377
345336898
1353209926
5487748
156709208982
1456825134
206614550926
3138885081
34422118131
5064672
3408197601
1077772851
205315797807
5361673728
149292152
397185281436
180065647112
20974092632
6506227237
4089477718
14294236219
8565642275
3180170
284859108185
84178
372055794125
198601161553
4792800557
13417953960
56543408144
22675115103
8548115161
79059197541
12166426153
11123968879
1335011129
88968414180
259509060548
560560582
65483658162
5380112462
66888856625
63026273262
13299093823
316177678839
1618689867
27720029820
33686018856
107126528658
287070923892
4189366503
66072958774
59173494871
72222799888
447444619
9177549340
17708959489
352597160
222694336791
9457328592
195469287
54069660938
81028264298
16820663
20596976
5499939740
121597083266
37186993398
531197672
5797120038
6142229519
62736743222
2985017547
65928866702
23372606126
68975619270
2179219830
6224138
24007839576
23986621514
20134775597
18412884091
24057703029
5037434728
162022086041
4661758
616194182
1635906329
444166
866880671
221598121764
214623660224
11956142390
432304
14408720798
17774784016
14988985451
36165531273
64354105702
25365000010
179675731213
167881
1107326827
26316784839
64716159290
6652951
21638109050
144776905632
413099992
8360347
3190382675
51064460403
188521792459
24022597344
214561951
44175445150
4724200787
41094617164
305308585794
40368234038
82698413118
619212739
14657915559
984389898
90275677
47852180083
18570081835
3707341525
28118689319
235087258268
11321925054
15557648202
17886177
18019412448
132871070985
70861342164
6058579820
419597122416
1405349826
6246762582
74332094470
55437899170
9252163608
40052751428
17104553844
1753230
83050167798
13523813561
41413826221
653700492
235765543242
413406511835
130999339
39334475776
3786167283
584538775
15487820004
1236397848
4279912261
163466037935
12363601613
499027946
399154865615
16538253842
38881332814
12237559410
55439829887
9775696683
7975095279
1281318326
69934663731
563191
23911318686
710479028
4871598594
311548295102
280607795209
41508766381
1336011501
70515694345
431648779
2804480753
394391407
23325491870
5173529816
19251212285
34902065623
23487207217
1950470294
263308474772
69443013181
17589749592
134192723753
1027390438
45383654012
3565833
3196037921
353521540526
996893349
559071732464
8617477802
75417391267
138593720103
19097500912
26320392028
196775130
33338549251
388594146567
777889066
294255631813
8850816507
11487260122
50433299063
135372745383
270740596136
516428737450
56327500910
149068714
62261332222
58140947165
3096855455
283114019
16290072045
2762951730
54807322779
551488445
4127892397
403978723
39773922626
20814936648
139940940167
29226821669
4301664505
205206252946
7700092530
150839651251
16005926886
239830085057
1108117074
13557070082
123004427480
2364155711
269058465564
111148325
222560269251
13673276
21615178151
2732828204
26176080706
113028061185
123949565
12646940993
10056257941
4648484129
94224401242
607054924
1110623412
11701240814
10458825434
251545496673
83009513951
6080024560
10804924759
377230719
261998727
22073013412
143246280627
5180052638
104377455245
1444024275
296744918
3973382161
35766878053
3995681864
74310020549
22303070187
60529254278
23723329092
42093687098
1434133
102433840
126927896
117995124879
159303507751
2542198580
2178881878
8930617534
1073045456
34774659727
9514788299
426427144362
38051444
63648515544
2925917783
22076
615145291
3350190494
156834386591
45028833795
351210
1167824
114034422019
291634466324
3515252423
1612472039
6950814147
58693496334
151402461601
224785264129
53554103708
136919571034
82696777886
3447481008
11258920608
62966174718
249896500061
86534233961
598702601
6010409981
6366495
243880662909
12622748320
14775748008
91236482183
153176698754
19324502234
22093397611
13686564742
163840181151
3153378875
212568251055
137086549498
55652690652
149937761815
164532190229
12141507419
539370996
880894049
2018874504
19812390540
132035906076
5788992989
5099217251
167420118085
223902510
5451597344
120854426012
126178935455
63446955099
294834517267
52191480737
435972354648
185621330
1773371661
3658122
179939652483
323383393511
77643787719
633947235
171714980526
138398690408
42834976615
14897929216
1662222602
180941198639
1300791678
939405313
20706546
9475164310
179366953143
116320348190
3061878180
11747817335
22512814054
20728636083
5382212383
494742510
67740412156
1030951282
8314388639
20872258952
1789479189
6104233007
1938243
563150942402
156769879660
4717788
7688565768
22588792815
445759892
182972776424
6182569105
155363638884
5156433558
78936902813
100739355094
171833187184
14596134
113894885762
8031951
161171702951
7177973876
45154443
214410114378
14940101162
3617543212
1151829986
87093
17248926
83641272
189955448730
7664781465
63412611851
103532054289
157000657767
16823038689
2913503062
120429066920
295617744174
13479328543
1627979629
130353052487
25388074555
171703041458
80275924311
150396191031
2813438922
27132898155
113702738027
235313402
206719619409
322677396868
121165300793
43599022758
25428370739
24203575211
393946214098
24388307821
14859232349
3672273737
18493374414
13078513339
3490612971
632817821
3613247263
190594227898
23081289813
117968735
384707638
54367593580
28812966354
244876409874
7672712363
8907348991
10137393670
35431671289
485497
161577737239
151211881051
43407063101
19542997175
176928
16219231346
4480382
8315906995
8223596692
10813572603
18920395220
258557533146
48304172295
2190834988
15097710882
128728899625
58742069687
4705436618
20134226528
84407580
8864285365
8612505983
5743517813
36684491176
109984968427
336986
1279439327
123510908
3867672138
68654897470
5454447613
93894909920
1206343066
109504711108
163630822696
4831235858
2636863114
17750201629
1667328356
11300615912
32585857545
34605400705
21979191237
59007572382
45037911553
47018209725
7315399883
25333429787
2572292
1046386442
9229701905
6812217198
24001644814
4356414463
1016478451
72155128160
311630208119
10383789933
7604195431
11713612760
50560405399
1599005548
54495796428
6018650154
16846181207
45392506793
3310775113
56563839996
31009133
139896770548
23150055013
21902085844
38713866255
35531215727
21557292737
102068946077
6545486002
157225388804
360175205030
10163824
537329807
2761572057
11109426428
7078937122
55764405
229116938831
18199819471
2817181101
107498273157
68370701473
592739535
5931871955
19246254102
544682221
8072396
31943057291
35048361487
42975920761
108867551084
410524266
187223063677
224914349202
6287225715
238734261767
8554083960
141365157915
79054823549
30695770234
571947356
71552315469
4637994471
1349257386
1460821786
88803893865
45051923444
5261115017
17155169408
1265938076
10926921297
10435243310
3367027863
836400756
28114044791
34961238402
1860490893
582287563
259263782
47139542685
43576752914
3923334616
11573728262
84863128115
26558080904
10870879
46608227631
11311956024
24252793841
297548089674
174988763614
36037642421
23483371539
180730485
203916576744
99591939283
177781
131466987246
5111819877
9362550512
5880480285
102484996740
125447666
2753241206
330441095098
216071185080
149457257566
140254152203
25038487095
145602952704
4220716174
19428458635
791346231
73599102444
78453705298
1474007632
360554502331
22115411552
39389351225
289955280775
354709032926
47046718497
82689380878
25186138
8928183
3188708148
19273253612
52418420379
204420446224
2292569665
119205446
80468304198
2131613139
15271894024
12775548263
964128470
108180443
25977527
135151540339
453755627373
4001092956
7730835435
11493814928
336623044733
843705882
322501243580
29149916768
45498209
23648235058
47182907173
15554950546
6366437756
2459336578
79419529021
6362701
7052417407
109733933150
62502236111
1973816
32613312439
57219269641
32527920
19611089927
531699816
49237404
9971588571
31341889725
39008754386
6060305466
122059077
429640926
1490293695
1597404182
100815996333
56418234026
13995559372
48560693342
149625327137
228024076
1196655760
8659192067
144306069
12533222555
87734606295
272245420167
2709548
2375730984
266946366719
40802386996
84693432361
20770813454
421475288583
116577086206
36256054010
14774548654
114256762898
128693189346
97373771169
1591432438
43428471170
42728980743
4884445305
198157460136
144819045
50830493216
77316085233
207916927585
4980042
64392829565
28289431778
17869451
2252990735
7078642537
8080333090
77442004597
21620471
13457248515
428981493
55135008568
4892335396
320372616
1100799523
31790526803
17962117943
4048878268
7244008
1381635974
19456137516
97158338534
167362617453
19211224342
5770285327
194870562119
2827191803
154352173243
4273109068
5031186453
102745279998
5675147184
35597404021
98400986502
5833319
17139132007
20938703215
30628679098
96890031
193763417249
215350354129
123969858901
225144366310
9033050615
22296612954
4942117527
10384472422
48176270954
15802562381
379662201411
4656524254
17634218542
446190949
115557174208
129110767116
792157995
77694901255
22167464536
455860022
10599791339
294885171
3451567
101448968492
200567473517
74847824408
18423737706
252243934638
18704958151
1727757558
11062100469
34707260208
33470790
62841267283
243416534
181466627358
14788314
57620087531
1788000265
573772691060
150295819196
692691
98504566625
233116128
51923723008
3930545088
116632501372
386373450121
150454664632
26126423104
11120921067
9884759519
119725114269
3847726407
227325505
73003455687
231977425258
954639930
20065078764
507671764451
4221959261
43069467290
86072206516
23125855951
3730072101
269999252
144947274768
901728282
1926851
53228192
191893912309
184857446518
63803782916
2669971553
26470121697
