66987184526
272257236565
1962205
28585675873
168084865470
1191910359
2785564829
28166556192
14992376795
138941686202
137914352586
487195807
155822786
107123447953
2043900437
352947257
1564530013
58419472309
291654638235
36866520249
83881965921
4159791813
8789351217
2248138928
491467652
122308987
7799967666
45256487301
92503999139
3113
20129402264
217430628492
342634431
127467613121
17676040248
176938308810
140121077
43907178245
4033812718
1068407310
55385914722
5538490500
32259001432
26078882503
28126197315
6203042701
84382290761
103755714543
188121451881
78592206022
3377199101
81693271896
956455398
62931714774
48183014601
232283530352
36092273697
387751201353
43986237793
53943196149
5015601
416072248135
382081258265
13888610924
34503539441
49291800150
8108658527
37428351018
118490483908
226181288665
14685206150
4604442267
28534209399
91219867174
18878465828
138048809867
59899998382
117376730177
40244392216
215151475666
39714348039
4983401447
7191082
86072617017
223776384181
15822838807
58937979970
137425080014
173569458936
667398272
176809580403
78972299731
533900964
11825941300
283430047776
104542494820
1183486420
27624034211
11919921947
3382938015
517845285003
205695797557
124511373785
3006296635
24670523469
30539332268
470279543089
1005883591
237925800596
59743456
56897678173
2133849758
33947367663
367586608
71946066
1029399659
594264214
1593561570
7004538451
38239905482
3713177071
7128020677
426178433539
10861074565
812172940
20303558523
145000766535
279449459
143330194674
31477160023
23281186439
6442759497
3422050458
7877879719
130829398
36490732254
12170267976
1928953
6501625395
130509984022
5820311852
1129035698
20472588629
1599563967
56802732828
40416015882
1506214539
516706312855
162159497677
18111646429
68339969331
122642311026
278128802312
103114259607
14353566158
4022929238
18734305993
314733719
42337864599
106636929264
241750044294
13383867643
2024793252
38504383428
35041006753
776526317
74691824594
195998173
216943091573
224734742
73917666203
11879381306
438998617
454905418424
4217609028
50948776699
115391649806
29369707255
172104808741
5523083494
111277104291
18948995580
184761237195
447288519606
115085869120
15773683574
4199380433
3861936142
1397688514
33090231034
101885496231
30086552909
30878995476
153509046641
5707146190
28764314182
123887598
50197722929
75788900955
101493689186
36728726959
152528229143
4720834477
2989419
122616581
282699499421
704280106
254362390978
1352714007
257030279161
11056781830
547062264067
242802877120
322393704831
31644811361
138874115
410396937451
88898566699
96623938
25484969104
410310232623
19389809009
7382301809
5279013039
293072627478
920564397
14911950570
7922355607
17926892331
23450525124
56752121
78450017656
78249134
5347058971
6188901028
1229866998
8770356391
2439044329
111144809855
12413773718
444249493193
178354396
101615860
160903934492
763227
76503822370
415226693
70785192252
209375625705
72470620196
817516570
385315687072
33288695094
137475807210
7670084926
451232340
41757791764
139042762433
11827476519
42678216
131852094660
3637094917
9359978122
133627716902
274463033582
105874669
157810686437
29251800525
4145792433
49093084035
247985477955
143756847521
70568136386
10680317171
93507708801
330542957
30578027040
7776611087
26596776370
9574641017
360140574
395650319
40476583849
219596592893
409848846989
122745433058
370197282
1278801732
81604674538
13560194653
13875123368
6658925
7885579047
5964189051
391977
89065249184
1673081363
61635853707
434985627
3571941195
9127188971
64889670
686878496
1792898038
1167784691
48786737
18914938587
329605868644
315443130
31835764024
94382449219
268970723679
27934050070
10725072629
159673708421
9599959898
100254364729
242851114833
4454480866
9175890521
3106514134
61104935005
29209754224
640678554
432388159752
1339724339
48494354082
4611075843
35268309985
251132974263
74032367325
33383342
18181715694
313887050
50677300931
1122267695
248408003182
80355899739
137711847
9789543952
100378061749
1359766411
76342026036
1704495250
14359859650
50443045516
119241016
398779006
1864751886
7051203746
165935641
2729137231
222879236036
3359801409
146203068261
1203063280
5006369742
95306323095
15884484812
4912934197
99350385
137145494
40757966411
214538636650
66485442557
140973975
6381473186
250386109229
9617426323
3501478167
379126733860
14683729629
37733115976
69739426624
11710556610
198703904627
38371648729
103820704335
11016281173
494075860
1541342973
563859801
13611298805
142265383670
16267016404
13494933519
62896751
6222129516
3885267245
19035120008
321027960951
3761779092
33751612113
4615220632
223648248877
1752969345
52377871244
21807653584
24134672857
6683054351
275070413
58323841
122221268979
88318846102
24329050890
394427038
32410405755
16184606214
583218775964
1376381631
496337518
207459635010
12305900059
5204005
551721224
4113204582
98085279564
51568161739
3161951628
528297834
107534902106
16440765226
121370989510
132474842314
346511470136
5496045391
135627900
9078257165
86664695819
56457102373
60045507911
6031813770
115444560375
746702275
100862940
23279834838
16480978888
50681711
1283130753
106051620971
29579446902
1387569661
189883584076
21296893325
929618102
78062171702
801155936
165695224068
23136958784
5297658319
19707887258
4869999343
6450312674
10758653455
14349249900
15328527415
35181125916
65500128426
154764100057
3669817965
79037662849
73766835
184142564053
234682348351
21472459731
117968213330
468089724
135313224107
9716759037
3958791154
11414174529
85304835
31505797024
179453547402
138193822
53228979
74646188766
49788235426
162977847519
965801454
1897750460
157962196913
84058754397
3038157898
194531093
53425252345
234027644996
15260110
1932869156
117915842933
138589267893
66126858582
4265301885
372842707126
10412250358
1959529783
1894094822
3413916445
1769153889
60052874439
1675765458
18631970707
111646668531
56757253845
51358586664
40036291476
513905496
11617104230
6040052980
66607786928
100936743520
15748233397
62120408668
15151512825
54660470884
209881718
157553961
110219195643
5170498470
129997970476
8881875348
394784314
21097450825
147817536
437836713283
11027045971
12999073231
181625271
109922592
35054761307
177322702756
22417481397
23020532166
4607285506
769324330
6403780261
22351
4122675151
19079
11564427970
52229126715
112965444572
8415640350
46833061834
33541677318
64730784490
7375588500
1723939789
247740596756
691661490
73881825933
140034713255
31557563606
1831451384
435453969251
92281843464
126136968395
56982676269
95204139114
25788364972
110124234550
97646697302
525526517
57978455662
49429603
21033144847
43116713338
250033361886
16517613755
138556978804
46450104828
7161202397
550490377145
339550033053
50477885
171978082542
1296039511
444013508817
78603448846
81458248136
169011487551
1576230280
28372455511
333216871805
654961676
35673562425
3451858
11968009721
5685349891
41001294690
5022624173
258397630471
84772291937
906137880
718688332
273099516
37595804796
6953763587
38928824808
98892677458
39123624260
4532758682
200714974
51174634728
22231535500
12706484035
210722368
1738291331
8337385645
133540747049
3804504413
451070009
1034901437
510890764
24070395042
32774083935
544685057675
73995524490
67246796958
37902095
1818469708
6301379443
21628305547
20945331658
770760600
167094675452
371824231
243432861056
96910301359
9196996877
5327157438
12535140202
19910060
83879248679
459214823
19438543787
130364747429
147085025416
35600206481
25761887787
194307531367
8394993601
55051051263
1586129700
274157646
28354046046
1392655297
18271930416
95697470955
1551837291
230093208223
44745047040
400414898
24992704035
52471349332
83539171
20271658
215893526339
2733822403
951311892
20381719156
1446082862
11696377203
114379429880
2555299509
22686215319
2241750084
82927204097
395407811
4039752734
31399931976
72624825994
232933974357
31189225
31220208215
213602874
185011991408
872388446
20189014484
101980347285
63641976709
15864790267
641278416
79228733432
52301755959
39793839717
597708523
106718
167594727743
407272660
23810813726
8262476595
20616537676
45797335
90708531285
19207722348
6677778672
35221285
42109006
63536253712
25712490783
10144668169
2354282543
505183966
22768018146
95135794007
1264395781
28846430638
11484494470
6818367474
48027068976
7016787447
697975495
3751102868
35435494416
275044451702
80251996385
94815506426
200823816415
4018230331
7213240446
2584511718
65464547892
3709735642
5389276
42055194
150970253017
407876431407
15873900791
118627908434
20543744060
35315822
760427960
2403351295
153840549997
14918803011
197547255
129382786441
111141463604
5742557319
90813800895
15713983251
6361272737
52449149965
3593094215
93497338848
231237804563
136596690699
16323021282
417642776398
130602746
2241630394
8686121787
32255069935
261100867657
564988412
271988380329
4126686734
1144932502
45628409140
907088881
133045554
460465328734
35166886599
54408369246
115944820539
4395997374
69374941205
235420922879
138860062837
66874578225
138685550203
10586126440
5129809457
422725811346
20895536
22391212886
241235918141
1687834095
1091796
87741908133
299396337746
1405062707
4571084119
3216448876
107823904625
72908885999
116363101816
7400446748
201082720617
25562612594
380471781050
17818248092
203108284556
1230871115
6317908794
2793650481
11314890412
69530563
49255763867
40474281361
708701798
627860064
21901109
43397804161
261700641
685138734
35641338840
42239440480
10151885097
148100480188
88500457983
475227307696
5351799949
3083931604
18289887353
49474157920
5585525252
75425605
3549428601
308415249472
885539028
64072374487
3666008123
34987068
6874049085
3736791455
3469068264
6710020508
7732567291
11155176693
11612686533
2837834561
25900131801
102896589
9187137
381973699668
17143398816
6741410871
24181717631
38426563938
82142988182
28937425818
37549878150
6120554542
18417284
4108698221
356272396682
13158607709
127852434749
6090576
27819375292
2531289589
1064804369
182908849338
247607805234
939953902
76778940899
264541715446
167825858
27408595781
1844165426
474855921224
55655743546
181017556762
294955817072
493966186
84341208
223800797906
3083741850
129918149147
406087643
96653900097
71226585544
7376033085
51489595612
47168888787
569563169
10266990494
112811004846
77060907175
81736095523
1439532897
12794974155
2244329551
15225354937
2727484164
95145325047
1213074
7380787461
110888821927
39290257
3060444942
52245924
38181595480
18052270262
129143943267
4608213
11908813276
107385997517
199710742472
195340058
61624747
131515457
36087438272
183469020404
10484630223
210478020719
6525042949
17587346
1694326863
42034950961
563506029404
240033351365
8028415794
13840048249
467607330
26857070
175827824866
8708463268
27384629060
2841019901
1607213640
18419140641
104550987278
81082308458
1382922058
35835859583
18180801
114910202
16842333982
57777634413
61013058
7454009009
41380214220
27200411104
59197087972
415631654990
175147018656
224097363412
16870439855
14219029182
85475891937
18717740
405386335792
204930457842
195999505663
1903791626
114329917867
306422435
64104696817
96077396815
26493463001
15467868342
2739017594
427152675787
45199756256
199631520113
14981475621
104612556320
29497309904
6303941513
118233254
1765031
37552332329
211471302879
4978603080
27887166182
1656305456
54527974974
227534034710
135078889472
16364642629
137375150420
180359402
73942356062
266588622
1572820775
1921576533
22261756821
9783742429
2711280
664016842
157755406191
134030771944
10468718603
761509435
3173228891
688090929
30379623403
2588521234
5624960
87803938598
11757237
5857643306
1969139600
135688226796
30591114310
341776281749
7065946175
