109294740
231907631832
59970321864
19741933074
3471848219
8410764150
275184963
1275335134
45792768538
22206557713
622976059
26205169382
1764759758
54437062203
29242832773
187166114504
54736941898
75034202145
59187752
105357117290
36662113531
102011124738
90504148433
82003981772
4956099580
17676599324
125946925709
186821825875
312289336333
25999620942
174211883486
1147053777
21865359856
2232618015
101646678542
86999337295
196608355815
33570333945
5534029517
56484888626
17687103998
436071839548
91008874736
65114878687
1037246515
41080283696
44239648227
13728575594
369945774947
21692455738
57067393470
6526831817
14085412796
339427751374
24179001138
113410227515
23490165225
435196757705
277050338753
8234726440
45790824034
18850676490
3437517361
15697314678
2451587897
4722666450
23125336633
40365299987
84408574768
4484331381
85576814874
70754740776
114609029679
6025018265
6966893878
92084395115
1625621999
68966271
234406821830
113114031520
851204629
334697739
41790977794
68164736070
19173848140
802106
15494641427
67019180225
481594056355
7536290964
526429479473
15639268970
85003167774
55224630233
1422796080
3747057234
2153731388
104284347429
1558987073
230430451106
169991302455
5861501237
1924009505
18138722330
700746503
52286811673
47648355741
7624933881
22289573606
4818299196
136573875512
82994604589
25592479518
14414100970
195306580
111007389216
63953006
25541012412
167161916908
2311415231
2302178344
354560479136
271289426
1822432692
13294369760
30951806748
12463794616
164516221284
84937996284
85519440295
837132101
8707559866
21003829214
40532258274
167506921
338999430676
352194150
25485475910
146561394
39240055314
1188928593
467912007165
19014319049
28542107288
575831554
18338590
28603364713
18638762
133469578751
1103456998
5067646302
56809982198
78157429904
287618556776
2385130097
363477387475
821953627
192440393
784966576
209967605901
7420677805
9135497180
331408255
210832035942
44193547877
98690334
3625980830
3123201983
33761015929
112904
1359796392
8233896701
1003461966
173502501335
7115223
30244651593
34175032064
36128011009
1175254182
174401151
70660261984
100316686332
123315059887
342074504
21066693542
1397518
16018524014
74025808416
4277295772
787763
64939391232
1266957416
59386807575
56505435456
43168711469
65260418010
942722570
150238074339
41483343987
21782039
57000148579
49515783828
201729395654
521758085
2337211651
1012021963
240551701094
305063399163
149654390
76890257830
78253528496
18374818
57176778670
59367759736
30329472406
14871118583
14963725869
4036591758
197177586580
1731670715
30064042176
156784144283
26930461193
31940922138
13503188216
83684711561
123717328410
16738605379
40266972608
1701964924
21261408642
10682910524
371623420473
35515001740
316896245398
70991875975
15792873799
8059555582
19746999483
15652558248
13213990496
12441654317
109661393221
36783172490
11861528
85646779125
6028604272
140403014875
15673801700
3340952356
1194442086
5366001920
110319452969
22408610388
50272131889
7695875835
27918282041
4543008839
11611746778
10215581
23919128976
721070043
50254662222
23167247366
340211417057
17895889215
112178253382
67216693879
4410934865
4920953164
14199721026
93171241699
188532074974
1963503934
372943578654
233272125
13218161
11551087255
9402183617
2387598468
7059313
85002091758
15177399434
219247793379
47910495715
76716071250
1207477285
15444619488
209102456
37815697
139962705967
45478079852
32448784752
32322690642
5311061866
160409395284
9610127387
83822538334
3036776954
33707373032
38726574285
167729896269
19901350202
50883203048
18181599678
284440547
1268369344
30813450418
4905332448
299556095730
70259294717
5786809745
4274179049
2586038679
24639451380
127366589574
303392950102
77746898572
130996533
2727915060
610373501
41735055960
318532816502
47865811093
666453420
4540005133
342045819020
178308591309
6577067930
88118896437
343594261
383680494993
46756425093
447751677
41671659560
310750496125
385690307451
1278324474
129579617611
49398291
99476074777
29739437915
320352337
18285799
38090375824
19934082400
6178589418
13722397714
272072602937
18438006520
175176971101
39766677070
343280673046
209480079589
31259204736
4743067
535632006179
4533448829
375915144
125318481
65701202629
950620284
244398073203
63573737072
289494197
2786011663
270841424582
7022649249
21928148331
2357
89063002959
181876814987
173655074746
147920705157
6841084648
269409953574
17474659828
1510958203
271960696715
1344937359
3954946356
5371596948
166060712
193136109923
321363874
112321472920
1254237158
2539092062
73871903785
14691280139
6653129
6760640108
323023197
12580462359
407735366001
932847576
9283019952
66809319843
17672856644
371072241
13060277342
14923143747
93819331900
23512571985
231125672
3737891744
19527850967
6204915
178904735143
47628810183
49988024629
4436638141
25916855062
2603743297
36753812
352772718559
1501540627
16720591805
408845621577
46586667620
821521754
14109013428
532551894359
4837627197
114953512
74731225810
145633639441
2474523816
20579526298
103103002
90084463596
27521001790
42693253445
2199433256
419686461
9961589251
4651626199
257289809974
116690752603
450032234921
113694374792
885869716
30196002212
188865246578
141799399590
174725998499
196765499788
247645250221
1510871352
43532573029
47114272550
13582029149
1979520115
2875392459
387356399
2140480411
46277953726
32249326373
1618354648
6687451849
33504496802
67076635984
529217739868
36975737632
319062037466
36602313169
162846937605
5601319
590911547
5402881604
8930822
84858985778
2232323087
42814502
61177339399
80801163613
16780171
222655024338
28071165024
14239792571
17711700662
285902841109
135560137659
3349311602
1177896181
30611286592
4553573015
6321687607
143054743727
22876897709
664199988
147766443686
11650048877
215726063078
414497
7285702268
150601095786
25782777311
77263987735
5540173727
3705848
17664151822
135215458455
127020648994
86666853832
641034474
129755707
112513900918
57674127542
53470828946
17296348643
110596043587
5364992823
48553219864
680149430
3656943433
16508796500
32705880659
7432769332
328823545797
248935354191
11762219095
379432095918
469275221
100537370754
4080646485
29367464828
1928320647
65503830511
426320583966
7456459812
480532190337
88002459658
2648306902
32195062474
33953383339
233989587875
210589549012
93860217218
3799347269
12795584
58243556393
129787474
5673896558
1170258799
72916770348
27428796268
34635359147
51420779160
2744939160
1060233278
28321390666
289771692000
138541986886
3147712202
16503997191
58922257463
2337927094
148248889
5236684553
4148681
51949546
226579830246
26422372272
19876342442
15882120673
1314286333
188778728544
26684653372
3573381894
140543941185
24328335
27826046991
14624341260
110594046
43876248
2080648136
943204607
160592757
47219861911
31804624737
7549275
14934878397
1557578224
393702658
850567096
146477496466
74946244
9911533884
95008625152
138796277138
33801784430
1000170336
119044918249
7004929678
325319646626
30229006246
69949774144
43719222730
12971550239
129439576418
60861122186
31488386326
66600655925
314081371280
4493255181
321910310030
1008435368
163619433684
18390305768
51963698183
382848624
413623832714
70563565726
388913009484
9174257822
54217866289
6746297
194675474367
56138046842
2085726082
249567962283
30003637354
2606481835
20225358768
1789263760
155626630786
152737124094
79200574440
1061687647
1564979718
96214027
131364292605
313288917
630113849
147934149
12221013038
1495956447
97423836
14900548123
172552839291
599764952
77295406189
29755846287
54270570744
7275957390
800279392
188391394593
17473432920
277357923215
307104941416
253637596584
4489281818
211619039763
748205180
9596454140
4643771608
31773839249
209900047568
1413950878
32881791411
94065885
86045374135
64701013909
275243321553
15788863935
474183828
4328095471
198061637022
42522311839
13862549846
80758378
624843994
79139071
19607749510
644273737
70294346563
125726433802
74575264846
845648802
24663718991
102856743278
155935409933
2209468212
219264960387
1721472772
82315664452
75739038315
234317072
2965510964
8847166193
41424686488
216744505851
517305398
42409108806
32601670378
564996151
210881773
91239650540
86826449638
40519328
311357540201
336827350
165042
168049735
372560883468
204188778532
2204736033
166671271
14656222061
40754101323
100246339592
13771911903
50318347690
127604237587
23502637773
21549578772
50565526488
1671696423
486123673137
58198314591
748306925
9137937469
7603629112
48707371773
15412318444
50946013418
54488370433
15279221847
10914799149
4207084156
23447942788
406225514450
19044861948
4119991901
4408549
14480389219
6328377616
17060585883
185260554645
2793767631
2262187241
71886642498
2836850468
58934440959
28982166715
226128888
23974874868
1513444074
89386150469
1508931709
5055810
11392042499
395648814701
203669612703
38376828866
6958954291
9451253410
3970280597
69196441434
61169824336
5712693
237650954397
18363305343
27493884229
95590603942
206322655735
69401257430
350088178
224540780956
183194
97300134344
85366498
1605845120
2423348692
468522887641
27334072260
83239907336
23876958927
92202252687
3962004088
10239146017
1247220223
144102767844
76569334
193201524200
463434539355
1388208983
17208247081
4605484105
188765936055
92360585910
5202573077
98611216399
33694620478
108660433
128747387045
46131351626
29808681917
14746769046
380766722
40544553268
198234503
111735801495
49546199446
8284124085
59119745302
31688473352
23454268218
221134071292
253874570818
5098275348
363288606842
101277817496
420482408250
709438859
270114506704
73328717959
291313549
142927254124
160032
327644502563
6535626441
264912789498
33740956743
395265666522
37313543223
1497266385
249934394
383620939739
1814562613
136368363
12274836784
23423768589
76321048354
710736408
10353990389
862567485
3707375377
42058413454
85396875
785175
1688002530
6117303524
27340950444
5791421880
276714558
106821573
19883738923
3438095556
306575402
4931362318
916693512
3055338357
36863980023
352929449
54559
84456830919
3094430706
2727770391
7276711607
2333502994
12058266768
6497762332
354666044733
26391196037
55228390083
19446215985
2790308852
13455369399
13534959142
113439219
150360846
1633564402
25702989752
376590250
437707495843
6183075367
5277877873
12722232765
51030359405
42304779504
418024692507
11427323439
106105865615
65656440
88983920550
6821204
417164014222
70222376590
17142097
117800513588
478139396
408991581
570981
78721364
192184850334
340155851384
17251161
2957797984
376926779
7484512869
1022738395
48504909508
190605671438
297145349805
3010393979
144735982623
4659160704
81323707511
26872142153
139588576
114660873390
96681075075
416979585
134311382338
505125280030
183142288578
29387830860
75869806
6138068097
25250465908
259832820788
148294733497
24716322425
15515789852
218365886284
1527218589
7401184957
1050910184
5181477957
85563029552
91987689
19385116510
174363347012
65558300911
16521878878
137335360230
428010
60449555935
25766631
5210285128
88098780859
18875901153
94502853472
238938267991
26847476898
54869990131
534201832
1409212038
407695516345
84657373156
239527686468
514913312
36375780290
68315246063
6732605746
24501219808
732186704
3567297737
11752362445
42847903627
339502400971
296575093488
559806366
477932892667
148513331600
5459743128
216188384
20544920
1525241276
401636
22220057715
22375181321
596479985
95784744309
28370569
8733240712
11516823523
43188994
27424153
1234176091
13432584336
6270106976
45875808
16406780913
15216283423
18699162560
96803435768
92694382286
19620032906
3727418152
3762208434
147422463054
40819308810
97856114419
365235120106
47762797524
25194863546
32722263377
