3306235705
373020166388
27109275455
1645388918
9861931909
300956454
2170292903
29290826903
21594407
14862025770
157275097939
56873980514
236114565906
31382243241
72187842429
34595184340
45098723923
73787751683
266445460102
5687060099
220585553
62771332485
54848371116
1886442489
11894364885
18964308976
189467591
12288055850
6953766729
78627583845
5467547040
2808409219
42065840175
46649262690
8511840448
378986086
25585763425
37601258711
401284120
5606196729
181682337514
227449058101
1512235587
96417024
4696076874
70121681620
11969595555
123649965593
1789949632
21824620
215185128727
77942229330
477951796
6183858878
64349279451
1538415888
113749
182135647481
6139860091
118969931
1651311334
4303091546
130070684744
375509755132
83691363919
111993358
31348535959
440193074040
56223642538
5424845050
483303237
23473231428
2896845408
2640152767
1033386054
19522935973
3421324156
416320037
336614625
516754440
47801700382
13679269227
4836755730
1616701188
122152694788
15996183750
57389352421
369225242885
312481178551
1995431844
8173213824
4052538607
550660603786
41846767594
908658902
743172696
3838893148
9965502130
285305175068
619039284
3279534576
9151587377
70982603
305042665275
71960472
104227745315
5462128477
1008302720
94966934920
1412378
2363053562
5546372662
4015033019
170571250
312521515703
14837087969
2391420015
30263310902
558170859
298574656
270378612205
52201763761
1142216322
1583210232
37941255928
53035411232
20782438992
2870020621
8882958023
57661248887
75908471
7684835753
4943036735
21635765366
90943533364
67012933095
19077972667
175596438589
17206742125
11823558153
8447911923
46031174790
257316555793
81284224618
301167500980
47876894250
2230035779
28190572250
176013471487
188083047074
38152488945
145523538
1978820287
880643451
320303979
286495764710
73323418838
29125416097
521567855
32883711756
33497602346
101814267002
344710430673
1958099290
14739817480
88582868717
1767489145
16166920463
1534724
3117167342
3808286688
217250526129
14719670
14894851282
19311106692
468961717259
493451299
26544699009
407266613
5417886141
1620238095
12406198764
1047892182
9737816290
69809796733
247947522902
3493581075
212496128249
34048793444
182974590575
44481949672
203859840906
3249272813
65713818106
65058567036
375226323750
90702444883
1571241126
142465506749
320177746
421412908589
10393610509
5805785171
29097093762
16862417469
247513716499
290736146503
15109191175
66865673056
15683100607
715714804
161528809884
2592221060
538185210
295826435029
1572020072
39202075418
551333851
42987920
796184030
57950860
247087875529
189713235879
47331305
768082880
332888368632
105100709652
2990090968
99399
82064120
70882758
116994419
14090586980
87243635576
696993523
121551374
48449913690
2232492152
1234260727
162576253332
294755505977
1973758708
356463316681
112490711794
32125720580
6725668002
17139990325
12722160499
301071674351
352417452680
2267043615
4886244977
19665207028
32682516829
53177767665
4136348289
97675371389
255522061897
37526678150
24712461922
55442932826
23968514382
37940284114
25096372
32606132300
1733950500
163613677551
7131860139
123373792776
12359206474
397914
107309202882
24998569518
3241251779
198643938292
261461491461
2637216042
385808932
9977476405
243883008438
3336530380
277568351794
54872777752
11887651748
59090373589
616825460
7642186834
182298210292
12266349505
965191847
9771751100
24654190727
45640655113
40407952484
334610609996
4758122468
1034004301
23983212712
22828885327
1685992396
55516988736
71540522478
14529286376
2805381972
2219254597
24751164
41376467771
32027585728
17255949725
5546950961
2813969431
371932798227
6937395
440702009
977547319
71438240385
249626632028
4418000059
13903439120
303056914959
100830439513
9462520
140348526892
166739950622
1661825228
99981518752
42868000753
84385274814
13635740303
21567936
17694580915
12198885201
7806993182
1757462828
34604091196
5168645571
4016488018
162000821999
50055302624
9579671
32740414217
2239766555
20859139633
189591526086
684780900
18153422
87313959308
179681373481
37954634671
13919619516
4934511772
2548177070
311481876690
1188842733
1539443618
14463273035
4390859813
12266181
8981134
117913319842
2445241433
36543628282
8724257772
4354495138
1373066192
60555313850
2328841
6895237
53994505666
12221643
2616530472
193013567123
439379855
47078494496
384314320426
63475819303
347307532
4021386971
43437945854
7290591092
2559605234
436114782702
85240315729
95738155195
99465383361
37163496476
251400949793
199443770978
203224120540
19498965745
4641719007
70040964978
6338502202
2330234359
53156438438
102437915194
137786451
201460387
1548182
191158352
152546284374
2583521964
33199410992
40729517886
34385889
2848730843
4116951357
48673746835
14006956079
7716293803
7032453836
26461759183
3991995911
56784620896
2776581201
385958640
1780379561
263639357
10717756685
82792485909
7662976032
182338311046
166207080
275231261389
13794134030
127867471911
101934290029
21017425816
2827741251
33560899257
13267173182
3581332724
348682944946
240542949246
36615984025
48121461526
8007723665
101037662578
3815908736
1210788476
4597587312
25982572371
182890489912
194751554914
11763300537
23916879372
58237822106
254658346934
144606390
48165550235
44903689374
25522271031
7277072605
125954399670
199593392741
11007315458
61391704392
479982479
5619137728
39637000572
102988300180
106179082
90170051630
3108314617
24177530359
1027820798
6206392936
488154297989
90184003903
468780256307
19025415
43610718961
33401451488
6090184800
84869272696
27432188
18449100426
20212213372
383616891959
6041814027
2789234453
76689060933
7692133564
98957107783
33991198524
832342200
3428042523
238610839
198412471227
27890607710
230687493135
191542587179
2974815674
44817921185
14288891050
24678456627
2822701869
229345184252
152203320735
6415396650
113031096876
191534374807
688875491
152334467
41899547386
3068425535
189758332641
121377158836
1828287566
410545854
98406335
60751599648
53952052031
164513521075
539465156
54536821501
103964291734
58826272
769111779
1713961947
73206494165
6850625256
41261855645
8727463228
93583467
164190789454
12718518140
4861354069
53019089
19171055696
406717230699
552864204
4764510421
139335179308
242314537650
155247138292
293922016753
88538237
3103063586
4127817855
47987534395
329335189
455879617778
43698697829
45250203
28433724747
3061950748
4907655543
30179439832
362281940
5321788049
17409202
3208320818
7139970330
1728639625
81209534705
7377822402
30938863861
183323220
5122291237
105372715799
12828015556
216370233
156158674
128262825716
3217807905
3409619576
13900951953
63640346870
11473432470
32958076512
1862502367
62156885537
1798003
155377287089
76049437700
285365442
276902395499
94395549
129925045437
77840989048
21400847
48372631779
447396939651
1174823
103842301240
245382881788
1610869502
73645003779
35105955
434027771586
45948353503
256948094995
7149354873
1524886
17775563136
14788182306
21878885177
16120602388
441247019
4065829628
22728064076
1288544759
2774548707
25558894575
237741141
93666875781
32020559601
287422861209
68885473393
223378587
591809173
1131374159
1942381107
18619486721
220430764251
447477089429
23803671
2168176075
134191924581
24076561258
16788104932
24545261469
35761643396
705750938
141453687138
130884367036
143037798767
248775744607
154938
464790283
343499232712
519918829
43211158413
30041598412
3725434356
322477869334
2000271
29586795534
781744707
83934020923
224207672731
278419003228
6625090681
3847387943
33207338157
13633700150
47932377670
71531365266
34302449758
1755451947
54780399026
130916382495
12377847208
5928786827
4740220275
158054815402
19324663064
61209548912
3491281833
31813022672
1602992
70641832
235725160
24710008219
9656925200
9516241802
37837228961
10284512765
3756543212
22491458282
1305880
71622778766
101158984517
138549582459
202861856233
49520761
5201
239249496
2860401222
5103
56691416397
17111810741
218728686
9887532275
65408936017
67018592081
132091663798
100476034
91379905926
74289696488
566759954
632934494
83272408889
298659166
135809974883
13050286668
304916181864
13197647694
29882292542
9671880891
3331596629
46415193109
13536611146
2271571011
195522756861
5964949159
73408931318
564482871
19321166494
83126108
305298437
7981066158
2318853388
36383239768
1200969193
10682079270
178193157752
21242613322
34764772699
145165390753
164469660526
7152567151
77228858896
1010845917
180376072185
13434892
142325953343
27030944243
47784802877
79993233620
5742808939
196983647549
2461142642
53580728607
45307235880
1633435237
356038
6483511498
305589255933
26049056657
93814203969
7219210472
20623033455
2309095823
38825637914
819369916
1174372336
375429501126
2889208971
372410595577
65141048202
3271500
86125829405
25600108006
31689691770
38953691543
425497282100
17978735100
3390941121
7863308012
247820978382
10619040413
174140019962
1309631881
4947335828
38414996244
151064469
30587620585
15883735060
27084644431
20255269162
4421416706
627235803
9437387821
3113310998
154803240339
232715190761
86778689320
10456308282
2409045241
15903232181
20478052965
57641842
50341459606
3185474682
9637726401
52815143646
47227387873
32075453367
419173216103
58552727272
176715106320
5383978204
660462716
729001370
8869947273
4576564125
114423516677
106000551068
30739153356
1409629338
4477184747
54682526489
23225699070
14893459810
343254416213
9716470001
39898199111
67768173055
99354155738
21408793883
108036747989
7931007
247373762004
1457297390
4515753591
320242215427
131297919207
1724482161
78054326210
5343972198
6298577600
315753874411
164837050338
191578134045
2383027704
1832222791
152729681041
35119432726
2201850027
1118669780
2823009438
200049457437
9205194555
63574501
14571632004
8914573427
130920434673
169340072327
2283879358
39670009121
278344352
516944785
42679256135
43101037792
10955316911
10429810615
13360858863
12743462042
318352543
268874509835
41318905073
491604268
5123214985
11229946353
33333691
10922084248
1117132846
155765157736
2084311984
71067032095
95130299401
71196936041
33697657722
17049111290
29051120194
33929903098
13900354018
126565808715
22910718345
56293560944
4538537677
287752910148
196267930072
202460099
14938928
457425289471
75565532097
70710816646
312289178
46284091071
99964093130
270274302
1907050545
12284989395
10487036936
71354146314
508675999970
14711970
21945859508
24868156585
33167001
102241002
23519374
34933132137
915156304
107516320473
12690932922
44681081251
27947547
47450940293
65049645
90971876393
408523320960
7525406524
112224024
4573647608
879626
26873199274
166990832773
1320722983
440268756
5715913544
19466421951
152741678265
18780614572
18479695
19939324545
488277353
1765122966
4798993
1947674724
76296362124
268162702275
6363310877
112299960679
118185216
5200598314
373125437
3524556176
14881316755
613426283
265316716403
754867496
17040489404
1479522156
6205879457
181783962205
15597383009
7363977
9701502698
365640172
10477285729
254305726103
160315332
234713814078
210121468232
57350006
505567302798
35051656828
72731223271
114230511636
70305982
2595773626
278340123611
52597185
115311847
228023889
13724845624
46191710342
492486938
21533528048
1996574437
451040683
139023579223
118536568105
7649048125
60703146337
68285333033
391785830157
208767783
31140839261
374303617724
67785283278
6754212116
15897221842
190253116558
324206925584
40134856966
9299750995
32921681424
58100293589
9705194004
43846383487
86938000
105148750505
25302103644
301252829265
393680329308
1495028283
5249854237
4261047535
10397167052
51918467748
206875961867
137021795080
4732404147
4540141404
359729603
