149976950478
367580249018
6954908227
317057500
5696559642
12397782128
17343138009
478778071910
100735898755
70629316944
393258635539
15422722000
74506052300
103706112980
3786069783
14190090871
1271086305
9162583230
65732299540
580415936
51462877395
124035059
297327028
91992301750
10192451
5600028397
27064392689
17909857
220049906541
830569680
19388263798
29846067353
773422551
76430799478
14126130556
48475527958
273438465041
24449072846
29097535
14699863892
8775461697
69108481554
18120853712
1202327818
14400605294
66454448447
115498254
169598935676
3910393380
38173
11659765386
265777
649509041
46431857735
478944874
3774389435
28102394056
289444438
2185471438
944820587
238735573066
286480473415
26919413099
7263955501
2148605195
205279139011
2594123007
5059831064
9825142987
8102684823
228662642197
35288419341
329477584
99658770067
10840833420
237834376510
8918153773
300071087520
2933625
248360999267
11647465365
31371298439
43116911
7215872691
40640665626
401436
1062781687
50437200078
206186430
3720246603
76803281
317404276826
21771593930
138963456101
116425242
8803928
12966088293
46629206
2272918853
25587773
109912484194
56388959588
14307411630
858781462
4989263186
94583957669
117448204196
33387522600
97789719010
841733543
347760960425
202347171300
157409171016
4241123095
836949392
6862064651
1468765928
42734569465
35866183429
3026605422
263925503
8455888393
3964657641
333913928
83631441722
96739890
225964570482
56629711628
13822957506
662329220
47530567895
2929423362
47055341448
38613403110
31030861810
388582164
2808462422
14121764
821080050
76926151285
254696463726
1655133951
8434325700
41120792518
45774943594
1884534494
745433704
3902857939
10447682879
6461680151
4666738394
7145200755
87708226252
70007474680
6900864612
77203088275
3098598255
321802528299
350961017081
470878755724
23173737923
82107246572
123279151493
56131303347
66411911869
10925190958
6759110441
186405049
23866979477
139757109222
119249952115
2484995304
5845449094
65907575412
3716407557
8688545375
11313185634
1383856975
383883034
11388406981
15347340608
20364052187
1062039176
341308552462
198796833049
12043823293
754492538
30792931533
446392617
322019366771
3856550595
66172011214
17521233554
678064025
13449548766
573931212318
45417810
25494868240
1374314976
11172532368
7927745001
8743402706
284007284440
3881928170
114233861576
53001462428
6319363654
479233367671
1191352
26230655
81091148135
12393127256
10216513138
1530308668
42180212
58812007
3953771020
41869636369
125083684181
52425221228
42598240
44260650392
2665074628
19484603288
21987407656
8679526086
75655501432
97908655135
406674805059
24024393552
855883250
78816919102
72233071647
6195595793
8878485365
164515209171
41807457730
391787137770
26195932401
211791665
382556596450
970114889
13246747983
4482256218
28266797966
1398772978
62525319730
30400045
303826720
251915740
172530982522
315844188
307674834
307337829
445549452135
25449429844
448381162
72033414338
50714119396
23882653705
54059941
44124272268
5655523462
43434319487
9003689016
383200636
104352143160
444040027389
494780293
3165200320
54731549
20463367821
62366427433
1205559279
44208864284
312533447183
76571355518
7538056471
66879354602
248803590
7801348513
1803412820
649598441
5506100157
45953152
32229721389
2853947510
259703245633
20234500
57610420
7107413376
9530338579
3996750362
16020902227
10803730494
14802584497
2852100598
27550825524
32340430297
896516325
38060108721
78875151827
39014217957
45627432653
6102028395
10896401111
16244653128
64053554992
124709387082
105031647609
85405606837
813776963
39784415258
34639518907
7042384885
832493
422172278
123518495005
3489976826
795048873
67378066367
3012600702
17068018508
4968215423
25010643891
179396716330
1996878862
11129940791
17935724101
9438104065
51661173615
18965214943
35906351877
3326550207
321548793931
168734789655
113719861484
69543137768
226647541614
146029089965
111860102
1026476
54813181883
134505737599
122768562350
59028176335
5446084018
1721835304
48909575422
844959316
134532048
4379430314
1526729141
23829448878
112944738544
243163643800
21978390
23365542033
7328646728
759787959
55881361844
1802013227
224280673
3885563896
590891250
45312248429
305118456275
312184812187
26711105758
14436270400
899193288
1001880576
52937569131
11484563815
38581780396
6099383307
3707794113
12626644285
34124007797
9972411946
17731067831
153056749460
2461133109
1641876438
28840597027
475243464
76485263658
103639874094
3624218
34019689662
6763725661
420979599
15180508187
47323933448
146241653432
10411707940
2015354732
8141239008
323712469805
109148329
59133912279
197066541418
210145363
19120360
228993043398
29600782951
3896419937
25770413465
337237102
115505840084
45449072350
51057169082
58384360435
67363540718
22086458827
80448971
3602201564
54295749874
42181335024
251492269017
75219728805
54177209873
2570817286
112875267707
1704725320
23758689193
7626092694
59350236
304437565
7896131157
10387704
33616675289
57586181386
3122576934
61798812673
41397909
45182028008
38447891698
38316135596
96376813160
123076581
684407089
21505398
164347723906
196247169069
570494590
121279178911
289201260060
124631920086
59757173859
77843709433
16833706401
22960959422
95620186059
92489153424
8103243475
42938002659
68944616361
5330886249
76492415371
28880140104
48509379664
15885010310
34437016
84376103286
69946324768
5134231
15794028567
90194109017
3870863493
569953645
4144918987
1652643403
37583098846
244620632746
16202472236
82646011707
21602266353
131497781459
252544472
752272430
91289343134
42599826806
21252050585
1069391984
16924238104
15348541692
242761343
21392056989
4615589011
2111059937
904726300
547137695
18783599594
248853178844
139966360522
7221569979
2046448050
6047471755
171532149485
387160350
35642160042
282176165595
465608048663
131395484619
16599441597
24913290140
15206787699
17241589400
7647194
188078977635
64383092434
282178146835
21306773717
335336176263
247283901
45246236168
4806326165
4143492771
76662721459
78594130257
3845614578
51563519724
156258063
77829011049
77367913412
8195438881
256121037596
372485983070
104357310560
63104742612
42707720148
4649568593
26587988599
85430474603
201918526
279971837033
742719647
18128065
771649208
79649449976
10644528274
268749721
124841847661
180598976473
130821008233
81859001864
436652468
97457925059
38757305925
290255118
2541669988
6137844876
1663602269
392366146291
4525075431
110138022215
182833102635
7286406398
137361978770
249605762114
163511831
30716641600
20007889780
1920068570
80019274788
13852857381
112409941069
12945418830
338517818
92366659573
282527333018
87053088499
152693294905
95753447492
57247373289
495959843
5703516727
338152458025
344052957575
214136457826
73797351105
19976197714
3193776184
7886408877
184612
285334672602
29197378659
1520213945
188915253544
395568434
98198043061
8253593
45035146
22305869901
12956582280
521424799
187865473399
15394662862
391134589592
51183838908
18264748922
764201598
598943116
74765988357
16576803532
149897541501
221895065846
10186392323
3150972917
181304006708
81231344062
231769834802
185471592696
215214554404
767742624
236866445498
176037290044
170443509951
176907770
99859891130
26477782
8662067697
149990387379
3967099434
3175709
128126256122
123820811372
249015699096
13406993296
29011279522
3457405844
402734700592
50124836897
463790209321
104097323488
6215852540
6052952103
1784545989
72620373455
1647522
92522565756
9148517931
10636091856
1945766304
17050061426
24889188053
5502223195
11806157587
7248304038
1726930791
11814205645
6089108813
1980908921
319899147172
7259474902
121961377281
205520832188
13168120365
28169233100
16873796527
17777187355
321267427
336248960467
16398100
1048860909
38979961004
259070154126
8814194193
81683294
29751815124
717277972
65095892038
118301429550
60302000702
866787478
5187990
142898857
27755475048
3097108602
3760581331
488662881485
146097961766
82102791361
42478616308
201891979754
8676284459
100872791313
193891012161
94073864017
30350254385
36648011681
3002106750
13788050671
71613813
233122007
308545150922
19503088723
1589925876
42341658295
140695
50398350848
44465512738
22875845036
12159550279
10409307136
73010387
48826471
988307027
444680489597
1507396567
364240581
146394839116
50424518957
69714357175
6253230735
237967274
1083585990
23652266894
3254656836
4101804
47030338136
32310134565
20628852349
2020951706
281568090529
1326380150
84355112763
27442023936
13997473
18370844538
39733930809
4172143629
159532193108
54579763
187511641049
273047642533
290175362082
28472491119
44594087603
169986829014
140958922044
156248583057
21630245144
98587455969
4325456346
103827842694
91805037
10233072864
43103043455
92411600465
351884277866
11131788174
2673240484
17654937705
115286415355
65423690831
49624024
119817855
2656258503
126072921132
24094939
3969308822
4616239241
122637263847
165188651899
17376533555
14131857431
169419317533
222989857394
6482877875
70160249700
2120760708
1927417576
2242119359
417924439
64715325264
2462145814
43371272820
1714344204
314140626
59260528085
31202186250
2799553510
142598709480
36618228417
5995179457
21547772766
17259347436
2819412940
53956184234
567437643
61629897239
1702
98609849999
3066467473
5292525761
2637841445
234021636857
168425876013
2990593065
131826412845
13697908975
1136962
1975521249
3567449978
62119117833
3855088976
218974171573
90185584
33483927654
45501084204
90415268591
195417995
2791325104
9547329092
279406228828
6030940753
89527763294
69075268208
168069219011
49221318073
2223359136
36872826737
51519526
367864220
3261666152
125725498
134271863362
32714121757
7812405850
64491915
10837191396
4696838532
2155833434
333180129827
2031418997
135275683
7682331330
1747282930
675505309
35318071334
23855774028
352360883
164199618375
1032303936
53018792094
65085927902
809646119
85593861
819545024
44671404392
61581
11801769
378509
1763635195
7201041965
78541114
1094508411
4991760562
7028046196
530943461212
27362686367
43213936145
1696230880
7491337
3138890948
48590786067
17212465504
1453138512
65456300933
34043426968
1285088962
10007742
350620813335
278107345
629691189
738904557
648271711
7659855
139809045182
190388725186
5131645316
103536643116
2718933012
253786845099
344936642
2102200988
12745821659
3564443113
62119094452
232158536
8563647435
71037110433
152850081776
165227954452
171000790
4448944173
117284405344
319630455220
23970631887
52130162095
16018133692
93911902362
126510022344
5501586804
5442289852
19429107342
14749183196
39657592168
373096093638
19995588251
217104657572
38058363196
511395911
123718197731
242903191604
405372548
348215702
1199166352
78431535626
199297795140
1772486082
39310108796
3448073578
230017558
66242909484
188758582053
35215895
18741302134
6788159492
230299609101
1727052389
74962844426
76364007
286525857214
101399737160
6798981198
37987942
366099575636
3381820077
7516332675
6716303815
1669894920
86120403906
40120030982
12087527057
195554484035
4995751458
7866184809
12363814480
36380457374
6689544313
3813130102
31831403357
2020998806
689028571
328322737869
1164678253
19775699217
142492779039
91156570
27384715
192821739
584923183
2093123099
94928707
17997654071
50618153872
14972079943
45709647898
7407069511
21574793071
854009000
3397649856
177803007706
134395108201
11825785618
29261261560
128351314
71257140659
1459903430
151337597558
203298505
451504417042
206484099551
105614554127
113813346509
368494116208
193895101105
29712828755
235176823039
83278943036
2829877066
1525582827
18828
240916171450
48893786279
1428018103
3112751661
