1214016060
118823889740
190196826769
49674026470
56586983933
114374071050
1590783329
118078275752
17760155
357594023681
9176451957
118901870551
21706856383
277443876
12808053563
990962384
3695998131
15232197
17404054404
14567567622
141711505051
18722569111
1772197669
1079557243
362479956
662439812
3049163507
184959582
9013599359
15823441
877344726
134565511637
35782774373
907467072
84038382831
5634637262
24141361
528732134
32522530018
13074576020
21606869381
702074234
66792251
142851276
171438941613
14097100561
2129902105
10474160509
180564812
70384052679
19033830134
1821252
10305061590
4357882020
44414509390
156468403294
44385443235
75343387352
326520758049
23378560336
4997764732
11515115595
484068861250
129721981927
26438481
23940603989
4533859542
100522572358
538784138
609381508
6661909732
59781724077
464682008121
41137996613
560468
766219
60320493882
19866101152
12992739402
632882800
9536563
10529962777
13336155
68702009140
58696020
1456782575
9721715769
37454203740
302246419149
2041232451
29557808887
61694900862
3278006161
13887577604
39859111062
18981005087
6329596664
1105
497163103
2645889510
5584506598
20096419683
40629357935
20101127930
8293815706
9091956769
56552258705
72247200483
433978176
1300613296
303315680716
7041051766
107806057589
414498264374
2940501728
3055584177
138735629589
25736397628
1464621157
424445491222
248110141779
11638052247
11246664
19364281759
4385036904
129777264647
3016301719
933282550
3603407382
1488328571
3021524325
1420961385
272027174294
526382720
98043382174
4068869127
4342340154
66654780015
15585287216
3208669622
1201239
151371751688
794031045
490857429413
9500220201
5521953830
34322650692
399716382196
79674680466
3734808187
13583761287
225104263559
87833382036
195878146576
28636444813
39930115722
196099406
57829934309
48934896376
11028915
303461251
8661859572
69969324870
79446836
33341941230
26242771575
153760174
69560621248
428552521
21236324134
117391736648
57443701512
136855272825
10708763748
275640332383
216286499633
138374009858
27329695606
9574655633
1656127610
42826390087
19069103948
89038264653
793147962
131740404789
215626969
26990897038
115100948707
67957468001
44359321470
3452397255
100309922825
224169648
12054664638
45674345646
75988825425
57988114862
41724490336
44683931269
13368096041
7625738178
292032781357
67315108067
18093407663
329120372492
24578330702
67987658384
43508087310
27032604044
48552459740
17368899320
48360683590
77984971313
1989776593
99434402256
29634305156
287424005215
36314310267
11456529409
80059706296
127776799838
7903958222
32461445240
363315062
14329966
119965642520
1552446016
200999540
18950563
5483480569
541173318267
5481285913
44711849541
7200536645
9682739
1312226
119214537022
68366361021
126447428446
112721372688
61619028602
222274911279
55344419590
41718964272
45990462558
414863755840
12141170799
20424169976
23315331660
247563807340
94839425
12089080057
126884321408
39548594
721608661
736705659
386679618
67095430118
43859514423
299159702
6938213886
20748084161
20390000
8461709145
358384081395
4685887840
660060330
72650997898
126649408852
7934883155
58841913494
69410779693
333336001
9454109
52834316620
1666386418
9870964957
23257281772
72116855456
4360091724
1560666748
11281484
112168537784
379615830761
2238476086
31894126
18276789488
19125214303
48123210272
10743242785
5511326933
13843687198
422076864070
247487008
193265477375
111247090418
367432591752
7850956643
270255740947
90241556838
16225358098
859333547
33606825988
1867123926
9587087124
89514356440
220917595843
36060644780
53787917006
2111109379
83862947412
37252127639
367408574274
109582338604
5626131457
2945544177
39349406270
487160481
11560835165
723148104
9114597
152334139
33907358
58356517
46280819600
75237160488
677258462
18352425040
93132536660
311038
2847720636
61046478480
96088236
62325748159
134002435
14727145790
253172105841
2787312212
140762899452
109802458315
1813476374
12819586684
20460215797
52579168017
62722286233
184744642813
11523322763
583456231
76307160429
36737953645
200654448086
85569697243
15818167071
8242835822
12054176362
864883099
17702143261
182384304
25657506302
99755263666
535665263679
8938622256
185903
21294877481
100700008977
263995573
16158329483
35286250576
14062618069
10574348250
2218467748
27300285850
5395155355
24734315668
2451999912
27470857863
92820330060
259120173638
14530770
113637226381
16298878535
45825748619
98014962995
14740067346
316846500614
5999386928
98369403813
1954342650
9040313984
69749206879
3391437291
21735511845
81030
3577699097
67807079282
26492940693
144256761902
15298537739
465401703215
65870010759
37372364
132066011469
40871586019
3192772840
9046539264
117649567132
90150848124
67337779182
12312481916
1087332
40346346983
4172352951
87524601378
15063810848
227654054387
29715952
58210867672
97768346
54264438387
135047727379
62023525176
19829594
166904990
563597942162
28593605741
315968161612
407588764412
107633937
395875552
242522203884
756451244
52267414693
85495147723
19509917687
14020084167
84161630272
144450363232
171292221047
110343435623
195569808
20586809561
217882219
224342096619
99911382274
313628034677
532317588954
464307123532
59055913106
59707785863
30362072071
11352681760
338868877
2225251583
244271824548
6148248487
160210711525
217917624232
55038650555
6656954370
26181088845
1298016563
28379354267
23816755319
93567460790
49089241024
7616177667
184434453764
7165155767
542150910093
10301236772
17686447521
222139818254
548551934
47412511211
33897852
69361180729
7310572
6319107818
4745526261
1458319479
7280021
9617194518
93736409
24084894646
174631451209
1865632768
34017520563
77900504873
23822615516
35380020729
60908130506
832493690
40145559213
540398664
68123201246
12237114250
113849631004
62218442561
59166043539
20382842939
12872787220
18409034791
31589492620
52167553135
119685135495
44902983
620109441
393328961192
5780550931
1679620987
112566681115
323041428
1689085651
25804024722
38547547318
47120375463
135006249195
5666821006
326710382341
10730
6540602994
260545639961
28138938556
106691772201
775812800
13086392837
1029615748
2601429207
106908549322
95032479112
133013949608
23398099
43552783350
11820354576
446903596
4429483854
23509948401
278267162969
5529240350
451088470
2913824246
40421066973
29937487616
15269622034
855778976
10409622080
74319349169
14738073137
177287122799
109623940661
319222347
82870
449560620
194218849063
2656315016
252801799580
657127158
6218130
7902000088
3903562
6438457761
409842646
87130850153
157383416576
160381214879
235949535
8990755995
9700499648
357405540737
45709396
190344000110
311158444285
315067680776
4054209287
1033437007
15894147462
195423602972
15964659072
425716311374
5620085366
5992407946
166962313
15983933784
452848428288
53582956642
125558984916
1289166170
652829907
31023393857
24522726938
59683970
329018943547
28385021176
5919790649
45463807626
3186195
7835979
168158508169
2671849512
24441441653
13465194786
24291221857
39648922017
99541290508
48398053826
1076844735
1854910280
2131942746
1042321560
185930483642
359211200277
55025212027
29968190015
129019380668
253797174522
160680757765
230266477089
248649109620
67791930829
38486181777
567188679862
303995478559
268116795138
72365689370
1464497835
1037353
4635128
103887487158
191001257
604366399
2150267272
2215536772
65771120758
15762311356
230809616674
2190922672
48853441806
72830935296
297994108126
141207926071
27869943638
18882535491
547048915
18157639
129706396529
240159341015
1618717206
24084259519
188048472
10640425116
10702511226
74250195035
4979461434
74237512381
2490899564
13297018222
52063697832
668175476
153650788924
2739502684
79722733719
85868684436
216693220361
189669621423
4284732324
2168211516
34674461977
1517071838
11384817105
3300909299
217606363676
49374483347
31447598228
123607591
78102462086
97731032296
207761592845
83774256
58662030655
1883767254
31361795749
184510314892
1097990035
13565032724
349381422
121560352368
31747143452
4690515736
1667399929
10035408020
57431170445
64341203
5908675717
95972961764
1443060181
2768670544
421117264
10180445913
20354482248
257700
25829068
142055557368
32081818874
4479190676
1584647903
65671844151
12050240298
1090934729
1925867113
304386979732
13601925061
30995265353
3997964620
408379614
358008060
80079880
2121056299
255728940
53976339774
8153408409
115334937170
86204679801
67610301420
204411152976
11125071
228540669191
5721512999
17198502900
30394535
52427591383
69434151119
21461516189
47867542703
89759247
2544329245
10316330019
173317134
106786235037
112852632
87963829929
55362083797
47116779276
195786888137
42131846372
29053111928
46231830840
66472449540
31515785468
22389164190
2917718695
22616597776
271386755106
4099877366
82534866749
62917998692
597699606
687338396
4038900504
6033106298
128550571
154595211
3232341039
1255443191
80153257368
1342884028
40617147555
88565716
462155756539
86352345375
319600611
44923450404
4286387610
115591917877
80986562546
73696148841
34308019607
12659600375
3028267341
8780334984
35911397662
900649802
3707731334
3841393240
48117577790
44242730
24888138111
5486723616
395347831
11589192399
263472569198
249472357916
15238295323
270505156335
21053250728
18679127480
287707554070
764109565
25344105
1032069041
256108049913
8199921066
69615795203
51732244551
1170947616
37776988
230881185407
18284118399
32544864680
51031233491
164664199
6475349157
28054469
281131125946
10413599043
370743326899
52130479876
349067858364
54348532782
359504079950
128178681494
5532923323
7012627719
95333659967
85195474638
20762273964
103813404797
650938613
397425801
418986362
264194182
3547676
80725810605
1401120762
10317448
9986749570
18442081618
93947767911
123332966883
144170160236
143961874
10092037
4015514909
38913813937
233860989
41776668352
44148298795
98495
124372478791
303896751205
18337492704
412762182790
148469577009
330595382011
420048288890
16837632968
6115642209
125975892031
3719040603
307495373566
4130199996
1834891409
4356262134
74771379213
39031453084
85396509292
872317329
12182985157
17319152331
163761609508
294446111
178049006514
15124894184
409170737730
22646658762
1545167206
20727230342
341007767120
6808093585
34988543324
136336331
9420179991
203151148285
897082729
107694446087
2963630763
299348219841
307837135059
51223232049
110745668
2194325866
6513133722
284767612094
78667394108
761170275
5706738978
10878603473
111375478558
15121776440
55955470292
39256184195
121684653990
85982044997
1490482074
9921885176
105877331550
56565763100
18339433029
36183774
97061
4735984951
1945891179
261258314658
23505119451
53408876107
5938188786
13317739474
349883467601
17948225794
16205693335
110539050919
392712671989
27773961355
19146006365
9449918224
262478779301
687030423
31222873075
219996518082
35783178665
36859943
337023102367
10224215258
135225700862
1928636
47129912125
23487888532
54799464
90999968
229417216308
7100645308
298623186348
153224349
9606120345
163632665505
4599286
135207318
31894688466
612484152
212978502844
1423249328
122730908634
27790823312
10087188241
2981857306
2899110981
12406102
214518089370
16159917
94224754
112170675646
46523363
125101110117
3050349977
96767805426
21987310076
311794199636
136219692
5747501181
242585720267
99336023809
83176220
40716965
123817422988
68230806860
5407936793
219141286136
422585378268
171222731831
41645921540
380884738035
290784705584
5419259930
5541399071
5050968
103103987513
35817910608
26667321175
1673812116
400253312622
4089795910
22227312520
3966122634
18967317562
100265816390
9375899242
1550656880
4447010423
5414733968
62190025964
2638181051
