398191632
17529512715
130216831684
1152012
46155539349
550789129
60254890864
22021696395
30025689194
5354856503
4691491257
103128241041
113870805656
27113066656
15176313414
172191183576
40993265003
80108803350
13383307153
2898703339
191139215667
1002603498
31570933004
36234165558
120622869
50617855522
83226104098
2330647893
56195425632
160757490478
3181617130
358526909767
120044487
13702367658
48826905
1858226466
916136598
315921733753
60776348202
10764264464
40798685834
2374363290
1366145637
3208120767
359278927946
482589421
43486606625
17608628810
16260435155
54549701220
15180746719
159256443462
266917349746
1322928812
264050807371
14886697149
209467087
113637278568
63065839887
201353
70689391354
2434550473
156739178569
3211256910
3735666151
96429603199
3167796228
4366796094
3490487583
2559344890
201146
5272399198
271349847
11245333119
142142624850
1794280645
6512970136
12217113503
23552820622
355001458565
175262735
255929842022
64218689504
5861586345
7759662803
2049789379
1429576
3770360268
1814839185
295504129300
1290743785
11215908514
16354449
90385317431
30808065844
563975885
70495794016
243828708921
209965760861
58368636550
3660852376
287357182
172359396097
202802607
479739187
10076820392
143004604358
16790328515
24063775311
319976103585
42292867463
4876946
150459973705
743401434
8601109230
113142955044
409618617
43844545507
522845434
52282793876
225490835630
268142565521
92367091563
61698863567
44655883830
10719724576
1041462098
818361
38839619
7877967696
29287782417
101283626928
1456005860
18168725200
60091547626
1256941289
11775581290
265118623244
215646936976
850834951
3900069134
16531169984
37752124634
14415890606
51326586830
5734180253
129527538682
3588567183
8334321765
1330648168
59601699086
13129399975
27798815954
61057257
633714462
2937042023
107283787913
969536385
84943794636
59531986737
25288884700
3756700944
4898552075
24791048
2138737803
2238358690
6031603396
16363078478
137609565094
4015369523
275182283910
98248566
11702948409
53663864
95607016882
8999931744
307965771520
6202372110
383296822162
167675065971
43592352753
1030425399
26433343545
145137885173
987719325
6219838279
161346385
21853964806
24376124808
476984631321
6361418975
180177
12898129426
165762384
214237535134
172726307052
168848730691
3259246773
46027693676
3466120946
504238837
7779683832
6838551890
98269676014
121748482712
1262905261
18414505568
21881496498
191123553563
134249529386
5230589546
171341647748
75045982830
64375152812
372888990677
28761060803
42232340831
29053353001
29229310545
1291658975
139296819597
8772461741
17304258620
11170421115
278409976
118561725225
12765693136
54619103202
31421033
35139652112
150330454451
425386995
9127834071
170843615164
205760212
20426554467
87325640088
32899942760
40877963763
293678256957
8029291152
4730190148
180620255677
12059361
142718514295
1022689986
114836745702
3375827759
32542385324
105536490853
87283041383
2845488610
243772626618
129869660477
460478366117
247538558660
305108569850
28175242638
9994162463
10197070839
487038018149
5288561509
864300262
4541607751
21323415802
124071048761
27344581478
160659533
13789934509
399417957
16052095147
31844049183
277494347801
18103390359
77783516212
54553193131
2722412117
6873523226
346165411
45487636039
84547243126
171672094284
353502161803
434754895
219984598
2354944120
56863277017
109485397524
3628328045
101758498584
14728940844
135820606383
18573277488
11573237629
36051925043
544022609
11542592621
846543
25606304
9381492699
9032674485
85639072579
438339473
365426357194
1487419961
20682280632
102155457803
3632284
378184521571
2203315267
10943339230
613243900
6856411870
115552725
529566782
12389771742
311633409972
43632242121
12364205826
1902426481
250418945993
45131908628
3408491376
1398222027
42292535223
653478045
312206086659
51625122526
337818884
8339452537
43194215994
21926573925
35230682501
446165133427
108583488470
154937010442
395527764498
28600955455
19740300620
260252080436
133947185127
981914836
30570380940
124753873796
340091984023
491780195
164664533787
2861637345
99938136042
44077108142
102701404203
74468252092
3301474107
1796241100
59490626394
62109313756
73912643905
12458047757
1066781493
12455312959
2327383696
32679522849
7060330581
626883
10536364493
222276412303
16228734215
77183568615
40844363
807348866
2903973415
28932062717
1775559064
296649638694
82899191253
2919885873
35131095
128079899920
19523261259
5969906413
1816646919
48440121438
152731170
66325391334
571359542
48853706
38597567565
29045859107
100677755991
46364102090
12670022544
879203615
174197277580
176687710
692978036
4104216726
19037791051
12683839294
7958435930
356694074367
193002460
104582086627
9661841903
1930657017
4062293920
4100356898
170742941
28287306653
111024469628
78565409550
1215389732
118222002
33211432080
721480813
26554384102
5921099553
165874114036
98983203949
91016184848
6306483722
105706748528
41095791834
37326
7271996499
4958010559
223398411414
131886296011
345641540045
180620343818
106438151302
8659820796
754717
57099132565
18948500
140745271472
3315708331
9361657513
4900028070
4164230187
52180354264
3197970678
16911186126
53306467351
86647559737
24561582501
5623543642
111210698378
367563349
1898684
13163888
20074932406
1703520264
23813290
685820071
58083176757
27369341042
78773099388
8995598393
7700238
8517309511
48748079
363182882239
90286975713
176893798955
295574649745
345200195695
8961673492
4084276478
1890082975
7227822866
6939328340
2390919204
3961806598
57875941502
52638312
21850389
168740642819
202139062463
12580387020
58870569786
20345406
29191636389
299033166491
16302433335
57306678
32366436073
42377307169
35383707164
13332974691
58419553042
53751457463
7327820743
217693806880
655060420
60265015
1120118613
25509389042
1795400100
276802395387
124697414993
24027445056
3267397919
8200737
84224886627
11017892798
21767684617
7196890753
139032752240
1483402128
3212429514
32387409081
294884034722
342196806
5981023340
14263950102
40828420112
85818406328
151994617945
50356961161
290906755
193978587600
3734259312
276479325739
77842342
562361897
22511181111
17083995
300828444
19759320569
384438762824
70943279453
172978524664
29217030592
3797646952
35637240537
1799820118
89779264
67981794
434127271635
16289836003
4879506
37373204266
40555345425
436733467
22905509859
221802166670
349700288169
43971497006
15976470224
210923027823
162679305119
78206711739
27035718340
70141646730
56467813908
32052700313
836296135
3283802917
886224897
78410082531
170725654960
215665941
453498621197
43594972
2929945
63473903242
8443360332
24788562534
48171939048
22081887894
39762561
393719136
53888406583
75589125
207941929573
45039478154
47498786481
179169092
155906405905
446994996532
13930421691
229506407
825210266
13044987813
203352622199
243156387822
2738711210
977610716
257744393627
851635510
124294089489
81850832797
905460988
68490001759
3747055708
103900751028
4176073304
178766432
359275376
8178
191292
42087862
439344599477
20463790106
7385411757
6140810599
593224013
21301915396
19610551675
13585554
130106028380
411038588
50615361109
925472321
115209880149
24928823897
368527934
34572182516
25588836917
76590085787
277324179953
5277420464
210770483767
12963975320
118587697
7415358099
7333301584
40964030954
393278863
23581864798
217425290
22016570960
3339225947
696496676
4025064321
200306741383
11005735539
8299635693
2677736830
26587993655
11540891376
1178512078
81062029780
504109416
137013648
131570112177
52730754461
822538753
8625666971
9632503272
967294811
2536786995
75864202579
25342757604
431410739
1063163364
321831072208
12712946
373131572649
69235975853
46462996091
409044855
64037274456
52209725747
67792224
3390909252
1032078834
4084049586
211023402476
6825119582
14115103156
11531856
17477621351
1517350108
27971047433
50770301807
279091180
58881955913
446215017647
4925305484
88421209628
3310758626
11820454466
198833091723
18006539001
14328813672
2060021980
419894965
489934017
2969999250
11488776
142276661
7655581676
261919390994
402452374795
7981921597
847908
24730
2201083305
39789176236
7563672363
354444870
19310274467
46844205247
110671254811
2783527357
288378467387
223586461
105207310678
18
2654046584
290902642972
3076874480
132960325988
266324147022
316267950483
23364005351
237994424186
28018127725
8070218000
56912087052
104850279431
83521342593
4728016551
305285907
2260074544
2263178696
376440102835
3006085825
3176327405
15384425
11977391696
53355124784
2836666347
274472483032
1152177631
34192543231
41021567578
386178843865
4278818
7635024063
33604329550
938579415
284038093904
30382792281
74142664667
95383098113
2307531720
50343890596
7364793
66810659748
7300384442
30318532913
3399479785
61854413953
144812948943
85456281809
65828029047
9885570
3290067750
31462445435
86929700179
76565526
7892981428
87809817259
422678346600
7684317839
12422131481
18223693697
1279428077
62042541271
1426566431
63264743704
45762526481
50433173
1165114003
26724518362
695483038
92761216995
162336171
309223317
140386965
15712453603
334576955
66758680182
117856844893
7661440801
27047718538
4555053318
59552936042
76656431286
175805075
9074743235
22304223
79813704030
103743
120233540
514196382722
490833621500
71655066972
38247290821
19072853152
13178168997
1372996059
17744290206
1436890706
177826741235
65747
792419910
99703888185
6392206717
139963779
1629941975
188745541
14067943897
12513861159
25758916
109080442
4781213537
81058656632
50737362474
7311179219
12281416561
29979788395
56587724
99764258
17494184775
313147308330
537649637
74823443724
1624631451
180371955
80957904299
17770749944
7991708951
757870312
99850106687
11804337676
8816543440
1127959144
1615962120
13598174811
142008901572
355391193282
2464692510
64853671926
1496040399
55307067824
3481784
35283939855
29447797966
11586885433
9339548934
57327872101
650889509
1546411385
10751835438
38949001603
24384633292
265481215359
77439718142
156713007475
56133054571
1739513439
7832053463
101082393024
1031937674
22691662699
72434320149
1898708574
232539557386
13201961934
240046027701
6011167906
5930025007
35821480494
264353927096
3603162777
58653552644
42867698844
112756560984
1698206603
3314025845
77894502380
160464521104
356395683741
460014253120
26868948
1443780695
7510320667
466033368876
2369288097
847676518
3983365449
18588752418
5338513826
459336068804
328908417920
8152832907
100864483
422210820968
1250779087
41793124641
43447125604
30797461379
1950704384
10551142224
152239076748
3307006355
36427277616
186698438431
50611312490
45636349
28247080521
93158369547
118271628974
198190787671
1264036874
285152306
295359903396
17343022946
17857528326
55625056946
391302966
120932462758
612953072
33734987805
13163713809
71742246604
12059888369
140581521
247914252
36629272146
12503515475
1529516077
105257010899
29233774
286382496936
8705286309
4614027962
1914337443
79109
121696614207
9845856
50588695
4735035775
259765905450
35690644126
2697309504
1487786989
57018651536
7168624148
295296298092
4955501029
35204936896
132885711618
12240295347
29170754
253415042768
397078800125
108725488417
18318324915
5303009816
8671974279
359584358744
18191334815
6061865
94645180212
16813087
12596240944
39783898375
158679544457
16177319019
8300567060
10255979263
2262791368
130204706126
22129837437
7907808010
217617926274
46469850191
184482537
44253382794
70444009
75667351753
943652675
35941776881
209267726541
60005652092
144279234
3434913136
324664925587
57013123035
322934587555
89801
348566762
3659914329
209553173172
398970585
85279602539
