150243369728
853031450
2123698672
1310840770
43097357325
9211151470
113954769585
1043901048
268178013
215124670500
41102364802
27643970365
276991710
294278384
133057217029
4005114282
22803918343
242014902059
60988548182
68332886349
6817446612
1511
139691692404
18308897891
1197067373
527709250
1669767243
2955052473
139718878087
182259378772
1523423233
136810412112
7866964640
10846247603
138953326404
26214907
46657642246
30856748801
508624120
36560322146
3087226699
3012747805
15703415824
29844087890
595717409
38597586869
125955347356
27455614077
241420886
49834361083
122110451679
677071212
44661913866
34064277
93054192583
65715565553
35698333539
240870221
73675818535
11513025358
114385135478
85995807414
7743601753
179978441775
451189366
10197670558
14853287051
2131248
2085233524
1283932165
5825297935
34153008463
207477203
236918311
26926356538
31507512789
3567432761
5861142976
79810048592
32730388340
3428652812
41569153505
57291897535
117835897571
128575795236
31989390102
95172060497
144381881995
1740360571
127604062987
3269668493
168580599
339607194
19630273235
11056390331
13245180826
54269522
989220
34901008171
38922062497
1523500711
22690816697
20532975752
3277915452
87365180
6135723052
118718467178
20014600855
107138051839
67927329273
27154320591
150795284350
527125681
153810235
256317301
327897870802
93653503595
3790516008
15695040381
1392746
4685534237
124108979209
35693191761
82233834104
31830743931
148985485855
52334127566
177845903673
3828034
1839846728
195962931639
87829630058
338048876962
245116398238
3355148814
150086776
721347130
733560757
7881371134
7202365104
13791329
201355938
380929299625
1467971857
45209643028
83707514928
9743221894
41975450185
2986184259
157817217
19699520653
6466455784
195627451009
5915367
322617259988
114897069875
82768965002
420957931594
490735416220
154848558
1709862863
1375813745
18639426554
2643411783
191903887
260840367635
48661938559
62672237694
1994732069
79163199828
62453488728
39078100427
49355120191
115615777379
67809357
111836135520
118173828673
18681957252
37101652305
47912229831
71510255923
18881069589
11481069597
12281651
276731765
60459824363
173284585
27484172128
27567435
257055912854
240902982
979003459
126985
2578139069
2526601738
11142742342
17913892826
25584410429
357492123
1061721535
1719661095
6785589848
452576251113
299162586307
324625715
18533468130
218893361
7767787469
268152219
203116299098
50177641707
3151058618
546671325
25009829771
2852017045
6014527786
99524876
17210327146
12584151529
346022270323
11673412165
3375266062
2877466743
10428589619
23522603402
20499354902
6478069029
38355546421
3940929627
62196662992
234508850578
225081320493
114712463882
721452160
10514144546
389728041
3727782646
85170642579
664382586
44464367156
3475898936
436716658459
14964008480
232105720847
182562831
19828425470
424492846
100508605305
99260329492
36155461185
169302277146
37835316812
394892899379
155692521883
397689547
137807798939
488998870011
31198520329
7617154
24802956430
28841638469
2970156485
1357237
444463316782
2907950059
140900168954
95888941572
15919471688
15650693
1616024817
1893974027
28869392408
4730422993
4407508570
271119135
5625256977
103287480554
99422537
286376200324
9395317069
97318372985
106898482219
1626099005
949426624
37670145038
817474656
123574413603
244551077067
4531186549
3619383360
39579366607
5053088358
49241669871
18046351447
91986097615
98033567776
7877531206
5821614
162583983084
34079
36582494056
5397034090
7831309364
38796573262
23369440
115840679826
1478622464
101860802056
28770167349
11646810028
309740195
372831662324
2406922676
31955557828
1990576779
104060486987
4738548710
339762585670
7772044
15168642433
88118354843
322459752
2117077631
17081344769
53415682603
342815172
7777562430
81606013
15715617216
188998569529
589122917857
60831107304
30361259934
139435557341
57021266969
362289809150
11423856339
509460994
4033301860
8526301456
7773468002
10242268825
16742117772
16704942381
6041254931
642819036
12406206472
15180732115
33384009240
23170155825
14723062020
222071567643
29855030158
2307206673
30765392779
6981782742
159516795
134308607991
9476896842
637220054
241846323
1430520428
135028716
3712619647
6122898045
29404664126
20954807370
617420213
32946636122
11612146267
115667705934
130238171060
174303966392
93456886074
4470864348
605411145
4123802
10667291847
7210559146
26168917807
16856115
546982
69449161893
42438144492
25067535261
243311018298
928908955
56130915932
11321454487
87816224593
4120095177
242560606196
58201419989
339016950186
59415975090
9459977667
77003542
5246226480
58413185938
112758144091
35549028919
4045567
980769
3629493158
100350019244
2423504
13874901708
337784691521
15340068598
19863488691
101695903314
17907304140
35655700
219854678
14109448350
188323952794
15073063113
711325206
1709573709
238507
1577901158
35489521021
6364613833
510625827511
136346947485
156061315
104154732136
125738492938
17106659545
57437550403
13465472070
91508542989
76166750879
504820474
18615544210
156308033469
10278883304
51957787194
13136750745
24010961940
440614563
17879238796
22110881017
36052430
507293196
8143505789
343925931565
56190485476
44768882675
115679371331
1579278226
205779632908
1966750155
192746425994
8306579987
38484455242
60958095
312664
166181584782
4612332937
18429379
2706885185
125523425248
628352453
1586469203
378489307705
187147924932
5492500348
84866193176
786887317
7784689532
6229393424
37587790295
1901634611
62482200592
163180395956
24113903443
1601045013
238330475
12258454815
770938684
137652848059
175253118279
9341994819
128619606616
1312240174
51737511
28237642067
8090800635
8184693467
13794160688
31720638930
1629760
463792477400
191223825358
75984866787
92766294031
15030222918
22338619072
1398818974
377209926171
744757387
22375102923
726494220
56957113545
82918578573
669481
5481760084
7291730534
74656424105
224674866630
13813994894
33067211737
110231051897
195889462587
34615839898
1769832798
38804008730
10451210636
77480549870
1075720139
10945293306
991744796
3864062415
107905700
43147131684
28691368569
2557023883
1750301
5326073843
4085677497
48180924509
12528203819
41976066222
8736746074
301480020532
68103487597
116344287125
23546385228
13648079362
54976974535
3920227035
89835708918
82710957
320722447326
11217746124
46826170829
118929303238
9419099529
13072884805
512158611
472965372
15663802607
205169625316
100498166707
12584657393
67661275925
28161875010
2237411773
3053686110
31590577640
72199052068
825204167
16754915444
15276311163
213462481835
5266328838
4889971281
34997805716
6652568814
3051848154
21276759713
230979860069
6114364
27660808320
755973934
23761708712
173682949304
2262457993
278876623
359476454581
46979520156
24428314634
126524766571
2883916877
527688872
114918593999
247899
99373757368
3133419997
34350804369
1153526033
308972656
141311765104
250783213246
3160050199
284619544438
77187707463
232812331310
133427913203
67858002042
29271882583
60653503
747519473
36392585297
691097661
2367492454
1807459289
52808095541
206809613
40972974587
3544702128
3597466129
278526782533
19717633572
299842838497
290310943743
6433947741
4073364
21339428
6380904553
2285806655
221036758601
468676334258
2063972366
76958844583
203337680222
61604421073
33024304314
48395959010
2851579224
112079912221
55894214925
104382793478
6938240230
758562958
77067385955
1075379521
55350708
29087774417
477598674385
79565092193
118982984967
1238547814
162450176
7127954905
8186271107
124255892
6858108189
43445912972
8900199709
393223291357
23683262086
82206553362
8288972013
6743114056
59980530994
70137543332
10071494531
137517087799
223999340559
1705440873
373723879067
7010770635
1181773702
177178782251
4365079349
1507711370
166454571141
20832008513
118820594239
51926470149
122238625743
70854132
38106329639
642887
11936193863
217778034
1061091099
264238337
3740351
2394343261
201292326450
39735258
136788141784
1841043832
1615981263
162025578346
33831491114
309649299667
44739828821
6762985988
189196200912
7908908937
249330760
25065436782
134297277044
279095008507
174967487007
50074467585
5098506582
82768757867
11428757072
55175826738
46954045790
30606689955
19193334
17557293983
11110642889
3005788433
120611392683
28574943071
35132950017
67771803954
74954141878
69265392180
17236400226
120459670647
139129825147
351355136346
1108413765
18083682101
7587494
5878870533
8774124730
636651070
19289745650
283879038
48031440439
43495039
1163009655
277438106890
14393527232
3653651316
16944372967
20507551091
11396118967
47837985790
5172101457
9535700644
26749443155
5220937697
153165664821
381762199650
31874591087
61544725208
1330031393
35051620578
20065866175
19835238762
18962067367
1120832227
25444279456
220858684
161959979739
97640720155
1973203923
6036949694
370730416159
739976621
238025356
71457393
8258577091
191274939956
174517573339
2861227516
84811380236
332952793
5441547841
1323854576
22811357002
62199341
127014379165
17123901
10310066179
55123016
106884312715
29654500272
3802074122
6761011
60861047
32736444756
1248428714
120812594084
32583247058
3587187209
79590468588
7500005085
51467148101
3584715886
10785190
2142458704
127109397292
89024888
8154706622
71245775010
82618772622
2359968123
483972853
884554808
26121592541
505634764500
36422188310
75764930850
263044234401
1795384103
8947732049
329598737920
747253269
36664817119
4505547531
318575628583
5501806024
18332413229
3756138734
450813984
2559605864
856823013
457181597006
318696473466
28192336
48191252753
117615671589
119821837672
28568881312
645604746
15688118670
172682604030
36438884579
709409821
4774037212
9342385
32447896997
34456179389
17862468842
260828975059
5084607027
11425888315
10718932325
98810822030
444380104334
551487703716
256506450583
81420869191
31968676698
34697697275
37926952361
2958906
3005812
530387388614
12193917834
25898951595
59460416993
11028330856
417653467809
2707240880
34419263447
5836557
2978692356
485491119
12516177370
21657030328
20687769644
41502632159
21839128487
1107351945
19131965486
12546312681
4152041373
42035595521
88294055396
1710824965
18899217815
262223057287
253731440870
39315994724
205175690
72189938079
143492436297
4660954638
8477698903
192997658765
49335451660
12864132363
3835927285
7002329365
58696890951
258378648927
5696088359
1702823555
496212107380
169617779284
37688068
337841054
10496412315
230768906906
24837885601
169044951
12909065
3425473475
47541526834
182325214
813247483
3257609418
2225100685
29351872774
123395492789
1483617368
2772442803
2811287279
5893254838
14532935893
956960695
42775212946
8638085711
927158947
47299186859
996466724
243041593360
256463630
7568120098
152206203182
375760210871
20448361491
37682018148
40852522378
23169433078
6390996316
44240879
19390437
396347148524
6103750
58724359780
87214751365
2638610126
601097032
62043770736
3825583604
127883991286
1111422743
16030054139
92110099504
324612408189
87556958755
5119255583
1969845326
49538550364
8270829
13729976991
9292812261
51264610552
295946021302
12668776401
456922720
53003924773
1378889194
379138707615
24444046
125845440856
1126643680
754463592
4703194127
95849216366
20494416455
7917474254
154962645682
22825708905
24473251798
37992410133
49134134080
39786714883
73365387084
33697849478
159056794446
375071564372
303112548
120384573999
863159337
3192124089
15001805829
5151936945
606713434
44986966074
7787304088
282125842378
4452700198
16746270695
2771298
1229947662
169036895
38726670099
279477826983
204472716978
432474870953
25060175454
697129114
90999232614
59551791446
54792836
9365443671
