139189803711
185210484
289700734482
126002273287
139589342602
21535009
16797735973
455994544
30425908839
1794310273
90992489169
4773026704
39530910481
2794979598
9664711
260721063054
17937293
408440774
62790843
2577097057
549710715
1904564193
534928
138862188
13033212995
92193886610
117434101004
6389172828
3650964697
25643788842
2802245234
91552844854
285293786129
1833583419
4588274224
13200180253
160724461864
7535307822
32407389173
51142352603
14607013025
177620422162
1001847899
6053753623
119907477867
130911569
82485107231
489171698
32242226147
6066988231
11189244570
17026931
31193224369
64138432266
5915868518
8120093547
9160651
16323634641
35402580797
8975230461
187713820922
248876136
173728642206
325831411412
79586699319
69000555437
47429895292
84907073567
50902893
1213520058
4102770319
2559934709
600294196
90206906
105609022359
31729477343
21877149503
5909219788
6134884974
58567493343
9449288933
70575883511
16676071728
260014747
289177023146
16980867592
51230706882
138321436
20977375
275747905211
33945354591
4726138875
431932070182
46699808446
99224120979
242101582
135593415
7065237540
169035717450
32745676480
452539701200
3513029167
83902437
3401045201
28632501444
72117701568
4010779564
1130429417
188845460445
5375282779
2592024846
211925885208
6834288247
182235006887
135238628474
4710507789
57685254317
563157387
18221144808
40901111818
117559445941
174888195555
130187658173
295070548528
218960159866
229239858
146608011940
20378069
746907181
34831687672
12720866757
2047809076
486040914361
1937179317
200421224855
2347633156
7361935679
27945016013
48872
177525427506
14894667313
215243213874
15177791770
70190380102
193497993575
89551040694
13137756338
114951853546
26774121164
258686361941
32168652248
78596991185
8835494938
318670367061
29561730491
3490478042
3356873873
522662673
9211695259
241553197408
21971922197
253699737555
12506267416
20651746803
2906883155
1194141290
54922981697
32099030048
406053840
172761943803
6227216731
122339969
352402174314
237669927315
246557788
3219225563
408483077
10901432
69052720165
117494521417
177968392
6672811299
795110215
6802587309
833702842
103522792468
3391
16826912373
463182588
513213671985
21882103602
1208499476
87534462004
62049627076
766517400
36403904145
817895568
3608172647
4881031235
4826867184
46641350397
476053978774
17516283936
123327615250
39616655462
288870432429
34712810094
18378126206
4688975668
10826337468
1211324636
1854031564
209268087
26834667398
484998
106630477
11298837732
279229141022
154252739096
897731012
111433134184
2227680809
12881509787
234451090
17463073589
279393704210
4707724
425561790
4478970743
27935327803
28520356549
421857402114
15229762359
103731707
493449061
21925451413
199731132
8272133126
6499274323
2740869633
382470575884
687784781
359680082
52639011032
158235306554
4540068837
80534246904
176180033556
6757186615
16727200485
101351473895
357793319928
25809486043
2317483812
75568395622
360329887719
1949916437
5291612812
57017889431
67733119600
21431680807
7636220854
40508496554
147452267256
69186119334
316161513690
107663986
3014942516
13919059281
246643528349
8101932929
37266182291
1514518407
63850023609
453427042179
7948313915
1708409724
473205135495
275850381491
721614218
68809739160
86393732
110626252847
14723046425
101452412855
279566445440
33512191946
22288344196
30196219082
1236056905
76180680626
8850567568
5852066
257727568
47377899458
180713822043
1101157272
2961972652
10173342084
246256571
25734589107
47393161923
273297678274
19879602312
8012072695
28910009068
4865076435
1529026714
54793499293
23080657204
93275582689
192287113306
327923318992
16115605539
575159526
789548055
20786105251
1712092639
62606765730
242014500
4489107163
8930552446
26678849639
1570858561
1946396129
6140754
191660541539
402200024
26884254387
329801040214
10630539486
130523786656
78698770590
324872527527
3142940
13943926812
362456750707
439052695
487352029295
2380569726
4329820744
7727143735
68058753
15572217003
266673556166
7062367362
131715123625
260339024235
137971059350
14159754635
17980945037
64366832851
26589333541
2469326570
180882595496
82081855
24506325764
137289585615
45195003465
69138521793
122746491729
13654534556
6337567
130001136429
1933543093
95192229607
29111792461
7921276838
6935726
7280948
12510811623
2587986238
7574238658
14430607
15148688692
74651642733
1978661460
66883587703
1191445819
273562261201
12008311669
518068141
135726127155
547916865075
1779839784
7009505488
136035298765
2277724
8611263604
15821352650
248291160347
1100360743
91279049715
242833748889
29899186358
2551251110
7774406
36431784217
304773754986
1216418883
46764664453
1895600512
379278686226
331290327531
31308
21750329269
14089353484
8532457710
16864558069
48089499945
3071104878
288628187941
7166776
29302555691
171010282166
86514283938
35558010295
215110933076
131026457120
13453525280
67580288821
1000113744
240102482481
510883461
3181833108
88897882587
717208698
1653882445
23454984418
35763519403
39025741806
368975249676
2442708067
237192159112
251424423
2826031474
21055552359
5395044827
9657516931
20896706290
2616035959
105018435893
156911736535
54433033152
159472856084
12269457063
59112178487
128814110
4835154388
10773637594
7797925261
44904970674
497823243549
61818786682
202105041308
8452486
35072691637
1365203147
395324222146
82120861507
26957971092
5979119888
66503102134
73767739
3710895380
37099711508
77710010974
205092254071
507427121
49557465036
118805665422
512046926
16980270117
46403080624
9675705537
424767
23662811464
31629768729
230648630
12564681914
5871517944
9357017410
63148434977
2934067353
345241152
331431935003
86892913778
113434892534
5718053357
15969307668
10112284752
1871170611
8050296717
105865115913
5408798260
346947423622
113690700660
27419523805
26142959257
2796600954
80430059
99492196
9590325905
116492398392
1562435540
12277993619
55989496
4021982429
1186808354
9324588466
3396522415
359091846016
34150681696
511630270
80126309638
2298362994
52376670440
14402351639
75450898236
2400287636
22001784968
170305954
110768690257
6715276556
709466624
200252384491
129366053115
123268433770
53204198406
63263292319
421936409890
31196231298
269209
19217050057
2282755917
4727799433
463850125
10205178923
383444685
2415803077
12472566446
1173665631
218559278
48984237650
40526522081
239970331770
502101453
43758820511
16936792371
37462375040
62351108875
247569399
21712293677
36405296505
125524946717
1341666801
35036738905
2084529
340951360
14960399
9235143861
1204015
1646775455
39993585613
1100869572
4631253148
75856947506
4911446594
4971310617
266357974827
3143280206
8569639476
380136117728
80607301927
6195296430
9355360664
5933114668
24854196773
2313450977
31698239903
34290161395
2589497785
72309341864
4111640153
26260937552
210874431723
6096316389
446872696
139849267697
639879897
24570979081
166551212332
601861940445
42405947
36449601462
34435789127
2149949380
499205025
189354793167
19271021261
281384828
2710240697
1107855715
117124557357
435221422
229320711309
26857997124
341120090857
3201390242
725473720
1610343469
5246860508
429696902
82765419
3557191208
41977684078
21593290751
267381386238
81727960356
9765644901
155884032985
67106516705
3746556430
8747563046
415819577018
136159887322
1232905417
16657083953
115269964
140485798301
99778183985
15957553369
222007079107
10841670241
160338433368
821961266
66172923169
169761122533
23079343102
4495142291
329943004
450329637857
6638532017
5407470167
8266908413
107263047
700204403
12837792772
117322975292
242263398099
1556924344
9206554132
224373669552
9788883843
15186077032
96605857564
25088261
351168966292
38517800342
3524126854
10130387
35841974072
8710955820
82674476719
3800020
1716836
16991697040
6184516
452113196
3045600203
1074554926
341477262
20679812674
14742061933
46942341469
20041505579
45625633863
8560627067
8196630417
134955960
3924382
36596800722
49858254316
3299417395
42994752079
2974652651
5844336475
628939704
545272788
234411812375
26476062929
87990054599
2789529449
13667121293
2533584236
89537325650
36414376329
9193278660
19041756
3899030
90454186
783082872
157972142102
541135382
14010337685
49706702
62445133088
75286610379
5235252582
103106110431
33384648878
7883182075
33385756263
1306536283
19020045361
39901655207
18326488344
281583611
376855149015
34456334471
8777283559
459933551
29036274476
108806306
243685822566
5443841
103085978959
55376008648
9369418700
60089448866
2693710
34657019
156396261008
1846773274
102406398
2775756813
3596557685
21272626299
34087353978
26511438686
7279830422
99390351506
294157350760
236261921
30168322629
495328603091
23353293714
1191824514
825750191
713788257
54275407500
4535824736
12535614631
62176925160
211029946509
7397388465
18494186306
69924130833
243708345886
2042724034
14085850393
69198016462
58617812818
4294438986
39837450206
222341232282
88185433009
45200248095
625056172
3794393603
9266594
289528890211
21445002
144923289235
171454000665
227634469253
10416613931
448217199320
141281667234
575927468
336298842553
2818116294
845954643
36046604712
159858838582
195004090687
41242286355
10115220323
48967875563
8968662653
1098878841
272851800639
123178343801
14855171585
20526263190
190208468760
41003345250
4100203190
141097322
157976886475
27176384861
151038898171
7
396860
84199953779
202439681423
2432401003
447406534029
139801661966
98405702790
167222678480
25622360
1312422387
14730822533
243691985
252789469000
1007236155
48452201761
37302083296
74322113017
100550182936
58758842043
46067490854
45339214571
8190413920
30934159
9076291186
3019208915
32575164229
352170
26800103119
165464989431
412968319
129857876
1382848064
2299542744
110669646507
13939337409
5028039851
85785083667
14662846189
5021116419
4062249
350384460537
329568064
25898468311
3011037295
2488166284
3123874086
4939823375
50583144894
148986916795
98131936690
212050799831
68420031021
159323451014
23383750619
30004675104
190532955955
174041763084
62345343913
101161762087
34428148600
9870139858
161837789
25277734969
640060224
24274023045
235275723401
183729304447
63027370764
106060567
163858917352
16651085516
1079722849
16143236
63006899098
475747529
129026954
71236393213
39278882665
12562713962
4210744467
25146700492
14132795443
888550195
21698480131
2449074
2281282962
127300487236
219195803773
99741159844
47458343951
113187196606
73801136492
58655881415
40627961121
106039980094
3640424094
312714845473
97889652824
17550662632
3045548841
551871762
58601467437
3410004396
96617317513
116490742306
307391973713
123958866809
272896922
3650472342
388579049750
148570524415
128496773
185298128835
363423398611
1371846656
118776395196
125287373220
86064191912
188453138101
1525350539
216278431
98556759542
15950094203
3298693933
200599029210
1412727399
3358281689
13104215680
32300992178
240032742842
1295010364
809312023
15177427717
1861439474
19285679119
1446039424
409083532
5832233458
2077881930
1237934093
405292463
2969620987
79284321793
121476199
134627520757
37177945
28063086
3363590
84523324
19905274965
7754721819
820813736
263620078509
6242853427
152493219548
629408784
285324193465
18362397165
2520938351
148313425951
54291905041
21449158233
28357339591
33411453590
358587579708
12940129118
145241472171
20093698572
139581366987
98874026259
189635521606
9369505314
394851744752
157933691087
2089593916
36065166
235571811
4500728113
11902217592
60354973480
257299726
59815283747
287199273917
12353189117
85510721859
179015143
406226280
63946846379
5477291608
64179254680
2555293774
1848836
2069837100
27830654225
21998363726
51393548053
36461753568
