10326572677
1003517508
289784634044
352141217964
1137338540
92929939447
77390053
561414558
6658815
36953468460
78023086908
58248474982
10475945
86152473325
2402904098
298106366152
55578156197
88485562200
20960582982
277944311391
197410758209
182423751132
25386326253
35843455461
7919661874
232809760067
9055500129
201235904582
18275641
357521453312
110075009889
7227032135
208663788102
118729177878
15233607096
147211053415
168673089593
80362210554
18944771
62042059903
97876560162
9348929805
51098815428
84318568317
20741224155
85188815836
61418269084
3946883324
63104413219
297164265728
16893145
1495691023
10297060241
36201574147
1973141565
211220933930
142731120923
293985193
6822650575
2561019302
2609790201
104715064
248921022032
215294655
69569261683
93702402883
3995730421
39787727221
157418349462
3393303161
88013732
62755893417
134490144
3878499306
81652698785
261538103279
4141427958
20066119102
8927033395
263182263
130562257139
86847788441
5568538069
153714515304
42130110097
60015757145
35734364625
2923723663
37995631901
118622915909
8856778290
101778900858
25687064782
192772827953
1949597510
47725589645
9145688247
40460612122
17391023929
415795943
47856541223
6616631758
8357441
8328427
11822384361
598203440
472899770
9461922273
61748054408
3222735358
1053150975
93660958298
19420242837
6981238
263994650628
4268975996
15661693335
31245501243
32511739762
3887517381
96064558283
79076490088
1574795799
75678525068
12634526744
79465671045
251613765786
6644469410
120558854173
35217154
48461997397
5363233127
16670409560
22992316
306321964799
380854757
958850679
1253810979
442806669845
62903931368
499450196306
3610194299
29774243415
265583278
4298773754
22390752468
101289570830
82883420532
21287549399
276051540866
12152529513
17904116578
1092274258
110038173
54053096777
30175802365
4474773385
153801786138
336921553570
2170677810
5760087448
62061875
32712480484
598699233
818813926
61202389681
5520332423
292041319
60598866
278312507
1088246531
81754849987
27110352203
21167754171
3128222574
110439696421
1289721
1843922497
380263036195
4988800
164766465887
1845817190
70155586173
12915287742
1273969744
44737109
231943130358
10764358224
163516072454
119696151929
4309683027
7192458891
516347372
9427178151
2663507
1474160311
16821264
7247975788
199650656066
27212941342
1852236516
7878915664
684758650
88436654649
106961358299
98179705597
2299607478
3034017642
47282088522
9508581558
1216008243
186016273748
2819993146
308698824942
235308770
8401785
2482935324
456018212677
1990696090
339856414725
2044705354
10685776014
1486722121
11229907679
361494584125
27414360464
41621069
106979585537
24146393690
4584380013
154184177814
67999330894
407485270
389334570
13033939932
505862810
25160480883
17860225384
1345567154
491475729627
11411166548
22836982123
15843476
58565309275
488028514
176535513712
11371261174
331807448000
18104969567
65732061725
31973046476
3918105466
359080256352
2025052305
18155727087
70948991246
373237737
65024033738
4576807428
76151327808
347621145910
72679093104
296076565
2778512227
20945114643
617324198
129991405
165696621671
70555601938
100064495539
799100027
54235004142
361753935805
37876540195
56969328440
355442659720
74265694786
855418
71356382781
58983265843
1233245112
95254025690
393950079
25339430504
3701888910
79054141568
74212053985
21732093736
13896660244
215582395936
23927183
57268881918
4324278331
1239666428
16006691655
210124311097
13177354103
104060297628
10443030249
228819418201
8094525922
2962141
4506818967
168203921335
324266242
15377501613
75777289510
420060472594
31161303459
23504975960
466695335295
1486995123
259284181989
1787187
33486365877
13852679021
2661811571
12520394338
12571378366
42918161975
32087496056
12730512456
125286176901
14544540645
205234692926
4844641908
26817688
1938382041
2948578164
16754903
346722898045
21932365790
51013499944
105087236577
149063939
241085274
338197133291
210142418
4844092922
102861081017
10734776707
246627692419
213202951761
2164226409
4639600742
59403739
21580136844
58134069033
46349658660
120487740761
230658056643
1179499048
73622769573
4073350137
14625775172
1193965932
205500578914
182697965869
604888393
32043527794
17351204
81607740
171100129497
325656
109904576
20998266251
87535438505
3271921650
2294645862
7506547981
61222511266
844677201
164806260584
2828979098
164345828
42260952482
13807092648
1516082412
45264601969
475270239817
244852102022
11081258887
244656567767
191945531464
21204249701
2626081753
239975082
259492512314
266422115411
370330099
3362257319
3520878254
119336090
109665109
228432567
41961669
6507346098
26737702238
1559831159
9651208
31411635255
355841858455
490796542
35653672312
4629328920
8310289
4605220766
3191420
372811772
42636202
65028782037
984961755
145908584423
13717627482
75349204329
30395220889
259700023639
162163417026
23679969
37079620
5127805
90982965892
20711034435
42552839793
410538169642
11573900784
37196918345
187463497222
3837479995
5301628760
25815368657
20824896995
29759776614
12416209475
24749530
13175601554
50096583
48083975351
112843851797
14497515271
182950738
10657022885
432524281
159542262
25652463419
2766803376
56955528409
12986635519
166135932629
99400420
11158299637
648463473
190493858
3102822837
3995515691
42410890002
36352373082
222819338278
34420001875
322872073374
413276715346
2220569805
1324038150
26340993826
52815439462
17108839811
59901754243
29493755752
8956558137
1884559979
52177321632
2718637517
357593868
12578865797
142027717952
161609796188
379864544
243865858
18548008663
24710218212
53307490050
2967472723
40230802209
101216014684
276000696028
7103011
67725405
4943831472
492214199
28641712
333222325321
103682761
397355380934
56912834584
129549067106
62583061113
26814837483
7676005896
70037992
171226481452
67635483326
2524611671
175178959877
76345291382
19733277743
16581725607
3264262293
287005776924
28724409395
35467254815
165313354
671753007
388072180
20251588082
18612861374
9898248
17655235176
10286705013
137310366835
128028989160
1479848
40115375749
28233831903
277463426459
114278830658
19868499162
267269195816
187754031204
10916503290
217436878
7493094959
72659120033
1015578631
6810113684
27039039175
10628040016
110205118837
6312113468
63392274147
101878873503
67704116652
1422522427
6278094823
35083377785
1945171624
100216149141
810985628
21332170055
238438518888
15739335730
124607374411
149717947907
2654956649
67558361291
161979178837
3224341
4674347197
38970715382
53145755335
7278534942
82829222240
4367675772
8357306690
1228042488
1210095666
354259262060
6272229650
9244558981
6953793098
302561673861
964
24784386221
103692150105
160849951
73543541796
2868915536
124417262309
15920888903
16408411
266125048
57937717688
1494081564
95015349468
7012349663
235326234678
173507426617
243195558917
84632941744
53686043618
18418466918
35503066044
151128871234
730107700
48490875913
34231226228
2625507
55808895084
15390301447
44114527873
183015025039
3667677823
101328578557
5597956232
3559782556
18235284231
361931032
51098446075
16921979781
4417659688
15827010009
3507600575
25861101080
3835138265
18786455112
395764957
6775153592
96122184268
125748852283
1003622472
221474179570
11347528197
19497714970
12668287775
856307833
5189386511
1507558291
167819998
3642667
3774150717
15542431375
91572945558
1952533
1710983203
126899079222
620707233
141550062142
1915134894
71786661524
638680961
776432772
11240806810
12994445005
7644636789
937500926
57297126167
83903280104
206134723
284875948
191318527132
132476875
157529256
14552509522
60854933760
13378896002
52133266652
298050448197
163469099885
224699546464
184178952454
521465488
92115150445
1823850843
91466644872
59611722084
129716972864
23594696
755725869
79203572443
100069527251
72223953799
431903831
56786480675
412021067
153608121511
36425259943
154332985765
34075763946
13151245959
3386945851
12987682267
26186018563
34281133283
1274517291
2598815527
27609113379
2576079231
41039630848
4150961624
4299716690
331201657
9378399476
5799088
117049685938
126111924297
3145936276
8339247596
42309976939
8400108898
9078285374
24275497158
13289313997
271401185242
1148331195
56302521996
11060733961
25138007042
197633445304
255692349515
2503815917
4723778518
2705572240
20952638069
112388547157
66656375
152878009416
66098893238
49394959471
77495478316
16785833110
2860425528
24154925657
149819265485
79548586390
156478995919
113907763
14925411493
41018280623
380630923547
646599493
406519920298
3129048602
3396394238
120929256481
44488410378
163522161997
27017929876
6288033909
35478670335
17534088336
386676871429
2703635914
45865229038
16495617023
10959947
169301967999
285968263978
5497497831
17732028683
8820582573
100537699901
157624777957
4507117767
6606640182
26210157351
13181784389
11752819149
96578964422
72797649778
16183247516
886310181
14898260
10904259025
20263198741
6946912886
73322474129
2729610554
1824975386
377089585809
128176633330
108619054850
7847622711
118216323290
132411625
6048710796
149342072093
113670141
3909535400
138634599896
8910434005
1151649342
255419439378
167810889382
15708441589
2456670917
56127802315
1636321514
174661455
147900710754
302669703304
29239900410
113818169953
40313005034
33892826907
15472087966
3874945024
38964410
15838546950
46143380030
1303681752
18893552821
436782722919
2597977965
517603309980
56085756219
64494380338
85085598546
1553634015
7968659438
14516113422
110576540623
3748213092
72791097092
122745758
24106721197
49018477225
40595777952
137378760872
57829761087
533108042557
244260451030
196245580
1268799871
177918039557
10593442065
9099743464
26011330141
1763910824
6511969184
21901127383
29483761554
2126697964
23180496109
226711104
1115058276
3178788438
170578941759
39243220103
2554651766
9311961013
3911293086
1536032184
48235482387
255326
23658613183
2160802374
99762684959
309346988
15910818477
20987350899
33602772867
1555213279
306324665350
14443730
28194352
23716396487
270914679008
42241820830
666936759
32696996941
21174672120
90251809420
7141554082
135893456
593857496793
12995440717
4913944304
64761944036
29460310918
7323829971
956765301
469631238
19741042633
23386290584
8261954991
181992478319
110975360981
313252592
6706915455
20958824079
1563819512
138288941211
10847521939
94892194
300611883738
289697921492
28972960970
21183939071
197445546669
114390604446
6331648945
4645788770
233016436141
23869530169
169342321257
2122541825
854250675
341500913685
164962273209
18958356304
59534506
113735178336
29499274334
7124998850
90519234607
32874475011
706971536
326540454724
2369546350
51895522490
7397275648
1289690817
9378456353
233943074853
23952486
45899072333
4025781574
40607934401
115691464361
77489193
157704905016
44038671505
294593620106
166892127
6181708706
900304460
246226361231
50615872543
82653529465
118925365
12916558007
617988041
312523276306
606991533
1823230143
172148566285
161784704697
58907430964
41213571000
199045751657
12349274839
259142517838
235373399818
192930622
8931170933
28557727112
26109829451
102153896897
1489680464
5516830944
105097591
1220009855
9391719211
99694033381
144077723
10743014839
80649055996
249688864
135429128280
10026389420
11910842913
188199840917
3370896319
5867582830
6132331
5656416953
115733851580
16856941654
12311575469
57376483454
38753973054
377096830935
5673845
35039872952
1000846229
1304901334
21227692805
35753681662
111397163724
29036186684
13093767
25998044933
552407436
1957845842
25302329262
6963443556
29657596112
43104416256
2846731796
497806325174
9542558487
2532440313
29933978534
1105454542
6389433882
101426910058
193535873020
33210572
81289171397
770904294
1270451721
