210698060779
333112762513
19902334191
1599127286
156788638944
28009737308
799691343
626939188
344418401093
21548687060
33500550
17611358734
647803535
12762637284
73141786046
4597274714
5118861399
48298083775
143707723455
20918076473
821656581
1286648815
323830806
33989845439
4964047
636571
704969203
218394185577
1579778119
90950119021
234116912933
5669058209
344188701668
5460451225
31130561451
1133277959
107878602466
36259482923
2395322053
66064755332
20802258535
400466229683
64235728
2307916150
761105
52168073294
8134392030
25273262297
1713890039
29522437713
309961986285
3440409482
2456873943
261478923
11840038578
52645271746
69107133726
2286392599
37187453398
19593409919
15358984762
8210399601
36180133291
1113890958
68240526622
250056092426
14247524210
53516005922
31625363134
8435988385
339007106662
24180525517
108243917710
261577739266
674052
1464515020
63088524933
161970515636
12921890
4993279304
5351383114
4408190862
85875926121
4056104439
56197791473
2731017000
23313983434
74866257801
75032015
194542783
4952172204
15605328011
33544219270
2282029833
6787531626
57957267360
8839917922
59398778991
1318377
23428298977
50154279355
13037711489
164143153180
413693428
14879397344
16993425452
197474892
2573653790
34411617614
1116079
308351736387
6542045670
1160828011
5596072
761989166
90963004681
351804014711
155843609
4269376879
164222831
2439127042
494071681
290683221
262782851248
6944075868
147249591684
27533591
182162421133
205600953957
485359066
56421997860
11242843
1763299334
271726
471724933
34953101911
23371799096
8761186506
17978779130
1494392574
5369200626
23541705610
3467631
2951451541
22831773871
428855422
23222434
2046079466
2448498681
239857908
83208336252
151394535042
56190514834
778760736
69647626576
156405289874
24819237323
91239500599
317900377
240204430860
4006120575
81627966039
29259396387
91119554876
1245349300
15078104814
140080726126
296866193044
21316618170
2461499595
23555927782
366619666
54067266613
17928136466
5215072659
2188348675
220340824998
13615673731
43849524919
106425599361
161170495521
27894731721
2013965261
75482061680
18187
4555645342
3695198348
159737478515
28981586516
1406280795
4912161871
21917837
5181495973
15322531326
535742464
54998893668
22446492758
533809074604
38723334467
51552101646
7713828
98791204363
1778720049
34114367041
2476180999
34152226
700799131
64540878779
137747923
1059041999
26263779868
75850922506
1608738389
695015412
11735627178
18796261078
290666202319
268877263995
1125340941
472459229
6498177969
97277350727
96952761519
24405387948
35733299722
10148216967
1415927247
24024920284
5192704723
276928382
731603579
7722560632
36959438957
429169282
22819989332
77936707044
14101235293
615125507
323763125549
1654744662
12605533042
454685149095
444488733459
174501405
137388217960
430276450011
112155382755
254499909531
78612028611
1438006767
26577257425
44073635781
7171146643
4711962387
500279298179
6763998738
521823152115
1562735345
58092049200
9868292087
24760310687
43815003407
254879300035
86686440674
3993441784
148401302449
9498846128
3548616154
6032527611
58189354875
790150649
18830737451
342591508
48812108268
8917754
241265929959
20134294212
1158859193
129674364650
988210538
30993134507
16671273785
16929378
15698638891
186235937
149687760601
152388201239
5276951
149004264068
227476423816
641640664
123009317429
55942473677
124289113605
25458523643
96197720769
43933987706
38461426684
113543590739
1607725
469565544535
138152977490
82388625033
24173008882
301150172103
60067497605
159567071397
422539709
24071763767
13944105252
327253045
120302089186
27409315299
36057362789
30628950364
491682036
16747308222
36279890907
8435092273
19424419314
258405231260
15067845445
48273408804
283493796273
556018064860
142448456963
24537498988
519151067
33879849326
15111052395
388642392557
9501314733
181420924674
851316221
194695436
4953134562
31056169364
46984404435
3189715282
560506086
457898070622
19810097505
41026954298
20396918605
169825652776
30975897326
44994162
496434868
124940755784
46561281831
4978523327
5711902926
127810359337
970758730
169590230726
21491414933
8582329647
244045989954
219580102672
826969954
189648975011
43369622130
451213101
251953535511
90393871992
43237040499
132668865883
160913277297
273760036357
8043399776
576025872
4338495639
3330032051
11055405974
27943926291
2691830849
75387799
12728801690
54852925596
91262737882
20138930
16145989891
7483149141
4607836976
304932011
57658050337
189800290157
150547567448
9343501708
36470941499
4374959200
288177577
37294112260
50326361518
8247705489
127529896827
29028492664
98488584583
357311650276
361857357
19030527007
73539028158
64185084263
95615419865
1231541775
1950245525
60889842493
15991332947
33059553690
210537707742
55835626744
5756564597
37793
5982605492
106912583
61793696
85959766358
136595147098
64226989964
27753665680
861588070
160412603214
1270166150
42482875537
135929463070
69950206197
234037690354
5262445578
376356508382
47329502718
9322712959
68321593
275331023
39610990717
3618030
1896330834
175496230204
42755191319
31097499523
318554667150
41875834857
82377407549
1194080168
133040836459
8219655638
34271195
42449608150
9303982834
25353226639
106945444051
126746814978
18336490662
8689098178
2784022108
47072062023
941140126
115966446
7879041242
59648640119
6873815463
146308037965
31189419
64753390122
96924483430
285166477
2768966992
471670546
20518840517
167163235676
49761349434
3442545005
2016679189
2744793952
1034870938
18220000140
396337551777
5070019289
335172414143
13287650485
1308428683
1558628385
215680226837
284385560259
23881722995
113633093284
249421556132
89667990344
4664498904
1093875659
3242299374
52921106409
62200614619
10161334155
90945816884
323495228152
424333048
3595883947
204493948650
26874779010
80887203495
18801186317
36224609727
259808340
1086649771
156615505
62807376841
24309748448
26226309181
4253398937
19765902041
1773773117
41712741590
974818634
8113724009
11514772467
37579539761
49166074733
97587163561
75551625634
79559761267
279033489211
176967918915
6920581988
2351460403
65375054800
5182685833
466098399111
29919464263
229119805758
266205587956
432875300
51172250428
292151889178
3465808071
1215339132
6223782451
297609548127
2339291576
504466110
347912526
51961715021
259397609
117464405360
493356766678
919535445
1083408447
661105749
2515708536
39780841039
57487382232
53138422576
255705721458
19083893924
76652590023
27950739
49901755303
23699692394
368542489652
1825812
92530839016
721436331
2084896
42305976115
17315965
3665403279
285882523569
13168002
72425636858
417400873800
69641279591
49614239957
518081497
98255066267
1387815086
62501408064
18889871292
5632185329
94805992347
33656751319
502293549582
132567543084
375278131
47201360823
3403816034
6428541094
111486911247
128137295239
122728649330
5846194937
26226797091
11444294986
55115058256
3698403479
11419678291
49359033780
19545685429
60109178876
318934
13032236990
3821067075
1183861278
130434607
18737279114
532362796
8384857791
26288853611
18313511589
25902535554
7633394756
746657938
416630048
8357740387
28455108601
4177123233
3545757112
5666353928
16917426
306871026735
891429628
10591588
42711269383
218219969163
97144049784
338861
1164031238
114510834083
12833475418
76729419743
458645241047
3429339174
345495991487
6513916409
155532551721
2271362
11859123415
29863115751
1318862658
1567679890
42005315533
61228667133
109917942775
104918916085
70807693762
421576444280
50261801851
367462898
58122164094
117799276621
837305433
90197530975
37495555588
6441153936
15437227890
186359902190
11653735536
115091424285
65954792288
816447436
142111114502
21275724092
21190284408
63860884189
37754940558
14260652332
16400277779
110085627
17681245890
403541080
11190342297
28606800533
100281622547
114965064459
3396855887
30243857183
520683718
202463812583
19007875607
163414575942
1016302498
192629703756
30069139670
245632258305
2472275712
65471434118
629582068
102118260038
71129951128
46373670650
14700158
82806799711
18823955303
190866986555
1550144721
30489901762
510289949477
1133330624
24306440678
24674275567
10313033209
5511532511
38037606283
18179883367
712446136
4923855875
16676419309
8635341752
1136067963
6080575811
262578160
1788778170
916395670
9449072313
84890660362
127546727567
136101776134
11033009547
112578982729
73867005458
307499184558
598833600831
42120895225
216112245114
268472325511
29246352953
209790629539
3147972859
403507
383787462952
251563551161
90041636433
81385529863
18218008909
158148122527
12879186784
145820214
62490856029
21708674338
18811394150
55040893968
7001477890
114613343196
69695616824
246044918733
3683685440
34262236849
4418443480
221
1636921659
44168557176
209803824278
64222456646
763687690
174182032777
3380942736
348969728
1511567887
5397845335
52810220816
278121836
3026313096
195579810521
48641684766
17182308136
53646725504
165841947426
658721269
25027704138
199169963
1235809757
136401199686
145187746
164478051751
79963090429
3715140475
3680129481
104089870265
46750842
74467719846
12012507732
13596899565
114188161578
18053054134
83490986898
588543231
12429218357
23947485897
188613909882
54390304673
15144881688
25374598392
1244729129
339599908286
194019102545
78111477
49196445197
2788279850
2022026809
64103589696
72303284
107776621486
103689264628
216948765168
69647410105
6868999243
10616649088
104255899330
298043548147
330876848521
118595892498
3024204
28020121122
4918784
11666109432
4123235660
23569142680
772277537
29744782
53473464321
2313722767
2203170104
303866434866
13768071923
13090318121
74940668105
886559716
5589992159
17725393569
6371829904
47961093036
27751346715
7334821991
12843782589
10345068455
73026422091
169281
2996263623
83830007398
84254176006
386617241097
1049187395
1584075182
4021231860
81972898672
47187284745
303754690
70560942254
1231149392
92634120357
61684154608
14278966558
555050867524
15953153584
191547011539
5297286955
91582586218
827181120
5000917146
372056803
82858701413
95603660
27579965849
23940354735
192779716037
174208101787
28696562194
8795889504
36220251762
17201204381
103603425769
215792781315
54821484604
95062658535
7303838
1678637
7362476765
46800982216
1138031859
6332041433
19373797376
47307939344
2559383557
2063201180
80038266481
7787308336
719079
10015238678
10164903673
502493736638
1457657613
604180833
2685888463
4989235136
6301951700
28093775718
912153396
784643061
495050340
44144959283
7340824661
80143010942
308929336403
5901608088
4010858
15843597738
12115557382
40462275494
149038484539
234287510321
253408981281
84791899411
38294220403
70499757142
50076154445
77211182991
240695157467
7600670161
34371651
46564497883
2957001431
367369868048
338325315141
33285253632
3218537160
14399703873
22590698
124395558603
15929991667
41134447819
36985989242
71032214623
391668176806
226179573
14151791283
356542869244
20757064021
957682833
97392069115
173573386761
6123070888
67583130753
2553102757
18865793501
22981288269
14892160278
70294344733
494987383
2911177332
41621761182
49246561
3403401972
393413334352
5906943128
5657197009
195035668
24818974820
184538410792
10823283272
251748865442
40065441428
2345857801
61492267907
184756480267
24577047
1500470173
16021952341
35566958590
17812846893
9383806429
39447152750
2780060972
52359996786
136655180922
230155873036
269760565558
681596854
91185701
170213740669
312000328511
120810972304
3199916393
5985591645
120520035592
28142187316
320312039
17409406352
33650135074
99943588344
80714307907
2834701421
2122037518
151726558178
7478830990
158214941
8444946519
137723204487
31383864434
58920510963
350224276
50094877006
76098102210
