133438206304
13423080609
73622659558
5053431864
260664072507
681542432
21962770439
32580029997
74166695827
8503061713
2732048384
14229725147
33357442169
40993892160
1565075638
13795080356
38181190529
1370832
102206442144
159175986724
2453493228
511325128
3050932398
569449
112646069283
10050469656
174222328737
250028820429
233195943067
111529063770
194752802591
52168014989
48412996798
59974606768
8080544792
183253919080
61380106
38006758
710081157
985875576
2170962094
459489116583
6609374878
22633
41175306441
4333054563
22163710979
6096138363
22508631720
16476515760
130589916163
31024652
19128906764
413268713
25958501403
152809911926
130786565886
91860422063
12819743323
200528622
82406598862
17512227867
48832572489
148124519054
912038791
148259231324
155755439089
15973162
130430443742
137577432585
8548438685
876311015
58243205042
9177033931
4135611282
11409870646
90053
7001245625
238898457
165937134174
236921773384
16166064460
5753124695
51743537356
10134962697
16260843724
454221550760
108768889238
53133800
22784303811
271974997953
2526708645
186961708634
5908914629
1758564741
11406306199
288743087415
159465222970
2395950187
39868564090
10780327248
54055365
780860073
21770392781
11438289470
144963183346
67637099848
47696793153
95023866
617013967
1157708537
182480121
24232155713
821493351
4139419640
325757070
23094735011
6297494183
84639736810
5832909808
16450806509
6502121643
4400921253
443536255582
519837883463
2856396963
113660301566
30936870
19309295106
170376301288
162581765700
14307142995
811204
30840321336
2188772
15218544809
34768878988
31699406640
169940909
230227733229
61663951391
49598674081
766927715
333150540
1713548
62398873170
136024777753
88129929905
23297070890
2129537039
17636035877
8098572028
241960734679
30856973801
16847470689
18806237273
50184400726
103430695632
60507054311
2384840469
161066724717
41026199466
15891780935
75049536865
35184701247
7261031813
27917657859
4530846
11222969736
2728014383
7176342331
9146721507
455575181135
22237684357
3619389770
656994395
274818816397
227488795041
108314429304
36647768867
763422405
220857634664
2346564783
106398617911
94609051528
30727567042
83940458347
336769063
148552223812
263768678433
1432392763
306524306790
2147276069
16760842463
56005598811
2779102
46842407770
2412191873
14569165412
27299584690
70186498
18782294126
1478445646
141937548
147588153
37992910277
9921970140
5084459419
3589413897
45068470496
329840424017
39478505462
27880188457
51480954769
21362966987
110779490210
19197567015
1772895815
44805736
284102533827
4763917695
109183365137
37204337516
3992056450
65181150691
88687138
496812659
1505299859
427886799
87666303828
60371613320
121696894302
70338158525
159123486517
8634343
75272700838
472244295
18779390996
16146726744
37401253297
2536858599
2238913464
159706437
1117059499
27054098102
6209276720
1022299665
13593179706
362464227314
741813951
12849355
334342864351
37928117300
83431877714
127238221535
24237218895
104725727993
81772611430
2925257377
8135563230
103229750240
825083324
13077848015
82732
46688911
1019229563
8263058876
50609355877
207099708
12126446690
39714935572
183599875
6129959909
55357021102
46354696623
181792269395
37338786
54778344
434771171
602610745
3158372560
31017086
3254259
13277253038
16342445357
1238534495
26270067067
8683953003
4086453087
99847029
55792581803
174487737
7448436606
591995899
26089035076
18438484641
225036374612
440212987
1672061766
68569383
1605899807
107018133585
327815336263
7271618747
4724482863
111699860141
108626754837
11081703422
79298683
38575417191
1366326513
35041601806
64095903498
30826555592
23382735523
6327769889
8399579559
3997096545
6558785156
348288452049
8774116675
12027134838
11794047432
4252745781
238275397510
17084090158
19296980169
33237682878
26433815318
6667698226
3144289089
143732638709
26013594868
34022601751
3172688032
145149015608
436871261
98336732754
7815150286
2921245278
2383514389
46917
10046082406
42527432928
13742475898
6967678207
53241182
1444090767
35438308391
202787726787
1991122799
813371200
39552283283
18486629046
14205952790
714977
1037712728
3634436929
144874458637
1379696706
24
9721266322
79968484288
338286439591
194898033881
109272384260
58771891
303531107976
4059328683
57563994
117821143928
1503169142
76683816952
199746315
28270481868
179244260848
326244765
102061194
13280214606
11072908541
21445240682
177259503473
749180059
325326730565
303202346
194893301906
1623362677
802341763
29513602804
334968513559
4141227294
18952262
181523019373
9687415211
59587935
178730442427
37993079355
588935999
1586126242
96978550865
40677442301
2085962292
180849878672
1665062651
1347085553
894458258
38495042
35026793325
8361815720
24222823000
108566529589
465449359
228088617274
6114232
102659395320
293828631504
66756149211
609200677
336419641136
9894354045
436803239225
14417224370
5792638889
66711776514
280676639888
2356865348
3870207913
236574885183
335451006
474846606
14571800
40051076233
13260673611
11429012554
349516746924
28518357845
13524114955
257825777767
1619582355
183583949145
188421204
5918266062
6682687305
3302854372
4566558815
4198596030
5285813339
39514071
33942851139
76955351
48420003076
29204499513
19512779005
19688333680
18620290025
447469742200
42223782544
40649852
260594368789
206457767907
1277159922
25342568984
14734414494
13182879846
19467405213
70708964
272243541115
48282035136
563167961
3440576679
31182054969
13713904266
106879162
23155295724
9790328702
36788537839
219537085026
565901809042
53102862569
183698238731
89540776502
4553899276
104719724
165083054054
93880817680
18213307315
53341222863
8518841171
11047049275
26051134428
1518623328
2997688772
495037
24086407241
734228823
16975483300
1483440601
76931309774
508577927562
3076480941
643801665
284786372024
374368600184
1315408080
143316154194
1583743322
506652425756
156132131
43257282258
102260499100
10836844
26725178391
1992578
1795830360
6924672023
23457200430
8935567103
133830501750
41347180391
1169055704
28566149405
34971414374
121281271291
2824575
55353026124
110724404704
242059658
134422265639
79701571270
1333353949
9196964
1900140196
3277340682
9682562
5084289490
90033012827
510467128924
1164156454
106029835149
43982623141
1140201474
26506765420
18932939406
460068368
94212663546
1602413173
414850087
7437047337
852233
1002317980
112662165
10303819
117040441709
238853163053
174121473393
126134408423
12652110885
196784409502
4605338797
22004729430
402147269819
55222942368
65483754459
69802298369
104960411039
7227667229
88902390
1554705568
37957984237
428077571716
18243668170
417445
54923165701
31663502171
470558592958
169372675069
7169468481
939188383
3542765023
211504644380
47939215623
37785232565
201458635692
735301649
14968014768
18224735367
654315347
21752059548
150594846130
2012516298
9316726741
9738093932
3372054426
108052
37857871423
210410812
10723398293
10696177178
2281291210
333367747743
566955324
88960502
289705091278
110045375287
11358308432
2321362233
4079814484
20917564962
37603217237
92420773637
51883220710
229391892
114700230120
199807859886
5130767898
9703176724
2830416948
4076157014
28278857728
17915724903
8670697729
31040847727
31877710294
509573157
98319767060
3862890798
206730880
330855703797
3279054617
10060808500
198205688436
806023639
2841970947
24206969473
15680583779
25254005459
77713105978
72080518691
27558317485
237656468885
68205865384
67773790656
43137507067
97773911420
15065501150
4514668077
100995200
189900945576
113022957446
746310470
1554312056
30099997868
19525293911
40401108880
46380316940
154800661713
50780908896
334195694418
184846590
243504739825
194764896
22634226615
105932624687
208842046
157569223906
1141946189
114431325100
5838652714
94648859183
298698697181
42316170760
83510049478
6492160106
3211728236
48278625
145429813272
83090140417
10277684243
4920141179
225595924
1389174
11053674998
44146803447
221306333331
2109301977
26004123063
648525487
13554046163
12238312648
3333198037
43363703774
34983031656
12632160514
39506810060
1593851720
112078432471
5675781024
20163935887
12485945980
41901975992
18732713531
2639655084
5116239724
46513265987
4746132167
90873498221
146440086067
120139011145
15017351128
57862213874
108253896333
152882998045
46438425
25679007644
77770932213
26978925306
32805902906
416935097304
9322171340
2496153456
69800687386
17561866179
6063222130
1148216263
3114359856
169372618999
12551150578
15339302628
56858117
9541660
76379265021
19770
172105856677
3177787725
148232010282
4957571796
1658591123
127657499171
309499683
31910301991
3876667123
37163
87741137409
129824001
143441998
257532531126
3546363109
209501297630
3698820026
236628668192
41045419482
317099107901
9375
17855247
51500577574
138378118
38882300026
59919319626
281658907
22363991107
6557237045
2974865323
1657984894
59179782033
5706959255
33552333827
22646921777
30144651952
74214653883
22377490480
2415801541
3652921169
3023535820
71781209534
38401280261
22164050798
93763980954
177045023
5015068619
136726126052
9834579492
350340215258
144679619224
130329764520
11652414082
536485357
779755978
2315623678
342262184763
9797971315
340235036
752785561
2708904353
11312329485
598289819
893893304
105714394900
11742057006
5299399432
3013451
88172201088
39505165453
55833910167
81885305948
133143048949
220305352158
341051572
9713635674
87071201186
347133116983
92945725014
15146369648
232859463610
42969892
54543053506
26071888111
400406998
70554681
7406063310
94228736930
56282637024
670365589
124441895507
52697170117
12135600769
228687563744
436097806783
522695113240
35067377822
113947738135
665723187
72265376175
193896482292
3360211
442862316743
63360151065
176409392797
21253650943
10681233760
10558599062
48410669559
474416755
80583252879
2678869298
5273025
23608741189
154475005949
823841668
4149301670
79271157093
23476806709
110037042935
1046122008
296796971680
287258149089
156510225829
17337217640
11694481
1092069735
270492316
17654524979
415502364
298418423393
24071234768
8594840198
6584192498
8721992050
233614800822
138240449182
47405481
37560089934
5622991088
31328236616
1278234472
23457834271
45817782
4974017564
47746484149
15575043122
115889553061
59106520
70741407
198082513
4275480
2763881407
46399013
11819069
11061
8740032672
654711465
244654862225
125844560372
79576
7590683061
16395302689
46114997718
78382812543
218200471
119496233785
9448278097
12594354235
6008757354
3923224682
321899598320
3483809778
26820600375
27931315538
412265805
22402514648
105722800114
31009098581
381911442406
60431273
234499684788
1376824703
10549743218
27160552920
112519291371
3410152254
3652411472
655464723
14680020015
6756951228
298563395122
149084716893
39406325571
25264845557
4856704684
349180563548
64280465816
4711261440
335507803
184553985748
367186734519
99044160400
67472423225
18361345408
117731735
125481172409
101909353937
162394517035
31565311946
190007681067
43702850479
28840036935
62521081257
9480680387
66843931860
34335889517
258632703433
609926303
74597333369
321309888000
245699238854
14439367312
18916864
327687239572
1954589399
81238603905
5190069437
620760641
28084385978
345349189226
3083685435
28012210091
231490214298
87162207
13921593025
15148183127
53756956632
167583766166
17291339705
8528870
79192482
351455353
426849529
52941382213
15488003028
126675585837
200578327972
2990967788
70035571174
1589007167
145282342205
407948760
63258319692
420510967866
17419245601
100126775811
102217419997
14108868
104552499
21703680659
541332831
8294371579
38275637011
11179544555
279057064
100735708118
17545249
