2431664442
6654294250
28094916981
226304
16044001717
42839853203
3945858862
69834498364
1490981
35633059653
82384779932
117694959387
367618229149
15546487643
15945966579
25900137618
58180072
50240612254
11628812515
16774194187
1046696942
285964398
22328346012
61815497
281445380755
42356883908
402833324668
44742363854
189065103676
237581882324
135442164
95595593298
6757307708
111050025751
4072499
3638492448
54285386443
72945296384
66863874382
55450
18602718636
13128986952
225018289348
332181986980
221136138139
239472046602
410589084
40275361
203616494967
1732602942
6784141992
4522844269
47420626
71173902682
108088553
1638074383
331242129359
137030005
2019477666
62231807944
2900634605
11229951627
107979633190
90514062251
367552719687
300617958575
193824226338
88335881258
1317307243
81892584
59835392048
1585638770
23799285003
14286878646
377266475100
249318046088
192650078595
140142214682
441670391236
6164026365
208087585494
33641405304
43622498522
27559010176
11320429798
14584711052
8262873453
9378748048
81383788
219237943064
101653439443
5079951013
18149824856
101190948621
42996423
28987759236
4248121662
182782508
26090053656
618701307
8906038236
225292816569
10278416308
834160897
12902849859
3748103704
2959991725
5102954505
2168870562
37943748858
773193456
75941952324
153346378
97977527680
656958687
3084255799
440207297899
2422919127
373949180
169647010
8681537894
48752414879
15150539471
45177467
420291174208
2053073777
741998731
61484973299
56317514842
121413259835
134817635880
203801338024
7187538589
95686012399
434106552038
29182622
8930941150
74361833935
23958257611
41312503708
15334081325
52836660
52631
14520605420
3229718
96737985
136912470884
161300695396
88124985
15287939
6781649569
1190819019
45292925610
9774538389
212631502377
19348052736
80719801939
17093046057
298737505550
70474026805
37918442049
232706418
2575809278
52938375269
140023977709
110915824944
12718309053
23005431576
3094918767
4000400913
110040228175
120646071966
683084008
51012298150
114613631588
57293545465
11703376417
1525937348
154563792861
198708841584
59463829346
59812238673
1389005100
55359028
513298615943
7122945598
29079505762
37386970423
4351991861
185703665751
131485428298
340307029661
12169211704
7877080862
2957685381
203159319844
250990563
28042791084
115357984492
93278142470
231732403755
2582701587
2050945417
66557571305
206446937673
115725926984
17472544497
3677791027
5464304699
3133766520
6781453265
19483827437
1428524
24700130
323032
6015007708
122898282907
62570458924
60134739
17830544125
62729084343
306996779168
2207472888
207644710628
5830707286
36554401797
62385095242
375781
136670466001
4498388966
123747319610
18924020712
1547756849
1331956181
204554463418
5775190825
410191096559
42892746
6234108735
211167916291
250403643
32496353981
259600017355
67310186
382961579571
145041027130
53895984
63782844806
436689619
325617464685
3254902381
331004020928
383431567439
9004888818
3285864876
106337544846
22608069
2764991727
183839671855
45731558238
20996432883
103264721217
213421171
796440319
188104249875
165610708921
910267090
11933759362
8999467503
249563612
12203500434
32357966625
241463103419
819706266
6186537122
106430848750
13914957648
198458529866
481917229
4362120255
18424270103
1766596590
105765144507
535047764
2832888912
19580659365
51692776234
56999437010
35070192417
393690828
24184884493
51196414425
3341862922
256739585
12767865976
11871845319
2345670397
603744980
13790145542
62833566292
11108779444
71305500103
13244467979
11621695581
26379596988
49990794
30724360483
3538128643
19551977345
483456380803
2594785086
859117449
50770662662
96549998017
12480639679
2372319631
108505260417
215172922713
2607692819
251815062075
180053580115
37058937
54570362511
7028772459
3321496658
13460813
1812757
69575286
7501186821
53419403230
401186518153
35731822
173531769026
151129921762
5317367755
1193241635
351652383168
94078789984
3902979000
224311666525
368411976833
2458401391
1453224882
6133369716
53453235579
820514507
15051761350
380823671370
28990617395
81238893240
8224278
1620794904
4219715
9185496615
51764719839
1441478129
662173
55063325722
7593579814
13655344
573200256745
75197721141
194758910271
392273056333
152338525056
82702321660
86981515743
9625599115
92755729
1502396839
12641907105
111650916
1236618325
5999426865
10887816358
70460848154
51001843910
171757461423
7248568582
327263322
157370984135
13050798159
95778508079
1327240815
59044771997
24475063953
15642708469
22839895779
418968470
27981583331
99293001451
12445900554
252677791682
202567072105
170276043168
25191833600
2970377761
18880963467
76232621601
21539546200
250875645
29657931576
176784566699
260040941744
17277110552
3791829181
252367708723
2914579194
14471099667
11513645391
241533811983
19207226607
9478390187
29367519250
2286946147
40527685856
7904747
236275593091
10438017297
187794083922
33924938611
1197441432
3072307565
95172801588
119505970347
174612938568
9640605817
40342533536
49842512259
152928133
130813050150
40336810087
164704123048
12173791266
147903382563
183733166145
626274290
24401587889
2951164643
11880007374
118530700155
1664019083
106731691831
59092070837
3632927014
17299675493
52133475059
75732572781
187228531
21633023889
234579833154
1009792
3301509003
489172214783
57532516766
53159707233
45397571293
4100891937
34770606054
4533364026
234301564793
214549543
120668884
236852023260
400222778640
15866322
523993535849
9213674606
5694277261
19502074939
12005668736
273597399486
182430240416
39095569897
528430335
489640980
24205277796
79223356649
1864587940
187653161997
713876
103639349524
210541412143
194590605
63941606583
28418346244
339507394201
1423845086
2958858
83803973
1891319819
5111381419
14981618041
1751278696
105613713197
2849830
13076750052
56132344662
12609774004
5318654658
109516758
5111933525
12628761744
8962444594
44062344
32071985626
69967519943
24298429885
3594797
12778588448
53888156572
1048681725
2872835956
30400588573
19723207929
147538446
39447009740
3715745005
438160185
6317053405
104873808
5568263994
275680048
8782619287
46432361
112361670450
209668024988
104089
72982789809
77699424839
199793638956
18129033819
64336141549
175711942122
285543978404
44745158032
4987386948
7255027507
24805038413
27341774480
11977766307
98329652703
8173248545
11860747722
114826275650
43702350617
3548995
16314961
1831164158
283929011379
152536879945
1985163693
63514036663
274218809
14749336500
378611832466
106019741033
165772720
10078098027
1494580
374442553625
9140343416
66136674010
158154518928
7423555530
10080686505
5989497834
1967949169
163526789267
6523947838
179190063
14462913252
174039157436
446957268
81797258748
19358265057
276252897
343904766476
4441461285
15465363
5782312882
4265225920
23361237386
43674905
254996439145
47365192618
16738074359
18765350802
19207371508
12027391
82375452530
13658016415
31272032585
17521830884
32284481079
9594925949
491076609529
40611337755
66410512952
198980100840
215855960940
3181939120
70538925
6370437
235286824013
161045038203
11082841893
3367063615
62376521022
399665933444
23549021429
3171878785
6373554274
213404
32584377666
167252604209
7950721223
1818766148
2282600276
123077827228
1162438548
3995850759
8245099493
25546686688
40294104944
161609273729
4899262441
143846753232
357719295470
1138571660
197567905530
4174876335
6315464999
51967079045
21871399846
290876758938
19232828221
72570015606
17040838482
158944301290
3436512
9260346754
288247633026
31095132107
50590152
120867535
22323118126
24725818176
23256427531
23381706
6261525838
79252854772
24966191369
97631248
24505732207
1631072808
5211474895
961530469
404881270109
3623051587
42037459993
40813734
475805480345
6257778087
3988959153
233818366118
4560403715
977503564
247324323542
92590185435
699715632
129928078124
4335017060
10939699039
63280554085
5354118760
26232564877
5207495306
9988162548
13284947920
8090530628
44669545552
33959029840
11342811634
80352
130113477447
16200658084
40594354754
18440538311
18741670143
71350175021
6555061681
180383893276
11671897287
2816787447
6786053
30807194759
2343415134
73125833
745476903
10364899015
26618686142
4080733911
26854614601
33377241844
38496451178
7069457691
5365319670
203319995617
52433643130
6139505451
16594669479
16475472649
9804637903
1107913594
135351
102769107725
1644775244
26436970079
7192485582
88267540
7301307350
31439984748
388144235260
107315809299
21337104275
7078988697
176371981130
896390265
38681005625
2243674911
14767071167
2161882034
22302865089
8525919
46326002188
301064070392
1269068222
3281161671
444111039
4233753087
9673065
2837427
32344939712
162924766
153233885867
12661625150
10644419983
97535363277
1862611926
6908940981
31135120192
91304367700
39762912797
52972985513
264911223270
66624142366
13873794718
20169787926
69902427603
2793416356
3426821705
746609305
1153244315
27390521872
29351486111
739186244
28754332
282878458716
233678722117
318388373
4933733038
114238979875
4226866130
256406073648
92242714672
156450187
30906043315
7390933821
1723989466
120240464300
144037434
889326936
9362044851
83294250181
209311658161
223589637
30295793
12407434122
107658366972
2949172302
5720657105
116523916478
169400240979
225248295669
550951484763
350914190562
102808971
545732676
242048132713
82861909834
45393718338
31846438746
792226967
109685432692
339909421
131365749438
21280429827
17943527983
17394481
1915921498
43384126975
3151354633
36426911228
128991971340
22691827
120870111871
178819768641
7360806793
35533721188
102963193016
59685558646
8087608645
9874236812
136758408955
42432826208
70324116091
466665820973
65309256775
17764957292
80863417
18357256247
13593819483
217777176503
91565442188
102303826477
2245301
44380120714
514914837
7576244304
2721226495
68398335721
25014725583
11984620074
261851659
36383986940
23972975872
189351928939
94154058877
1672874707
2935905067
127057035870
53570595096
158229111
100883625325
89998979271
2275103189
199329036
58430101174
334806906825
161887287
59617384
22395794446
89720280660
45164800
35948765477
437010393064
4615170273
1200576618
1564854464
751223993
222222922846
58790557445
25799466262
68487640896
667764524
10321941
36827965338
3857047548
3231660060
205583922923
398649674
25403406471
59286373491
23324925904
170656257034
388412680745
32006487771
152929520701
227965144835
18866578643
284222702343
29196167240
1293265539
122709996673
22022434778
3598911
30335991887
151480316455
94828871014
81556614789
204459251901
44077757924
56973
26783598628
43758137022
1534482820
2293857644
32077593153
144219183
430025925342
805459153
2346723082
26741982034
137099197095
26230679193
313037985288
1609207985
17395620124
8379652717
6086877948
565694071
245126410199
5413217960
543135613
4899042943
15923510632
5996900765
117359757314
76859826732
910313958
958467695
142748479552
38383736601
45279093843
10444853378
5520137722
78604153
5217672216
468352344
38379740
43585475098
252863062719
1146983655
4316571957
379471772
102437818
100982938215
468102312778
59792838664
56823331764
105686608294
12459918
48998471437
402473899
15159781794
40941100036
100174
176854749652
224347166
15523929855
25502234913
104730523393
10759522128
158732682077
97920611662
57280102574
15541845
21300838688
473453489441
96923640
253582778205
2773569157
49262948973
4347142335
54327422030
3188742144
25818470978
257502861549
864279154
147514356978
9002051765
37499667204
85432357620
190015127269
8096234416
51859136169
297586024628
456230232543
3933113535
44418897498
117813435441
4109081678
49885138351
1462467163
154258947
3548082912
206706689488
30371259622
1727272881
