23754948177
13932540290
239797237471
2781493812
170323182169
298801494
53418166367
418726650
15615656590
210524328774
35552908055
15808986907
57057369408
1743564014
150791742
51132229282
160894356162
2701316134
1639967285
18617839897
4442740578
124972269413
17826376653
17141132754
161000369430
780351759
1180917615
4457943693
5792782705
31453706401
2109639289
27353244554
88190424552
3288244880
9969445757
2436774
13648993972
2085154057
11699
135402433157
12595543262
152750033583
325793039148
1105671647
26767077069
1225223719
305168157379
271206893664
991014218
20557012380
247637101040
111873018866
291806034584
124202489
324339642135
1629763831
17735018
229304975305
10045068065
3816999743
47256486132
5759020817
5131719975
354155737941
123219025156
971254579
81046968598
3816470328
276700916
32719860330
467308607
419927375
427918703570
29505044129
31611108420
4645891638
9780365776
26142370704
190205827
4672971118
3643306654
434355501930
346332805788
146438482170
102044768235
5419991625
4041527
432323771
18565022
65813001
5527698000
128372615587
14639574996
56005063866
14336987680
8792089651
38397198792
9011005080
176023606496
383987617540
695581016
128819708127
549627313
10818588023
19314841047
26105933870
2606169775
71026573353
36829324572
10832373
55017332775
15488310064
80095693
113502389531
526140381
156669114466
1744074417
1948063922
468346081054
17113555767
132948794873
3472334049
156504183484
3879480258
862871812
115485162825
19887612054
777005056
27784479203
40621803085
1435364757
59163809633
314484553
1981760964
34084523480
51425123250
1203917881
18096334260
44084816070
16024576
17140
355246268854
8437878492
8643107129
3432067068
68348397109
4135609074
236501203
209256638
151240005513
22678243609
272707429313
16595898380
371794447
15381122069
27647667953
147934107
122455070719
438489229872
8262522883
8920281570
18920905561
652324599
52303026216
265508424782
1509028792
6618372052
13615548325
880003737
7467653821
22540457323
12824453301
749873872
1635277886
2385733642
679064636
4891307158
1298466208
321937319246
173495665912
92551834
1752899047
26468634135
39044834050
74988900142
2975959674
105541430039
166341855200
1605680954
13667420212
176916386711
230448066891
57316060898
245756446532
687477944
21931743267
163730502
184518462185
37255835751
209466031998
513334682157
73338051912
702448924
47441358919
6384124765
141483126582
150611808851
195060725
83223521385
364177928393
7365326045
151698837346
344085
14646799058
50720601468
5430402249
17972725306
871557965
83377827637
166952423
2464497175
5094489117
1400844950
336222453290
40753029
18180918955
2739290451
22836604577
503022513713
1934705631
185822379
1911760636
10779006704
8823138033
12262377521
24177640090
2836292271
2728523182
21305469807
5999550717
52398339022
138925
29800313642
1201454634
362764731921
36545154333
39637048818
10588988815
31365799266
38519346533
51694549682
136766089183
35136508450
258589364
1851151084
14955336609
1261280346
80018183879
7267754386
25054750199
149214681640
1606901419
113637668821
7143892376
14939435
45299363295
2288535877
46179293
5566115219
9079216440
16593049620
69126519365
40012053948
99349510176
10420920994
149259924
12912591469
1245476230
8677498006
243896218356
19725567485
7459914528
13943864078
7270391443
206506562700
3223075372
8264454658
170892130854
13073825
38903804893
136442531731
13326192022
6071203941
31078154947
62964784019
43119971517
73282882483
776122060
54897474639
2019514645
24688509284
4382992
159920849387
68543449085
25614784084
8153601479
120691783
760297759
18851221326
4121895323
3290332180
295584050651
160993407604
18585962
67952126375
13720647371
11840599615
1260342837
28375891322
76957439818
3902196286
38007442389
88066361015
692991
17078326592
111305483497
4415540
46260059462
125719488
8122550511
230729501535
19539485670
133177117690
513316827
42150595426
69240831
628185255
68713441093
4462305901
144481966098
11867606
586553343
171840242915
5912500353
227352856290
4950424169
266071316906
4467976131
73862382437
14875057986
167233005731
175528459866
7113439194
904526524
23618879060
224003826262
95063252
32865382
8179731240
25773806912
4640988532
530222878087
16944246
7395074875
147862486069
293103006675
6657616406
2352255791
9333910238
530464697677
4158487925
514750562801
1800293
63391923
180144602186
124315891924
13486428259
161597850062
285189476312
213985699046
242330790236
3938981224
53110149286
332927423569
12100999309
185894
2583678833
213866012314
91528354378
23391079767
2560872628
760300696
63441964202
441636
1182625294
224472802205
70513038
105861386701
83469746404
12920576727
7517859683
3222101667
4935930430
65031330200
133503052450
70965239139
11478040473
321868
4471673
40821459204
7437577827
286242188736
7349587857
1007257819
248779476510
1513427085
135334413877
177859770528
179238808
15726491557
235329795075
35969383
222797515535
18064483682
4634278169
51722518894
22668913195
10865783963
17907563266
299615726694
456867115
3036676185
1446116957
111435620127
9374484985
5296886354
3728153554
105997359343
248189411712
260521998
12002307938
385904371615
59220634
54482313839
5468479187
44450516110
6069142740
21031031
99860108638
60555399418
4419295496
9701882230
15327723003
172417977
1482713
6621458945
1267228
264377079010
332204670952
7574466636
20277844708
761103063
208746305198
43980172403
11694991371
33684679261
1232379591
200979334399
211241839640
172091623211
165507740
677274
8132898481
18698266579
61915522898
2045130307
12033719296
14557957960
89277048911
2132205834
77860512378
26646022225
373811363052
13891622883
5213067482
8308362786
290951741
22027696251
180610424714
190673644407
70537753463
255688729668
308763471245
1833898799
4077606158
166935798344
7361165
7595424162
494712099217
10592244696
40927263337
853666746
9699106199
63400251386
33417445831
70216006678
19250822272
84047298673
56333971504
20991280119
187874527213
391950480089
1985382159
654182928
2762046505
40494214
10418507427
75841907241
82936780231
3595671650
229387338452
96240918887
7186992023
183531542436
520285
16564262
14577348411
2214383047
399427086564
20744507
37121689864
30804188848
304912599886
1373428069
34519908156
2398326086
75683975389
234478006438
5648674
3236088252
483224175626
340046138
22451875247
142197657549
5212704052
1392803102
469755726770
100080098287
19622671843
200881061767
46493702120
4348995701
984628220
123284155882
1654824510
1300544871
25056669777
416548508137
283448822420
131338688966
1925588262
1343765683
22295542067
28638590893
81268480488
33459859270
51638562997
28103932384
34809867845
510977552
741375045
3677091778
9960220970
1127765852
28595885187
14953492260
777595866
35974281298
509484379
27127736532
1518614653
28800265632
177376377669
12103468155
86694302057
131067527289
65953235714
4640719776
2123414463
312593472
395540113129
7941489534
469277302
5072943225
319951258
264128979090
187053107076
2040695623
12199
331108877097
170554261652
42822704146
9972039826
3209229118
2101590
468499959915
1785895947
7237778066
291514361337
72647696285
1414060155
3859071236
7749413380
4919263889
68799032061
534527961
791035822
72905246454
4766800410
1926738974
3750845129
37532960695
7557821367
1940771501
54926186
4113602368
359641907087
694547399
935349812
173153431619
9975489198
90838851879
11358875
34691168
19729417662
10857847141
186538021270
140725909548
47890787407
539812665229
28505083048
127565059
33808953382
151027698864
216774369101
2682835
65475013812
380561486
9655879078
11111539307
826317880
1040984253
29501514556
140906304
30157314658
115472094545
121869287784
112098279023
71711229779
3548483379
23092510186
39279969656
238449292526
2879770665
1300881704
13021042572
6328696257
1295069438
2493879496
137508155238
15529301118
4380521799
62209847422
104124120338
2545526450
11740585759
76466880272
19683129136
165980236
25645727233
62789735636
61236009225
92685558
5772139325
6445589767
325843895
118852021
362482249437
42332731573
7735629810
3158313
197548377983
603997418
57818642
173190678
382777007840
2361168229
51923883331
210435554912
17096328422
4847165447
317792583027
30639386148
296953978799
25158661012
37061699
414615699297
12233603200
134694486
55772810836
8922832113
108867486528
29231580356
5979180444
7265627840
107570917213
190841931728
13198949
177375890471
801121274
137446299969
40386861481
19810869427
361333681880
71087177705
445703743
618345253
1049226859
20199436
595731229
12881464403
607020890
3092117731
22742590
91590596576
24140685939
31298260590
16116009003
27170583085
110738073667
1359515649
1047938721
5847183973
94272507065
220512751563
581847467627
6002705787
5738898022
31740
119163018
1694605431
243502257
299732740
67077666171
76313136
545610917965
417964001
499319192
10679951
24690857212
620241764
63858706044
4599611826
1321975249
100116720012
74962897615
159884319401
885390856
188687955868
10719747687
10091147
83423449519
88209715487
3484776
465100029317
60979846192
597154781
5061444
497517771
1122484
366634448004
5866599
17296177940
227927891970
29869956526
303110635161
2361969842
9551894038
1498909044
575029827
12186921686
268238003419
29095772113
199193159
479634020
728635629
145443001853
261505175
2817705040
10972355316
19133348728
10911726637
48997347342
47566431795
1009005634
206249645204
318863915
253850498460
2952027582
1113096528
344458790
161035254527
3825633201
11070235189
8784128
156360971
8069422096
2789550781
24163530467
3237255259
10296404376
3573950058
8457344603
17523469098
74544044145
18386566
83366118
89585038257
251250976627
83323282292
8565247432
335590142029
6284961305
330445999375
7883612445
161449566930
2698163521
37022729839
30049267098
5985046126
5515205983
153009930646
4990717466
120032056730
499267579
151394493135
683534574
2139796
52580587002
4934826181
111278474588
10881237
286923435849
32758590792
5152886497
304346286404
23891749904
235493287
30798046868
28086258082
3353741054
4393990
1983854537
5563719465
6144377825
182572734655
30364182153
947942571
183413224819
32950339283
2238847697
49871264902
7013108104
274712572303
58459084
3350992554
67149542223
55901496625
113921231617
3469774
231107455127
33624839869
460837488
331763109
33355516585
22359824936
27435522628
16264628
9171006782
85560791506
14154445083
138742568027
35159504450
68587465
624986461
27111647997
160115670172
143031759834
6342967966
14251421950
8093068060
409588693871
118640261663
93048585249
543490133
160879772257
43261481561
2908774283
911326452
174086532048
3336233018
5652243982
149686711233
639788062
30291395950
32742283695
15032086192
20968719419
5210441138
474729597393
21436017552
105805124
7251078305
31889698336
35171349270
263652412239
3064146953
396626558985
225169497812
11336959820
171849634
26379734216
8552188488
35951818142
20702516177
63796597265
74122737218
48923133234
8718200070
72874089813
269979778
345534901101
62392805287
18397865429
6532739234
23176576624
67024895
19279855470
815064276
56083371667
166380566012
10316294261
11134772166
224200476
487727385
195788420
127823355784
103875678947
5734794010
2310958154
39089186829
136253594
145457974024
18459059367
1627753
1458376773
21160154312
88980295189
3448256044
217652740619
254057495
104898640
3868661358
6125157050
1363270366
2551005741
2885322248
59433455
42539169
50072684850
3190303778
66640595088
318736592660
23346551695
260710350526
480511654009
155416554951
1205943272
4730305973
1176390531
809794680
160220863004
22000354640
11636578694
44847559030
828764624
75160087
470417949874
47989605428
30505707219
