1986780596
2196601660
7025448832
273332814922
2606182405
247781309264
911613551
6926338462
87567764856
17795400767
15517607701
147619595
6614611419
61809840155
6941418535
1044862577
14578552074
14588900875
150117594107
1141068250
208798486435
68539973
204421479987
16391923598
1782224348
4047834582
79635417793
8701847008
2289945370
121468368397
3068083
53302625
17767038840
690743
494575446922
15004925
10080689582
1788649894
1443361440
2278689533
45013324
13033711946
1995674577
2496694063
270453977752
349350367
25899810836
211418483424
12111355572
2075283667
7034375795
3738876876
92336144443
1709415381
939877467
127330409396
329522576984
1798580539
38795276039
29043370386
2153113861
28623733872
21284053
30730385519
271497970217
25945024220
8873543534
93605471512
49987009986
20154999074
78133470879
72572400505
15282379080
319781935564
87195711204
2834003203
981975525
3665469445
127950693767
74295269256
20896286099
10252763721
130243654708
2965160921
1181866384
5830410408
2335383508
80357106
4253715617
18153437325
151211704362
28011352343
30655635075
319179000914
2453484678
350699458084
443035915
234030171
66577908948
448096263220
21148928425
16269672
10887523947
842030275
75895496880
42497706054
39559071484
7780807
9
176159258412
208224882982
6610598556
17269974682
159226200632
330587888
30134910
2513779524
234247324
2136365358
10642336356
38122932
8011836992
2250868594
42895514003
20412967552
7184427095
23671210239
17197560
297876138042
117641089913
971647752
114017504938
78806731997
246666997282
1882210
282650426117
108124272456
12939142
6398955328
67840653
55044747287
1031174118
28832725542
90517920522
902947974
16486944
150192524
21225115443
269281255161
6840709593
758009230
33766166304
2106725939
297004119
29402822115
260965488076
263807639
17856052
287969815279
261247580655
202577290762
5209540338
167259476314
368009148
51716156868
3225176386
67819802590
1283394069
21168171135
293555026556
14935601411
15761490717
47349283513
49748675251
5871139841
1098492778
7269041343
76870661
129283547212
140097421232
2465498110
173399889398
3801459574
6685443727
93010910710
55786758914
9203197591
48163974226
22511054
36055123536
11410093536
20984247352
355493635
21939845440
118401446718
43448250086
158929338
724607444
2226318731
32629606219
2005904014
2847548463
78076625911
1465601041
8231972194
10392879
200134431186
99279254612
26300241481
24635190916
14221180084
82709575667
150441226
117353308222
15634493593
25266074155
3829908
7266908994
298864541109
353926266043
95926476
59959273301
1919481685
98113570641
36985580
2595900396
19880552669
58176152304
258248198749
50133802364
571180813
281824099408
9912534005
520523901
224610458193
133186413805
1315107269
15016197877
153216866248
570048655
73708771600
906739576
202013233357
383635668
280685410605
19839365715
61336538254
165993265
18319225137
617871586
19127388222
131415845228
2397212445
27434822103
8189553749
174811563330
1461173496
1459687
125443564316
130993351786
252163085352
2325871297
344458000
251940109088
899060280
69369127
946371
20157081
4250189838
1308435469
5855675648
42703260315
88861764467
38575393880
383236321261
4147678558
10341707689
75072158146
408191225690
106226434210
10515229497
71134067736
21303657051
104924648
7676460214
317163502439
46584467378
33425116058
10355675826
134959151
12745156745
200733730947
272478958
4923404614
12461313556
6340810
132234744410
9932469420
4432872481
147168868818
62361850086
16052094866
3995544146
3649081696
25047765
63322417
10451584860
84464235612
47030778674
479902992173
3343963876
1401424154
23183242071
137251
112786183795
3381325719
981660336
5632726281
938341903
128015539786
2079736080
834230
14391392077
91954419
4244729457
1149135325
142504106214
412517126229
252385546641
12037037140
1500556417
14353729457
289270729462
10788430241
1389143304
5624416576
33625167
1063988332
338352118
621303949
502262778
18596199305
9603449489
86751799898
61217314201
302322588938
41579225405
101729160511
74867598189
70169547366
48137807422
19228425526
727627592
41670074611
72132968600
208859379938
6569860014
32720255924
66845462
1030568
4297936870
19951847443
260413879369
257833227
2244598363
4353936925
188945126833
98656316618
19247107646
52837370854
14885283390
135452798800
47772978259
208364144713
11896978948
99097515887
30300
177020815050
30334684683
4270278574
103682043083
2446875333
6526636747
7192313003
1059106680
41246952102
1394646761
306915186433
17643719755
87870665
10214253
8514583999
1725823181
327136420
7587037489
87291939800
69898320
142100435395
19424203728
109160276484
4018915050
193276471947
160243239
715385237
452327147132
360336662817
20136992552
14371895681
220956896428
30869305029
1335045374
144042286395
58832963
95146628656
205856641
18954683110
2038874540
18515240595
67514804053
119557661878
60167720361
111333183610
78881494012
120964760028
24425502738
5573112290
45341193693
54120392976
3057101295
118618728462
2052698524
41790446
195867298
4491139
2586703587
39245620172
39017222339
210599628137
8072194908
36207277037
18180231125
747436991
9202184
44156685504
6543393652
245421488996
62303736
134934218
190903605197
2656327468
418659668181
373139422638
22359265935
384470664646
290182797014
9465236177
42852000673
5421266082
483956491
19353088876
41919872388
114268363662
2629836434
86154171256
9226963938
47219575
23581573238
1760175112
4466491
103607334653
160619477960
2644519849
1575201594
9226986022
2685303
32764637576
47319348429
9332574939
225581318226
3437010782
27435130284
113077692812
35973912254
71083678066
4478505100
55796616184
230380885665
36034451223
15424540840
8130976977
87020918957
149877997924
5195097480
5433969025
43933430648
329279177
67565946279
316681381
86314329
6994255720
122443281
164459505
104612466314
80811683404
319232207284
111728149799
6690011
94441284
24669853103
193596268838
83809685277
97994698
1662059
1656878
2729782857
86212149348
1464559765
913420707
87782997381
323324580
223719659699
69278126290
43837312693
1340878966
213286402863
81947709956
23431269491
21757592721
1431220857
593973053
182197830
1493688998
262757123984
38450544572
89405422114
5310411546
11899845431
3386763043
789177717
35785547568
24149380207
442896734829
1442840973
6689917178
2932082376
103852554174
167462022884
3316948674
34191797
4553894823
89130386092
208190172818
3479115178
30046421556
41177073
1847392933
825560190
97854028
49857863306
6437819591
268399470366
554293025078
117721078
2131540012
338682565536
180612
12797000067
9798424317
391861
37066258018
11233049201
117772356075
4161703805
280786085
106947122617
3444828790
9278641433
5126621166
54708246504
4569855593
95049040189
7377679158
6773497260
65917780152
47725480597
10288139554
193406669316
45144064225
40205544661
399860832225
47381529
106504044
23260693709
23204864330
47785777304
123911161258
312681872011
2327211482
31392897646
114193558805
400487347093
696138615
5673962680
10698651402
806556279
3384581755
75161131586
763960490
93859023542
16477985062
75455336851
10836601801
698277760
99761113604
2666537477
43212884292
13280448147
83149964003
83566480
23472523575
8027104662
79110925
16796281226
395112295
5176026687
22896394087
139426214221
7567089
50472210419
36460668919
68464262319
50459655867
66543076993
96244635240
11840910130
494193031363
4585932119
11516107449
283860755686
105561620924
4788855908
1433352255
231948947018
978454351
108475506228
37148197118
8215215349
3589068599
2873600196
229577066
249090967197
419737374255
71106868494
84588278
1823340939
12117110703
75684772
759872605
6198222889
244925626422
28798593230
9795657881
145551178976
34892602926
22281541123
81026617477
841528403
28097021692
18854231190
172040008
33595662
63095827
25663531
201205417
9656498601
10709878633
220471433
152802261884
2163273692
231462646224
53123004146
887960599
228766588694
82937779481
78342591793
1943052996
821686135
1605852716
75407691706
5024591469
522545311379
92738424446
62495513492
402500452425
29806784435
414332763
108632030844
7946953281
50758937181
23017157743
3415067142
423729920216
10014525090
73578737456
241924127050
9849187
345463195
3771369096
111779717690
2047159038
184371253
19159056482
58258481
39333886080
274270280150
4832340171
204784662458
542266789638
13474150093
23362169
297450003860
43276279889
94641406529
100359854
3256269938
81758536805
670356342
4928888662
14964141549
3441276386
18637046978
18655849849
11736726270
8712566930
2560720308
76496900955
107918517734
47514710693
12727688382
6578222136
57073585237
105915101969
1157678899
6866060710
27454816779
13147535436
1955711468
701803539
76358416407
43175135694
25249889761
9628903112
36018527819
41599824262
8796252722
101016687679
19908307956
3974861953
240544287670
81359839047
3227844058
236889125
195779896
20196733501
1388650673
2677708244
248193826505
148355775157
458610701
10888556657
147948882173
62982097562
13047314195
38027043
53699149135
124581642355
145596047
77818837653
424631609
3846073446
985500154
704814330
1193382850
219731343512
116393195525
1796894174
7227941035
3271830438
822044062
85511887140
161666406832
3039164924
73279226102
1985092909
371383492842
6401429540
605409959
916822859
2229190085
27134215120
29126431480
8292515980
25859694515
84738156774
15575629747
2565738660
4130890894
8639111
8972138378
13110015571
12049811406
10853890547
66178197145
2689095832
2094883484
291708859231
108533885950
691713406
39632033116
782106642
49973595659
84336664386
58397550249
114698794462
25659344882
356862691097
31119504
5209346
250418178744
134027320
396073429
2270157300
73997677561
37505409535
262009820972
699836
2188971065
26993743
12720217208
12474060209
14801658819
13612807173
43460632195
8057574779
2362692181
178638913737
1614036
159572643
138185078556
41466400105
254647527921
950591879
7599865541
261972321250
56551316481
1907016261
6191802927
89227799
125695680923
995644973
102672583
210313971
222754170190
111261158993
43587785
19653282466
43174268803
8245533129
6783475135
19437035119
81124550004
337107901230
101528861241
3976187
34630335139
238195549
156773700230
763541205
377453873152
2421962254
116569603345
178613389260
12831653603
60629535982
49173103591
24304226085
29884523
78524221952
748765775
36845907794
138646759772
6357641758
5742039954
30560081516
85827212926
576127824
14567762429
110922525609
152017774722
7119043352
6836566372
212062468771
4998198083
32969073579
223123859
27777000409
210347817670
154454763731
20920511081
377933915088
343770244678
5468251376
56786316769
396057404675
140219116513
11482668963
66725628883
68373939
100006744
186498567526
3149482814
44233187129
38401025428
42262171761
4010749
24789666737
6897446581
15584848947
286080027667
61681300382
12731820465
17425251833
4982945697
2590782111
173431177361
77584860803
60051436336
267048367519
11938981347
11432395415
7310970435
7938369828
129017109708
12007550774
34434217430
92165284721
203404815393
37362039395
2449821170
195081246921
1470812498
67054947401
53530891
134516015668
161589341962
63371660417
224654283780
60878712715
10607569296
140703988286
6021548241
11592661962
42035469618
1367104300
641682726
5026339916
391035475
36644316988
56013289209
9163942
347755096
23317616920
45170707
159050129
2019797202
148313102773
91899904325
183500817255
53621286478
43739348630
28324007185
140638509446
29002500
13759519164
123220597627
422132582813
151636053341
162551794974
3661086303
3387589235
86685499605
222580026203
872606824
88506349701
61825660326
57201913
10607336831
58973046497
57720773698
4553502398
