350106081
79509660575
9499681692
29245084908
48405629791
2216052391
36720026
118216349039
49631756529
567710912
6071368107
54335258727
828073479
2880913847
1360373415
45939397107
365480938317
22354973067
2048704518
19228461703
95975750715
544758465797
311970918055
11975253675
18330718323
72243905971
230987015742
14317342121
19785014548
28904515283
558987359557
10870560968
763797264
1267243348
68319989562
168548288
101548927480
16438885551
7204213034
664026701
2502484050
112930519056
195069878139
905454287
292091075699
28203572993
12512846415
17025682
8757886147
57310026156
25209105852
1532226919
30078621927
393983908179
64610625689
353344986117
115801605928
27203583532
2768369937
4939116533
154785613591
21347245889
235903038861
483751962
2995163889
672560262
27685418520
26919157202
472056309290
477967486
58172296
15224573484
201743001477
937143
168903535977
605688171
8457870624
546506
7185709
1692122710
5263644671
92813899225
3847346850
1289635135
15291032044
1541423
117117862177
111187078237
723876019
160378234094
26199370
191531774679
12966870046
23977419371
7168441933
944645710
159230038
132290082523
1249435687
19550819863
679174825
54356264123
59909177891
82803426835
393252517049
18846752376
206985179853
250564643318
804912926
21014411067
99576838511
63494794299
174961673837
29880448464
308785877994
840107308
94309886764
505826891
34244374696
1404384
15974117393
41984505
242944884903
5017667962
137283804703
83525974924
2506547452
7070896326
67838809
179080007748
5670974117
126174320080
342203695
5363666832
15115519
132027401320
9483286253
64875662102
9468879893
19506225111
101744631213
97347986
28738491381
2380300179
25883965789
1462800378
12209007622
6278107610
55199288
121292379896
7182322474
608018513
2377693046
79865664779
981538569
49889879253
31642197071
11661548010
373452430386
18553882179
7625173845
24762259265
277313934231
22473274
6510602719
64509359729
19471495
6595615760
24462022800
8075499267
76481933110
2046026611
145088147
72593784778
1423107773
15496477834
76969534217
730094363
231064359
535099
112923760181
231022514339
11301919678
9160176157
61813415833
2359465645
130180239194
3005686452
103977363801
2964897284
227700206383
86001327160
131026765316
253215586562
11527108663
24110083455
16447654
4532070244
4036413104
8054892232
132974939594
1209584365
15720450302
23428985346
93415652209
403307659
289580821287
50558420579
122485596569
351859270215
170658800991
216105375188
304141748445
191620965885
13359029581
470407358168
1603449473
6926966250
8183996283
57014914315
2643291913
69153867
1165423776
74776370853
437425874762
60468753520
290378410069
13236898972
57525685550
97722238069
343412817698
32114730441
503365510722
163879666487
134751876378
6853998802
2440590013
79105956
712020199
89773955655
60615568480
12392360816
40200122775
13310679184
44174166347
1071015
45678280598
70023402160
111179728933
46078294473
19794067964
506823875237
397489178639
273055967832
552709341251
9419602058
49425055943
256361243296
150849070569
31335393264
1887031218
9403976201
6071208704
213310668238
81239967
72470642694
102857807744
15091606587
56793211
66298547711
5675059
394663354626
410780717
12912973339
2624163339
2292099497
285856373881
102670799380
458614769
9560758627
8898490343
45865232514
34986014456
99266306565
357094182778
58451392710
128418221009
47587968346
26698604652
596577171
10782724
942421584
31562140911
3213905384
140911513023
603065682
710925038
130463449469
299670399457
370944148257
35543069053
3154812246
73162374703
23364505894
90633612125
323479546
23840901886
912589914
281215513971
214654674281
113000349
206933632792
10320497165
34539635613
490869870239
35178119621
493125118
2033262297
64348972853
766125
447587502524
55413302941
226313005598
275856222
2980379792
16967290661
98726618324
1137359327
5407269508
56446207399
3093308566
24390654
10771324671
229473899886
527919106
32260353699
3118501479
18681487390
266885624085
80496578922
1782001
394234955
23477662098
30020057032
827559755
129386702653
143784434924
285522752894
441813979
42768486
189349616071
28115072182
1222888251
189077588160
280523863472
285170407359
6969458
61069972715
181049747640
27325409163
10161238530
14725305089
12086995155
13148608648
8301589474
85751546196
606031952
387106074
21142574269
8128505992
541698167813
1468138
98290738759
27920567610
109122020724
353251491
167504581316
15162805
31667843148
2623091359
389934087
7989541396
53115712575
3816621720
170225361378
393031556513
448169636
4734719725
16420645776
12869962464
14493006
70588519939
9731613780
63336888
39391850832
78775375
46283148792
123623964710
12151413279
70500048569
2595
7249800277
31794925773
4962323286
63862282338
347824441186
15634327250
21302002848
7608776060
69884849689
257163651870
37324371708
1711604018
5173662731
37633516005
8446513644
9418656751
17179676569
1576656554
244806219493
233397870841
7846084
442529739528
405239858803
23325670829
43367002420
200161801324
183340043198
156634924208
10888701321
247548680085
1300415742
142161907796
49569444671
81365697358
107988636011
2171221061
1248096261
57603892150
780258
225753052532
216276069877
51153130572
315941050109
7937840
70631825035
514052974
38627346931
2191497123
2533066288
51742064772
13616332014
94346562583
220445955679
6719022126
227592351155
93858351707
170104271409
13599882199
5569482397
122328414
1487483388
14430092777
63908708655
76464365242
10117686180
2633590773
9747527674
1490888992
1227274231
38378082420
453960380
356393793
188283780013
1069582257
150095089545
17286837
113515689
99995645298
55043061201
9504563
89899795271
696636559
60137984453
201137316304
2161979275
85332830
22632892639
55774939713
30564740
4062181986
182865152
19790839259
6519670445
2874550511
74854172
1655597507
222286425
1365970
344111907
77492035257
62535378890
154852165051
39967359713
1450167860
2374041442
61842557255
45655341
50663575455
239518171322
554049706415
217925258
3867258242
65386700670
9532297982
63606631521
10309702975
23907024
187723357
102621794
117590992223
62491856974
6276796304
438336937
246294065591
779714407
1108236851
279445149533
14393411
199505508
4032142090
38629318354
501476701705
258051640
4630895000
1940582
1416175766
9066429334
154767057366
1381393560
3689673019
6217336825
17156848318
158103942792
21224509
253638109361
40468123319
308076
1049083275
47118462
11977580469
345770199
9410007097
725454905
178059039475
146042447
16132976636
486509757611
661335642
7200882244
91504701477
604693521
350823111
146095785
18328760582
163217494699
45466914397
84411752516
21543820426
719486047
7015698003
273851012746
2993743782
6635871299
495697851
6289059164
32901943457
1716203035
98651559
122973210721
93368
12362579417
71690945687
7499523672
1012998077
7003047502
2622577500
194116918662
552754526
13670193835
235985735332
151541069266
44090624461
6876348222
199320878441
126242900742
663149794
26077095275
23432174223
1122431488
46767712804
1316589728
9724809173
18517091428
95087865
94686842109
734120154
82448002254
472868972
80575167612
114231127443
68932406544
76974016541
635067088
194891368604
4309958691
33766550439
203255513792
258571154658
6066948168
822794898
94496930539
256689417570
3182036212
2959618020
65255264427
29796538
59999799228
166718756513
21966122668
135895451
346345737005
1753479317
7303209177
5991522026
63437310009
232719586972
632802716
30852629536
3085196
51513907967
336201671317
26905302876
10014560282
1422493096
96062879478
136904331328
30755225074
9636637582
20778679372
2412156687
278565058218
199311292862
1276857440
314614902815
378874053759
4082599335
128809667918
173430661837
4861179
9828141878
4982619340
157643711791
1189882122
11104593218
40256667000
15729040
5523322082
1531586450
17900219322
1267843285
240672518037
272670455500
524548341
62776569987
74784455525
556677157
313501732979
12101500453
60413784696
13287538241
753080898
136447344777
19680898494
14320518
440543865794
47171086
2309866895
43793833
49311917440
288881018840
7473474739
959093854
135788698464
116145120777
38629295009
109641769906
121719218001
15424909720
86766783057
28718064469
51725226479
1703696181
5107056592
102134536475
248749144874
8009339312
347863112471
39222379
231747287139
7463001548
51040160
164776608638
23949409632
121457139295
8772526264
1233075922
2791342897
83896376
482344212507
27280540391
1478199986
1118152675
15293869048
119139767992
26059042260
96861142029
1160467596
568901588
255504348276
4342930080
14048998378
2790240708
26267525871
143553589018
3552110354
12122530818
181484770
4326401771
756218632
175256445584
80687477
6046265918
24435511165
11820027608
16892129038
328192206816
3353637088
303917268415
344080202713
259564061964
354583627
8874257106
151468894875
71267919
357548538191
51723228410
86663758557
6950376063
68947465908
163820616172
104353684789
624765744
2084890
89884222700
69238011085
24397229363
86584741249
1440463989
13582159483
360945032
6736124504
676694
5111225579
1766800681
172472703756
355742319443
125833568401
12618015930
3131592
182800277506
16153618903
114059794483
114995739969
13423297730
13489328968
139787015
145214950804
5153143809
5976724864
30620524288
158496138446
590390835
504489716
2101000
1131226544
54554970746
48520642751
110322889824
17269045614
77103503442
105073910635
192612737
194302385717
60594025691
164298379393
9186060886
588834619
296657345229
11471650251
208989812884
448116
262794611697
26348668374
239189576472
137828885410
329949512
358747391
440292024033
5120599354
124091207622
68519132
957324
13866563930
23737522248
26064808
224751429
87210901
123764075049
8755580
50062759
525638122
452549718
210991037
4484669615
12267483042
157269406009
44375133303
69204153
5397234342
597668863
181764517
135781332730
173364974681
169632568807
386965282
235811459
231699805992
434413319085
600331703
68075513790
6715670363
45474380578
67595100610
43806697014
30320766834
7792609
127968845008
82063411
1254963867
27519003295
1049486018
21365127371
1916271294
191268784182
34980655932
11110294683
661482715
9958969920
2464815157
124849473485
215144039392
824439157
6613559266
336424664828
2164515304
6260045625
74489886
135967177
366872282497
144092550
35468224434
76697892279
1553453082
706190818
5660547757
5946617920
63312985791
102664728942
634394472
216421183
222564959966
544455763025
18360317257
76583011563
234860730763
110302619754
169502823214
80547351472
496273961227
9408444288
32395172509
981971486
9104372007
12438010560
3405006623
1417940274
281554617
1139654
183717101
48809622962
4462853905
1073949241
9773757693
769092190
19014165447
81062198327
1154765400
462941288
25629303209
439400
3150427991
2404778009
116334236
2453766729
4909228949
118358160473
5210785226
295016504436
18069231727
35198522798
1310748410
102088633
5212988905
66469564550
3904158767
164471071907
104753480
66402591934
270875776881
313299530701
7211709881
249513449010
48969582731
312778102710
65861529119
244955106833
265959228726
107580070719
2544579399
15511080
125533103273
95683254708
11135914542
56301121805
374119612091
67531042954
100205540950
3033723242
9064905385
13922212761
191841083928
6200037440
106228433993
200018074082
214224340200
256613735418
247284638
9041278241
192212626278
5570218908
6719366
7304503420
33996558560
913235106
2714131415
2359849035
26446484012
300928682
289134294874
2938885196
60904526140
1564237010
2805815965
17457492183
16043112
105521413612
37258662231
40912761544
452862013
2871359268
2025526036
43741088492
691733820
7145546438
138177965606
17621785171
184682757140
215943087865
227798242495
