5188702715
21448581764
2135129258
25756464332
72411897
28300849747
1487745236
169049858904
177066272548
109512954836
19475016673
54417202
759545484
6104789842
13939611
357142748086
58322959559
131783127483
35599656970
52005813461
42185092553
76378469
2346295984
860027064
290728138695
389304880722
286145821
56047727481
23597780199
34157825673
5768554156
669341036
20869677099
11996593863
1728260
1600444074
26791825174
805619647
48486032755
60308946977
15142178324
1625130084
279762890
39431032226
326184781962
134886963067
44395230095
24542797
22008007095
22395941270
243113017087
61474218225
2745314714
9165090957
10418224454
591161624
34514177196
1095589009
844268745
256375056970
72506682938
1096867004
172560902721
83621534432
18393555006
19036051486
35865974330
11479625078
11186982838
644686736
240526508
34171941365
2812321472
121424635555
101024905389
10523812988
68833295
18350970205
28204984090
364908345967
300061321
17959728674
274714753909
2325710540
290562180
190912642373
4409883046
49846189849
982634355
16616121745
133601829600
16248548
32502969259
36582841264
24528130352
516139008506
199289576214
27224497763
29363177
141852612523
280598081382
73116160865
505245111
748229
103207519825
5107622501
47401923016
21652369166
10194531086
27271062552
376042088169
145043055
375930607023
3550243641
1615846201
3484544
98383275901
165837633635
37151619362
15786928049
74983114977
203052663046
2327577609
12718010909
38342100952
4523214816
1553531686
136368076853
18406438638
198915349175
13648477280
363255946149
116950137929
29178073212
15504272093
3807993110
1856018548
253055773436
40566429913
2272424023
114066541523
21176605484
6915759241
157881240138
13763550852
51683711740
71331966420
19964082
213333747754
799756794
2775841564
80298374119
895145229
20135466564
27872780325
39033185332
38276020431
481245559
353440529344
405568245244
204549178924
231496477646
1949776994
592830969308
93424751
532148401
27099589998
37450947043
1841750
128987978605
155572367976
8339513215
1465163639
89043635
330677759286
2193668987
2004577218
12863869424
96238361829
6464932843
17914196
1829850584
23020949798
26461325864
58484890280
10399332029
10120845685
33620856551
9536740265
5588319345
8011324837
581502
19302171227
38289706472
50026638207
313926517135
196508028967
131497209817
5184754916
138833076
377935689
14620283877
76474101245
1099715282
25112334739
44088066741
51064669461
10113943646
37003147291
31923693999
250608346
593954711
26818862830
10515790898
31690588
719623412
10510980042
218204098640
14999475998
29179238920
7268053
6075340000
70041688268
2950625282
35328549
19067973627
352293149443
72454742313
494565395
102634522250
8313379050
22795562
155819981
70926021515
645712726
268434168415
267587005323
28873821
776846492
92136203
6649274288
262997140224
457973365
3390568918
29012755257
295213095145
61705939755
15729
770792458
228138024525
8129159600
18552369892
103956959919
2781245549
2086032248
20323782223
163659665561
341766967
8343331747
62825548276
6571829277
92311430355
15795905715
7864958659
9120803877
78417628400
22006835589
156176105
3740548173
4864317270
386964102
51486176708
34495694919
64683702329
202498345683
2950579714
273913006
44953505146
28512833112
125156
19338184599
2133486070
68775648814
400580337950
29736097191
217380434230
22286011562
33529490149
96189412201
230136260042
80145082283
197395631526
3238234143
27873681204
733762899
2708315674
10738132007
106308645419
9327276327
131602602856
2109092200
17980946335
1193404630
169412471792
6025920477
249864034
4839368532
25657430187
192089631
19053608379
9291089791
69193484043
1155415572
48845189
15184658491
8318057264
7186979523
1786931528
316348616523
263970293093
23083145352
11129407679
2051402464
278382329038
196336389728
1959851079
179914936724
2434220964
2504175
24087979911
64124860
6893660
25646380025
572012242933
11761574206
120355481080
59193873983
15518991462
127088025277
1883099422
29021245336
2987681880
329337058607
587493387
16822337959
78371346248
320289372
3842735156
80675459947
78142705322
520047708
1046907710
41955455349
830084020
571620648057
1592907591
244530838
16583683
2462381860
67369542282
31541839216
12001262819
15546845
55946987661
52145437870
322543417919
28240145853
388604137
119037596595
83131461356
24011860966
4473797156
61837849816
3593882175
38715178738
5365399363
50472536730
2700932056
16250139154
13812000957
6448189184
10458189456
135153099
3086901412
9274511021
10239733269
4485889137
4159949278
10999775122
398347355494
115595914160
192384846686
18434941417
515981110445
11988649517
58335469720
1487667491
1022651642
39991634
4508076413
3605482349
4418620765
122396095636
582940529
2226062725
83662595
168433348182
3445486441
2557227385
72574985435
5660258925
85524075544
201447194969
58060273362
253133070059
59089524887
3463108651
39058745608
153638218746
53509915577
1786710497
46393493852
132164860352
237345463
47680103763
251764093435
53834067064
44431270273
165201676419
32573400689
399819984
7324272862
1543409155
60236484679
83743752613
164177090031
99375562834
177715768731
38057881679
129489572414
187367019178
57171775780
112964158520
6969369510
8917676
33819457846
64238429439
11030571119
331814771024
34327894951
24903181849
89994388533
2813462219
4217801421
3858461979
57943499644
29694524305
4922720062
230259991759
115139312942
22206241647
394259062312
450547593107
478105101
162006016583
264550043
1280541861
7049729758
155377603455
30676887890
103398097491
3995608131
9191212540
149962265852
887320739
567687578
442396269
188527070447
304267896
20746255
7286325773
1572053369
4918387622
222288242864
70177155
5124651313
9558982456
54276342417
4591588330
489039101
140778877651
11060888164
47122906862
17330569485
20493731831
38708176858
21918475268
210337058157
834843885
198080503430
385655776357
52022829886
260679808589
1313838025
11279720797
7613951697
18358676599
354876030
40110507362
695361581
449631789
35169699291
356236451244
40952123056
126728868248
12777253378
18469269686
29059084864
418802164870
197123941458
7059347916
1752798684
1690994997
227746615355
28614352084
13572559197
19715633065
1798020
135710
7703616027
431212760487
250209113
24955161002
26581133
183332739186
224618410415
21435759497
1704731657
873878610
7592377
1681434823
124763223163
2290514240
5391512493
26345939982
28380653169
129804101750
85420754012
4908976922
82807793
134530148462
3630543956
5599779417
5493326985
35107592413
16674734
13038194589
197403272340
39976261886
5012682
135655095157
68672767548
505179334
1203286537
150306572939
147991388419
55940380359
103693009607
89778213226
43810225093
16211656564
196808815
10911915614
19283249138
20718186659
170253054
2206751833
3440129598
168787506220
6149515368
51265864832
240746082868
37519366234
41926279917
24517259465
76337827040
11297580131
129502842226
61557011
202956917087
22158956928
67661959223
60981462
53288298317
61387297865
3579356296
6352024006
230005907514
421326305460
130629502130
46634408594
2608473383
34871935077
48291317042
7164846705
3016739485
1649700750
923286
5828283700
1736271870
4136627729
280331232477
19732689462
115321733
16316506205
134994355657
113406370816
176924877626
4865555008
46286040322
350570995275
276488258816
59187751
1141639898
31603936350
3699700
3261627116
681254182
54343818388
14356686574
623560787
285525086192
75010065763
23659281077
41237585900
85094702
3140958666
13362678336
12999240835
17129353643
22423719122
31596862173
362908945
38705155377
760339406
166121681220
204943608344
231617520836
4133989749
103794212
77770732908
2042130994
135467562894
15913353751
24653013117
44101889747
13729052834
2664613755
30327626564
14308894
32093959
7517894236
5209553722
4927409687
1407006681
18715103793
222269017436
59046668659
77049791220
444477856
46245623068
178629322228
29251240990
2097913
600432512
391028009385
76803206250
104938776885
217626342629
19112440062
7984000482
3493089225
3843014181
20708835403
23552060497
140848136475
13712018594
221447906
127374342167
620234
1337695365
108778050513
289184520036
89979798706
53184966352
251150661156
57688797319
294551837170
2305521457
291229846217
35550538063
314826534
437172509
16879169566
57448975629
439503
115956724
12118976492
67040194098
352719187691
192316186342
75066565178
40192026246
1768424840
4085958656
104082177343
43596139160
19325099
27154445518
25532299171
20996653068
29469822351
2430416598
69869984510
15041142694
2885287573
396499813
3136455095
12513170828
4876181766
10175351332
104102940
331705886525
61629027265
1154791906
149331692937
234808327052
63343030688
160946997807
129239240325
3544796428
2992065
10188137357
21535490692
65915267419
41686685357
990671
24606470969
13034919053
34655354506
13443947636
51719057477
76460798
13515708965
267070605912
372311287597
17775360168
1845956210
15793312
27111208692
115959593973
18575010073
32484734588
105639686236
23249320035
285036822011
16338214290
2476253715
8031614568
6964935871
927631128
380658474
11255622743
501289970
44174310532
33642532953
20975314333
11937993
63254726
111112965796
59684807269
18284461132
3752575611
19684420785
28539635
58783898
21971261309
182800792649
12729666939
5760520561
217070516922
52095510
23157677623
63832378393
32504613075
2078398486
73249202390
830189740
217033758242
1185742673
10630597030
2516881760
7126919750
163550930864
43977321632
1217346971
464516030
6554284255
209229390343
3604954871
1579138922
8483294
100145462059
10501225115
91597185482
34523042242
20774624814
24434337197
19823397771
119793161583
14226562417
10585409188
675142981
58060252888
2210205459
3016684418
736705668
694948089
81021788
310250642
20848584835
168582284094
116412584099
56896059
13351884976
352902564768
12125230538
140375162676
1203287796
10886388963
4868010751
538195536
16617974325
50847657
86525155035
85906548819
100443764
58938449519
19090388
6518654279
48856111906
4088838337
22984145665
36263271883
18142543909
23029634674
1452292326
412404411
360443232310
18247634140
28320133168
31916845706
2296517127
206114361508
115956200584
1204359030
27536736694
37675569207
7195105569
95152442395
2399658572
354581660149
14355163227
27334365107
62446619424
517386026815
60666799446
5035811057
30722521847
216445702859
8910434975
36263624456
99175512864
2505026506
305555866175
45815267197
2199000427
6231774005
30063313488
10060523317
1964263918
17025034366
4385776092
37704311355
11002229742
165708465093
10834542756
146929911
12894708828
30650262785
60326769341
242589908171
17458784726
30865731435
352891349804
971717080
4706134964
36785611071
46422777146
2493541329
357219627185
459635900
86833711848
7633905
406366346506
387795317721
4034652252
56299035494
24498283228
29403232430
33688965208
1845695323
94792063216
11447859755
111054046366
5684376137
24137812168
11017796467
116894650581
140422377530
51750486657
132096391855
518608
410167824
13052781786
29645316082
25387439426
113348622967
3165775666
4007176308
435845321140
176534068772
4258442046
4789435558
67868578137
12720836399
126325567860
35925159570
684653011
29198762455
2148026039
27499661241
136688647755
206456447898
17404062779
1192278233
30653495417
4320066033
90389486142
57315331613
141585201307
14414493766
209908382636
69003854536
1305853826
2115367334
22156944276
11715539498
32995640856
15235877158
657296882
118742002574
774014558
53883547937
22049786925
73252913274
9321191544
280541387963
58433652216
3330114474
3284089825
7565663954
2098562196
210973864382
252624021646
9788785042
30189471920
80661995529
45342373854
19599352102
69165821
4632955219
200400601799
49448467676
137693903247
1729042837
8258271629
21214972524
59000609577
360677032837
