1
810
1
309
2480
147
398
1962
673
279
668
14
1
33
631
9
28
1843
5
42
151
1
730
13
20
382
50
237
3132
86
10
32
134
751
1752
842
1615
2685
430
630
16
327
1366
246
151
1097
1233
2658
2
586
1
594
5971
781
304
879
1568
1731
9
915
9
1
5620
2
213
105
225
90
6
114
13
272
386
13
226
1315
1784
629
3106
159
15
1
141
199
400
9
36
46
36
86
30
527
64
1326
5464
62
1144
200
129
121
40
3093
1
2312
1420
23
20
150
230
6
2870
1
15
1038
53
2041
909
505
4
200
293
1075
1
1
3884
4
479
76
54
550
366
17
1125
2
146
2637
137
39
2
4055
980
712
279
250
2606
9
33
14
95
1716
13
33
299
458
3928
3611
1579
104
196
1221
1136
1753
34
209
2901
1312
904
2694
729
82
378
429
1031
62
89
5776
70
2504
2744
46
3
134
132
974
3308
4343
1002
137
497
150
97
74
1623
1
1
80
149
2627
83
1
756
12
94
1
16
120
500
15
2166
16
752
29
1552
1154
145
5
913
4706
643
7
152
22
132
477
2050
16
109
202
4
1
496
151
64
1932
208
7
3622
2931
2110
3987
6
479
104
232
667
3213
152
3006
38
128
1967
21
946
550
121
82
710
295
306
5
294
1452
4176
428
1649
1
4
650
3
12
128
30
44
85
612
894
4302
1558
241
412
146
578
9
12
433
195
19
1
2442
831
1916
1205
2753
4012
132
1
1967
2740
956
34
1
40
2725
107
1532
262
17
1588
134
367
183
41
713
753
1446
3354
18
40
42
1203
115
684
1409
8
1764
28
418
1070
21
328
622
629
5
165
1274
250
627
11
322
109
598
11
2320
3438
171
37
2
925
1847
1697
12
5045
39
6
11
51
3
193
1384
17
608
9
36
2
291
140
1
10
120
1
283
28
68
6
12
2
531
1
1548
1950
3
159
3
65
3227
2687
783
12
1840
2204
409
2330
2474
432
6
1096
42
83
234
44
3
3
975
124
1
38
831
107
179
324
79
33
35
96
42
2232
3
1934
532
1
375
14
4
1
449
4335
481
18
127
937
1
366
22
28
40
5250
11
1988
151
348
402
577
113
1
546
4518
656
5
247
417
1845
18
205
342
837
240
485
5
266
712
1089
20
261
597
959
5
8
5
7
773
59
34
7
168
1
610
207
9
1476
98
60
650
86
3
7
307
575
596
311
1283
2431
1810
345
519
685
185
58
2090
312
3
1790
4119
196
676
21
5
22
5
1
102
23
2
499
597
1416
9
1176
503
7
166
659
722
466
14
10
396
251
351
2412
60
1
1658
164
9
1907
173
32
970
313
10
1773
97
1
1091
467
1
733
2475
28
4083
37
32
80
19
847
2379
15
293
1987
1186
3023
718
1
1842
792
575
24
6
1140
45
1035
2
156
22
401
2186
374
3
4002
849
1746
724
643
427
2817
515
5
24
414
1
212
5
207
5
13
148
4820
54
3
1
16
31
28
6
29
56
586
747
36
298
1
1211
13
2647
449
208
423
603
71
4869
611
3
464
97
1
342
1241
33
488
885
423
44
707
1096
46
1
1355
598
1736
706
414
42
763
350
1
23
303
187
33
537
908
93
9
8
400
7
1
447
20
1035
579
104
203
2020
356
2031
166
359
734
128
2045
23
3
2326
371
242
953
1462
819
2753
5
2
857
38
602
178
2041
1493
150
3150
847
57
189
1729
138
7
627
652
38
397
12
6
32
1
349
2686
3
8
12
26
2485
2
3184
1271
1092
2369
601
300
1445
739
319
581
1
1291
1
248
3943
181
799
908
1035
4260
1
36
888
332
694
279
52
65
13
222
69
806
1185
40
180
2
1072
781
2422
559
251
64
144
3082
51
33
361
1222
554
89
1186
129
167
2
28
135
67
272
3691
1039
19
543
756
1440
1
2
2
194
156
81
51
36
1
13
3917
37
289
445
17
101
157
1004
4
2
3796
10
861
209
4334
1184
1255
1555
8
2
6
3
14
94
1947
2
711
186
1079
4532
220
16
12
199
17
308
292
987
84
1
17
2
60
373
38
4
219
3
13
50
13
172
59
57
1045
1049
1489
2
2546
99
2
40
1881
1
6
1269
2981
1262
56
3305
545
1980
3311
2922
90
1
2
133
6
2277
1059
446
587
237
3308
11
419
13
8
8
1163
15
732
5
100
5340
129
10
297
2189
1
104
529
195
42
249
3657
26
1062
1190
195
9
13
60
377
4104
27
1871
10
42
57
115
2037
86
884
779
820
10
101
1
868
119
18
575
36
3662
319
240
738
799
84
22
1
3457
1
2
499
140
135
497
2559
13
3
3
5
410
222
1022
621
60
1800
718
3629
402
17
219
760
1080
738
122
1880
1201
2381
344
116
1
839
599
1074
499
1662
804
1244
451
1
145
14
1247
795
445
418
123
3726
2172
7
56
216
14
101
1266
441
778
315
16
871
122
1905
2804
13
92
745
453
286
3355
