326
3
1396
85
1
190
87
23
273
521
47
344
3
717
1170
1037
1507
154
449
317
9
847
2776
121
1752
1813
1
9
3
2989
3152
32
1490
535
36
8
13
880
7
287
1410
311
10
212
309
71
934
181
115
746
42
7
224
52
137
158
4444
900
141
42
62
28
1
79
4619
279
1959
57
70
348
143
113
1558
11
1042
1540
578
1703
1914
1871
957
2217
137
164
1228
155
1
3
178
5
359
1748
3
677
167
10
530
21
45
2
477
2383
1587
27
805
6
6
160
12
126
3
1231
1404
1219
446
1
13
5214
100
76
18
181
1576
1
35
317
334
220
93
18
1051
7
1193
12
1
3076
3
14
1996
187
680
234
1600
153
586
1715
110
282
936
3048
32
37
332
1305
13
864
9
181
119
1551
3
1580
274
3434
356
2016
301
891
4
34
53
65
79
1535
113
17
154
15
77
189
1760
790
936
8
794
614
26
21
47
2435
945
6
194
591
1
864
20
252
55
8
2522
500
56
1656
24
64
1
36
453
4773
1
171
4502
3
5
762
2
130
451
2466
1251
658
15
14
1276
598
2411
568
183
20
3643
2524
5
397
507
15
1590
8
637
245
102
1407
1
972
1142
140
16
494
1863
2
2
2294
92
2813
49
1959
655
1341
2
244
122
549
1
1
1
18
1
198
9
1047
807
193
2102
1468
1
174
562
1878
307
110
7
18
176
679
2741
4047
419
107
1
139
355
268
421
45
2
45
1
9
52
4692
65
19
16
1902
3454
60
53
133
1658
8
203
2534
1312
110
106
564
777
112
106
101
143
85
1531
88
639
2478
2409
1
3
2421
1432
437
4110
642
2678
736
27
58
894
20
3
239
278
24
104
20
23
38
1
17
75
4786
28
10
997
202
145
31
85
751
19
112
569
1520
70
241
2773
2
765
1449
44
4279
6
319
1720
1
158
303
8
243
19
318
62
145
22
24
5
258
1570
732
89
11
1303
9
3936
12
70
351
54
164
429
977
397
5325
37
3133
48
870
306
248
124
269
1219
179
2
1019
425
162
1
79
7
145
52
631
49
22
685
3691
170
1902
20
9
43
1013
2
1325
2636
150
3877
1
186
319
1165
2358
1627
1940
3536
32
220
60
362
767
6
56
285
24
145
78
1
185
931
1469
1743
722
3539
16
117
198
880
91
872
198
60
20
472
188
359
274
1201
3240
4
48
250
2354
3506
13
677
1251
3878
1852
113
3
143
445
166
60
69
248
596
301
54
389
34
75
300
2716
219
513
119
2782
189
433
20
2860
2
1
23
3105
137
2646
75
123
72
6
54
847
13
676
291
871
490
151
58
135
1095
12
227
1
3694
126
517
4
2648
1914
128
414
410
1605
1443
645
2755
1318
856
166
427
875
65
1579
1011
215
21
7
2023
30
33
2
141
2
1107
766
248
3541
113
1836
2718
49
444
3370
132
10
673
4
66
3690
286
500
1652
671
315
2
106
107
1405
1
49
1691
3578
2483
1
55
1163
306
2
192
38
48
277
456
2858
55
5773
45
934
1815
2153
1024
3
2
11
226
84
340
6
351
1206
293
4304
64
1237
14
20
17
11
55
2563
843
3888
681
20
191
296
90
485
6
1929
1226
3081
1157
248
573
44
558
856
732
31
681
7
284
12
26
110
53
28
964
153
202
162
56
59
44
399
3438
27
40
3562
87
29
990
25
1508
215
10
2406
2316
679
3010
52
122
93
4921
24
7
35
238
9
47
1341
627
11
1538
994
856
166
4
234
89
15
99
166
689
1104
1033
1
1
180
308
216
152
2
34
556
167
2243
565
11
330
55
1641
3189
91
112
2653
4304
51
3215
19
1613
2177
31
1
3
7
47
209
2474
25
1750
5
1765
102
2422
3031
739
4008
1
27
345
657
220
1
994
436
730
1
10
1268
593
31
1472
1
935
62
479
87
10
1919
1370
417
730
94
851
675
154
40
111
208
158
31
603
53
68
1219
1
57
51
2943
167
369
768
974
104
12
477
419
299
34
100
180
146
947
1050
662
2450
840
1212
133
271
39
76
36
20
1
2443
113
972
117
35
291
239
178
1740
715
156
987
1547
36
1265
77
146
19
834
56
2605
83
110
530
3590
22
24
205
52
1
1526
194
849
148
7
369
3
62
518
4
338
80
754
310
3105
1331
119
14
225
1
5
1660
630
1201
337
368
1
1
181
1830
6
27
2
9
22
70
1
49
574
3181
538
2351
616
516
1695
103
34
187
483
1176
10
8
752
102
366
162
125
17
5
1
15
25
56
167
658
1109
81
433
1148
56
5149
455
1096
1527
1551
292
10
2024
30
204
185
252
2172
438
3
1
382
1289
20
1
470
4324
10
252
1341
122
676
26
1501
19
9
206
299
1
1132
14
368
1
491
499
1585
4
182
556
8
914
374
94
1585
290
217
15
3718
3307
1257
19
409
45
16
12
51
62
497
277
2
11
1273
2928
530
917
148
53
1454
165
237
2
7
43
