1248
292
49
3721
337
168
2392
2488
1334
2249
335
1
13
179
104
497
459
134
7
969
351
504
917
13
33
1269
3
31
53
42
1167
930
1819
67
18
348
103
51
772
56
2954
782
12
445
404
1195
72
1811
52
17
17
417
116
52
24
3151
243
293
82
1021
173
506
21
4687
89
313
7
3
102
2601
1556
16
1629
50
4
351
949
20
2422
73
258
3691
3357
61
100
880
332
682
669
1765
158
1890
214
89
4310
1447
1777
224
1086
18
142
1969
5
556
50
3038
50
272
1245
506
181
74
317
464
9
1334
967
12
73
2792
327
88
199
875
47
334
1376
1
906
2315
707
23
801
5
928
3
329
1
703
2
1418
100
1040
1039
35
212
19
100
3
2214
45
673
75
3
1728
231
117
1
7
3886
3121
112
196
3
4
146
2508
958
112
1246
388
1
213
626
1300
6
60
2
507
7
12
1
1758
2471
84
121
346
439
1759
233
5284
1618
392
2694
4554
11
1454
212
6
84
86
19
20
3714
116
177
68
554
873
105
1
2
429
32
34
1031
4300
1581
3852
42
113
220
275
1250
13
167
2249
18
1
2107
421
2
1733
15
274
75
1
123
1
1157
505
753
4443
390
235
1054
222
6
22
131
1522
177
12
454
35
46
41
3485
122
6
488
3529
25
28
84
362
1735
110
34
20
55
750
1
66
1577
888
855
255
2151
241
2347
581
1199
262
718
379
1098
1966
114
159
6
124
760
119
905
80
899
587
2086
61
5
803
11
1142
462
119
1
37
105
512
167
15
25
1812
609
133
1482
555
2
4368
144
141
3479
2
4306
371
12
46
1800
1
2876
566
11
3744
10
6
616
152
556
13
2
90
1963
169
713
18
970
1049
480
53
9
368
864
164
22
3
1767
22
2172
22
1
385
2235
1
1159
181
170
23
193
15
330
11
612
379
1096
1193
640
39
1102
1378
3149
328
87
156
162
1410
104
1093
339
4330
1452
1549
1872
2375
1617
2746
2
360
916
88
17
29
11
13
611
7
1204
3
141
122
23
3586
454
200
1119
626
72
1
19
17
3013
97
13
25
367
35
23
156
358
3513
150
4679
262
1
135
1
36
740
25
3439
1175
2009
638
4271
1221
129
801
600
444
1030
489
3
2099
226
1
1959
2251
10
944
131
65
818
188
174
3521
33
19
3308
5
290
54
8
9
728
2651
1
37
1
800
287
916
1
3
73
2164
141
702
61
22
1194
2514
3775
2030
1054
78
55
438
16
61
39
4098
1
51
1689
4
934
27
46
3
26
38
326
2864
81
266
2660
3
780
153
1287
287
3
39
1
555
3
1
1
522
57
9
42
986
5551
540
1
462
95
12
877
2539
9
98
607
52
2269
19
1348
176
197
55
52
169
4600
2154
68
609
164
617
683
275
45
4258
931
10
10
44
85
77
49
2
40
3206
518
4
2
68
1084
632
2391
111
1069
155
381
503
57
8
1
676
140
762
350
72
194
2
716
1151
463
24
988
1276
2
954
293
47
87
615
389
472
13
1214
7
1741
107
10
1
17
182
708
8
41
1872
504
1572
29
1
1548
26
655
320
1682
773
39
139
35
474
3
50
692
34
154
522
110
218
148
357
212
33
89
559
2796
72
616
30
226
129
1245
1150
595
123
1
606
551
297
6
3282
1645
45
264
31
107
6
643
161
93
160
69
1349
303
1118
2051
1
3
3854
5
182
524
116
1754
16
370
233
14
166
1
1118
1220
347
6
2
5
1
586
30
201
224
4
497
175
2
1607
5394
6
1373
33
207
2205
23
3490
422
17
4033
7
2904
2992
15
17
48
174
1459
36
26
72
2062
5585
23
812
8
54
1711
2
1930
713
4933
1251
1542
24
30
12
2520
222
333
6
428
34
62
208
1116
2702
12
7
2943
19
57
12
32
97
389
2530
118
4817
1
12
2
5010
74
2532
758
6
1
216
63
1153
39
80
691
26
250
2435
13
1542
165
1540
5
265
189
4160
3
156
14
18
2
203
47
368
90
335
1385
1516
123
6
25
464
5050
1004
23
738
681
107
115
1904
2337
29
2407
1063
3690
4676
2528
638
2594
686
2086
8
2599
3
262
963
354
403
2053
995
519
327
13
2331
276
30
1
1379
792
3114
242
271
1
309
89
1
34
616
30
57
104
564
146
3
1217
1380
407
223
1156
904
19
355
21
2
190
2
502
49
443
1
12
188
1248
365
55
5
1394
1
10
19
1
1123
502
164
2226
9
1520
615
85
201
1552
173
369
234
97
1387
1019
915
729
853
75
319
5
3
7
22
6
2569
183
172
287
115
6
1198
8
3
46
2002
1
49
601
1516
4718
114
105
2271
441
19
1802
586
3044
3544
3276
12
38
2245
771
177
616
917
31
32
139
2422
1824
454
1217
2166
520
1291
622
1418
1757
3940
313
595
3319
849
174
3288
34
3244
61
18
45
1858
455
19
388
1
79
536
91
598
1132
1959
9
1576
164
4714
140
88
48
20
20
271
50
87
1
