1787
9
2371
198
3154
617
5
2193
610
465
4
265
224
117
209
42
2112
3474
7
2179
101
87
2212
1018
83
3114
6
320
1239
1410
416
13
557
1636
71
2065
362
54
722
1
4321
26
256
1503
52
105
110
41
219
1145
1
77
313
22
7
674
1831
933
88
243
119
607
372
508
33
745
2718
1
20
113
17
102
30
103
7
1425
42
2019
2689
43
1
85
156
3707
650
271
385
12
987
230
1985
47
458
124
131
831
24
1834
1844
2397
1249
26
2523
1396
391
82
468
82
111
451
180
1340
811
164
33
1668
57
30
1341
55
558
2
60
484
141
551
591
51
12
109
547
3494
1641
45
111
47
5
3
3457
1738
1
6
75
393
31
22
508
37
2
73
2283
432
17
180
1388
274
739
5
6
16
59
251
4254
12
1
2187
38
1080
1065
2
1
27
106
5
1
49
366
13
283
3832
942
1437
680
4592
2082
42
1827
34
32
4
149
1
77
258
16
1
98
99
28
1031
1517
1017
52
5022
184
327
2612
1140
19
2
16
475
4111
438
147
88
349
2654
103
1
1613
20
102
2
691
105
11
242
77
48
158
386
2
1975
9
332
344
458
75
2834
3
3
230
4286
994
1440
1640
127
3422
1064
19
1
4
461
41
5401
480
220
54
1
85
29
42
53
22
8
203
436
514
1
1271
1747
1687
538
528
2891
35
583
27
310
188
555
3855
37
59
1
221
36
19
34
239
1197
105
402
458
557
1033
297
58
159
2074
1573
1133
1393
159
299
74
5858
51
4057
1625
1
1001
229
132
11
2602
3889
3560
308
6
32
1353
216
136
1161
127
230
2940
567
1127
160
2165
423
1763
209
7
32
1091
1740
34
1584
21
1725
7
1
57
321
429
2044
11
4852
183
835
1
28
2543
1462
2005
2106
1
2
267
1010
406
682
39
28
1
416
29
89
66
7
62
1257
5
1122
43
1211
583
339
2971
189
181
3
993
3
1
17
16
5
1
50
1618
157
6
11
6
12
266
1777
726
133
5
473
49
1246
28
231
66
2
344
102
8
52
1923
753
1
1579
161
2
1218
41
2119
3901
85
4
67
1
1380
89
963
1642
321
17
479
91
376
836
684
1
349
1470
128
144
1
1021
1
1
31
90
46
142
60
2709
124
406
9
324
290
30
155
786
945
2888
433
780
4695
77
1119
3457
50
3
2871
939
3923
50
1699
3124
2
6
373
215
14
276
73
111
88
1005
21
20
5
177
7
7
505
53
6
244
1
595
11
687
36
108
14
712
13
379
3489
397
8
7
3
5
1492
3
52
20
2132
302
2015
55
50
55
6
1099
348
3067
517
2
1448
55
20
163
1110
882
23
266
2
1
257
183
856
673
239
284
350
152
3
21
101
152
494
10
14
33
2357
15
1442
132
3412
535
2
106
56
16
1140
1
154
68
3933
120
202
9
40
92
5383
2522
193
9
6
1
338
69
71
2779
14
355
1590
1463
4
595
149
95
308
52
1599
139
3
29
232
545
6
66
2031
596
114
5
326
2778
161
1061
7
888
604
20
41
241
127
232
1685
170
1
55
671
1087
129
506
86
411
527
362
6
1817
2798
631
4
83
2676
1453
1
955
4632
927
50
327
851
185
244
55
47
366
9
498
1
117
3593
2588
226
2103
71
438
1595
39
2645
102
37
387
999
3332
203
5584
715
2863
2
602
1404
850
15
2
1
57
10
226
12
373
4087
596
111
908
62
628
660
4
3
31
696
6
4172
15
39
2549
2114
4869
172
2644
3
1709
225
978
2037
659
17
1707
11
119
1
331
66
43
7
1
243
163
60
27
59
271
326
35
6
579
714
2998
1231
727
1
1078
5486
6
342
1032
540
897
222
1
2277
2
1859
32
53
36
1
143
92
1764
117
3
3
212
4192
223
1210
65
1494
1154
25
53
2707
11
548
2
888
2854
234
510
126
691
6
30
299
1245
17
220
427
6
194
496
571
85
583
148
184
564
34
51
985
28
26
269
134
526
2960
3317
826
40
676
8
17
178
16
180
27
1500
14
1
201
593
10
1423
14
108
479
625
2566
547
624
3
15
575
1161
1
118
766
2192
302
590
20
876
4
19
2602
6
1108
41
344
4
2970
392
251
109
1204
717
1558
80
18
11
3
735
3
4
109
142
3
651
33
1
38
5002
1
11
1250
9
2
810
88
61
102
4935
46
424
58
5
73
132
9
103
2786
475
471
1
2503
56
1944
1189
30
22
70
1020
70
4566
1845
1
1136
900
418
636
661
186
1007
762
95
272
199
1
13
146
1377
875
4
12
806
343
83
10
3379
3
32
118
1
41
196
109
228
119
3
1
205
3843
938
240
319
122
1626
3
4454
1139
63
4110
117
3
7
49
211
120
2
218
1750
585
86
53
667
144
1
450
211
43
235
22
7
188
13
1041
3
1
8
1992
1
10
2158
450
123
249
1
1917
6
1329
16
1490
388
1
184
30
13
2736
49
260
393
