596
7
23
64
355
304
8
102
16
32
779
121
9
1467
155
135
3
8
2270
141
17
1105
3111
1352
14
407
65
1
54
812
14
662
1
120
819
14
130
2191
1
945
1
3
296
903
9
1692
1547
3888
95
2078
29
1
1427
1091
4
823
1020
137
1195
26
30
140
176
214
1
975
55
279
289
2989
704
458
30
630
11
830
141
2916
1
7
843
9
1125
2
26
446
1489
2674
951
292
129
612
665
3411
4529
575
49
36
377
4
974
59
75
2024
2080
1
3309
2554
667
2613
2241
1
288
4638
1997
1
83
2
584
1071
39
1637
112
525
25
28
129
1262
1
4
252
1
6
13
7
189
412
99
4
3
264
94
164
1
51
26
23
1089
2
1
9
388
674
226
35
760
1812
54
1249
1294
675
9
161
50
265
20
22
7
32
774
110
96
445
6
1
252
2
58
37
394
8
2
1112
131
241
3
1416
402
3
2820
800
1
160
15
1160
79
2646
15
1
496
125
1935
46
11
70
2424
645
16
1152
41
18
244
202
47
38
1016
106
11
84
1
341
38
931
6
421
1
73
159
178
2947
3662
25
55
21
1639
208
13
4
67
7
743
530
5
2
148
1007
1154
3728
8
2
133
105
433
6
104
976
618
2982
242
122
11
8
225
3
1031
119
210
244
1564
3
260
358
856
2073
17
633
1360
2
76
62
2441
2
160
591
1290
2752
7
74
2058
3106
2209
1
12
626
128
79
503
6
486
1
6
41
73
299
19
728
2636
10
18
1269
167
4
2230
165
511
33
1694
1
1276
2020
24
2
217
123
2472
21
32
64
353
1820
358
29
17
16
27
428
161
10
35
3824
11
4434
99
52
1
448
1
2043
3406
1047
56
297
2002
2449
19
53
647
110
1
1259
363
64
775
27
4
5
5
526
1
272
20
2350
3462
2
1970
13
5
515
2
2775
54
8
1564
614
4942
330
2
992
31
181
44
15
129
14
308
112
206
3152
420
306
63
2
1019
31
139
2119
7
1473
234
246
48
725
427
106
2673
49
2
30
234
143
50
6
5
300
231
619
41
189
126
1355
25
5
3
8
1091
45
19
176
20
30
10
2672
1
5145
30
14
358
4323
356
1
1
863
1745
527
248
180
237
163
232
2
560
1837
10
2959
1
4776
35
145
734
126
799
391
4
1565
584
21
1833
26
602
144
401
310
2
1194
137
138
22
685
924
938
288
384
453
30
3009
2353
87
5
472
351
101
32
19
46
6
10
89
39
70
219
127
85
57
54
8
201
1
99
20
23
291
15
2
583
183
4950
34
1340
73
1
3990
350
2028
374
3906
20
31
717
22
3316
113
153
40
5
7
278
86
1
189
7
1259
1439
2
401
379
31
395
633
4
819
27
50
15
19
411
1958
1924
566
351
102
59
503
342
306
4325
1309
1
41
705
458
46
4
1
1588
455
226
60
1
277
2613
48
194
146
887
252
612
30
2607
43
725
112
1335
465
97
1
49
2037
313
2441
571
2635
273
301
148
1571
696
196
91
2
2
19
342
392
1592
3859
453
329
33
111
81
2036
15
17
12
3
219
110
2014
139
1
822
409
7
58
382
3
1
255
1657
336
1842
380
1242
5228
208
198
2
63
542
1
2293
722
1
2024
245
1693
4
1482
195
2
2946
1229
203
188
3
3
11
497
102
394
2041
655
14
1
42
61
1
245
1
117
5125
2119
30
40
1693
1004
3
21
167
5140
106
767
1680
107
1761
13
475
6
21
14
194
381
75
24
19
12
1
442
171
382
595
16
948
98
50
4192
138
2873
7
1168
1982
829
6
2291
1
291
1
288
157
1
1702
42
1444
1843
156
1304
4
1
317
1967
1030
31
4733
772
41
418
220
7
88
642
4705
2804
43
115
1695
1538
25
119
72
1594
570
515
49
2961
709
194
1008
25
734
1652
242
262
5
842
955
817
30
124
430
1914
220
2226
615
954
523
17
11
8
1239
1
41
52
642
1478
14
1082
134
1
3002
56
42
444
2047
1187
1224
64
27
109
1889
1
48
1391
2886
1
116
1971
3
81
211
1
1020
331
23
82
13
112
9
31
81
1206
754
1
14
1
269
2
18
150
1
458
43
375
1
584
3
1388
221
1
5
150
195
269
12
1211
124
219
105
38
4218
6
2891
941
1
262
3
122
16
14
164
3
277
20
111
113
192
117
44
207
305
59
43
789
5311
4107
651
44
1
169
598
23
114
7
3283
69
243
2906
158
27
1262
657
331
1143
1
23
276
85
1669
418
1399
587
3111
364
8
725
17
2448
1
30
26
1962
939
79
2
9
696
2330
65
36
8
935
41
3
2149
1355
822
620
407
780
900
122
3251
3
140
2278
161
1425
406
16
1742
236
32
1560
64
266
2727
1310
154
482
92
79
1
59
108
4
3654
7
158
77
1685
394
198
15
14
2
1
687
2882
405
2193
2005
1
6
3
3500
1664
1
17
29
102
2418
