106
697
915
80
41
2
17
37
4173
1395
1939
6
1559
67
131
9
5
214
145
24
55
790
2324
12
50
66
25
298
43
32
1
616
130
810
143
152
1152
1
3856
205
1897
70
52
2
104
21
373
99
2304
228
105
338
4
21
548
517
548
106
52
1
83
359
861
149
136
175
2502
12
231
19
98
2877
135
726
1985
10
150
4113
31
1025
592
15
5
3
1
2
11
2722
2129
24
3048
1229
54
35
1150
70
160
81
1492
808
2877
221
684
623
239
18
39
240
233
1
353
44
53
54
300
408
264
177
4359
258
1867
52
321
1
534
237
560
1960
37
750
1
412
1
92
3
124
112
5872
325
119
2164
8
2
335
253
35
88
25
21
20
2599
21
12
171
1342
2
112
1
19
305
5
21
235
1
1430
3090
675
16
479
8
4248
17
153
7
1
29
1151
262
123
1
582
348
1355
1
995
1325
2465
21
1
4902
1808
102
689
16
1
70
87
189
700
376
120
79
115
2069
2
214
2714
1577
706
248
54
4148
105
2483
463
2407
1030
646
3378
1135
113
384
2584
212
168
99
1
132
18
2161
469
1572
179
22
10
295
23
160
1
21
19
13
1831
420
42
1703
11
2459
3
185
1243
245
2620
1039
4573
16
2791
2
529
88
133
2249
2571
1
47
1
2521
3622
64
81
2286
3
2150
24
49
21
4
184
339
289
19
37
3000
8
48
206
627
4176
311
24
261
5247
620
86
471
2922
127
246
10
811
16
3
12
55
831
35
13
83
105
1181
3025
3885
7
2
1
1722
287
16
759
574
488
44
18
56
534
140
1
385
268
3633
1
1
2
307
569
809
2963
30
3693
353
1866
144
392
120
579
78
1
2166
41
3915
717
1233
1727
168
1116
4
1
3
370
18
1342
29
698
111
4
40
149
9
380
63
2042
84
3
10
3
1908
349
189
12
192
460
9
198
1350
2601
405
3
3827
209
1145
78
2064
399
2663
177
65
2
61
74
23
995
34
6
37
596
1054
345
1425
16
4304
565
4
1689
164
6
233
1146
23
1
195
997
2252
1
616
1
84
1080
261
126
1594
365
18
181
117
3
2
78
8
20
548
3
65
541
38
81
4
7
7
192
2
175
138
732
759
229
58
3334
2958
417
3867
5
127
1590
139
872
4
1
4
3
59
36
5
489
3
1015
93
780
310
121
104
1001
53
4238
2790
689
56
27
199
1592
22
1759
200
1
15
354
1894
19
1
176
148
269
38
3
1197
19
953
548
555
24
1719
570
882
114
8
13
2806
127
58
4
1282
6
1930
36
117
887
60
739
16
5
4525
142
2
15
2071
312
190
4072
976
87
89
476
155
3
3
335
1441
1075
10
152
1232
33
589
7
1343
1115
1
9
315
1
287
405
79
1073
1
1
2572
426
3127
117
254
1489
187
2587
26
31
116
167
236
1133
435
1057
2556
7
43
1
1
1386
960
161
1
3341
416
2792
10
2625
717
19
6
862
32
1214
148
1
103
30
141
131
246
94
2034
153
2
18
123
1
171
54
100
78
156
17
110
2452
46
94
1
5
208
116
1093
76
35
2735
250
9
214
63
946
884
2
426
209
4
97
83
1487
305
1031
12
25
565
13
1091
2
561
315
191
2
741
1
700
18
19
247
40
3
1006
3
2266
442
1637
106
31
2
2985
7
537
2
3
1008
46
302
163
129
61
1639
90
2389
254
487
357
1
1998
1
89
187
151
634
12
869
5
412
135
904
368
354
3
1
378
16
54
3319
1536
41
339
48
48
78
1
122
978
1
1094
261
47
219
1589
138
1399
686
172
20
15
544
102
96
4647
1
3520
5
187
973
356
4
3
708
1
10
3221
81
224
16
2396
1453
4
1
31
137
754
76
277
193
92
685
3
2136
113
101
1905
357
456
82
75
4457
3
10
1529
2699
3
3161
386
1033
2
3
59
66
1453
322
1089
15
41
436
2906
487
1912
387
629
147
81
184
6
2
709
438
17
160
48
607
97
2659
5
10
107
1
18
23
832
68
2360
530
9
14
9
56
45
1
1080
106
1802
455
658
36
20
13
669
483
6
1121
263
1
150
31
1277
1283
353
408
1136
230
105
718
84
682
2590
321
122
525
226
2246
2916
663
83
30
1280
982
116
98
22
2763
1101
1910
27
2180
797
1137
722
177
107
457
816
397
139
1095
14
143
1
8
143
211
116
168
1149
84
53
59
5080
1
3633
45
2280
3
2293
5230
3507
142
160
2094
652
49
419
104
5
1694
1355
27
864
45
7
1126
517
31
29
789
296
823
1745
49
12
284
256
446
2180
489
928
540
1198
407
1848
1266
1140
1
1
2544
248
18
2906
543
1
6
316
49
2131
194
201
1049
3
1092
14
32
873
402
215
4
3
3830
3987
455
29
1536
20
4
8
1159
1
1
268
10
2424
28
1141
12
30
2
1
112
121
440
8
247
28
1
2218
8
7
1371
57
2230
109
2
16
150
