1
1113
973
260
3
5
531
48
190
341
48
147
2
8
1558
364
50
445
536
654
2810
2544
128
867
331
253
1
734
130
166
742
15
728
63
432
1466
22
23
266
992
173
2155
1480
1066
54
103
31
1025
262
3062
246
12
1
3909
8
59
30
721
8
146
1629
325
3
3299
589
198
579
3
3338
144
6
458
24
2
2876
389
464
647
861
133
1088
22
996
163
4183
3436
239
732
1356
116
97
176
16
1
350
30
71
1048
4429
207
538
302
14
1080
8
126
229
232
81
476
2858
162
90
42
17
1283
239
36
1
87
13
1
1
3084
14
3621
35
77
166
12
369
1621
4029
1
527
5
46
5
8
1901
120
6
1101
109
209
551
558
2267
1
53
7
15
94
3
284
485
67
3485
2837
198
824
1090
926
609
161
2444
1
2727
150
815
1
80
618
8
3
186
3103
8
3683
390
523
4561
2534
766
10
7
109
13
94
506
3
666
1407
657
229
27
197
654
14
1
273
1373
12
3638
186
937
581
109
1778
113
320
528
50
326
135
1
548
30
177
1
2
34
1115
1189
1791
1
829
3071
43
63
834
19
1524
200
250
1119
932
35
1101
6
339
4
1632
7
666
467
72
251
83
798
58
14
1245
1663
2706
19
701
155
1855
16
1
4564
680
1103
30
760
2988
2424
276
242
645
2
1
324
96
2081
827
141
35
2910
18
4
7
123
357
1490
2585
2
175
524
1002
95
6
1
2
891
2633
419
5
196
3776
4
4
999
441
280
33
1442
421
179
1137
31
3851
59
7
399
304
3224
4
3
3341
35
2228
1
410
221
554
13
601
178
18
197
128
135
347
2009
54
922
606
297
756
120
194
1
249
926
32
1
102
46
2078
51
2248
885
1259
1
540
299
387
2881
668
42
6
1552
15
34
30
1634
320
227
16
36
1
264
200
1
357
1471
1
94
61
64
636
769
35
293
937
169
525
2283
13
1
1
4249
22
11
307
23
8
54
18
3771
972
8
2245
1
409
689
4749
1907
17
860
2767
21
270
1
134
1
3253
20
333
19
22
150
361
176
413
297
3727
307
406
18
1735
1801
110
245
7
19
21
77
67
309
54
23
91
342
1036
1
11
544
9
494
4
39
59
660
6
99
191
54
16
603
10
353
502
473
1
5
26
590
437
244
12
86
20
1
31
92
1073
548
2560
2
22
1201
1
169
3785
396
776
1191
3889
12
9
1891
918
50
43
75
34
253
471
295
618
11
5
1727
18
1855
1335
146
25
41
17
24
5
3099
1
39
45
165
1529
1126
980
414
22
48
984
1834
809
9
888
4
225
574
101
4
19
91
43
26
3179
2012
1
175
22
67
1
65
1205
5313
1
1175
412
1009
18
375
74
1046
853
2612
159
89
2789
58
102
1
1268
37
860
5687
1076
64
408
30
328
1523
688
16
736
374
5
1036
49
20
59
75
17
51
229
27
4475
29
87
1618
814
28
461
18
1528
100
1104
2543
44
1432
224
1276
1604
88
529
1
1
33
4194
7
9
230
12
1917
492
5
7
2007
26
548
2555
13
41
27
1
1814
624
306
10
3575
554
168
11
568
3794
749
1790
19
342
19
2636
91
212
62
9
5865
4750
2043
441
114
258
1
4821
58
1465
3
24
1
2893
81
1
139
15
467
861
334
383
2580
2238
2322
217
44
1
37
3
1413
23
1
22
8
690
2783
24
1
183
104
4344
75
1
835
740
242
10
821
54
2444
752
913
1
154
4
3061
3868
2756
63
95
95
2
1
105
170
1
1103
633
77
58
273
10
1384
273
24
18
491
4683
74
10
320
1
477
2938
14
9
1235
1
2824
274
5
197
644
1
1
369
84
677
5
11
51
862
27
99
1
22
7
214
37
318
659
1211
44
3327
23
3127
313
50
50
649
2475
54
706
87
254
561
77
495
13
388
83
3
47
32
25
14
780
216
294
79
170
233
4235
2
236
244
6
134
4585
148
702
4049
407
3329
52
337
182
71
3476
476
3406
119
1383
13
61
153
7
33
3183
4637
2476
1405
605
1
269
85
251
2429
653
1741
1
432
874
86
483
412
757
1
221
69
74
805
4
149
16
545
1008
842
24
767
2933
6
1
74
58
139
3157
3336
1605
2
239
361
1194
407
30
2474
7
1946
44
5
22
427
644
565
537
226
44
53
424
33
347
30
192
1235
479
1958
55
32
33
3408
4
310
7
2784
3335
1307
669
146
673
3
588
1470
539
238
68
122
34
101
1399
332
1098
133
39
179
539
683
108
3587
112
134
1
811
802
386
153
417
191
56
5054
60
14
152
1377
355
24
1
3626
2746
1319
1086
1
2138
20
866
160
4
251
41
10
10
214
79
57
6
741
226
1284
82
1162
852
106
1766
50
38
3478
1
3890
393
55
25
1
48
452
224
47
905
494
379
1673
398
12
1804
138
226
49
2057
2194
327
574
1189
1014
683
486
741
1
906
771
15
976
4233
