939
13
3379
809
455
156
297
1924
1612
1736
2226
2168
1
863
126
170
4
3193
34
1031
1591
50
721
382
374
498
5
947
45
63
288
83
920
39
656
706
198
152
922
543
2
3
1849
3
160
1801
31
293
42
129
1
2288
158
36
3259
1701
253
23
72
31
65
4437
386
2474
42
1267
2
24
221
4795
137
218
1989
2268
3437
3
2209
663
394
68
2
3109
25
243
102
282
111
772
542
60
67
46
304
4
110
962
66
10
23
7
181
423
1556
1820
1072
1158
29
107
1575
68
2022
1043
309
39
12
2294
154
391
13
1
1933
1620
311
580
326
529
5096
33
7
22
9
3582
99
842
60
1881
1631
424
305
3266
228
749
179
32
1396
530
1632
1919
1821
491
69
818
117
3480
329
234
105
421
490
1
86
84
1
22
10
428
1505
473
749
40
37
85
11
2258
2471
372
167
298
93
1884
632
244
1
233
80
863
1
823
845
70
193
529
2179
6
1169
337
236
53
629
2
271
9
1233
1
1231
7
475
1721
384
181
1878
78
1585
64
382
563
414
28
156
1619
734
1635
2263
1
187
8
28
5
168
1026
16
128
264
606
1
63
3751
5083
1791
50
420
122
374
1349
94
148
38
1266
10
2831
185
331
57
448
3
2329
950
250
1471
11
379
127
3
1
88
1958
115
4928
397
42
30
19
173
1791
32
279
20
18
1525
1
27
2209
543
1706
1
111
1
788
10
2792
730
521
640
221
1
22
40
273
14
7
47
4091
3
448
2915
3220
55
33
397
1
666
41
1018
38
3
744
1
59
3
121
480
1217
5321
583
2494
14
41
2
5
590
8
747
45
31
214
264
3119
255
4467
324
555
305
1
1846
1529
768
1245
35
1
542
90
115
3332
178
2
154
1307
131
117
37
1472
6
616
9
1726
476
192
1
1611
75
1497
81
19
589
2
107
2813
46
9
349
77
9
269
3
1
841
1227
1981
336
247
1
22
1319
1
138
388
8
885
1
51
1022
167
190
128
15
854
7
457
58
1172
66
1
675
1
1514
200
12
50
972
25
18
160
152
163
2560
359
1970
22
62
5454
100
5
169
5
39
33
17
492
59
168
7
221
5
5169
14
28
652
1108
581
654
285
111
19
117
62
3
4
10
2700
91
1680
198
20
803
4240
2607
22
6
389
3858
215
613
153
382
71
332
68
2807
171
1
39
286
68
9
3155
9
1213
1
4
1299
187
790
11
313
1
4612
894
42
4941
43
2
235
313
36
213
5
4
2197
1083
28
3432
1171
4827
596
225
1141
76
645
237
4364
72
5
1089
804
5194
2
1135
1
1886
448
431
346
609
95
2979
47
88
5
718
5
15
135
333
263
15
4
14
398
8
54
10
8
3
11
939
3007
409
1659
166
183
3
32
48
3
8
18
8
557
6
247
18
929
583
792
55
678
148
707
419
1
862
6
2
2505
1
436
653
11
46
28
304
340
275
1023
86
22
181
6
12
2332
2093
5385
60
37
150
132
467
1
13
56
539
1
7
2
191
359
683
8
1000
211
992
2
673
52
16
21
688
1537
3007
3510
173
10
15
18
306
7
225
3008
184
369
35
759
7
2
70
2312
522
157
3321
124
1749
163
3904
15
2168
419
111
782
1561
2700
1
3869
267
85
3496
93
103
2171
1009
1924
1815
79
3
15
513
48
846
3
18
1220
195
176
93
1
120
1
67
974
3733
86
4
427
845
49
2671
1
1488
115
501
1684
5
331
761
441
1335
469
3323
5161
739
39
5
148
1
109
585
498
7
1
1109
226
12
28
607
5
81
662
90
381
13
574
888
80
2595
212
1
46
1090
5
44
140
90
116
802
154
7
409
3746
179
274
298
32
775
6
15
32
3
264
499
4409
7
3
247
131
7
2662
345
217
4893
73
231
2
843
3
54
125
1
115
3546
17
87
1024
68
858
48
14
15
3817
2052
5
21
13
157
337
2902
382
3050
46
200
127
52
1195
127
1
449
485
15
127
196
163
1101
11
618
314
856
11
132
2
526
3554
3068
11
111
7
7
10
77
19
806
248
909
2325
380
4
624
4
12
3
2230
436
35
40
1470
17
6
94
2006
2
6
2076
934
76
276
756
4
3061
579
45
262
3605
648
9
15
135
36
2025
2355
1669
229
691
146
350
401
4031
291
10
1655
50
190
3
1900
1032
217
161
1
792
533
3
2272
1503
573
1568
856
50
442
908
879
160
1
428
1
508
500
3
176
1
384
9
2283
434
798
410
1
1415
29
13
41
1837
4045
1068
726
98
294
121
3130
34
269
394
302
747
46
4863
24
2
2962
1096
315
3
350
173
6
348
230
1
486
10
1
6
4
1
188
78
208
142
1
1845
10
62
1387
14
15
196
38
1
23
293
1022
100
776
32
1844
75
1448
2574
2453
2
58
129
1843
660
6
3093
4500
4201
543
3516
608
8
4
360
94
144
26
3574
11
289
1075
10
1
63
1238
