24
3
621
2202
124
913
495
34
5
2990
12
1
10
80
9
593
574
543
352
11
89
88
325
191
1
84
1902
600
4769
682
266
74
22
7
2638
380
83
1775
574
45
650
4
2676
1
4585
671
202
482
3
150
1
39
21
638
245
11
75
3
12
1814
9
234
3
75
714
269
3
5062
85
152
85
17
1
6
247
32
22
13
3110
777
1
7
1433
225
1345
1
415
33
1
91
12
95
498
2454
8
1887
135
3700
938
2
1
15
4
1681
10
195
874
2039
32
498
204
1239
1081
156
28
931
858
418
1825
2
10
16
45
52
806
63
731
49
4
283
2578
64
1102
1833
58
210
452
707
17
1114
3942
32
900
99
185
139
1
3263
2
402
86
334
60
41
954
1395
414
48
2389
784
364
3288
2
49
21
481
41
2655
112
1091
453
117
4963
1672
427
12
17
2319
15
25
2151
186
2576
103
1
16
13
130
599
3475
143
7
356
741
394
4264
4506
421
819
30
2113
508
680
1746
749
160
12
64
1380
3
5
370
280
94
37
63
945
12
55
623
2973
1
17
54
497
215
28
642
283
53
823
402
1
674
74
44
90
1658
769
2
4312
1206
17
29
5
76
58
110
687
151
16
928
1375
306
3138
1
281
191
1186
3881
2814
1361
2509
185
4
92
854
82
1
4
1667
2426
279
209
3903
33
1
1
472
1634
980
581
226
1
5
110
104
114
35
1190
1737
1331
487
459
125
2
257
251
130
6
734
157
859
30
142
2017
6
403
3
8
1047
55
2591
1
223
5
11
1848
1300
934
737
474
2
284
3
223
31
889
101
1645
38
113
213
629
34
5
26
290
276
3672
3478
581
42
629
39
1150
7
461
12
110
606
1266
147
48
1764
94
592
78
1
7
66
738
992
375
115
3242
412
2053
4491
36
255
2523
253
1029
851
653
2890
12
1364
160
688
170
208
1154
3764
182
207
2208
171
35
1
977
7
1425
53
57
2735
28
1390
665
226
2
109
461
14
23
30
193
153
765
1471
1014
668
3142
1115
725
1829
497
2998
1130
2624
224
2634
61
81
8
8
5
3728
646
247
234
10
596
64
376
542
9
290
96
2123
1275
74
2
181
5
905
1079
446
7
8
1016
578
3
3691
1233
57
3730
1
4442
132
2298
139
732
2527
1
250
141
71
729
834
2966
141
5
78
179
21
380
2453
2270
1239
544
17
1
7
4170
2
24
200
139
945
4801
451
1
215
4627
171
10
31
1301
10
93
20
1969
1
396
398
1
1107
36
53
1776
2561
75
52
59
683
538
62
67
11
28
854
11
43
2
188
338
373
2952
2126
965
335
61
146
4611
67
169
834
8
2782
36
4932
22
35
6
311
82
47
204
5764
33
345
297
680
6
1
3048
141
155
1344
55
44
106
1
1287
56
505
775
142
1
2
100
10
40
5581
63
23
22
7
4
1181
710
848
28
282
61
221
33
1144
3693
1321
800
2
98
88
929
90
64
1491
156
3925
245
18
2601
15
11
138
2167
145
3
26
3
54
360
1002
473
16
955
169
203
47
3333
505
10
1027
5304
7
1937
905
1265
143
2929
113
1
3541
18
2378
112
65
4795
3576
1319
454
37
200
279
985
2026
81
1376
456
11
76
899
33
38
1134
36
4557
3070
2
168
78
2810
562
3303
425
52
425
2341
149
45
24
3
4052
346
112
1
101
981
995
92
392
46
1043
7
35
1330
927
3
191
96
35
1
636
21
555
214
1
10
353
31
731
147
427
2410
4
82
4
5
2274
7
230
79
213
3
358
488
1679
2322
1946
115
2377
299
755
33
1
1250
19
287
90
1245
1
57
1
2580
1
174
3745
58
251
389
21
634
10
3044
532
1183
30
18
134
2358
7
1734
456
14
5
1336
820
1351
77
84
2
77
15
2
82
14
4794
2472
3
63
725
25
3868
3517
2
1
2003
169
14
55
3
156
111
1
51
83
1658
1
840
24
10
195
55
68
91
1694
126
291
112
1455
156
11
355
2493
211
2040
112
2
161
2
108
314
3020
1577
2
354
3
379
399
65
110
1262
479
12
115
34
3115
57
59
3519
279
2216
1635
488
1170
1623
1660
1
49
1603
539
99
109
1
2363
696
792
590
446
3789
467
228
46
74
12
427
274
7
1172
12
478
57
3900
404
1488
10
3908
146
2
504
3756
1055
30
1435
2231
7
8
24
63
2716
33
819
214
225
8
2
6
347
761
1
419
661
4280
2614
11
132
143
22
2493
1503
140
811
18
19
15
15
167
794
10
367
1984
9
67
4
32
7
580
3163
451
964
3
456
6
39
269
702
15
169
177
1379
1
22
159
223
474
146
15
980
1292
118
216
235
2750
10
1373
1
226
592
893
262
2695
196
2
1039
534
111
3
308
1426
268
1487
1
1383
163
222
622
2
823
369
20
1077
1
450
7
188
3
103
35
1
1
345
1723
106
2
871
244
322
14
5
14
7
5
134
69
569
332
209
