382229633
589635957
1916912704
2059783447
121946303286
9837486573
67076049361
20164140980
3470493890
19041446961
39129698816
2676119845
26113027855
10225005153
35323271226
382816918
45152951488
33142580361
337553439347
2330330304
88382687291
75515896118
218417152333
512876299
84402477546
37678720
53806343215
227668975941
241140903
41587580135
141075965348
102806035
62169072089
9072900716
261249451185
42627645517
2494717236
47762347293
865831241
84627141672
435133466
3069258445
165074293179
5232626099
23876399089
12377253255
10582879008
191149106
29216168184
5417
32924144588
46223242989
1631144867
178121045543
21402208322
9685168589
12919368147
32933353
20889040648
47699550546
119105260948
360913285946
23361186905
5922346173
2203419970
105295738736
62191441
235503995258
132754408950
453827772
16246175133
1986119555
2081886550
16335935761
48223628548
14673245397
21848839857
54589588226
1504598982
556156992
2907613499
69398122130
138161218837
10582006427
34450135727
326194389580
20433359
24845731281
159010774
69214069264
314245493964
380498840163
58992316279
19232995408
7729524
5463592963
243027329147
17321640285
32413078
11269883934
94469628578
367177319
1487644698
84175633406
19608220676
9689378975
368579875597
10754607945
11912897
7718296
55223899713
202776183682
3356183991
10140537
19164680670
41498432447
2439342433
654544701
8546582287
32276607496
14819728192
93310147877
164735924
8414975790
30640552310
292586794869
171483456396
70019173715
6583158226
2976024441
127999660490
2192140481
3336341292
352150225166
219109574
32447216237
524806314373
519685889403
24713905214
75250627066
12055735302
122283936461
1379440301
161762274
15497317861
122525711679
15383045226
95307412917
2545237310
433242499119
342594892471
8490411333
765445566
1070860189
35246438460
279873363510
7713260482
7668161792
102735880242
5334191660
10753467418
120027980
5202933849
4051501674
12099245164
44622583259
613965706
6872577717
109410852223
154730793372
26564654
23689962356
285017356686
508238475
38977864989
10343883050
18269062868
47836018663
362287929511
18587230102
165463305822
2341974117
11739151575
1133620418
1778209818
71238374834
77916200
189233923480
42515183555
84691075458
15526675940
22003790963
3302216281
38578006950
1291538722
215304427440
1371651240
324358240
14153486374
1517301765
1510946398
6069457668
2645066176
29928671125
217772724585
23973372069
993019993
56398043147
120136230
3107165940
12346295998
10206489637
165070025628
1585479468
12851141526
68725922
1250729476
39922294011
40411900126
109292115379
155504528192
130855380427
87028532405
443428689
46903516664
89598869947
220694724362
29080861931
4871578670
1873756132
119905299849
19523758
11283036704
174053209922
288128982
19765428837
147992470069
3338148848
4405610473
34537590268
533088229
65686594407
83656678665
896114898
2547054560
363594601236
201957653154
6037873549
645057313
160041683295
4426150117
139647768816
7099699768
109690992044
31210636331
4393909350
4537872
11556550565
19852615625
113504902371
57221266821
3530178294
69844237261
1731554867
29907167811
27683871407
11318274435
28905926
2495504712
21464502362
8224987546
1921591215
4069995511
178977282527
26220218905
3631460
480688228901
266149521
71205175916
24155126044
36897308277
22521309470
82559989549
5349457350
31108359518
663320615
22683676574
14855790159
135797451146
27853264054
134030335879
91039948328
53254462985
19657926811
32166043607
5041841314
24975292898
100512090
1480620552
2723070360
96757369557
180820659766
6875515926
39930117
71620727
10843308841
122045354729
77575210011
153171055446
46630269977
8598077665
86335156597
40629106653
67690500095
156794201311
2891610969
89908345275
4069013740
80284317355
31985997859
513612763
38145500627
38405371709
6114233451
27377360661
33670983706
1257954961
487847514
16820306259
8763043403
30410758636
9358360795
46988056487
52563251129
671215313
1682918833
91154810917
57681791
229426925727
260392488689
114548255660
37077646228
4155147112
100627255299
1111825121
869004011
161131774776
28089147797
38712202840
811106922
31777892111
35798120308
5535523617
1907680866
27910130625
536993976178
1473105656
1301000013
261898928782
10419259468
71714998169
126878822247
31841632827
14954049440
597199812
228318684
69424396189
607298427
309026008996
465547433
294529502772
8364986925
23723480323
260517425544
3906938000
435062999140
39335625373
7424447432
17317550775
1409634156
1748693833
111370477189
114698583204
38117982721
62132524905
52552100005
15315276
20409382807
210956034105
331960736141
48396940857
45408880951
9957658814
2654302176
355569909435
4934387619
407304496
10449362
215998085
41289210646
25750633551
93087271495
43858490747
3800439364
237025641964
76997548189
17516130064
1563831400
3146140024
383921827
29588092091
79044452269
26113637117
877505910
372641199609
252334252175
443850210
15998411
24317590219
96393984702
263621743362
262051990
133814913
19462868968
350378247613
2880326198
50506087347
3060596
33139194563
87000748831
151934680252
14406195373
382054624
159731377
7910485345
178917775569
7836064950
10511976874
1011688098
465267168
1706279804
26127412886
1447024
339831725383
8170267514
529841
197714777
81867758291
1784418989
184777141904
8350718490
14885603762
49770556091
42698669123
160076537968
124418470165
19407738441
19782648704
23857753360
19194478139
133330329921
462614175146
9084737690
18833685035
37074294854
168460686209
102373636684
83443971060
27858174594
5969056342
29937434921
66186316842
37527714069
31648571946
117015
17989459
2163671602
23977310744
49852142570
38736080869
1395897464
7943674
18298516446
5007586892
299612199007
9514046
171699433
15260186696
1314838784
26467137810
10385518575
48365753879
109668447630
316648328
542723242
1313035669
58443306974
245243431413
330976672196
1217077737
894846088
31248993590
520149557981
80480450402
36526272351
1263016243
46393457627
101164909524
16685655956
947353403
24438648900
75191006
626684132
11347330448
15227512425
6453347124
40433096908
22370192595
1571529436
14096509874
983070183
524379947
90862749999
28410350857
385376402100
78670350094
85855970
202693566888
9853551326
424451472406
10663265533
272956707181
36125868483
948469141
86329951159
7929386005
12026520738
516437548
271658588438
256546050153
7048613219
35830273234
291419264714
7944280136
729222
13498294377
50468491536
61018456466
43708449965
513972954146
10796999565
2923010368
99308736759
1688703
434711868
38587526764
277725571092
288980448949
1064139551
26510823775
100685021979
4298162956
7857203368
76527015440
11151768
79591732566
522117844905
487076789
74100170520
11649661
58965161017
4403954846
11357530046
212114608362
77354065
127179834254
74248072989
23419962557
1407058742
8694661003
221284992359
2535179253
162475575776
13024862921
21410636592
6631130334
1983450367
113949288200
29072996841
8176327183
3151577152
49083917496
5618200572
274936259975
758550194
8770711210
27044536349
10799977881
160579441623
13083296
73778040321
537078731
9908683734
9812833620
2500894779
216900746
84889594995
27876164658
63640436249
114804466899
2749991086
375604917
13804040871
340380116016
84391014301
131984040248
113828537360
64077583391
5512916147
123194585
13488546
3776798060
82797530195
393017398684
1462299207
5659405462
4113293932
929594025
2237072468
7993442428
4213673
1286580370
4633748216
79200096337
1407098
1724862975
6196668812
39523200058
5479365400
33747884457
25669642443
84336100819
32446554492
14523684257
11735589829
12632148225
308394504841
4314943
540495426
21604277004
463351491
8041680
17777182398
210589647510
10534191167
12961809912
173409235378
20649930258
192962466612
470087489
8758023066
46770844343
3094720
1423927632
72656092910
9501448885
1496262265
438639990059
18353652786
9377030290
13212295948
273423147692
2721520615
191091743610
71180313499
149235147278
4293296919
36190393041
35573320
270328975
4404835690
24910092344
3485580
29551990886
427243220399
80395174614
135238399201
59416596049
21857555280
13788703867
15280614851
340488375590
31099553650
9782140284
24446764868
5587322461
78717731934
27087570066
55664619957
6394594654
117968669052
72728209250
2427915314
15357143308
459889630752
3261106719
7070087443
387158755173
104165133957
116221217216
2443418165
17695365114
44682368
142399381816
3445004274
32291397940
45849737223
50871550351
31907750
1326248001
11427784337
53306651528
218948622462
9092890140
3578647828
2115340
1972361
324773889
3095425679
49399673896
19428468382
59898623552
47477334376
8312756461
374023795627
1866139241
32957374355
11270838064
236504148162
264125535609
8499456061
28774097963
24041126765
3659794
3211884171
64081561519
34047429932
5413728235
543118320
22330479361
46550728729
932806959
30832159
276177309
13843695698
15814852025
235338878
147692881
35032373429
43426725238
11946261467
1126786590
30138975603
14194311594
1516121878
18317570158
20354951896
13049052259
32840253420
16949992
2087696094
359724303
101711426754
119333691129
36284582045
191435069
218637413336
10015742129
798144671
9282613554
34489591586
21441277832
162317190055
73759604902
273698
188025461331
80308975591
2564559542
2033801341
92958710942
177917894
89547360887
3528651507
286702254083
40628613196
2929209
323976596644
1752342659
35972803216
147691735415
11991022013
117816583877
82274025
343972892742
59338898616
137470460124
144858541166
86902850488
88054025874
8800395534
2110366643
29735162407
15939160257
35814553381
142551941501
6211491491
3328454344
89944527069
48047120460
404195519
188668544129
426020807626
9292831520
50947539
47024127
122286491094
71210174645
59962495
17837158121
1597112789
23194768799
7955770536
32177779250
236048403524
11911604178
170354468243
972495501
431374308
6443487489
12223552
109543015606
59705436917
199847813489
226937092
50368920655
1878148789
19497741164
519333521172
203424406280
36788948088
81216655358
193505266405
69522862289
29907442
11738666368
39324704728
30579814476
122182146484
361069974442
24366782362
42532437965
460171202222
29945159
2795345743
1401173005
55422034534
86062361
1270567099
559509005
30625903192
109636125201
46705875598
30832670192
30611315615
240062783
604685759
332684297431
117315254176
161546357104
70249686541
398295121915
260285651209
34363515965
40528188467
48864435420
72228911
15185302513
557180817
46362260159
4214666783
489908312134
6284934217
441349332
387829299564
678461862
51807538367
12780930
7803
3746643203
29304798777
16978529376
96058214832
59056995156
443714479002
6246625556
1266711719
59716526256
1028522233
28617597108
12275295280
1089979317
263931928502
38806515157
31308481279
5148565980
31571568985
9192731053
135469873531
9237504666
7452956739
5987195566
1766971
30726688145
49352716097
5301205608
19438294505
64945527847
99283323987
19846903219
11156909314
49763688730
109581421312
238476966132
372643151125
496973491
20225853092
4438503108
76703449776
1455688895
218626718558
2315464484
169069
78359600170
67860903975
251949492211
148315143250
438573692219
250380137875
11171860425
10087381318
28041227842
22159035
330008550
34720318967
2741098
5526731
9202671185
8257587263
2812787466
13157813168
57795798781
57674536969
11332327998
30074211472
7390695702
520957618
1328989680
54408204
190694489613
21299037563
463220570821
480934301
66835078345
1563654
326495107
59855345268
183766578719
44048411171
91713809
10324796378
81356269680
120434114732
352276438937
298217204
42422354872
67462669935
4721536
25603253
41160449175
1373270325
400447618112
4453718729
415842316824
92762577710
6681176705
64568333987
4657857607
34747502342
52545095110
86810813442
