1080
710
1384
16
7
360
1558
1
326
93
455
680
39
19
26
116
603
2
2
1949
17
2247
3289
236
1820
215
1726
10
116
15
1737
2
13
4
21
1079
128
3610
267
64
23
3364
24
1939
48
29
30
62
123
17
36
128
66
317
18
523
2469
5
648
6
3
2457
551
237
156
3
4
21
97
16
2710
4
133
181
506
561
21
2043
166
217
156
51
1
2
363
4
1578
13
307
14
528
1314
30
390
595
400
4300
87
21
2499
40
4384
1625
175
1924
507
977
2253
127
6
1349
4
1744
10
757
2693
239
1301
36
613
1
64
2
183
415
323
817
85
5
81
15
3420
153
17
289
313
10
4258
763
76
178
33
2713
24
153
2094
71
454
487
339
530
120
2581
36
1859
2
8
391
254
52
4484
13
2099
2359
182
1859
174
7
102
3
1474
2
2
580
357
137
20
140
785
774
271
740
2
23
2854
1203
28
2
6
86
33
122
531
4962
2372
82
2201
184
251
61
34
191
194
1524
32
80
2036
866
1
565
2824
92
170
94
2007
169
2352
2715
7
17
244
1
565
13
19
122
3492
1864
2019
1
795
2534
1781
4
565
1739
615
11
203
1
38
356
12
618
2488
57
6
60
56
53
140
517
167
964
1127
1496
6
2051
61
149
1289
712
1463
3146
277
37
54
4
1414
2202
739
55
3850
383
39
47
59
71
4
404
8
103
20
683
387
707
6
11
1889
26
4231
5
541
5041
118
2
1089
15
1379
1
1005
2250
14
68
1364
33
62
188
10
505
2134
45
977
1
607
672
1609
248
33
2910
565
5
381
176
2267
642
342
4305
121
607
883
836
29
108
18
205
5
45
1
324
229
56
1570
321
1250
3441
1853
203
8
55
81
34
10
220
773
1085
31
165
2904
24
9
2
11
663
6
174
291
32
24
431
695
197
7
2845
789
134
226
1202
49
458
165
402
700
284
81
154
77
38
1096
105
160
3
1
17
313
262
54
215
9
1819
891
34
4491
3
498
509
1
1108
150
38
223
126
170
5
1656
51
10
3623
1
970
98
42
1444
157
61
225
3098
2558
585
1158
11
3213
727
317
1573
14
930
1785
786
2417
114
4894
2075
10
2800
3647
2242
144
584
10
1112
1589
489
2
2
241
360
946
273
151
80
83
84
131
493
105
26
1
2
304
474
42
1387
15
2498
228
908
1
582
231
44
534
116
108
20
340
525
331
241
137
1
4
829
2
527
2557
204
40
492
309
201
21
2756
4
632
785
287
1
443
40
471
2101
18
4352
15
593
5
35
995
10
1339
2
15
75
114
360
89
978
94
336
3063
450
706
4831
1249
1
1327
3598
3061
1
74
255
5
161
475
115
34
237
11
1362
14
111
246
1576
304
1
1
1530
112
1600
32
4686
8
11
2251
18
1
1
62
999
399
2115
80
80
63
68
501
149
402
2823
415
19
8
150
87
730
889
1
162
2642
264
181
34
4
117
125
621
612
1471
331
522
23
255
68
5822
1
298
1
693
1920
13
1854
18
120
213
2586
1745
189
2461
3
28
2080
1197
2
116
643
1693
2624
849
920
3755
2
1348
10
18
99
60
253
1393
244
556
39
1472
232
671
21
2586
1613
650
335
19
3188
244
842
41
17
1076
38
763
322
2370
20
1057
3
1958
501
806
617
67
69
47
304
3937
951
176
5
107
584
738
106
65
1
3286
15
18
31
1438
5
224
1761
96
696
348
303
481
459
347
2349
1646
6
1582
117
377
604
723
258
10
2057
222
725
2583
57
862
30
1229
588
3261
1369
946
16
1
137
944
282
1220
2012
448
170
60
2114
3
697
591
29
68
344
260
652
158
4
10
79
602
1
578
469
2717
249
238
166
467
1032
2
2893
5
6
1
1508
18
7
46
3161
34
1496
15
4248
110
7
18
272
83
1352
259
121
280
70
284
3
10
404
2850
4
22
662
96
976
461
3344
1
325
1457
6
466
1234
421
139
5446
90
311
97
107
176
9
4321
1102
1359
22
1318
33
2
1457
1189
1891
880
25
7
3218
252
4432
1890
9
170
163
27
473
159
604
3
95
89
1
14
2635
20
829
495
3289
14
769
501
91
454
59
1997
4025
26
76
743
1
216
204
174
146
3117
553
1087
2093
360
103
573
2346
1197
2
1621
7
30
3447
805
1
376
368
195
1
2
12
819
143
1
382
1842
1442
381
420
1
600
291
241
47
14
7
782
65
869
1625
3709
74
213
85
1197
81
7
2
133
779
3071
1
10
529
1620
39
2
2520
2231
2441
40
1436
2324
17
1166
255
2335
2039
4026
251
1535
53
1759
88
1043
170
1
137
1929
15
10
22
605
1838
1409
111
530
13
4
998
16
608
4
1423
566
261
1981
772
2127
1
199
708
175
983
2513
301
627
128
86
1
1386
4582
628
63
4394
28
471
2
5
164
387
1398
141
34
3499
3825
561
144
346
246
23
1526
568
1920
3
1608
236
45
134
285
84
3
192
5
192
69
