146
168
11
4335
12
537
1
239
1733
499
731
44
1
4297
893
75
240
2
517
1961
8
6
39
309
12
517
80
1
57
35
1
1
55
1
19
470
2455
696
2010
85
76
1595
526
2
653
11
29
56
864
43
919
746
31
2014
349
652
1
3
1481
2592
620
689
3
3161
525
682
68
9
1134
136
233
154
2516
8
452
1
3506
982
1228
366
812
299
102
83
1938
33
607
664
38
20
333
1380
830
38
2143
3661
219
169
323
625
287
448
78
298
1488
92
1106
24
627
180
25
1064
580
10
299
39
269
4371
227
2360
4537
209
3384
26
24
363
3
131
114
15
819
6
215
9
515
1
1
60
1177
175
800
1
4
17
299
2094
3297
3
276
117
520
413
2
2145
11
1282
8
1
20
25
101
1
1973
12
1654
442
50
18
5
487
89
122
61
40
3
13
20
132
753
255
13
2246
1
2684
10
1068
128
5296
278
681
106
68
51
74
117
287
2822
4
736
281
3871
441
50
6
153
407
370
1
66
868
2530
2255
19
52
306
364
3919
220
528
25
2124
109
2
52
4542
3095
1763
2061
599
475
3
996
2323
226
3143
813
753
61
7
29
37
381
60
104
1
2362
14
541
1873
1949
1
2299
1091
829
5
438
89
1
1
75
770
56
59
3
1181
31
16
12
1959
962
13
25
5
1700
84
18
124
174
92
565
1142
3
113
800
1089
129
27
70
50
84
309
1519
266
77
1921
660
250
68
1221
249
2
96
3309
149
537
13
18
593
2
275
1030
4
2941
75
31
76
1504
1196
362
495
145
84
16
80
788
32
190
1878
200
310
100
97
48
79
987
1198
259
648
551
576
547
191
77
24
10
259
225
3523
248
21
467
2792
3
634
180
1651
142
56
318
349
2017
1448
288
2335
2490
1
47
97
2
10
486
3
3
2859
30
474
2647
217
1389
1021
1004
185
3
3952
11
258
796
485
3
13
213
572
82
1435
349
488
170
290
1
375
1
1
7
6
414
241
2304
16
1018
1172
37
41
318
698
1156
125
44
424
233
35
1881
4368
14
3541
974
118
6
832
1133
89
518
82
2454
8
708
3
2546
119
117
1
127
298
144
175
36
2
1
1
2904
1306
178
414
709
69
55
102
1953
219
25
1336
2476
372
369
588
616
9
101
381
525
156
950
898
755
1608
428
1034
187
638
2
123
515
2612
1
37
436
1259
75
27
888
1367
414
273
1038
396
1107
7
57
491
78
4094
7
347
13
67
53
1967
51
370
26
2125
30
8
644
169
159
5039
854
843
12
10
1060
659
49
20
130
23
500
2160
79
30
2961
394
18
4
582
598
563
745
416
76
79
15
18
624
42
1144
857
122
3365
40
693
3063
1
36
559
17
626
1353
1
87
2640
388
474
449
8
106
572
296
3
64
30
11
137
6
31
25
818
1194
8
253
315
892
575
10
454
67
551
3076
27
308
317
33
5258
3
530
27
44
137
2324
100
3621
273
107
92
101
497
95
206
2
281
503
5
48
4381
180
716
3
63
797
1038
1
301
2
48
3
108
4285
6
10
6
1451
86
1158
141
345
503
1
58
9
420
115
57
729
1
3
1355
1
911
1
22
210
1664
148
416
129
636
315
109
345
31
1
193
176
1084
653
6
12
1
3
1
428
1
642
3
4418
65
2699
53
886
3267
22
106
996
22
2336
4
11
683
459
1545
21
202
256
888
167
82
95
502
140
4430
226
2
5
29
391
601
239
153
106
188
12
391
1631
18
818
1675
4
112
1
3
95
109
15
21
1031
595
825
1522
3752
372
748
325
15
5
1323
188
1119
261
11
179
126
3288
1066
59
1062
83
972
23
4971
82
1
631
1600
131
4309
24
474
2188
51
3
426
72
515
362
697
2534
8
174
10
51
1011
2
19
1059
418
113
1563
873
1241
1625
278
83
52
1
276
1846
400
2240
2661
5
176
66
724
343
5
9
149
469
739
182
215
32
3
1476
12
1967
6
38
1505
3
5
3452
712
1339
4109
1
1439
540
247
150
1
6
2542
686
10
7
454
310
6
1465
1
17
3979
119
394
265
2567
635
176
95
567
44
69
3437
7
3165
9
2621
1
133
8
2704
285
98
617
3398
6
212
3763
9
1530
3863
89
3
1689
975
240
6
50
49
3617
7
149
125
7
1
115
343
22
112
2118
2
1733
1
54
91
2
1230
558
9
317
1
656
1680
564
7
52
2
409
2509
348
1
2211
343
2311
449
1
7
278
147
3926
32
164
4147
107
1
271
140
1630
356
2528
1
13
1655
147
183
512
11
250
83
17
602
10
4
520
571
46
216
66
90
836
621
655
2267
39
1639
2958
131
12
17
40
1
2102
2
335
178
3
20
189
1
2144
254
230
2353
286
1717
159
1
5
3043
672
3
142
14
1
1
1
2014
11
1570
3091
368
3344
84
4015
75
87
5130
2
646
1
14
131
3
7
31
14
63
20
68
