212
33
826
152
55
6
686
240
96
17
1155
2100
408
1312
43
45
2461
195
1435
389
1645
30
339
1200
6
1028
3914
1325
3025
1
271
146
2
2876
9
2047
44
1
141
2696
52
53
15
1880
55
69
20
1
1
546
2043
5430
118
1232
4144
1680
46
2
8
433
181
9
64
760
2070
3
1232
164
17
80
13
385
402
90
38
689
352
67
705
199
629
249
803
23
5614
487
2031
1
1950
433
514
2
413
930
10
175
54
666
268
91
481
348
97
82
1
584
21
4424
291
2107
849
41
342
388
2442
245
1
352
1302
670
265
3
443
2685
1364
14
10
123
332
1546
581
15
2
181
567
1368
605
176
3889
3187
289
451
390
1
88
2
429
83
4115
75
2109
403
1
553
1
1277
305
9
16
741
1349
422
1
626
188
1
1445
2816
12
2397
209
239
916
146
1
21
738
101
8
4
828
3
28
261
1
3305
29
13
1
112
35
706
2661
80
5
5
578
1709
3
1019
13
2039
33
1651
2937
19
69
28
143
1045
571
1259
525
437
1057
17
170
927
17
1955
1751
2041
81
8
3691
235
4608
334
2249
361
70
78
912
953
1156
753
796
84
23
120
2051
12
102
2
5103
1882
15
33
81
5
456
1767
7
53
2
4
2022
450
680
212
435
142
261
599
20
4
1201
134
52
18
2159
2499
691
606
979
131
657
104
96
48
1
17
958
137
5
3499
623
21
47
97
44
189
7
121
2372
304
293
55
1697
8
459
3
86
119
625
1785
10
3224
861
14
97
342
683
32
696
546
405
130
555
1
19
288
74
69
3743
317
10
411
300
363
997
907
174
798
102
40
165
645
571
634
1
469
9
1
280
12
70
1
1375
164
14
4
621
460
685
51
4
1024
1149
1805
2220
124
135
79
141
167
625
189
9
2
1
13
320
40
5
94
120
2587
652
1
67
292
430
1867
2828
1
33
2574
26
9
2811
315
7
838
3
154
652
21
225
3576
680
1419
42
1744
122
776
628
78
262
1737
11
32
3
1
6
2618
4
107
1332
2235
570
5
86
247
165
903
7
237
192
235
3650
13
890
268
314
22
26
757
223
183
18
20
34
1145
82
11
1918
38
274
394
1584
241
249
3695
30
69
116
521
77
1411
439
5726
14
640
728
11
119
5
318
102
68
1
1164
36
229
2591
3212
2
71
65
1
484
772
35
6
173
1537
94
16
16
15
2623
21
1269
53
1103
2411
52
888
765
4542
1125
135
104
1103
1221
26
102
9
204
1042
137
3891
1519
21
1
780
1063
794
1789
22
87
27
2742
397
77
3851
64
317
301
4
60
1
1
304
1
1497
1238
1
53
440
356
8
947
2217
538
1646
547
103
1
1466
7
1733
472
12
4
5639
690
1178
11
845
153
4
1638
4557
245
3
63
1154
905
271
8
277
99
1
72
966
27
326
5815
107
2605
1
85
4214
1284
76
30
365
971
790
2039
680
4
93
53
1
316
35
158
301
3
53
4882
95
9
4
48
118
6
3244
37
2475
3237
1
787
2445
1
2529
517
388
475
2
1369
741
192
2409
3556
1558
192
299
56
248
16
28
1120
59
614
278
1616
269
1040
10
948
92
14
106
436
2571
553
305
2946
409
6
161
1
1706
48
9
310
81
2129
2575
26
23
38
331
861
659
1
480
273
163
2
436
75
1860
1
48
3
1674
27
246
117
35
3
2
2206
323
627
477
27
277
2
4393
1854
916
35
151
1028
3847
371
216
41
339
307
4433
156
3394
3033
87
309
349
3
148
3093
1599
338
37
78
844
1
189
231
296
345
293
2
521
2
929
163
2
114
17
30
43
1422
943
1558
94
3857
4
869
1
75
3282
1154
1610
1063
2775
1728
94
181
10
13
403
43
373
4171
480
859
552
41
1
15
179
7
1219
12
3091
4481
612
51
115
622
398
17
3
55
135
16
92
3266
8
3756
18
89
177
203
5208
1606
1504
1
1
1
1
269
3
77
7
3171
1185
1
19
553
11
1
1436
1043
221
4
89
407
174
32
262
2
22
1598
875
3
765
506
3107
78
86
192
2434
1275
11
1539
53
1677
4814
54
9
30
60
1
1904
1714
19
610
4
138
739
264
3
18
101
7
1667
4
1672
579
3
3220
3291
1929
2346
26
3486
734
1
9
119
4
121
2
19
2423
223
44
143
105
1707
188
1142
27
398
316
1875
1403
1
5
20
144
120
177
40
98
75
1
14
36
42
936
4
279
2178
1606
1697
3
42
57
561
867
133
72
99
115
10
126
28
22
3729
7
203
1
349
2319
112
845
1358
1067
4
463
5
49
1826
9
127
138
1
1653
1400
54
124
254
996
3
688
528
4118
146
4309
3164
2316
3501
180
54
270
1
3659
59
37
35
30
1364
487
92
80
55
15
7
3768
13
5
124
1069
892
390
1818
26
3307
1120
981
87
3
648
3779
1
302
1
199
67
534
778
30
548
35
374
2249
242
2601
9
1
114
164
