409
47
381
53
2912
3
1126
37
95
296
444
850
238
582
868
2369
197
532
331
59
415
107
1154
400
1
479
434
1
21
383
47
360
460
5
375
526
1238
1
921
1770
379
2
1142
111
346
63
1213
1081
15
135
801
335
484
645
139
1981
73
1041
3
7
10
196
27
1530
11
1367
31
339
267
306
3071
2249
131
69
1
474
3324
4295
197
16
1294
263
967
684
115
3509
106
20
231
3596
393
27
110
42
156
902
5
1028
16
161
30
366
17
208
324
83
43
3705
1620
494
90
124
1005
23
781
559
1645
2100
352
1577
165
64
170
20
10
3
1989
55
698
337
34
99
1052
3
15
728
1390
829
2
2445
2
3
177
47
170
2352
41
1651
464
240
1094
122
305
1525
1105
97
102
361
1
8
286
854
269
2047
372
989
80
1
3
7
185
525
4
1
940
276
169
7
15
32
909
4200
626
23
1772
1864
217
96
737
598
250
48
211
366
2
1018
3491
1547
375
202
602
2
1132
499
1
3
125
1279
873
874
912
177
240
11
227
611
1063
1
51
291
563
409
63
523
3597
785
262
1
70
102
423
2962
9
38
371
37
2
795
273
132
323
228
499
1137
1124
88
1476
1260
112
2239
3827
83
2629
340
349
20
1
91
147
6
126
4678
197
2445
940
2064
1
2239
158
349
63
604
113
2433
2235
2232
306
925
9
4
696
9
2
125
1
3105
102
2
320
1769
900
690
292
503
1
300
339
1387
72
912
3820
2000
717
3
176
1
102
2181
1045
945
45
3
22
285
460
207
383
81
2342
1
950
329
11
84
176
3435
1365
64
6
16
41
6
1353
148
287
394
122
604
12
3052
7
583
161
4240
1202
162
19
136
29
33
2571
3418
32
108
30
117
2647
275
1933
8
1897
2
813
3
1122
55
134
29
3
1751
170
1
682
5261
44
3026
314
993
357
78
268
7
228
104
1079
406
165
134
76
2562
1311
117
3925
429
1624
2134
422
883
16
124
5
37
2575
5
153
104
903
30
48
38
234
12
37
4633
2259
1585
155
3956
251
886
203
7
751
78
141
23
2600
1
284
12
282
32
162
24
104
147
197
95
235
20
1427
6
104
2313
386
281
1
105
1
1140
293
76
10
1555
12
10
506
4062
227
15
1396
1445
1
353
266
3291
41
681
980
27
10
18
550
38
1
38
1669
3
11
4
592
488
53
1486
2133
448
62
55
15
160
47
1
12
212
23
1327
327
10
15
626
183
811
47
1234
2
117
359
6
3
1
1585
1355
6
402
77
1
3735
5
16
57
7
54
450
52
445
98
783
10
23
13
6
51
23
68
2838
1475
167
43
152
2501
15
57
12
136
119
2479
827
123
2
485
127
456
3380
1239
59
3
1269
1
909
7
1250
3458
4092
3
692
140
2381
493
437
252
2
161
1
300
520
22
338
143
1
260
3
6
61
2
589
164
1694
27
590
1822
221
43
717
67
867
10
546
1523
557
707
11
2705
2
8
139
3212
1297
3
194
1936
366
471
5050
1424
21
1203
4737
547
364
2
29
195
427
1504
87
867
3214
42
1
83
6
1
236
2022
11
2
196
1789
1754
1014
1548
2
19
6
292
1546
233
2319
4325
331
28
423
3
448
429
46
77
1753
4
509
16
5
86
960
1326
483
78
882
372
600
35
1771
9
319
163
258
801
4696
797
100
42
109
153
34
467
2
767
257
2
244
3604
85
182
558
437
3101
912
77
4540
202
4192
1
2675
275
174
364
2
823
143
1144
1
1996
885
2845
536
7
1251
1
340
1089
19
199
6
3
2070
66
1834
72
390
31
30
13
378
1422
179
919
784
2039
88
40
103
33
493
175
2042
22
298
4
226
14
146
2
49
29
16
656
91
5
794
130
1627
459
990
158
12
902
971
3023
2
49
2132
266
1584
3357
124
54
1162
12
181
1127
278
958
3296
72
997
5
3
105
301
339
1683
306
9
3862
551
1784
1584
6
305
265
2682
751
117
376
2338
5
470
701
7
691
1941
877
3397
1050
4
2
148
105
206
1074
61
93
2008
2316
1
1245
640
175
45
2
59
114
4655
206
6
3162
537
2231
266
1
422
55
2
109
168
457
167
25
167
1135
3951
1606
189
253
26
29
68
778
1748
41
565
141
777
603
1459
1243
4995
3032
642
41
1063
1409
13
2927
1721
32
4
268
8
1928
38
76
72
1
4069
781
25
1907
2813
27
407
6
572
24
543
38
62
87
80
3851
48
3
1
4179
18
6
1
174
31
27
1013
621
1513
199
395
1
62
174
39
23
1117
51
1313
8
10
924
6
278
642
673
14
6
146
865
291
3607
513
2094
102
361
175
270
3
592
284
6
4452
1276
250
1
533
3686
19
550
313
10
207
12
133
2979
29
330
27
26
6
55
56
245
2305
77
1749
23
336
100
423
119
1182
576
410
541
344
54
450
1442
20
4402
1
479
58
757
1744
1981
365
6
249
165
45
7
370
2
