2512
1274
3870
2401
545
2
114
5333
20
429
5
4386
632
162
985
2311
33
1424
360
1
58
212
832
2531
682
113
607
15
396
3549
1
2
341
559
149
90
2
1893
347
214
2211
511
31
212
154
158
7
865
55
696
43
2040
291
6
2147
752
1449
1081
39
5686
23
293
697
132
2329
2
3
5096
3
166
757
1142
168
2362
2381
273
233
20
33
4567
262
90
937
10
1576
32
113
1174
298
1651
212
721
16
37
25
1
3
1777
1111
75
818
4678
67
168
1645
1
1
80
285
2348
103
1188
127
125
35
1017
326
2792
2083
223
2130
732
631
411
374
78
1
1507
9
16
211
404
1
20
545
1583
1
15
34
3739
24
390
25
32
1
400
67
5099
633
13
449
212
9
1671
3067
52
1
355
61
1
1251
41
4871
10
80
3061
3813
1308
167
1
9
7
1897
3
1277
99
406
15
3
2547
227
3
6
340
595
14
3
2253
605
17
368
126
1035
1
151
4
1496
1406
333
1714
166
460
239
172
1635
1048
49
13
1136
145
825
1915
26
72
1056
682
15
292
393
260
1214
560
11
87
2523
13
45
143
397
161
3765
59
15
979
127
56
97
917
1
175
7
2537
24
144
11
383
4885
383
15
655
35
76
15
220
2030
3304
20
629
169
16
2
3399
3458
37
816
2022
159
1778
337
94
281
170
1566
1364
3183
333
5
1847
6
5
19
274
499
75
1
888
2523
608
49
182
257
6
955
28
1
1948
270
616
375
1630
211
80
8
1669
12
362
1
1820
301
345
222
1277
2039
85
59
658
145
118
1768
14
36
262
6
305
978
3467
2
77
153
456
32
1240
445
17
3
378
1544
75
2
113
110
32
147
456
2916
1895
3
2
41
1823
258
3066
1047
1926
10
1465
528
145
518
131
1
410
1060
26
17
2084
2891
37
21
224
116
157
3
551
463
879
141
748
343
2100
14
4293
513
9
4826
108
3
97
1922
825
4857
372
7
1451
190
156
1002
4
135
454
50
1
46
229
59
76
34
6
26
423
1
69
1869
65
436
82
2071
21
521
416
71
119
647
103
2506
189
362
587
28
6
64
439
75
18
6
1
23
526
33
160
7
1492
47
61
5
17
150
306
753
1136
380
176
268
1308
248
233
562
2043
355
4
1834
11
99
308
7
85
1
2493
1145
69
81
26
13
1
45
425
83
778
512
487
122
4868
33
78
146
1556
27
2493
4720
2
22
100
194
251
1632
102
872
396
3
41
226
1
389
379
358
916
1
204
223
22
3251
1844
298
2368
22
2103
554
15
3144
331
1762
80
1850
7
120
496
22
1
5
18
2113
440
1
47
6
6
286
256
446
647
31
5
4
3
31
26
175
103
533
44
3153
47
1767
170
1879
5
5
19
128
3177
192
213
2776
1
69
337
125
622
74
5664
965
708
621
673
279
261
254
25
83
5131
8
745
584
1
582
839
1353
2
17
30
2103
737
2021
3119
313
26
32
571
3172
1
62
30
1178
1
5036
3
2581
2047
3243
45
9
463
227
40
2700
5635
750
72
15
11
1817
1784
2
497
841
216
53
1310
224
3671
9
15
404
49
855
4
2936
136
230
376
20
325
856
346
488
983
83
996
74
48
65
1
29
1942
682
21
109
1667
2
48
3314
491
1
5
583
1
319
30
25
2
194
31
2
1
272
2972
347
263
670
2
2
1105
104
212
1597
2049
2125
34
61
37
2
663
58
375
3235
3084
32
2
3
155
274
45
40
3874
1268
190
2
1941
713
12
8
266
1508
4
3589
3368
1709
693
800
414
16
1112
56
3351
71
2392
1
262
266
160
3348
9
559
208
6
6
1017
136
2959
658
1
9
560
39
17
143
1
13
146
2502
32
1
859
858
2
1634
4855
3
2577
255
3108
2
197
53
113
4589
1398
112
339
3002
22
175
3596
8
10
3757
1
103
640
1
88
2796
641
1
20
138
1
522
11
1
305
625
764
226
186
706
19
5
3312
455
9
708
5210
425
1069
13
663
360
14
1
78
1044
276
223
6
88
25
1
108
976
2130
182
215
1
902
34
111
295
257
830
40
168
1
3
632
7
2410
1434
1404
1434
19
5
2848
37
1696
739
1820
359
109
932
47
66
16
2
1085
300
307
285
154
3
7
1073
304
154
1
3154
937
10
513
5437
68
206
430
1640
3
165
943
104
1464
159
12
4
22
216
2180
181
322
134
104
11
971
5
1
6
196
5
4
2
730
74
22
1
1168
355
711
4234
140
2096
1011
28
3
109
15
120
1832
359
1186
1256
4
3088
540
1
242
1359
26
675
63
692
131
2142
92
1930
253
5
271
1
34
1200
42
474
482
344
735
704
1
18
1071
291
191
11
70
90
1885
83
1172
1181
1
23
82
792
54
520
4193
1117
1015
4
306
571
1065
393
1
152
1373
4
3
485
5177
55
5
18
3375
2
2987
674
2
986
877
1178
11
194
4
523
2658
57
3
3
2033
1862
295
31
