30
119
115
1316
1769
15
173
175
20
23
229
113
19
988
360
1381
2000
648
578
623
54
61
646
4
645
32
814
174
165
2521
20
581
33
3711
1278
235
325
434
251
207
5114
299
1297
1826
601
20
189
2
2261
136
2
271
194
17
2695
13
19
147
37
140
82
7
388
16
8
163
150
917
45
105
2
421
831
326
502
50
979
21
4
73
1
2445
207
5
240
47
9
7
170
25
4364
2112
14
1647
966
39
2246
444
2467
1183
6
10
272
47
607
219
865
2
141
2108
103
556
15
37
2
20
136
3066
7
7
115
2
43
30
11
1744
39
3635
738
1603
1216
178
42
4
1
42
52
130
999
318
58
308
1546
628
2690
21
3255
16
1
27
206
4
148
7
323
119
2817
13
2457
2055
2
14
63
4749
2
1
23
74
2197
21
2
2721
166
764
122
4222
48
248
38
61
1061
422
20
117
49
1796
1254
4192
596
2004
546
807
278
2501
1443
313
151
669
286
139
8
4
1016
1520
2809
266
6
588
10
885
153
3
33
236
3203
3107
371
113
1119
1
9
1695
33
4
53
2
825
27
272
56
8
20
13
138
4
1105
8
508
1
16
161
3133
4461
911
428
139
38
1005
50
412
298
1
415
3357
37
2742
359
721
133
2260
382
3190
53
576
111
808
2427
7
436
17
22
30
4232
183
39
28
666
1
1127
5
2427
376
19
443
372
4093
311
8
1847
783
514
60
1103
648
476
165
19
318
2722
12
878
14
197
117
363
281
758
2
3371
35
581
12
304
62
4060
1842
23
491
3768
384
1617
639
2
2040
1
722
1014
190
357
226
65
28
108
96
4
1064
442
296
50
962
986
175
3741
1
2834
85
3
2906
261
13
435
8
816
1911
97
229
376
505
822
7
2171
181
149
148
762
1596
32
2
1164
1037
7
632
210
1146
4957
64
11
30
1
1058
1025
1030
936
326
945
68
1217
46
2320
23
71
418
4871
1
1398
8
319
374
3197
8
11
1041
234
46
2
1
532
8
31
5
1698
381
4519
1
124
2251
293
662
96
13
313
1467
3546
24
789
1873
371
7
74
19
167
5023
3
191
4
2485
542
9
5251
333
1870
1585
198
525
48
2
2
22
657
17
3221
190
9
2
1836
1
31
61
633
560
37
1457
7
140
19
653
274
170
6
946
108
385
197
40
6
43
201
12
204
39
72
839
143
6
3341
120
200
224
344
7
4112
151
393
268
49
1321
844
1
1215
1185
369
7
427
2108
213
17
92
702
20
7
4857
3908
137
616
4481
90
110
161
1304
1
44
737
221
486
495
435
729
2202
115
2278
2754
105
31
638
1317
110
608
838
29
892
530
267
107
1059
519
1106
769
158
289
716
1147
32
679
3041
221
32
1596
72
1
995
7
247
3248
1004
62
2413
409
5
5
492
12
875
109
1
510
2
29
1
397
121
139
176
1455
15
1220
1316
77
12
1380
78
4701
3
68
3
161
279
3
411
13
197
19
742
51
2398
360
2
252
1
118
271
2
275
33
119
211
299
575
39
244
1898
6
581
908
3
625
22
293
42
6
20
54
794
3405
3
876
2685
734
127
17
1583
3
619
451
1
302
1
4263
1351
65
298
11
144
1041
622
3677
1
19
135
142
52
1458
98
10
3717
1659
7
1
74
474
23
129
10
45
572
1482
767
1061
2212
826
712
388
829
2173
4
1475
423
275
3
137
407
16
151
8
511
1262
517
765
995
178
75
2198
753
11
1641
168
3530
72
4043
2876
277
1
463
69
142
3246
7
21
260
3820
58
6
973
173
1452
2651
40
3
227
5
205
5008
5305
833
2060
2297
1
2426
66
182
74
78
25
1217
22
62
10
2834
83
337
85
6
517
3678
25
485
1
9
3520
2
15
453
866
1
1450
1200
147
111
5
3756
402
1052
6
2
27
30
619
701
326
7
246
1081
9
2309
1099
798
1
134
1
85
1
12
192
2487
1534
847
1726
953
1
547
387
3826
10
62
4
84
812
1
188
54
121
124
42
22
251
17
4
4156
322
79
3246
160
58
591
2666
193
2921
165
1420
8
437
922
794
859
46
4716
1627
5
2577
1336
82
119
1150
2014
43
92
508
713
2208
19
2097
4
2
112
475
1514
1877
300
57
3
2
587
306
733
2
43
3
15
158
400
39
107
6
86
31
503
620
364
1092
1555
10
201
149
1736
44
6
1848
11
22
225
1138
39
3012
12
3
26
327
96
1
1237
1
13
1055
1766
1011
243
683
1944
2625
139
1
1877
7
1248
18
2817
391
454
744
110
167
219
102
595
1055
267
3
135
148
2
3396
820
142
672
77
1296
1001
1008
47
1108
366
140
1855
604
312
719
39
448
361
35
346
22
26
19
423
161
40
2
1
1
332
10
356
2177
144
10
1
10
30
92
114
978
317
825
12
21
41
3555
1701
653
2247
800
275
112
610
681
396
29
1575
1855
63
28
160
177
1
172
28
3978
311
68
140
