1
7
323
3014
144
174
9
45
63
3667
22
1786
31
2268
125
1510
71
16
3048
845
521
257
18
2116
1
1405
2
286
1335
1275
4152
19
35
35
2129
289
11
392
220
128
315
23
5066
67
78
366
4963
860
85
144
1
1
40
303
26
1122
321
1551
4
109
334
1952
675
87
4627
5049
117
7
741
912
19
91
1985
1174
2
2797
68
176
610
2306
19
290
2677
1
951
3
464
17
13
2
665
71
154
1
15
960
147
14
946
1118
5
190
285
42
56
74
477
5378
1594
121
2
1
2
2932
43
1012
270
869
43
337
185
1426
80
44
51
2033
601
81
2019
41
1602
116
88
8
904
2349
142
33
7
135
12
231
140
50
589
2310
1630
3059
85
24
394
1
97
494
1288
1
102
1
1
3
5
40
29
149
216
761
4812
957
23
315
144
3311
10
538
1763
5214
471
521
197
22
5545
11
1709
140
10
388
219
4
21
23
403
42
894
2
95
152
1006
1103
42
671
250
691
22
2
5
30
48
87
18
410
1251
144
51
698
1397
624
3
9
61
1428
200
978
582
74
1
1
59
114
3632
127
370
2772
2614
51
2692
11
195
233
46
56
977
319
31
3071
801
3990
5
3
2
77
5
13
135
1
4030
2863
204
53
201
232
26
574
141
1023
8
164
111
2461
92
1812
1568
381
253
6
602
1
736
1973
25
16
81
1
5
1
1
97
5054
1
2223
2223
292
366
17
1306
161
257
22
1561
34
91
65
103
6
470
685
4
880
232
11
24
51
3349
260
31
25
160
10
3774
1
369
15
3254
2
516
1764
7
166
178
333
57
142
785
864
13
56
221
42
1759
4
767
60
1513
1
1294
1
760
8
8
2561
46
272
745
3602
1887
1088
1138
557
4341
460
63
1127
76
1485
869
475
1846
453
211
626
384
5
105
54
48
1
1703
557
278
1211
79
10
8
1388
12
344
1
65
32
321
393
678
9
1277
138
15
1928
3112
575
1066
10
3
130
1000
617
4540
21
1075
3322
57
388
1
272
2891
1657
442
371
47
923
251
3
460
157
4673
6
80
176
5
410
20
889
792
1005
49
1
3358
444
11
32
431
85
4
298
1093
1974
2
17
297
2507
7
954
110
82
1532
158
210
167
523
1345
446
114
586
744
10
4
74
1600
539
168
28
2
6
4219
2153
2727
287
391
403
455
383
260
147
11
778
6
64
2
420
640
3
149
312
2172
7
143
105
913
16
62
208
10
1971
8
8
12
25
1969
3578
2074
404
889
2
1
1693
435
1
123
814
49
1671
320
1171
20
392
107
24
1188
78
637
20
320
921
2
3618
1491
2069
42
1240
250
278
459
61
14
1
254
54
264
362
7
128
2371
2
815
1114
2206
3
23
2
446
395
95
1778
240
103
817
2320
382
11
2902
177
5
636
2536
66
1360
1
36
39
3199
31
276
104
112
32
623
12
2
68
23
678
1037
3532
1
17
2141
416
51
116
42
1
331
6
4
87
24
195
1
602
3
12
910
9
562
290
67
1
138
271
1354
45
678
2171
3
20
1
1739
577
586
243
442
86
585
309
902
856
662
2
2262
54
1578
1
173
46
59
1150
351
656
247
1630
2
469
674
2366
685
14
122
213
5
522
6
1684
7
1
2
1179
2
2424
554
1796
748
27
583
352
12
20
12
1031
355
2784
276
31
3
1
2257
3782
77
156
4053
402
10
4019
12
2
1
196
75
87
51
3169
1724
1
1382
5220
1988
53
41
1471
3423
15
1
208
1218
385
1690
828
3371
54
11
101
2127
1861
312
2274
7
1
3929
509
163
5
457
1721
481
2498
753
413
4183
63
201
1360
26
108
213
1158
23
1394
321
188
30
1972
261
832
3
3062
1541
1190
15
1611
33
51
426
58
120
1013
189
41
2
3370
76
235
12
42
29
53
6
445
21
45
1
1829
1250
17
3
6
715
1254
46
17
32
1391
14
930
21
1
191
103
74
3
1377
357
1205
255
24
156
133
44
55
59
355
773
2137
10
11
17
510
2587
42
174
17
4
45
3
124
3821
2679
3311
409
1327
22
1534
1332
1
785
1370
65
24
291
658
159
18
53
441
386
576
1
2046
63
2
200
197
1
417
11
4
44
1
392
1184
467
34
4
495
283
35
18
751
3235
12
6
116
276
1493
317
763
5
1613
408
2888
123
4567
11
884
552
2719
48
788
257
106
1
1899
10
58
647
50
474
3
331
6
9
1752
17
3
238
2585
80
32
540
12
1000
1374
19
93
3760
2947
164
1
2
409
2712
183
115
2374
1
629
151
18
1830
2
773
223
27
153
500
30
528
920
9
18
134
438
259
4947
61
21
129
277
14
641
526
2217
295
56
9
285
16
80
1
1
6
2000
1021
9
4118
67
332
2238
26
257
65
1447
240
2
87
71
56
35
2083
2004
4347
289
123
433
381
130
706
52
545
412
341
1163
1
570
111
124
11
1
1
819
70
194
1320
167
