993
163
752
328
225
232
127
4515
85
94
869
7
45
1329
2985
642
7
889
5
2178
240
3571
875
707
852
2878
892
3150
1785
94
1396
225
2826
1381
10
2
1565
492
344
14
29
184
9
109
2
98
44
12
4
72
234
5112
57
459
18
515
633
1966
224
307
349
4701
149
3296
409
3
118
187
18
1
4019
483
404
954
171
59
10
17
782
66
23
3
1119
44
117
275
3115
765
153
153
68
2313
1540
1268
904
118
80
547
2555
193
3836
158
702
1
3506
390
77
549
2869
304
1384
1168
14
1
642
1
29
918
3
121
266
21
2442
1
446
296
39
816
864
1
113
349
38
125
5083
1833
22
4
5
1
109
1
1953
554
40
11
943
216
254
16
2815
312
614
188
1867
2
2443
135
48
71
913
2314
564
952
1
109
1677
7
120
349
36
142
255
465
13
2
1436
148
1046
458
7
43
3
1320
3184
4
80
38
416
32
2466
405
2993
103
1
16
15
439
1240
1027
42
11
1268
2641
995
48
234
2364
335
19
1
1087
299
1
39
135
226
405
39
34
17
11
986
9
2
493
612
2
4
192
18
29
74
2
109
4294
1
16
130
32
46
1
1
537
67
73
92
1
5
50
4391
5
1843
203
103
7
267
43
414
1058
151
146
1203
265
312
132
39
54
3
8
943
21
133
120
54
2272
14
168
153
1
3967
34
214
135
32
745
8
191
283
3189
2592
180
2702
122
632
3
62
2
3954
223
782
2628
33
2441
8
1911
1509
46
51
6
3716
472
128
169
360
6
57
3693
4
3396
39
1538
690
218
251
1929
709
236
295
3894
17
84
242
2
2111
330
721
2597
404
6
553
3
36
132
420
115
1
2
3468
625
695
1826
886
1
163
36
3106
3
985
12
1089
5
348
626
1981
311
14
195
379
758
2178
91
521
89
2
25
1969
6
1086
81
556
1255
109
7
827
353
50
910
30
3
1
1037
376
78
1161
2154
1
69
258
36
11
1
45
1442
187
186
2
2047
674
81
7
1607
4
614
1373
33
3
4
30
1004
3696
14
2525
2448
1170
49
1260
690
15
174
1168
2
965
1114
89
967
4
1
59
48
19
2015
46
1
3
38
3398
2252
943
89
4105
757
149
84
1396
303
4
53
987
68
23
1424
100
12
925
64
3458
182
1181
677
439
1
896
681
313
903
324
468
2
1786
1243
3356
3117
116
1061
100
536
1326
1703
210
205
402
1
274
426
11
1732
22
2042
4928
2133
29
1657
1496
97
2147
815
2
604
1033
2696
151
27
4672
17
4
621
47
4175
15
16
1649
17
15
198
6
820
607
652
2
39
70
5351
19
1622
992
37
638
162
31
1336
11
134
263
1291
181
1575
441
11
49
2934
2817
66
1130
3
834
22
13
56
2259
1803
447
255
89
59
1176
22
72
6
5378
173
31
1
191
390
1
3705
137
42
5
2511
31
351
1566
2108
2112
394
822
2
29
1581
7
64
1
421
1
9
354
740
1
50
77
2793
1727
722
3
323
34
446
1262
170
57
232
785
240
2317
47
1
6
201
235
174
1129
184
24
980
69
386
9
2
2743
22
10
3
95
7
1238
684
4487
513
930
233
2985
313
3019
3
396
2445
2219
7
271
105
2
127
730
677
876
104
170
1460
6
157
137
360
135
123
300
92
613
1
290
1066
301
176
164
25
233
183
458
965
11
4139
1459
1
2377
510
1
67
1130
91
5
367
1117
4335
1
150
1
3365
1378
114
2525
7
34
344
1763
28
44
522
336
106
561
73
62
2
2236
13
272
314
312
152
95
2449
376
380
811
1295
1328
1526
13
247
3
26
158
111
239
574
25
128
576
106
54
2
832
8
542
770
328
5
3672
2087
1
1315
710
1
254
2
74
651
884
101
554
4447
971
4257
1109
1770
19
597
547
45
1030
1024
1488
171
79
1098
2148
226
2208
46
8
32
2
5532
18
680
245
8
4248
84
405
7
5569
637
432
236
188
6
21
1
2
638
826
378
3358
343
136
33
219
35
1199
1345
1011
221
1356
2801
3
20
26
205
1708
24
80
1233
25
471
136
208
3538
1208
47
736
223
1308
3123
161
325
498
212
84
31
1
1
170
39
1
1695
93
62
291
3
978
309
253
371
1579
82
102
684
2302
1084
3119
16
69
2099
394
338
1
2778
200
173
7
46
915
41
42
807
3
870
171
3932
29
15
949
2217
1557
1234
1
99
742
38
14
850
424
4
113
19
136
110
1533
649
8
3
83
1134
342
14
4622
13
415
996
118
1
98
377
84
58
391
46
189
575
455
16
250
71
83
945
90
1
232
25
2273
609
254
439
107
121
1
6
112
31
29
11
128
673
101
1899
4
17
81
2074
133
237
58
1042
1476
5
902
823
87
1428
11
8
976
291
963
1915
39
1
345
1073
3582
18
135
2333
325
143
990
1017
24
207
10
1005
975
204
827
3979
4
125
3962
1570
128
3
38
1189
172
1553
15
1884
1180
