27
2798
1275
683
2
9
104
114
888
38
747
3854
8
1
139
12
123
2050
110
61
17
356
96
13
166
593
291
40
741
1223
3
37
815
34
434
394
1
1062
3
96
3
7
606
48
2
9
1008
116
119
7
12
2
21
8
19
100
2712
185
506
3
3235
1377
326
1
11
2043
214
1
163
188
1671
1459
2862
1374
40
170
2803
271
320
1933
4
15
12
47
745
714
1202
133
366
7
483
525
7
1509
79
2
367
645
242
751
2202
678
42
2594
2090
7
783
41
28
1865
19
41
3885
1453
1081
20
208
8
2333
49
247
578
36
7
2110
33
3644
1241
110
3969
911
210
3
172
2205
49
3530
1480
1300
33
3850
1020
470
425
25
621
1
21
50
1427
120
2285
3126
23
624
1154
22
1402
491
738
2982
502
689
985
491
26
6
36
3
381
2902
1424
120
19
3
32
75
1227
3351
1601
198
27
9
90
6
228
2693
4
391
155
11
117
1527
93
1159
4334
98
286
15
2
383
9
263
259
100
166
7
350
1603
128
913
371
1
123
184
328
10
777
115
17
331
501
55
297
114
526
564
8
1285
1
130
11
360
76
1920
624
168
983
40
275
1216
1593
8
2771
417
1072
1053
4599
2
476
75
333
59
39
674
3
37
91
3
2432
7
32
216
818
844
87
683
389
1838
176
373
4024
997
1
4783
42
2318
10
6
158
2752
471
2759
43
1509
913
813
737
699
583
667
644
325
69
745
2174
1659
695
2099
262
54
1072
2268
17
3255
1
232
14
3
12
2
30
272
16
43
295
4624
114
268
698
9
218
582
172
2648
404
4
52
1155
176
16
19
994
2682
278
280
82
124
5
130
6
377
25
184
1215
1180
62
998
227
567
891
1
16
72
823
450
6
959
350
89
1110
3
496
36
493
801
143
2685
1464
8
1
918
63
409
2030
2363
1102
8
41
2
33
1326
2058
23
2746
91
1
1
6
3
885
18
2479
648
237
61
1
6
870
7
1
1833
10
16
862
11
4
524
50
78
4575
910
2236
24
542
30
209
38
1
1060
4
7
1989
814
117
175
463
97
98
44
143
205
1
3
18
3153
40
398
39
75
1214
2399
3
4170
7
438
524
4368
155
2852
640
81
7
67
1621
162
8
921
125
844
19
1385
2061
1
45
369
40
33
14
2088
566
106
110
91
4308
50
59
324
129
234
290
46
662
3420
704
4760
8
613
44
1
3
3
3779
439
47
1
966
809
94
2118
72
7
271
179
1279
153
1
122
14
585
2046
1108
626
1284
6
497
8
1552
4384
113
534
1
2526
76
26
776
182
9
429
2833
30
161
357
1231
14
1431
2152
105
310
519
2
687
32
350
1338
1092
7
140
358
6
143
223
5341
864
80
22
394
2783
20
290
341
1
3165
11
116
883
41
1
514
37
445
617
648
27
374
2506
377
143
3016
304
1053
2818
3
5
1345
2406
26
430
114
1
255
950
312
1217
229
330
627
14
1229
3957
16
490
23
9
218
2129
903
32
304
4479
342
63
74
1746
48
5
56
110
10
26
233
34
61
1
109
163
138
535
1
69
708
775
23
1163
1085
336
10
46
36
9
1042
3
2
3
155
64
608
19
908
92
10
121
98
70
105
406
63
29
1130
2022
168
12
441
376
418
1186
21
781
1081
47
53
1623
8
522
4
2185
1097
43
68
279
1990
12
1
65
10
322
371
1749
1
275
97
1284
212
5364
1162
31
725
35
159
249
2
3
978
128
18
1643
1833
4
214
167
813
1478
40
42
8
687
1091
65
771
3602
27
548
1552
25
2252
404
1170
1
117
2986
776
124
4784
3251
1
33
15
2642
22
30
120
14
821
1339
638
24
2122
348
10
1013
2363
1
270
2809
361
321
142
1
95
9
23
154
1
106
2
67
24
426
100
1211
681
3281
280
478
7
3
1
25
363
8
476
5
12
390
295
984
209
57
2018
338
1442
2049
239
9
995
224
1995
333
64
147
1488
518
3438
369
99
1
6
236
4911
1940
3313
1750
591
544
11
1117
174
1747
1
898
4053
888
484
1343
147
1
702
198
16
56
675
548
5268
50
110
41
353
189
4050
8
260
171
9
2117
3538
1
1
693
1118
205
252
149
15
1040
77
24
403
568
7
136
25
1005
2441
7
2260
583
2110
423
928
874
74
5851
82
1133
1492
46
101
2067
19
1
967
1509
923
1
121
1
39
1
376
159
248
196
554
585
1
75
25
1904
20
82
2196
1
4
3
854
97
1
14
145
1195
1685
3300
2654
375
1
443
9
273
4
90
457
5
275
18
258
35
30
31
140
535
34
51
5
2
744
1767
612
8
9
198
431
2032
33
569
183
773
1
24
3965
2818
1
1685
261
10
197
7
4
572
30
849
5
250
1410
107
40
32
41
785
798
111
39
1
1
4
28
40
719
3257
786
483
213
433
74
2656
26
13
59
1638
423
170
55
2368
27
34
9
189
3425
347
420
35
