216
3
88
483
2373
125
352
2933
911
5
223
52
3491
682
1691
67
1
36
1
196
31
392
2443
125
1232
1821
155
1063
892
10
3
3
545
305
24
4307
893
11
22
290
312
499
34
21
37
45
2114
388
47
95
1
2
11
1
511
919
654
11
846
2619
389
11
283
7
12
2999
2093
284
876
2091
455
435
378
2120
669
7
228
261
246
3
911
524
3324
3
85
12
630
817
2
400
5
1113
202
748
1830
5
69
1906
2417
38
230
1908
1605
278
351
1996
181
5267
7
159
839
1241
112
1
3
110
1381
291
676
8
17
83
70
54
211
5
83
2472
12
1921
5024
21
44
657
535
4
1893
532
2367
710
2504
30
8
4104
1074
45
2470
347
1697
884
35
772
1
2777
169
170
355
140
79
53
244
408
7
170
43
41
1
4
770
63
1264
45
770
1298
243
159
2899
2467
557
1
956
451
319
224
181
9
1997
7
210
51
1794
4675
55
2423
109
682
39
521
1836
5
331
43
17
6
1
54
1508
728
23
52
4726
19
434
1712
4096
595
579
258
1
1904
2650
4
555
384
1999
14
3
10
299
505
2269
680
1684
383
1498
294
19
4
4364
327
4
1
763
1113
341
1517
193
57
1834
232
110
77
1
366
376
12
1063
390
852
1115
208
493
53
36
97
1
344
154
1932
541
261
229
176
494
40
1550
44
115
1
4
905
2543
85
1011
219
66
366
48
25
92
636
2
11
4268
3078
1537
4654
699
92
25
8
11
615
12
1487
10
2215
277
3
2438
1
334
2358
1186
7
2866
217
1378
643
107
121
87
71
1360
469
13
191
104
512
76
5
431
3589
415
12
60
2
11
4
1966
42
802
131
101
1
235
618
3780
602
264
34
632
7
149
27
734
299
97
2
1132
47
16
168
3514
46
8
20
31
676
5006
136
168
4841
1
357
131
34
442
91
51
54
1170
374
1609
14
70
142
43
15
39
317
16
12
11
1540
60
2770
5
1326
1
19
1526
619
3
19
198
1
189
842
422
2044
430
1246
152
1226
180
1541
1143
266
80
2101
34
1765
1341
145
626
545
312
29
15
116
1800
1800
442
3
1637
1
1
2167
3024
1664
994
2324
136
392
3
1
351
2256
1171
126
2458
1495
1
111
71
2
611
41
1
125
179
968
38
13
20
1079
134
1
6
2194
5151
838
309
6
26
1
280
894
3
159
32
93
3642
974
278
1548
2089
55
53
4
139
7
619
448
168
945
66
965
2
73
80
3382
2297
768
316
228
29
121
12
621
60
32
1664
59
448
236
1
1556
11
708
227
133
557
4
1837
173
1245
75
3208
63
14
2521
2842
2226
59
2
192
159
268
35
613
35
18
539
120
1030
1
367
576
56
14
1
123
364
438
254
2
2163
18
1545
34
38
149
2
1259
1587
6
27
575
40
528
1457
10
3218
36
3200
971
842
183
22
1309
1543
174
15
3051
905
362
180
451
1569
7
4137
11
97
115
94
1
239
305
1
1345
3
4509
37
518
400
3497
3098
247
347
162
2270
2302
409
4094
78
4186
277
1717
2189
11
35
1986
215
1136
855
157
261
573
314
1
123
20
1324
600
34
15
132
3758
198
62
312
107
525
3535
9
114
356
1
34
910
1826
27
1191
122
14
330
30
1811
2161
685
3841
254
7
658
24
139
3
5
89
558
90
186
1668
30
1470
59
1948
35
96
25
360
1106
114
377
39
417
1463
7
123
2177
1472
1
45
319
1492
305
473
384
1188
55
162
36
463
151
27
128
8
2256
1311
2775
1
1
1340
5
2094
55
211
2043
14
1946
74
74
204
202
5
41
867
170
503
547
175
120
1870
331
50
401
1
595
396
90
32
1178
1495
1
471
69
2206
18
1616
33
32
56
312
74
397
154
109
111
898
104
490
676
213
252
339
11
1217
663
29
11
124
1202
1026
342
3688
1
153
332
7
4709
1041
831
27
20
1
143
884
290
328
22
109
142
345
8
737
9
1
1
1
45
10
27
56
1
3215
666
7
168
27
157
33
921
2353
1
2924
190
694
68
4
1131
946
41
1091
144
3152
136
278
2623
11
36
242
7
325
1933
7
418
19
733
2
59
5
2
3
3774
310
5
341
1334
103
50
2649
31
4
1430
571
1948
461
17
12
953
914
23
2731
62
9
678
1554
185
718
1118
4
253
2165
11
1
16
138
2
139
421
34
106
4
1
113
22
166
19
213
2051
498
2693
177
371
5
108
521
6
142
4
3
58
35
12
18
445
65
593
1
36
2
42
3827
745
766
2867
74
2945
132
1737
295
202
56
620
182
7
4
255
910
859
175
645
3754
1346
29
1
2364
2066
2371
48
1039
2597
229
25
288
1523
5028
1481
187
5
4
157
10
180
1895
279
10
3
171
1306
3638
6
2659
635
889
3
2323
5572
2194
286
36
1
164
1287
516
882
828
121
872
320
79
1339
122
47
9
97
262
1
5
4136
260
725
71
12
1831
46
242
2341
