56681925450
94045004270
245379147
220650231
4385437447
166279862225
744037743
29498877805
495676916789
24057832522
15798824046
168462277500
7328743073
10010422457
187776681585
23488440075
36300733625
23313421897
6613230982
328673957119
20309310912
16818507584
61783451463
674903938
17400697702
6557169
3915893416
41157697313
1296637739
27266077525
396043006007
21716972268
247919280581
70619184803
11026467387
108912638751
407361476
80638002347
11136104319
860518598
668574275
358496615067
26241508615
3444477187
77192217106
31520868
13888601358
434984719
18507339
373795791
46652926
87217966323
687154815
605333651
29191017563
10062110558
79745877474
65282184
186327661820
36993390213
20741428155
271804584262
1473137795
253850628681
983731099
32720943
3963876962
33150685213
94199578904
154289679527
6036609999
46016653455
52258400082
185497658353
3044644596
39595858318
30125281082
156077715516
3012232997
5007787897
144041500
2025579174
148768973152
63715670996
313970592
150806209
806474322
25798476
343722415
1085206633
29219900175
321778854186
25406275722
259036919
84164667836
3717275911
54517282
319601872229
1667272922
1780305944
244715318810
789390026
29219065
165389849144
131523551439
56603934
233993026920
121678140367
146507736838
13885007471
52997733037
1012882
16174232600
409276836553
11073244432
541670819
1738138935
1893799
26030262904
33653176029
1326945211
1060410592
39268842210
52555372725
439949906366
17832502612
113001332425
2746560705
71939940065
77390561037
12333797672
10185779
5440809841
491613558
72934136
116399827736
47655781320
2014987592
16408256
5470263033
245118198736
2037037350
145400506349
71133464874
175120942129
6821252664
174568044236
215296656902
68159161133
49318628277
4096258302
427646856
8589053056
76921133821
37731645371
15782990624
22090041957
381625686
21625044424
293705204838
23829380
388813034
56075382623
46177352633
7733525370
32533697785
17709263546
125020689
38026191368
90051165247
447054915328
927464767
42839638518
8195220369
451492482
33835987
15354253930
60207055686
1803024500
22146188114
16659059520
12098643626
37537263428
188087750411
42483762452
17585256718
205694940759
22989562970
25276295084
61752227463
14147849399
501447958
1764928677
58945386966
184538230285
273177999176
6445665931
42590214574
5555751699
283186062
4811087918
26791792526
46306730093
366338295729
11205500504
22253329998
29681873
330304096180
12749058990
38381876154
181591850354
54768922176
1184479806
223585940
138671537261
26054983352
239687159154
101207592199
25627952
260029061207
3498891995
180555044113
2985990218
48020923194
274100431640
92410253
19746424660
5583501915
218534840278
2328665632
24669955307
31250127
45390494557
255655859215
155468568740
1485529701
192832935237
1087880976
2177957927
582980115551
310363429640
24667326461
2167182789
82936333793
644349268
93822180798
1142151156
51261970101
3243866879
6728493731
40909619642
6897580640
5423590497
142882492
257539572832
4790273567
145543337840
155943780091
123159830
39510319249
441578118112
60576960062
20389629670
4062319
30948008025
11160543112
100095870583
5581179607
701957236
1087806562
15580302549
588531524
46862889814
48344689701
324487171431
5491542601
330043807693
2523912955
50655029219
5786825833
342205940396
8262152156
20569059403
4042781867
197526684
1694258
59272977341
367450141
51276352249
20728777271
35496827887
2141829079
58997402931
62195728895
3206431700
252453148790
272882017187
18028043518
357326849
274006126
8563261021
28126972578
34546823137
84781768809
12036332
11419430
340957713186
540395122
682293776
57776940318
48025978
2496889
215616655880
291984368647
140879029768
161412885487
101013103
1567418842
607
12143721969
14058672609
258228367
256242000055
124583344480
28207850380
7424557
22893395805
4465432251
6308958477
273311726841
48925008098
208135461460
4408298247
1557176998
216270738335
853004368
354536766
4895210669
830740870
182296782800
37077035166
53111256357
1070930733
125501972604
157518
7364566720
241071484607
43526875693
207341946
61402766253
1536460794
70846214398
85665819393
5509722
85864366
16446089164
67588345
18025427563
16700234963
136964630400
10636062571
39955682356
373911624891
363061955
241118390010
6601489793
2027204743
26543512123
4122920769
44072408047
15288516145
172110477913
7904600854
169038278282
14123694705
79501189248
59852547824
137114665183
143877049
87845631
10978961674
50277238163
2752761436
7601210
9457300303
76589365850
19949022755
271851860
4348597690
4124581630
37166665666
13456161888
594288460
232291955053
68946778475
11773595147
282585874968
8776319829
66386932249
2149264764
741109
43958704803
188565099034
95246466907
4737867252
4622637
7645543600
8629198478
6052960997
75152829
100517550
4955426570
168643675607
5949011170
77346326241
124921095
162475036689
19594900511
47668566177
3515769504
11814491348
15234710531
17934942046
5155672140
585052722
254806625359
26042944868
2630366583
1292634002
13287560880
5453770695
68996278316
5404409989
5547518854
330532796627
216783110460
7885619522
75583864113
3883032973
152760941823
936065876
9768890161
10086506904
90289820965
7852612159
114781211570
14667198333
54942539019
289639166848
6689341809
8196924067
94523748
41867520761
26082582729
8838454121
585738819
5074445308
14981286093
245010512085
118716809
6854120219
310188527072
87181596738
9332751985
160589006458
1358392647
19249518094
1111125806
483759158573
30197483523
591638713
171393
31095062536
367589161821
61677348043
36889414223
12517371896
121659405058
3889271229
133823427254
3101576673
9818787
92135266930
21378249
677182751
2211972317
371521287393
13417999830
3352046267
37721636530
60821660
190311811863
279230086974
46481767
45657140387
4736856822
11471438322
38400584870
62955762
7324986757
48917282553
82570771
66026782718
5627459656
199120333961
13565769000
249504438464
36753172106
10805593106
189331313020
19348562180
382642388745
117017314031
66060881006
63937965757
109985353722
72677592201
245553990
4036261753
12777697905
35664516792
372804432301
2415513
85589304531
17341623925
103717566287
637434695
1379231078
13038108239
3003155159
60792787
65852032949
196156706
68309200735
49739697890
383681077739
474220638081
1309349253
893076646
70013383671
969016348
9784588389
18698686
71171386040
8091927
321077588420
29296143
94672624785
11765407794
136419926193
39305385100
34703337820
400475666086
64659247538
127375322
442632660854
20909786139
82972575114
461725004856
14534329953
1005755977
54939012540
79789757665
322312687450
8563639791
17995340594
101590233
16505368265
1590599769
35384231322
12498703079
31588737739
221635154
26591677
3787998429
79864768222
42783519188
31431277706
86811641875
70193285727
2859351042
42930051688
549651
114156642653
33207166862
6604487507
109440704255
120064906086
658054552
189913027941
305877768191
8258312971
18753820996
115028618891
123444338665
145931316548
69971649110
26829450812
1413943363
2928579705
69720592653
4696010
87200104380
62676591884
4767458363
300369753651
2644813301
295069850561
239263036503
105934311991
7476494132
71097512359
4040887862
1187855719
11789368663
25450984900
48593433486
446257421
80307347
90625367
15589644806
40142722625
4379133151
350445778846
363383689927
102042932788
10902379426
87525465235
8619699
147899598803
99758732414
572024160893
5199007924
8987982824
76261657104
171383362917
19158604885
113779166797
43211891981
35867777394
26938947618
59810539888
108683353
350652704659
185079653160
127046031921
8884129
19571278602
10215317966
44427216
257500713255
1797436974
48073931327
175699934
7038800595
47839892631
74885739605
30549004
6370247798
20199161428
1962804789
17060685799
56567683840
62036244603
6114980527
1113187
3489718542
17136331376
81453471241
108510289
5947411278
135903583
43727037915
47898632262
38430216247
82093631630
3106684497
798912549
36065867077
322624950015
9977981861
30409653536
1694414162
27223909824
153419711488
19592124985
4266222942
94111724255
229118704805
22467641779
3778161845
212690908057
23805799175
56984198933
39250143786
13342553174
219329618502
12992967709
49324930742
277383679
50324344401
12157989824
10331110898
134646403544
108250180546
225450422
327065277103
8256361766
26467053
676499693
22703269295
4602011623
149313918
58189825685
7794603235
3602439500
10928912379
62910297683
641192858
6482245682
742057753
80850504003
78881314513
123156072050
159754378648
31578598983
301142178
156589567941
7202915727
3672329
1575629343
69551179
3706689032
7322230115
1599158254
236138761
5074518805
559541408
41611260802
9118298507
243012912050
27472683
51884219079
3413859
15970658700
519289
636229864
870296
41099133359
49975694983
195805049562
450430379
3745563286
8845199974
20385609439
18602845857
171952091119
10957201169
267036636
126712
21350592459
6300517637
13666319726
26082711865
121470777
47613347491
61698099061
386812872638
5158748223
214671610
1384410856
4796504508
8655749
156351751670
79622057
77697387557
215294422
959473690
30659839636
6947473018
4355957028
14847132713
1517209809
346551978964
6318343752
346733976049
36122330741
14026
4651555800
6977844740
17062115429
21085554484
41961537
4642419561
179242213
156993107069
104206183263
92871972788
376603074
382496874853
47520627270
11570206790
1538584541
706810275
97115876
191505624
2382103402
22275590691
248133502738
27553278815
137072613616
6463022350
848998579
37973399985
42480502110
60858505479
25917978491
10758834961
383869341102
18774380329
59851648206
952244082
8362418595
15089165833
52421455627
2011141
12044176149
42626938833
26975471
44138891263
3563488912
1545407333
17359939
1394691339
1296259153
15585175840
32057405937
24740208549
1674621058
1540661085
26931570241
191558689107
43940819162
78440015563
258752530753
6006714039
4285705485
7637274191
2585010160
55018205099
18719624
34772067115
216515065
12750804996
2770597276
432995734281
206219561390
31187410875
257777240680
248622015101
20442747542
16638351568
591729366
226161761687
86954692356
65517619583
20593025218
44473145207
178090254
5560550934
674823429
497390427
12736690074
199019201882
242547457110
38663539359
4669399086
285308189723
276128693871
239670242
4618056669
34326148050
75823555111
26739393966
4792690038
36016960168
602971430
2530236712
6110430771
88871403790
3631922892
124671506
9730478983
1275868
15186632470
51186572203
20962949475
3013160405
1873884998
23342612563
61493241607
37095078574
144907946726
205555911991
1827227300
31130920289
203996427419
29790580808
211917734404
12720796820
18201800640
33837603691
17083848789
25140967780
8388414105
3433039616
159325830503
2370147825
5417477601
216687339504
16637551866
6669774826
26530584047
1255189015
8370582202
17907581086
16083783105
363170012892
110381866908
2108887490
14309577565
169574949
196484893798
2240137277
6337920036
29481762646
88793940256
1149322416
18565000510
16948022958
95273699482
5095301
164988390192
403336612
45019302117
24217497782
22034773202
155907670364
27090509776
11990828101
4899719483
41427855321
7023330625
67305961866
7004163398
218457715791
31346567006
70591741962
30341070770
16884194842
1617114422
468882059290
68967039591
39434700271
1496719892
66111712110
63290531989
7826481659
23908286402
141951298
1096956304
67569284
318842839672
366073116
22451984909
5229918042
200727672005
816852451
2887269330
17935589126
490743140166
108185966580
70351353182
5401153509
1756722565
40020392126
30738643077
117057356122
870851590
19610439208
592333556
47464129142
452214382485
73800525587
161140892199
14829115639
13695924852
51032049670
34785981940
4567334390
