152086375860
10060902831
174258974
212588428
3695046457
52482118337
94954514977
1025046703
465928129
100343357183
178970554597
11061425665
24391594746
10922337606
6379399456
10078325730
934450879
224636366080
17536467106
333546329032
33212495881
192545104366
837070
1061475979
28457781
1004844299
189597222871
8740665535
93640946694
2792276253
304459767657
6757212
16189419995
2875449267
231960354345
73568772553
6227274067
1393684524
164518808206
1044442501
8980487694
257530863037
413560811876
31715812687
37882143957
14601236479
378601811728
7278723204
837583924
37725587150
4053359076
379247634984
9790166542
37613761974
65040287327
6136819911
80599187258
206620318735
272606302491
20662691046
13606619047
1816054113
1252914142
58644231909
198639450
252340326136
113884482791
5009210979
7049927133
140900459060
4667126083
143751958300
701295786
3700708761
7855987235
31986702
209367926772
163753746
81577695333
144881206
9490800471
48886777921
7065761287
459100281240
96128636848
53033857737
21351214578
12965196808
6170275066
96286788888
11161868710
3753304991
5917335546
45827
55084043986
70569089310
28010520929
408793221613
73217609
433568344
23085318727
4947255955
430667529
116762909897
30987486595
56058646633
8636923660
10703798664
52820076514
11097450628
3461867861
176948933289
12231274635
150405742230
2520570473
4185245813
4049295
4176943
318106434
608392198
144905428825
40019798448
124071563572
33153552
3382687
7933415006
138538521973
18783132697
161238736
6785067211
3108579386
2762827541
18727960
69204768
608656512
51528706139
164251010
26879286765
2776315800
180730373023
26929298195
11003488540
682511306
68705270055
452985655
34572496431
15811593107
8794585
84030609898
3568812315
231290881995
3718085179
5993075144
113277667777
82570283037
180288
132556846284
111738007403
15704
26533484172
638586103
16457336640
110169147216
15196940596
248327949576
107725767
48263398959
35979022278
2435335792
1361571937
12982003661
557656366318
30875653179
66228859209
17479661559
10195592
113540021807
19006089
45715466875
477719697
8915642939
54561589913
1959148069
29301612995
1527180993
29521792845
66690442979
6994711216
86706871079
28122725559
29633775142
5330556390
2723998093
3737212218
11674921587
263311138921
409326560718
398632938641
59052766
14242337953
10700638775
8594611314
2415885533
522274028
39366555840
56594233553
125399420344
65449251
7165238872
32111882296
12686552827
9863910718
2669217501
4639940377
5768881504
63982309488
24466582313
79808740
32771123875
220051968
67506870
127494617
221616475647
73993208976
61787666546
3220525913
154282874371
26100291100
5934574706
135623300335
2336152839
429823735853
36012951540
79650874885
124032837257
344748819
5772531114
122321795417
28637159117
8358193467
66418514018
27906799113
345525216199
140517480085
1575299395
770957
61811953
149364826
1588490457
966941739
58601477464
1147450264
3623695389
53050979779
58968574976
13372560091
26815134354
9799567991
158394839292
6266759053
46625775
806311144
149754052
159162415212
3404313573
74742007089
181534559613
312483
93056181835
10091728099
15076300223
80738553913
1623885377
3270930859
6703706957
62841422068
49627559965
35779512571
9705248761
2997319
276077531
38638814112
14313567517
8545819656
123306373859
2447741922
12065072239
294817715875
1704753111
56004246782
147284510771
36602620544
284582275
12836736960
7221901316
74549865053
741432116
29583180
168154867991
10359962947
251662476273
69566
3006581815
2434753800
105134724628
26202143777
1019253995
167867369245
102483373568
29539662204
191559816052
290262901
3415656239
42941924650
4877756
2250882310
2187318001
79631800693
33821304135
128665135
4367462872
1062313400
2902226
56392580466
174404215563
1170006946
94390605374
152409677461
28215811245
154198363794
6312814689
1772659251
21150850024
32529576012
11434541134
340067957546
37874236501
774276054
183732399258
60702115268
103026178847
224389270
276004528559
102424842
20507426968
2937429724
49158076369
351709608714
213743765213
23614995057
50633342
89202896167
674229102
23522051048
970130055
222520097783
181046682242
27253138527
9178054048
48933368348
56328700
275771529796
415890267531
38057211424
6306570665
5192481
6395583073
57056988
37760070557
128384906672
5387740291
94245523739
52717552
26623772977
2247197968
259618565873
224254887091
14913639454
312096742625
13264569967
851041348
1213682632
171024852524
2820367631
88517407
74545033645
104755183479
78855320107
37607566818
64135238473
127157798696
840918650
43745187
69392982
98621102
96697318419
9759378797
843771159
590780075
9898153896
147270095813
122490376837
69599310093
9928175318
2375968398
361550842889
25268776226
229126922405
48366799764
169354578358
8920806370
2157078005
63621292137
1770370880
87156339648
202757082056
3847308900
123467365592
1296614864
171512571934
493042319939
134086833446
24043949423
485362785
3138772700
141456222
1900091900
464749348309
65545437920
295678243185
5151746026
289558242
424089060
276758
4685784
935231902
52686751
1266180766
64703700165
137122317110
524254515
52647704965
38408347835
26426001962
4148013780
61328514325
234265455
568654210594
416395611887
42334540990
753395384
16341980266
130343288728
122196320212
10411206402
532199844864
3415387699
32584908876
178815733514
1117005805
130975163
14940461500
1697350027
106319016048
421174363028
176343686789
19502107369
896386477
88881646748
129128073929
12117840594
12389035121
5279348789
131092016362
1128353068
91862667088
303524537039
3938245266
35110496474
4058115920
40884941500
18465652
54734970539
40931552607
91244040917
7921601417
3665253072
517676739
274738397637
393737647852
12752568612
41984599478
5153636085
464140326
145963568123
402508815810
34374685
4431787925
52702627089
35922043724
191072844574
147880149636
13030635996
18571120345
61186345405
3436884607
233793663085
29698519192
129302918994
2950501429
223933239635
2000937016
27914133039
55880214372
57400823045
8691557952
76870
40810504918
222584166792
53871826715
326758180
30771631549
10636589639
276766850040
85928905645
1549082193
4663254538
3112820
22566765
69496300248
124157463252
8815783604
41960140
72165798644
73384340928
3888085771
5270499118
36708502441
2906210627
206866015411
4517546653
16906878175
56331475174
22907182718
81824067619
1666042103
8304042543
503998191311
20929595539
4597542746
16378360
50477926302
235700516993
29506022304
73835
7365108747
269337746
12403876198
38479483876
441762921
13622395047
9680073
574646173
385666707677
36958001738
208205186
243326620
393604480652
102192605565
279222687373
1537424136
23431195170
6858700200
134481040265
39323973787
16934723911
361318822758
8862922397
7057193433
4087828285
550513735122
214012487502
2729495854
156938425419
2584042358
8256175
54647670869
1169271149
40330355755
210747331119
211307904100
1138444264
259402834889
347670036585
147609480319
21060793074
3075983392
5455072945
21073808495
38078191436
109377050148
10783395323
22421771985
112988284069
1743745235
4049440789
493801808
38897643676
3579225730
3544627303
9657829466
180664553
38622054213
5707708427
128908838338
514985352691
1276212291
112866495927
6159436438
103004078842
21697158115
4559512637
61680767415
13286937680
5487139991
856843460
15727307473
1120058349
79095232051
8544888158
3804539787
24098537592
23307776205
8539120843
49835801034
2701063861
29481907
6111119934
37021041979
8433303651
4047598990
2626143283
4062882615
53897193600
4569878879
87889907210
164621387
7714751571
5031608350
1160841565
1376717841
52538994160
77924036438
475745698596
1387265560
527657021
1443786992
1187211562
58778922807
13698552
74001752591
360500734
66579036637
177815386669
46875547900
1483605085
62211069926
31773774138
50545620103
922410484
115597599175
313594992608
34002159166
20244969
5064064022
5867906057
11500887
340253632853
9195997913
13145355645
39080335297
173142717615
155864044326
970176289
117002683464
15453093026
90158339106
50289606573
226921516137
32004887809
25643197523
127893613
12332649194
47427336950
37128572140
83973707762
184819882317
179215646557
222973460618
252244343180
1229280217
16486428035
21889434659
125244653703
80177932606
65212292944
19850873409
53376983000
487748770342
653728024
118547603025
11437288927
16286215215
34557900465
72378515
18319905636
33758951404
15862601826
1891224644
130955914634
11513701425
14402241329
10868909056
196015012605
61473756
77351696708
68308682705
23591914537
6353539188
2850158781
26220886
1560966545
384318430288
7260307211
84779277041
239894753
95057603738
5451047537
13144382
32470161406
15720125852
258439015167
294929513283
30498988910
29934100
3606114505
97263884058
169415460
86418240451
32951452849
10168275607
107442861997
87903802329
9983639404
26563745637
11528980
1000691668
60556118229
101684750901
6479515712
1490751114
7926875696
13828563690
5575745334
4046361555
48079495779
126589886140
600497111242
3442998395
226078216
476100467
2023877069
590638096
413576010
111329514088
14695100994
154256266514
15541834026
70590230826
51978840
1745873814
31579390681
176518086582
696991072
8623615
42299430758
327845836330
18097319435
26074809549
68777432046
58160910486
38501000707
67859125850
3790772912
18334435694
18698130533
12616484447
12976663687
148112550214
3443435400
121741166906
145477974
65181018
82242465941
39470997
50215806596
7016122963
5679076
1923916625
475457787426
3138038515
448902912540
91342665293
5897187281
15476852460
168772887
33776796638
21390939957
2466070935
272724231
56071821040
60946527594
51301190768
5795357958
72157490243
182644646346
1406587159
2230548246
41484030337
245263283289
206192193637
31001456978
86106473
5163358988
16832880225
39877914193
2026409127
3968534501
18942850283
46277789985
32188432757
3795891751
36207484514
34742223240
45891108137
509386938
92021018241
82130484635
308667669
61847799459
648194738
19550477760
1628715849
75855239716
21073426677
879
6802058309
3001380501
381829082107
3768336798
8571671276
58081920
210504225086
42842390763
430348666978
39363714952
213265515193
63516266945
173286
289750480540
8536386794
27947334936
5021911731
165852480055
5172998865
136081937743
4191035219
31192352581
9075
212475573411
51334623058
404798902325
6016157280
10685982310
30635120869
93219724668
39901058696
108634126761
359577862745
20368860807
58861718541
68012644714
110956115363
100926187596
385965074488
2043199578
7836551045
942898940
335630553256
139167157757
336964812
12017641539
6033437131
119035401367
2708160634
9606283
288147008398
672654667
8559820634
7762442659
120912997887
1280712972
173579803187
898500845
283121725
70531318920
31321
15932113393
5975986696
65908517476
16293888893
2354108
17453473240
97894074206
13788276960
205694829
1746857783
48739249539
217762435
237696484349
231799
8347264285
8294473840
104946462740
110908370175
69590537181
1732440898
42947542923
210988393336
1047465560
71277798398
51647329239
426798315
43589685341
7548081515
13659854734
154916154164
1818892621
225237128
37770078906
1248702924
20566801003
27321134819
115859384354
81971301
18338960
47789818246
61565159542
186048544755
9537303990
258071782
17034517630
141856350
54552139703
140979331037
20411692498
92866169674
11243632460
62129945757
34414315153
21130686143
296450505475
869571147
87681850174
109489862970
9081292507
133765173206
37955452593
514655877358
50150987552
50551213141
5970271566
430262331929
19505130891
242598336485
76589905
53995839648
2241969682
10354728832
41174670728
311030528223
26640128731
18130283308
1550714201
10983292200
245249
13051821283
1162673719
83869784109
37274572615
