238268598421
7865697387
50240750585
6911269367
27110011367
111712154511
2159614421
34484768542
19683189381
235562596843
12003902144
6248680331
66531356141
25657135
102252313873
316770313901
19559473
2162376818
55377341378
40178729326
281051749993
3500487469
3443823659
2817295777
3443417124
554954318582
568931896
319011835
74863150587
29374634
85980210
583564
588276412
3350021475
34566231817
49900206568
2179311558
33291411907
64723440411
52123250931
215311507851
69526873655
146467551725
170293279332
17214195682
40717564495
71444945842
185922089156
13958875248
6226022805
1879507043
15270678286
11580784791
32728017132
1082747490
919177048
31586095284
114933262885
132797444052
206847048828
30982429476
411930662773
71806184011
195463075301
231462930
963502
139763260639
32550559852
4845622027
751846692
2758168523
46455276030
234797095727
13793033840
388693432
112023812493
173857283157
62184523527
2844857331
167926699
2171284639
14421684
8394783175
70429785515
22401829409
30244977348
5701616219
17922783182
16098877510
716199172
17025784644
58595623057
27763246
8893679
7738698799
159222624337
33441450344
1620743076
10054557432
13459008784
54728176
25119559643
52340832
3244056869
8401610641
9020448
298964280964
67695911192
234635030063
4210109638
125232511250
16904467305
27360144631
156158706
2488723518
113658109723
28754071659
522305483
304223006490
141896382892
65359211658
74580925066
9809309005
17073312616
7389223396
129522775214
1312262
1648524175
3383306296
43042200
3461822123
33101535648
37605700212
174501941585
24091581383
3134643
101206885465
19770682142
4614503536
4112884284
3641326464
268754598358
120147819
3493918630
491689023
3754937391
11753525262
217490025
21380030435
36635155739
312742788732
276974132903
14555634
86450870491
320079678187
239811773654
38805919
9537638
17709729387
68959851972
97927015010
3436320215
18862227550
38635689412
47430377565
204665709299
26735759485
22116297177
19382265914
56795356
483174581980
3957372813
69858649451
1984027
33161452700
234424781791
13128085934
41161237652
11181189800
6126897643
6962769041
190550247560
72477534285
2571913685
15055226135
2810581041
267057793722
250826199720
348079252745
356136620795
3450274977
8557587152
157616566550
32670256975
8525643570
15412471482
222469342348
103081
3626907962
6564122074
18558574762
172129506131
31928874783
4621015
253259397562
21805348023
92904734
105141010216
24639295465
43195349821
76032812115
166791680713
46144263646
170257127943
939976988
3033680
297475886625
13883554343
83068359257
212488187
6051444198
141304320792
1662520554
34602295141
49791485216
43711641911
5725570659
16279926109
762996
18019792
132033510415
34602074912
241056253
7109333943
625265964
115054908237
409486
4439326363
72443643262
1176154934
173807012753
73355221229
86061496108
322073807525
49860576868
75663726987
3654023845
21548547040
209968101504
176914519
75101812429
46632208132
425528598
35876568851
95675442372
43697456930
176931739209
1781813000
156052007822
3503463743
204
142940967
47913810585
212026997738
53849600031
304821863754
212965463004
51063371529
105299732549
162758094362
383478522
415016619
67133821072
14630533032
316540922272
379742917193
143156052702
18293529333
28826352215
542630530
1327657343
11145702404
24380566
20323250278
4419576560
324578690271
20038246
42387132
2533070
47728788343
172167066
13048582768
30925012442
3288360069
1990478910
14797687297
118348895510
14511422875
1827743659
16531048259
57119831
22311558251
186314537031
602145754333
27480161821
12279365161
3714475030
154765127639
797630180
41482771891
974628036
10882071455
82151413864
141343860970
152215671667
5712877352
44120897743
9579801215
17965643939
9966109390
200368120
225571904488
112563985644
1381599548
65262004949
3149147866
54726682
16891794
232246775003
17640717
31290284637
391325186715
214970041309
70082425036
5481319143
114858527181
211581676
120746279750
108731575451
7942935965
65759155217
63726483
112140287
55418921797
45436485010
123431660357
40030457272
1185170
72539124239
36680097445
18057752794
768949592
487193031
13409897035
62511107
611459445
3837259978
231773196592
23164530865
74321628045
1305098937
151946603140
4670635100
3774762206
80864348527
37764418231
2169276698
27852022
293937780910
10536117546
317744151711
38007401242
42337550472
10373590165
495120430
14818623303
3939606740
103871762486
274393405
14555371811
133715223
544179
6881665289
157764623589
71532152555
197662060872
2562692630
17731585391
224690762587
30823196622
4818166113
40286904466
68835918197
50311506336
107973703061
4124865677
3055679022
101354054
10653789988
407737837
10971560819
344933810
9273134089
77961722936
11162877372
45381228149
95671809
5992769794
31389356658
126330363132
451144205
456206196057
22269295738
127578527
1429721023
34352611966
244271700910
29438700979
2732623137
10724430513
8333228594
2207090696
2763165397
1956691569
13675318990
213517017412
101630556905
4851206984
116741622103
152821940228
14740028625
6487739370
439317903
47213711448
28133471293
2583460969
233150140021
339743190990
111098586450
50167082552
3727920
40701347618
3032846975
80065706705
124178595904
33514867077
5085728550
41160207697
167031516420
33035132014
55381284776
11252800812
762943389
346601913799
3212602445
6525648048
2125401653
19262301364
10150397642
41160824034
68089497883
130552215661
17564401805
75066877556
7631
93517127867
2057904938
16006032167
131581501851
256728675547
52356053390
119055325836
10599405603
126498463102
385617722
6166022443
7869224002
197688672368
562323811312
123059556
533603927
4817447642
1197263959
443724195492
52100842656
54820395494
1014341010
33015087454
261521986073
14683826805
255333815814
621691170
2825190179
6022111146
73590779156
9253986956
15577469855
1810033
157563543
65780816866
242286486984
502188883
122569613070
17926387462
698625119
69584009726
9313067885
350038948401
4045886066
19872167320
287307
80670779310
188876388685
1714590331
3007037662
82572898936
202152894380
430273771
242633710339
25025769782
222340485958
30855440721
20703834216
7534026020
45332515606
9502571814
11013776300
9386286036
1600487
244621451
46442879173
96727085055
62109315913
582778064
15302000
910617451
438652710825
10964285
363466354
234536340111
45415637
67766905670
252528535179
11416647419
202507679177
2616828723
515875076680
104869957594
2397123930
4902827320
1121251899
14750086057
8154818
376677123488
121732913849
81167169
195486711887
291528493191
907308665
565192423
1516925544
13853219936
170376651
131168487443
140595156790
217387812
10453248443
7255632316
151403177952
14779014001
9286150527
1726754727
78558309504
459057369274
159265903681
16080201886
6306920125
21344009384
2048333574
1423834284
10963973402
1662007192
998170830
208833972592
53431797800
374894210
2711000674
39014534712
4688076380
69734299323
11519423738
71276641021
135420782313
71238697573
12907382415
35908441210
76631250098
31598577145
15315352610
248300260232
199949229
332693604154
1611232
9775816941
16908501562
325193195571
423207873
208443753442
30436137776
527581057
593052240981
1756582674
19780790343
12371445121
43725133006
168290233002
23978329621
482581888
215177479008
4571121
88090013430
3570299521
2719601653
136025092906
8100989753
7169342992
391274751147
4506792279
5428341809
471710360
946706795
736941053
56515124
193510203523
79634985351
12713153650
24639897474
151887208753
798955880
6342801759
36898448082
2012113505
15456700852
27918848267
52532490898
150204072780
141460569524
396964275068
267391292898
3639002000
173467877410
130573608590
46712973456
247281575308
12523921782
61134429371
28436176436
219562405
1787149725
238674892173
61030902244
2323639848
3440567519
2028545500
66859619903
2207347
1728323537
89181804462
88530833055
2427245079
38380385664
4341217022
19482709366
330890994524
72676498328
42699024439
85585136282
133487436001
1005624
31848921976
2556410290
116203967046
136269215983
436757253221
1913002419
7442831639
3576437813
162928948353
96042413970
16155915958
36192566957
22408546541
918504482
30241152097
13139426445
5302526350
2033123079
84997276476
114949192319
220376778
303305472141
32807222977
8758099758
1103510033
9602508307
1454274831
308363591126
41511189221
577546774
188433552252
2700001797
26441384393
19512696760
1940074376
2663684804
68572865115
34632425826
94456349433
28063393482
16803492344
1733143440
2809407429
38843643
21682353137
179544511117
13599604351
10358258336
2999010462
10342498659
28293666580
136007464
201499186205
122499701852
46511507493
54222536660
28096145316
14974605853
1061725622
18596981474
1665363756
55467114888
96700971246
108673490465
1567264231
100574935654
38237500766
590021399
32921322632
1090054183
19408952212
150392977
16749549274
9661280898
2762254644
16421391
1139416893
10111183002
2613131606
33243563586
366906785655
59925004942
10484575533
13079153937
18051522737
1294597116
16345976651
12408828646
121707016495
1043985915
58303492807
28568615013
3526701301
84948531098
77603004
81021258942
10404824456
134126935
16089181711
1109160959
177107561
131792689777
253367925
25925208296
3496883103
82987739380
451644296
341495295301
182054014861
366825786022
164592506378
83961455231
27995690841
94548507680
44821721516
2988182448
3846297
308870387465
179423561450
146121213
39277816886
12797904271
4340481724
73077488059
18598020189
126994888421
13482990214
55751513971
59087544315
2251039063
18333000387
107570790873
82468716101
6153543521
173568910185
122429230510
25933977387
23962382675
447082149
2626943599
176876865428
40091513020
99238326695
61580067144
88001213928
10038704984
3984240342
185463912
11696690751
58706021924
23759528
686663202
5441885177
404397763
32850923782
562580751
1742905
65146209076
29288427367
18705743805
180302992052
338359135583
69633555890
24313479717
1710135754
182312755616
1991857399
401460655137
504340292
1863119392
78474749756
449247643
90535344776
267244200
73432098143
104019878729
153667277970
51840184344
142556286923
31055788710
12759764116
16596926219
30207820480
502451341
1656381655
8548803395
39575982979
27075866043
290900840863
59225113801
290509606585
2336122813
11615687939
329821686
4098947791
230168179523
13251228866
211482955470
96995223426
39308372634
52697303502
30247356128
68831021650
368771115932
139544770
1671257288
4523253194
104520325275
54655730631
1870583515
35323103060
13695286733
127080671875
53250292615
138055955168
979026723
20153709999
273853335230
1453937198
120696176131
85123535291
132948747113
998600555
383705169881
161655554349
25702204033
1205327618
143175746317
7278221762
17938550905
244801388161
120281523
7279615166
489089602
12351405012
893628281
928030829
3160212466
58427795960
7548048
1451918145
215364293
2576333438
221977008571
72084899
8583810895
67090150114
2534398340
17428117052
23822472923
393201558674
53511710030
625071274
17709822309
125775673992
85825304482
140282838812
47227874470
6198944401
7333078496
78271768198
142030080989
53888689249
37480335713
4134395559
4511061158
17775496610
343302257088
27311010435
36101129510
9832399699
6838559
478466903
7808327489
51614067886
686517
3158665791
43107045
12804702690
180085594751
35177773187
214963472254
69298399051
1146151908
66800705510
45129847800
20031570869
6049430253
462901074
22376893313
31039775941
10237455
770176542
121575153092
6669585
310212055
303022308177
32490452086
2353559552
29893352657
412783069581
508278294331
69209875106
39889618205
75601822
1404164677
111489516641
20802836282
14589578859
134004254505
9020434072
67981016246
5973593813
7442732030
3552339470
10433800889
599522439
265582754
122799994694
64438386
18679040
