226179599370
1204170363
97675898436
146188848762
11878466278
22269598257
15801181368
317154483898
32435292
107131596471
168006376123
239399472863
3719621627
5402450316
499058721001
24586263292
3123343
45686980206
2829471787
366929930
7497915759
4618451637
11233305623
4357632750
325693633961
33451
141846454932
4824501474
359383673838
1279538061
14495750968
33910742941
210446353335
172240964184
83619360147
2193807776
45752808
266612305724
156855418942
9805641556
4258745
1038253885
19283964650
14123786957
5149048093
16454790933
107671462324
14077181645
106233475617
3078493248
21924859948
20214172275
20217959561
87607174959
1715065934
251936233331
235229854893
13380826317
173752506005
212558957228
1569023828
2982347955
193066136642
6510948276
67055268525
218061621969
10347608606
850849665
221369831
252867970582
38380213886
251237049112
65238714
45201782020
2464278184
95996612921
5064568141
22388336090
8440389291
20691582634
134928197
14127110709
64334240503
6423
259551098096
140784742564
377338481424
7159772972
22575359432
74870457
78342765235
5880597772
192622330535
1913214930
117554704265
120845281381
7893570752
49085253475
14024540911
583840629
5750226248
139235053
246379134522
9103408581
6544592119
7772156281
52887394187
51197278849
33624218529
451028095
2570601181
185304378108
28173661093
1065303
43831567137
132430979949
32624520449
11528104564
193527819929
68587063443
13098768002
7194902716
67594
21170786658
57680971593
278222331374
80242511418
8443861675
37397720664
80820800296
78500880
1270851125
31140389621
96828284
4966010180
48718955887
6655759354
345746654
42732005553
171129067
162181562649
3495504453
3560419454
267848583528
1531530
258954602810
322100899291
15903806602
100035688
6613521615
10655145378
26524018280
164568844176
40270709776
1643905531
31476129719
7979342123
35412450742
272499745089
91507584317
364267447
70408718081
8115678675
17231114415
3847966748
16884750052
275898222898
65894523468
3470058653
2914696964
2508606570
4458238039
177133779566
19043689732
16065816947
20219631971
2944499187
7222259146
471917396679
1087598651
11918788943
373833964
290786902530
270108587761
2842426352
14174763700
153067906413
240071860
19126671318
989538918
193653043249
30691568
111743183242
67989551
720192050
2839832155
10238354366
7048812198
4627749267
14233420461
1862941685
5260715667
3619065181
17413559903
92914865055
7958598010
3660947482
150999
513073025
714445094
228343607244
846155710
61576894819
1507339154
208413773
1157245957
15484631096
23850292387
56190225613
149560681
134020222013
324133275100
74417498603
20878399782
17325923903
2315501988
40424319316
11993445196
3944149231
33518164
3617910263
200317462959
1017791506
73498216733
13664157736
51066985091
81297072493
260783932592
87118924429
936491531
837184828
11852871719
252006723
3035328997
110527293944
128560487531
1845900
15503091748
4117978585
39815167496
1248060658
265524764193
47598021149
722493499
24073211985
311798473205
5031378563
43167988
24506647325
23001618025
1496729104
642474071
172185478380
34267417567
75458577399
63896062139
38300281112
166589977
39039239
43813923644
1400957096
12806753959
186359151
19378831266
57502923117
284840238788
2501256561
98436113286
231992527
177351248824
426580778155
481983326022
277692230
494252568
65489208
86371143756
97528452727
3538414525
111737683224
8177750269
11194956565
60194992680
179574504744
147350483503
1151900533
19352438815
3734259059
178919006
4398487830
37731966570
63967637690
302778013341
9312297839
18209936985
971531108
127107388047
4892591189
290125145898
28342975056
658386164
29033394
301582039
329166492086
212937692608
24268543198
156931399257
73418413855
6188430429
79399004516
51248410076
5491682074
6276382001
4231416
91688947226
823650626
108564474
11780760922
83142355
126312150
22659262180
1858611660
73378704656
24535892630
1759404475
347172143
223210420
245763453268
21395151997
9938294216
5754955
2052018364
92582265945
71503620341
13255027
36909750336
28345722174
92197740
4041475704
2459046539
27036256037
1558852016
247001667562
27669304696
79306020956
81896500170
7186490594
142588417
79451972154
2075626511
21686880996
3595556437
79944776004
27826770731
21595378610
310334546300
575775423
20378324342
85715205443
20736307560
4539282935
5379491821
215563853115
8191074263
336729109425
63400268592
17056621534
164986444
498158481386
7851160608
440631
35747872107
397574058246
123769143251
685080607
364269366666
51256773763
11068702768
2131046414
3065184308
24306246226
121156262862
30140751082
2217632833
163391847873
60282066975
2823544423
5748403784
354244027312
105170576890
13534450663
8286363843
279964807491
82145396528
88440363823
61935353222
128304212338
6289206775
1002710692
155285476696
24820633046
66126113
14666737485
228274596828
74992940753
176712065427
1160517029
41233880518
202616717694
17142210201
20875492510
15189059642
144188160584
33290019398
8668591996
194517875518
88565642
271827591311
114413920059
416311808
9704068978
510662697279
133046703918
9711228741
8013713539
3143665866
190179842
15727320872
844236485
135289711979
21267751869
205725187427
4839738534
198212313983
290957386090
283175477904
134131795636
111368779938
23950651
64112258141
9902117535
5674805319
38959893102
3576810769
739220
24890552962
733990228
162891830078
1036141118
21237019227
52663919750
133122579671
71934901102
16583888361
7951816149
8548629724
48387013586
122503693471
5812437525
1529108817
519932279981
19459907124
63570953145
9424752843
38475566954
11002705548
11500778152
218745109504
861521
55963195396
114837382308
218770457915
13713796948
8432595297
48117271
30563633
74366646640
106232120123
498197370
23304771471
306633361300
88897026437
157192239671
426811
41796479194
22056743919
2447806967
1645139639
298774321391
92364136
27030930727
24491604293
187609793056
378727845
77421330426
104732959633
8269342
16817941068
5086949872
564472396
65922134316
16458036
34468991845
1669995525
337399867826
9752539386
9992048925
32718302409
186399497482
522564494
39851803376
8123044718
3906795834
605234350418
26223735344
7171188816
57237038044
13702761587
10155597906
393833666
59432256317
26081251241
8850577161
174980878974
9348679376
35276684650
4427626605
86347385487
4931129589
346087902
8545850502
3579071183
326643537226
207038694119
31768902465
42839104756
5965418943
209426897565
5361267684
5024783883
11829439390
2405726492
3905707523
3325661665
203201507438
6735108399
33806222604
27090698567
12263652141
4578711795
5827206390
26871096802
476005758
22039732573
65232274414
6203007784
3842791030
11855797485
71919645192
119802328671
34882105470
4348890713
4618529983
14397810279
504850873503
32154801140
42816880331
22946549110
428139
75016539476
50333866152
24435591411
20422065829
55000247848
21261422628
105377686345
292827053
335476573427
11438820760
277340237588
282596391381
363742841
10745026039
623446966
3780935809
26819096952
189905957023
66577969429
207752779467
6692436
173477554225
55245172945
3756462990
21596300194
35017072298
708325243
21035205342
19153754980
6238758448
24480154521
22768492783
414039110
95728130
7473998290
351265975374
888872013
68358112597
374131895451
24545720
107981691960
5678863113
5591194964
140640355741
277609518574
3160582135
122369579986
199750673472
63754589040
27598805632
56358443850
55673933613
12163878335
17270768280
248090959629
69870940223
963888953
769978455
30130892446
22998124478
101771606465
58621346602
17858931756
377211683935
49181246454
100181289958
151753872276
101648903431
200521426656
4294784205
15623872587
21688763489
803080301
199808590938
1932482434
8677161131
175963932721
118652120539
3402811399
568325174
39605135816
70312701379
31551562839
498915566
1856011904
727045194
1508315663
41897263813
21106004596
1523562158
143009198272
156516358385
552589097
1828775589
7650849269
118598288474
12552492862
117659947475
97064381400
61480815705
92966555797
7255023613
15640312165
484568014555
110925235
534169014547
444175767
4287377266
29264651784
225917900
20768562
34543168041
89210853269
180932304293
35395064694
5988139543
174337081054
1642216383
23119143324
16837509831
27109258
44801298056
8592284895
4362696312
29197051662
243948540102
30068365566
859928648
8598391
18725963770
18431531349
7969872032
1777091429
11717997177
114270973381
21305879
2294015347
21845036433
3024642535
516572129
1638038133
50919261382
17689972672
5948441
114818783824
82800924225
445258622
283877725431
440087572681
325621
54964948230
109648479757
292574298706
107645469
738590216
10254445163
85317498667
8436674641
8541373525
205012077620
7471835011
239144387
17716668556
15365203364
205300510498
202730483
22956194894
370332885011
100916636895
7672546005
314162723
16017506449
33637085227
52048619
504842
16622198909
9469098485
6720064268
20797659894
30339389664
379676040065
21159473253
8388248032
7668895375
23034424321
96944459
1233946380
412532582008
5466708669
5729404680
58263268888
2253277212
332656369
609877854
475595
157673030061
5104012803
14265597
115804276
3590200172
167837655878
12167504267
5983322847
431598450941
147825141
41010448653
25048178405
66433463161
10124885797
52555818924
6513759439
165311996
1526765877
34025943
846247633
2459135628
88257983781
41339407
56745260709
2708906047
6668117749
55577278328
153797114531
22715072584
76968084570
29108290261
32057600358
6853684698
6923817043
5768539489
2129236628
568118863855
1179470413
633629818
40056910767
122961512452
22330130963
482832953928
3571326037
10140124076
13462299
1140446717
6644937847
335332035249
1045850363
7018234965
59361157799
1928958915
37068076485
9543433353
93230256
8621607028
125346747497
36546144523
53332278090
23354740
68119193259
7511575364
3804241211
52254837248
43897453902
31150768824
88474190502
7212240333
11499277818
389910256
20220340932
81742898774
8875113012
5011264218
12351047
24386791525
90699624
2931571497
142937337884
145434854123
2408914141
2265049982
57200466876
66236167982
1212166547
280973098094
2850939799
96708085235
118263
57513820161
18886403363
1642594282
15232493559
1112400661
31224927915
9329592967
9107197975
100295369041
113484959
60879270805
62548121542
5555817361
1718123619
56088945588
93450017470
106538852282
45905488935
5572054434
33929822386
45644424268
48618091082
5989437
89670197
790620198
43800656284
1385888945
33551865081
5000525261
464488045
112155750227
4466712426
121440342
7078839
104549579446
301287694099
76849700783
109899627
1580316636
92826875886
24064074338
9668386312
913241134
97611965897
7650897989
39434756681
16614895
1277678704
4522614233
36531868295
465172718904
199819735
39017650
101880137109
26566144805
8125657082
23549811066
11607898542
27468998354
37125438809
12856494077
1542351536
85701774
5018103536
265717316702
15981196849
92549065
346871501
502140890955
185670546049
17441133305
40448627659
2117598844
137913991159
126037619159
205228307526
39195123692
917925547
6519247071
11243088437
21519142811
7825583286
18930769906
65075
56147379789
34904956603
6968942429
63939365478
37768522295
70613470528
37311607005
32999314646
76942930408
58372242746
291993622640
268117414367
2618330501
4058622773
190897471
12793744333
56995740301
203163899275
17003384577
1654670519
320340538865
55197527257
31012362283
263520332755
353884429
231822378275
51166252084
2000444558
43655498
15626110550
1720479097
94468523020
1727219283
23783969215
32206258305
24447038594
31556750302
5743677
8184595287
2848639704
60100163
317453478451
13125435109
996016920
11187677450
11221409692
355183715
68662688
219975013494
25722417232
367265390809
57875991814
228947535
