1
1400
15
53
22
791
3236
817
3390
92
293
105
1
188
1
8
1885
599
10
227
7
213
380
17
594
11
3368
155
1461
1
1
1
203
1
1658
332
385
224
97
341
1330
1
16
610
1158
31
327
44
4419
151
11
105
2313
520
604
740
3
1542
1
50
5
9
1
1091
172
530
281
740
4
272
431
3661
1
655
51
339
52
46
13
2906
3704
95
14
1818
150
1971
6
5360
464
2
157
309
1644
5283
138
56
1
1128
9
2527
22
6
1071
31
2043
9
86
16
222
3374
2089
715
280
24
9
34
686
1365
1678
64
2429
87
708
739
70
324
974
3571
55
1
140
18
297
765
1
69
3271
47
185
146
364
399
907
347
8
2
102
119
2
361
2033
853
362
6
425
5
698
110
16
160
390
1137
63
448
402
3
1703
167
6
8
508
1116
3014
408
24
1788
1964
8
37
6
6
29
223
562
7
2
89
213
1076
90
1
47
283
1037
75
578
124
311
312
1
160
108
1832
271
39
64
69
851
19
1
10
1
71
335
35
405
5
389
226
3
514
3
1208
30
1
8
66
1396
43
449
29
13
136
20
772
143
2853
372
594
1
1830
1
156
105
83
429
1806
4261
4
52
578
1
212
22
2
548
3
28
26
2349
1022
8
193
118
2305
21
7
3
1872
1
32
92
48
1
144
633
603
87
2
2363
13
28
1270
442
45
510
953
3602
3
531
2709
503
5232
220
1
113
3003
248
3487
610
2
128
300
216
73
181
216
444
325
955
6
290
80
1
60
1096
124
7
1
154
2
1134
1
128
316
2301
254
2475
1
19
339
2
521
247
12
422
413
19
32
1
128
146
1
622
140
144
2235
1915
1718
7
893
8
10
1349
6
739
76
42
55
35
774
4509
1
14
2603
6
2282
766
463
88
1
3
1282
535
42
3
3501
1594
163
403
34
1386
382
3369
1575
760
1867
195
71
2533
8
390
8
117
1487
1223
125
255
726
1525
21
168
1513
1057
391
1
75
639
5168
25
13
10
1031
54
18
229
608
715
1434
3
18
75
16
1914
15
2
1291
38
389
907
3010
69
2145
3
154
505
96
3517
33
15
1
115
656
19
8
1
16
434
273
6
627
4
1
79
4
26
185
309
105
156
894
128
886
879
682
2289
678
147
3
316
178
1222
1149
1097
175
2
672
410
7
1286
7
402
912
360
1103
4306
788
66
296
551
106
139
697
10
1142
2686
130
398
404
364
442
286
427
41
557
66
1
301
5
410
2328
1
1708
2675
105
188
542
3
354
5898
5
2050
35
4
63
673
752
59
613
283
49
15
300
2726
985
1964
4044
7
1
36
14
439
243
656
3437
114
223
19
5
2976
47
1
91
513
3
1
257
600
1682
1
776
1739
1985
10
772
3
382
2541
836
125
1919
899
143
2788
1
281
2
745
36
2331
3
490
20
4221
2851
402
2464
3
16
356
1473
58
1
2
1
3863
14
1403
6
1496
681
4
3431
151
63
23
2868
7
91
1478
1
1854
178
23
116
1200
403
3954
530
1605
484
1862
32
41
137
103
2072
5042
784
1252
13
1433
12
24
224
111
877
136
32
3518
2206
1
41
55
1
36
1876
1985
4537
130
1588
3
188
6
2913
498
3607
357
39
624
623
8
101
441
1024
126
2195
320
1478
551
201
23
14
32
98
408
20
19
10
1212
52
209
228
1183
275
324
25
4090
228
1040
91
505
981
2452
84
588
39
3326
3764
55
33
15
96
2517
1619
2715
223
616
36
38
598
1749
235
15
527
393
2390
3804
25
16
20
398
14
200
1
1325
794
1
68
1351
186
1
1
4113
4
708
49
114
2
524
1871
84
113
732
737
13
3775
214
798
1
1
2465
117
53
126
28
2129
43
17
712
23
1201
2364
3194
1500
79
4141
3414
1725
352
95
2
90
106
7
22
196
1267
192
5
2
376
1
2
1
107
34
69
56
167
1203
3
619
19
41
158
2487
1373
3227
2
3487
289
6
200
9
26
1807
178
881
1
1838
533
412
4783
191
620
24
279
3418
225
5747
6
1294
1
95
5
11
2895
98
4668
209
15
781
15
21
457
2827
28
15
166
802
118
809
389
464
782
138
2
6
295
9
22
895
4550
378
21
275
456
7
2430
170
45
2175
60
14
260
190
884
875
134
13
2
345
4002
242
2402
704
363
56
265
114
871
3496
2100
5
206
19
277
491
888
333
5832
1327
1
226
69
3
1413
110
32
45
44
914
282
1896
1148
2
3
2100
1051
301
1562
1858
515
25
669
1648
135
165
193
675
2890
593
347
1
90
32
95
1501
76
329
2187
1254
3
24
3337
2649
14
2132
394
3089
3375
61
953
2
196
2671
34
165
883
147
2
147
11
2292
535
439
1
423
6
31
7
9
1019
634
700
320
1191
233
1952
136
2220
1004
149
40
1763
736
26
59
384
55
92
3
1263
292
138
504
1961
2711
229
16
89
342
954
13
760
317
16
29
129
